----------------------------------------ARGUMENTS----------------------------------------
data_path                                ./Data/Amazon/SportsAndOutdoors/reviews_new.pickle
index_dir                                ./Data/Amazon/SportsAndOutdoors/0/
lr                                       0.001
epochs                                   100
batch_size                               128
seed                                     1111
cuda                                     True
log_interval                             100
checkpoint                               ./Result/Amazon/SportsAndOutdoors/PEPLER/0/
outf                                     generated_CP.txt
endure_times                             5
words                                    20
mode                                     Train+Test
----------------------------------------ARGUMENTS----------------------------------------
[23-01-15 14:11:26.39]: Loading data
[23-01-15 14:12:59.23]: Tuning Prompt Only
[23-01-15 14:12:59.23]: epoch 1
[23-01-15 14:13:21.84]: text ppl 450.9456 |   100/  873 batches
[23-01-15 14:13:46.43]: text ppl 440.2297 |   200/  873 batches
[23-01-15 14:14:11.87]: text ppl 426.9235 |   300/  873 batches
[23-01-15 14:14:35.99]: text ppl 410.6042 |   400/  873 batches
[23-01-15 14:14:59.67]: text ppl 397.6263 |   500/  873 batches
[23-01-15 14:15:23.22]: text ppl 394.6351 |   600/  873 batches
[23-01-15 14:15:46.74]: text ppl 371.5001 |   700/  873 batches
[23-01-15 14:16:10.23]: text ppl 362.7139 |   800/  873 batches
[23-01-15 14:16:27.30]: text ppl 350.6752 |   873/  873 batches
[23-01-15 14:16:32.54]: text ppl 231.4894 | valid loss 5.4445 on validation
[23-01-15 14:16:33.92]: epoch 2
[23-01-15 14:16:57.20]: text ppl 311.0302 |   100/  873 batches
[23-01-15 14:17:20.58]: text ppl 296.6279 |   200/  873 batches
[23-01-15 14:17:43.97]: text ppl 289.9193 |   300/  873 batches
[23-01-15 14:18:07.37]: text ppl 283.0609 |   400/  873 batches
[23-01-15 14:18:31.03]: text ppl 272.1928 |   500/  873 batches
[23-01-15 14:18:54.38]: text ppl 261.2309 |   600/  873 batches
[23-01-15 14:19:17.84]: text ppl 253.8878 |   700/  873 batches
[23-01-15 14:19:41.37]: text ppl 249.9949 |   800/  873 batches
[23-01-15 14:19:58.39]: text ppl 245.2812 |   873/  873 batches
[23-01-15 14:20:03.65]: text ppl 158.3441 | valid loss 5.0648 on validation
[23-01-15 14:20:05.16]: epoch 3
[23-01-15 14:20:28.42]: text ppl 222.8595 |   100/  873 batches
[23-01-15 14:20:51.94]: text ppl 217.6947 |   200/  873 batches
[23-01-15 14:21:15.27]: text ppl 213.4693 |   300/  873 batches
[23-01-15 14:21:38.78]: text ppl 206.2125 |   400/  873 batches
[23-01-15 14:22:02.21]: text ppl 203.6930 |   500/  873 batches
[23-01-15 14:22:25.53]: text ppl 196.5526 |   600/  873 batches
[23-01-15 14:22:48.87]: text ppl 191.3858 |   700/  873 batches
[23-01-15 14:23:12.40]: text ppl 185.4877 |   800/  873 batches
[23-01-15 14:23:29.41]: text ppl 180.0199 |   873/  873 batches
[23-01-15 14:23:34.63]: text ppl 119.6639 | valid loss 4.7847 on validation
[23-01-15 14:23:36.15]: epoch 4
[23-01-15 14:23:59.48]: text ppl 170.3826 |   100/  873 batches
[23-01-15 14:24:22.90]: text ppl 164.8784 |   200/  873 batches
[23-01-15 14:24:46.25]: text ppl 163.7503 |   300/  873 batches
[23-01-15 14:25:09.81]: text ppl 158.1816 |   400/  873 batches
[23-01-15 14:25:33.09]: text ppl 154.4134 |   500/  873 batches
[23-01-15 14:25:56.58]: text ppl 152.8264 |   600/  873 batches
[23-01-15 14:26:20.01]: text ppl 148.0602 |   700/  873 batches
[23-01-15 14:26:43.37]: text ppl 146.4165 |   800/  873 batches
[23-01-15 14:27:00.28]: text ppl 142.2469 |   873/  873 batches
[23-01-15 14:27:05.53]: text ppl 94.2468 | valid loss 4.5459 on validation
[23-01-15 14:27:07.04]: epoch 5
[23-01-15 14:27:30.28]: text ppl 135.0577 |   100/  873 batches
[23-01-15 14:27:53.68]: text ppl 132.0332 |   200/  873 batches
[23-01-15 14:28:17.15]: text ppl 128.8264 |   300/  873 batches
[23-01-15 14:28:40.48]: text ppl 127.2092 |   400/  873 batches
[23-01-15 14:29:03.93]: text ppl 124.0158 |   500/  873 batches
[23-01-15 14:29:27.45]: text ppl 121.2096 |   600/  873 batches
[23-01-15 14:29:51.01]: text ppl 119.2342 |   700/  873 batches
[23-01-15 14:30:14.56]: text ppl 118.2162 |   800/  873 batches
[23-01-15 14:30:31.53]: text ppl 115.3088 |   873/  873 batches
[23-01-15 14:30:36.73]: text ppl 76.7056 | valid loss 4.3400 on validation
[23-01-15 14:30:38.22]: epoch 6
[23-01-15 14:31:01.42]: text ppl 109.2811 |   100/  873 batches
[23-01-15 14:31:24.68]: text ppl 106.5060 |   200/  873 batches
[23-01-15 14:31:48.01]: text ppl 105.6986 |   300/  873 batches
[23-01-15 14:32:11.24]: text ppl 104.8500 |   400/  873 batches
[23-01-15 14:32:34.73]: text ppl 101.8863 |   500/  873 batches
[23-01-15 14:32:58.19]: text ppl 99.6707 |   600/  873 batches
[23-01-15 14:33:21.49]: text ppl 98.0053 |   700/  873 batches
[23-01-15 14:33:44.93]: text ppl 98.1872 |   800/  873 batches
[23-01-15 14:34:01.92]: text ppl 95.7337 |   873/  873 batches
[23-01-15 14:34:07.13]: text ppl 64.1222 | valid loss 4.1608 on validation
[23-01-15 14:34:08.66]: epoch 7
[23-01-15 14:34:31.87]: text ppl 91.0903 |   100/  873 batches
[23-01-15 14:34:55.32]: text ppl 89.2549 |   200/  873 batches
[23-01-15 14:35:18.55]: text ppl 86.7978 |   300/  873 batches
[23-01-15 14:35:42.01]: text ppl 86.7837 |   400/  873 batches
[23-01-15 14:36:05.38]: text ppl 86.4390 |   500/  873 batches
[23-01-15 14:36:28.74]: text ppl 85.2731 |   600/  873 batches
[23-01-15 14:36:52.10]: text ppl 83.3051 |   700/  873 batches
[23-01-15 14:37:15.37]: text ppl 83.3843 |   800/  873 batches
[23-01-15 14:37:32.33]: text ppl 82.5813 |   873/  873 batches
[23-01-15 14:37:37.52]: text ppl 55.1389 | valid loss 4.0099 on validation
[23-01-15 14:37:39.04]: epoch 8
[23-01-15 14:38:02.18]: text ppl 77.4766 |   100/  873 batches
[23-01-15 14:38:25.40]: text ppl 76.8457 |   200/  873 batches
[23-01-15 14:38:48.81]: text ppl 74.8610 |   300/  873 batches
[23-01-15 14:39:12.37]: text ppl 75.5141 |   400/  873 batches
[23-01-15 14:39:35.76]: text ppl 73.7059 |   500/  873 batches
[23-01-15 14:39:59.14]: text ppl 73.5263 |   600/  873 batches
[23-01-15 14:40:22.54]: text ppl 72.2648 |   700/  873 batches
[23-01-15 14:40:46.09]: text ppl 71.6168 |   800/  873 batches
[23-01-15 14:41:02.98]: text ppl 71.5384 |   873/  873 batches
[23-01-15 14:41:08.20]: text ppl 48.9155 | valid loss 3.8901 on validation
[23-01-15 14:41:09.73]: epoch 9
[23-01-15 14:41:32.79]: text ppl 67.8038 |   100/  873 batches
[23-01-15 14:41:56.08]: text ppl 66.9607 |   200/  873 batches
[23-01-15 14:42:19.43]: text ppl 66.4147 |   300/  873 batches
[23-01-15 14:42:42.73]: text ppl 66.0802 |   400/  873 batches
[23-01-15 14:43:06.15]: text ppl 65.3380 |   500/  873 batches
[23-01-15 14:43:29.41]: text ppl 64.5139 |   600/  873 batches
[23-01-15 14:43:52.67]: text ppl 63.8074 |   700/  873 batches
[23-01-15 14:44:16.18]: text ppl 63.7617 |   800/  873 batches
[23-01-15 14:44:33.30]: text ppl 62.2916 |   873/  873 batches
[23-01-15 14:44:38.56]: text ppl 44.2218 | valid loss 3.7892 on validation
[23-01-15 14:44:40.10]: epoch 10
[23-01-15 14:45:03.22]: text ppl 59.9680 |   100/  873 batches
[23-01-15 14:45:26.62]: text ppl 59.6248 |   200/  873 batches
[23-01-15 14:45:49.92]: text ppl 59.1380 |   300/  873 batches
[23-01-15 14:46:13.37]: text ppl 59.1497 |   400/  873 batches
[23-01-15 14:46:36.93]: text ppl 58.7355 |   500/  873 batches
[23-01-15 14:47:00.29]: text ppl 58.5116 |   600/  873 batches
[23-01-15 14:47:23.75]: text ppl 57.4436 |   700/  873 batches
[23-01-15 14:47:47.15]: text ppl 57.9270 |   800/  873 batches
[23-01-15 14:48:04.10]: text ppl 56.8459 |   873/  873 batches
[23-01-15 14:48:09.27]: text ppl 40.6839 | valid loss 3.7058 on validation
[23-01-15 14:48:10.84]: epoch 11
[23-01-15 14:48:33.94]: text ppl 54.0754 |   100/  873 batches
[23-01-15 14:48:57.21]: text ppl 54.1835 |   200/  873 batches
[23-01-15 14:49:20.54]: text ppl 53.4674 |   300/  873 batches
[23-01-15 14:49:43.84]: text ppl 53.9413 |   400/  873 batches
[23-01-15 14:50:07.04]: text ppl 53.6777 |   500/  873 batches
[23-01-15 14:50:30.44]: text ppl 52.3710 |   600/  873 batches
[23-01-15 14:50:53.78]: text ppl 52.6843 |   700/  873 batches
[23-01-15 14:51:17.25]: text ppl 53.2148 |   800/  873 batches
[23-01-15 14:51:34.26]: text ppl 52.5358 |   873/  873 batches
[23-01-15 14:51:39.47]: text ppl 37.9475 | valid loss 3.6362 on validation
[23-01-15 14:51:41.00]: epoch 12
[23-01-15 14:52:04.20]: text ppl 49.5509 |   100/  873 batches
[23-01-15 14:52:27.57]: text ppl 49.7206 |   200/  873 batches
[23-01-15 14:52:51.11]: text ppl 49.6892 |   300/  873 batches
[23-01-15 14:53:14.70]: text ppl 49.8409 |   400/  873 batches
[23-01-15 14:53:38.29]: text ppl 49.3141 |   500/  873 batches
[23-01-15 14:54:01.84]: text ppl 48.8984 |   600/  873 batches
[23-01-15 14:54:25.39]: text ppl 48.5869 |   700/  873 batches
[23-01-15 14:54:48.86]: text ppl 48.4823 |   800/  873 batches
[23-01-15 14:55:05.83]: text ppl 48.6599 |   873/  873 batches
[23-01-15 14:55:11.09]: text ppl 35.8013 | valid loss 3.5780 on validation
[23-01-15 14:55:12.57]: epoch 13
[23-01-15 14:55:35.79]: text ppl 46.5146 |   100/  873 batches
[23-01-15 14:55:59.09]: text ppl 45.9455 |   200/  873 batches
[23-01-15 14:56:22.62]: text ppl 45.9417 |   300/  873 batches
[23-01-15 14:56:46.09]: text ppl 46.2779 |   400/  873 batches
[23-01-15 14:57:09.39]: text ppl 46.2129 |   500/  873 batches
[23-01-15 14:57:32.76]: text ppl 45.8488 |   600/  873 batches
[23-01-15 14:57:56.13]: text ppl 45.8601 |   700/  873 batches
[23-01-15 14:58:19.73]: text ppl 44.9963 |   800/  873 batches
[23-01-15 14:58:36.70]: text ppl 45.4046 |   873/  873 batches
[23-01-15 14:58:41.99]: text ppl 34.0492 | valid loss 3.5278 on validation
[23-01-15 14:58:43.53]: epoch 14
[23-01-15 14:59:06.77]: text ppl 43.8482 |   100/  873 batches
[23-01-15 14:59:30.09]: text ppl 43.4579 |   200/  873 batches
[23-01-15 14:59:53.58]: text ppl 43.6537 |   300/  873 batches
[23-01-15 15:00:17.00]: text ppl 43.2531 |   400/  873 batches
[23-01-15 15:00:40.44]: text ppl 43.2931 |   500/  873 batches
[23-01-15 15:01:03.93]: text ppl 42.8972 |   600/  873 batches
[23-01-15 15:01:27.39]: text ppl 42.9947 |   700/  873 batches
[23-01-15 15:01:50.78]: text ppl 42.9627 |   800/  873 batches
[23-01-15 15:02:07.73]: text ppl 42.9559 |   873/  873 batches
[23-01-15 15:02:12.96]: text ppl 32.6484 | valid loss 3.4858 on validation
[23-01-15 15:02:14.55]: epoch 15
[23-01-15 15:02:37.73]: text ppl 40.8583 |   100/  873 batches
[23-01-15 15:03:01.00]: text ppl 41.4039 |   200/  873 batches
[23-01-15 15:03:24.38]: text ppl 40.8316 |   300/  873 batches
[23-01-15 15:03:47.77]: text ppl 40.6820 |   400/  873 batches
[23-01-15 15:04:11.33]: text ppl 41.0403 |   500/  873 batches
[23-01-15 15:04:34.68]: text ppl 40.8664 |   600/  873 batches
[23-01-15 15:04:58.11]: text ppl 41.1713 |   700/  873 batches
[23-01-15 15:05:21.67]: text ppl 40.8525 |   800/  873 batches
[23-01-15 15:05:38.85]: text ppl 41.1023 |   873/  873 batches
[23-01-15 15:05:44.12]: text ppl 31.4954 | valid loss 3.4498 on validation
[23-01-15 15:05:45.58]: epoch 16
[23-01-15 15:06:08.80]: text ppl 38.7174 |   100/  873 batches
[23-01-15 15:06:32.24]: text ppl 39.1287 |   200/  873 batches
[23-01-15 15:06:55.64]: text ppl 39.4093 |   300/  873 batches
[23-01-15 15:07:19.09]: text ppl 39.1365 |   400/  873 batches
[23-01-15 15:07:42.55]: text ppl 38.8702 |   500/  873 batches
[23-01-15 15:08:05.96]: text ppl 39.0158 |   600/  873 batches
[23-01-15 15:08:29.45]: text ppl 39.6204 |   700/  873 batches
[23-01-15 15:08:53.00]: text ppl 38.9586 |   800/  873 batches
[23-01-15 15:09:10.03]: text ppl 39.3775 |   873/  873 batches
[23-01-15 15:09:15.25]: text ppl 30.5575 | valid loss 3.4196 on validation
[23-01-15 15:09:16.80]: epoch 17
[23-01-15 15:09:40.06]: text ppl 37.4248 |   100/  873 batches
[23-01-15 15:10:03.54]: text ppl 37.6575 |   200/  873 batches
[23-01-15 15:10:26.94]: text ppl 37.7265 |   300/  873 batches
[23-01-15 15:10:50.43]: text ppl 37.4693 |   400/  873 batches
[23-01-15 15:11:13.81]: text ppl 37.7884 |   500/  873 batches
[23-01-15 15:11:37.28]: text ppl 37.3542 |   600/  873 batches
[23-01-15 15:12:00.74]: text ppl 37.2648 |   700/  873 batches
[23-01-15 15:12:24.25]: text ppl 37.4544 |   800/  873 batches
[23-01-15 15:12:41.36]: text ppl 37.5831 |   873/  873 batches
[23-01-15 15:12:46.56]: text ppl 29.7317 | valid loss 3.3922 on validation
[23-01-15 15:12:48.08]: epoch 18
[23-01-15 15:13:11.29]: text ppl 35.7872 |   100/  873 batches
[23-01-15 15:13:34.73]: text ppl 36.1851 |   200/  873 batches
[23-01-15 15:13:58.35]: text ppl 36.4502 |   300/  873 batches
[23-01-15 15:14:21.81]: text ppl 36.0359 |   400/  873 batches
[23-01-15 15:14:45.31]: text ppl 35.8321 |   500/  873 batches
[23-01-15 15:15:08.92]: text ppl 36.3553 |   600/  873 batches
[23-01-15 15:15:32.54]: text ppl 36.0488 |   700/  873 batches
[23-01-15 15:15:55.96]: text ppl 35.9931 |   800/  873 batches
[23-01-15 15:16:12.96]: text ppl 36.2466 |   873/  873 batches
[23-01-15 15:16:18.17]: text ppl 29.0213 | valid loss 3.3680 on validation
[23-01-15 15:16:19.74]: epoch 19
[23-01-15 15:16:42.95]: text ppl 35.0250 |   100/  873 batches
[23-01-15 15:17:06.32]: text ppl 34.4672 |   200/  873 batches
[23-01-15 15:17:29.86]: text ppl 34.6771 |   300/  873 batches
[23-01-15 15:17:53.41]: text ppl 35.0723 |   400/  873 batches
[23-01-15 15:18:17.00]: text ppl 35.0224 |   500/  873 batches
[23-01-15 15:18:40.35]: text ppl 34.9879 |   600/  873 batches
[23-01-15 15:19:03.85]: text ppl 34.8106 |   700/  873 batches
[23-01-15 15:19:27.31]: text ppl 34.9768 |   800/  873 batches
[23-01-15 15:19:44.19]: text ppl 35.1069 |   873/  873 batches
[23-01-15 15:19:49.50]: text ppl 28.4035 | valid loss 3.3465 on validation
[23-01-15 15:19:51.02]: epoch 20
[23-01-15 15:20:14.40]: text ppl 33.8358 |   100/  873 batches
[23-01-15 15:20:37.90]: text ppl 33.5885 |   200/  873 batches
[23-01-15 15:21:01.40]: text ppl 34.1226 |   300/  873 batches
[23-01-15 15:21:24.97]: text ppl 33.9918 |   400/  873 batches
[23-01-15 15:21:48.53]: text ppl 33.6076 |   500/  873 batches
[23-01-15 15:22:12.05]: text ppl 33.8260 |   600/  873 batches
[23-01-15 15:22:35.63]: text ppl 33.3756 |   700/  873 batches
[23-01-15 15:22:59.17]: text ppl 34.2139 |   800/  873 batches
[23-01-15 15:23:16.12]: text ppl 33.6692 |   873/  873 batches
[23-01-15 15:23:21.36]: text ppl 27.8117 | valid loss 3.3255 on validation
[23-01-15 15:23:22.89]: epoch 21
[23-01-15 15:23:46.08]: text ppl 32.7670 |   100/  873 batches
[23-01-15 15:24:09.54]: text ppl 32.4265 |   200/  873 batches
[23-01-15 15:24:33.06]: text ppl 33.2076 |   300/  873 batches
[23-01-15 15:24:56.45]: text ppl 32.9304 |   400/  873 batches
[23-01-15 15:25:19.75]: text ppl 33.1932 |   500/  873 batches
[23-01-15 15:25:43.15]: text ppl 32.6545 |   600/  873 batches
[23-01-15 15:26:06.63]: text ppl 32.8732 |   700/  873 batches
[23-01-15 15:26:29.96]: text ppl 32.7203 |   800/  873 batches
[23-01-15 15:26:47.02]: text ppl 33.2619 |   873/  873 batches
[23-01-15 15:26:52.26]: text ppl 27.3339 | valid loss 3.3081 on validation
[23-01-15 15:26:53.85]: epoch 22
[23-01-15 15:27:17.13]: text ppl 32.1184 |   100/  873 batches
[23-01-15 15:27:40.65]: text ppl 31.9271 |   200/  873 batches
[23-01-15 15:28:04.13]: text ppl 31.8673 |   300/  873 batches
[23-01-15 15:28:27.59]: text ppl 31.9335 |   400/  873 batches
[23-01-15 15:28:50.92]: text ppl 31.7253 |   500/  873 batches
[23-01-15 15:29:14.42]: text ppl 32.2455 |   600/  873 batches
[23-01-15 15:29:38.03]: text ppl 32.3645 |   700/  873 batches
[23-01-15 15:30:01.50]: text ppl 32.1366 |   800/  873 batches
[23-01-15 15:30:18.60]: text ppl 32.0838 |   873/  873 batches
[23-01-15 15:30:23.86]: text ppl 26.9062 | valid loss 3.2924 on validation
[23-01-15 15:30:25.33]: epoch 23
[23-01-15 15:30:48.68]: text ppl 31.1563 |   100/  873 batches
[23-01-15 15:31:12.38]: text ppl 31.3751 |   200/  873 batches
[23-01-15 15:31:35.86]: text ppl 31.2923 |   300/  873 batches
[23-01-15 15:31:59.36]: text ppl 31.1476 |   400/  873 batches
[23-01-15 15:32:22.93]: text ppl 31.4874 |   500/  873 batches
[23-01-15 15:32:46.45]: text ppl 31.3401 |   600/  873 batches
[23-01-15 15:33:09.90]: text ppl 31.0580 |   700/  873 batches
[23-01-15 15:33:33.44]: text ppl 31.2707 |   800/  873 batches
[23-01-15 15:33:50.49]: text ppl 31.2141 |   873/  873 batches
[23-01-15 15:33:55.74]: text ppl 26.4878 | valid loss 3.2767 on validation
[23-01-15 15:33:57.21]: epoch 24
[23-01-15 15:34:20.48]: text ppl 30.0795 |   100/  873 batches
[23-01-15 15:34:43.97]: text ppl 30.4308 |   200/  873 batches
[23-01-15 15:35:07.47]: text ppl 30.6580 |   300/  873 batches
[23-01-15 15:35:30.93]: text ppl 30.5369 |   400/  873 batches
[23-01-15 15:35:54.47]: text ppl 30.4781 |   500/  873 batches
[23-01-15 15:36:18.03]: text ppl 30.6457 |   600/  873 batches
[23-01-15 15:36:41.48]: text ppl 30.3766 |   700/  873 batches
[23-01-15 15:37:04.99]: text ppl 30.8898 |   800/  873 batches
[23-01-15 15:37:21.97]: text ppl 30.8730 |   873/  873 batches
[23-01-15 15:37:27.25]: text ppl 26.1651 | valid loss 3.2644 on validation
[23-01-15 15:37:28.74]: epoch 25
[23-01-15 15:37:52.02]: text ppl 29.6907 |   100/  873 batches
[23-01-15 15:38:15.46]: text ppl 29.9311 |   200/  873 batches
[23-01-15 15:38:38.83]: text ppl 29.9246 |   300/  873 batches
[23-01-15 15:39:02.39]: text ppl 29.7867 |   400/  873 batches
[23-01-15 15:39:25.70]: text ppl 30.0373 |   500/  873 batches
[23-01-15 15:39:49.21]: text ppl 29.7961 |   600/  873 batches
[23-01-15 15:40:12.62]: text ppl 29.8868 |   700/  873 batches
[23-01-15 15:40:36.17]: text ppl 30.2057 |   800/  873 batches
[23-01-15 15:40:53.31]: text ppl 29.7877 |   873/  873 batches
[23-01-15 15:40:58.60]: text ppl 25.8501 | valid loss 3.2523 on validation
[23-01-15 15:41:00.29]: epoch 26
[23-01-15 15:41:23.45]: text ppl 29.3005 |   100/  873 batches
[23-01-15 15:41:46.96]: text ppl 28.9652 |   200/  873 batches
[23-01-15 15:42:10.39]: text ppl 29.3861 |   300/  873 batches
[23-01-15 15:42:33.71]: text ppl 29.0754 |   400/  873 batches
[23-01-15 15:42:57.24]: text ppl 29.2798 |   500/  873 batches
[23-01-15 15:43:20.60]: text ppl 29.4548 |   600/  873 batches
[23-01-15 15:43:44.09]: text ppl 29.6633 |   700/  873 batches
[23-01-15 15:44:07.48]: text ppl 29.3360 |   800/  873 batches
[23-01-15 15:44:24.50]: text ppl 29.4349 |   873/  873 batches
[23-01-15 15:44:29.72]: text ppl 25.5427 | valid loss 3.2404 on validation
[23-01-15 15:44:31.29]: epoch 27
[23-01-15 15:44:54.44]: text ppl 28.2972 |   100/  873 batches
[23-01-15 15:45:17.95]: text ppl 28.6792 |   200/  873 batches
[23-01-15 15:45:41.40]: text ppl 28.5780 |   300/  873 batches
[23-01-15 15:46:04.74]: text ppl 28.9753 |   400/  873 batches
[23-01-15 15:46:28.10]: text ppl 28.7028 |   500/  873 batches
[23-01-15 15:46:51.59]: text ppl 29.0811 |   600/  873 batches
[23-01-15 15:47:14.88]: text ppl 28.6416 |   700/  873 batches
[23-01-15 15:47:38.19]: text ppl 28.9573 |   800/  873 batches
[23-01-15 15:47:55.21]: text ppl 29.1813 |   873/  873 batches
[23-01-15 15:48:00.44]: text ppl 25.2912 | valid loss 3.2305 on validation
[23-01-15 15:48:01.98]: epoch 28
[23-01-15 15:48:25.06]: text ppl 27.8521 |   100/  873 batches
[23-01-15 15:48:48.37]: text ppl 28.3222 |   200/  873 batches
[23-01-15 15:49:11.88]: text ppl 28.3841 |   300/  873 batches
[23-01-15 15:49:35.39]: text ppl 28.3893 |   400/  873 batches
[23-01-15 15:49:58.98]: text ppl 28.2662 |   500/  873 batches
[23-01-15 15:50:22.35]: text ppl 28.7369 |   600/  873 batches
[23-01-15 15:50:45.92]: text ppl 28.1181 |   700/  873 batches
[23-01-15 15:51:09.69]: text ppl 28.3218 |   800/  873 batches
[23-01-15 15:51:26.76]: text ppl 28.3245 |   873/  873 batches
[23-01-15 15:51:32.01]: text ppl 25.0881 | valid loss 3.2224 on validation
[23-01-15 15:51:33.57]: epoch 29
[23-01-15 15:51:56.72]: text ppl 27.6488 |   100/  873 batches
[23-01-15 15:52:20.31]: text ppl 27.4473 |   200/  873 batches
[23-01-15 15:52:43.69]: text ppl 27.6255 |   300/  873 batches
[23-01-15 15:53:07.20]: text ppl 27.8504 |   400/  873 batches
[23-01-15 15:53:30.72]: text ppl 27.8635 |   500/  873 batches
[23-01-15 15:53:54.31]: text ppl 27.8166 |   600/  873 batches
[23-01-15 15:54:17.81]: text ppl 27.7584 |   700/  873 batches
[23-01-15 15:54:41.33]: text ppl 28.2113 |   800/  873 batches
[23-01-15 15:54:58.46]: text ppl 28.4551 |   873/  873 batches
[23-01-15 15:55:03.73]: text ppl 24.8774 | valid loss 3.2140 on validation
[23-01-15 15:55:05.20]: epoch 30
[23-01-15 15:55:28.43]: text ppl 27.1874 |   100/  873 batches
[23-01-15 15:55:51.87]: text ppl 27.3523 |   200/  873 batches
[23-01-15 15:56:15.38]: text ppl 27.4412 |   300/  873 batches
[23-01-15 15:56:38.77]: text ppl 27.3968 |   400/  873 batches
[23-01-15 15:57:02.24]: text ppl 27.2960 |   500/  873 batches
[23-01-15 15:57:25.56]: text ppl 27.4640 |   600/  873 batches
[23-01-15 15:57:49.06]: text ppl 27.4820 |   700/  873 batches
[23-01-15 15:58:12.63]: text ppl 27.4490 |   800/  873 batches
[23-01-15 15:58:29.70]: text ppl 27.9395 |   873/  873 batches
[23-01-15 15:58:34.95]: text ppl 24.7095 | valid loss 3.2072 on validation
[23-01-15 15:58:36.46]: epoch 31
[23-01-15 15:58:59.72]: text ppl 27.0316 |   100/  873 batches
[23-01-15 15:59:23.07]: text ppl 26.6552 |   200/  873 batches
[23-01-15 15:59:46.57]: text ppl 26.7681 |   300/  873 batches
[23-01-15 16:00:09.99]: text ppl 27.1587 |   400/  873 batches
[23-01-15 16:00:33.43]: text ppl 27.0001 |   500/  873 batches
[23-01-15 16:00:57.06]: text ppl 27.0791 |   600/  873 batches
[23-01-15 16:01:20.54]: text ppl 27.1993 |   700/  873 batches
[23-01-15 16:01:43.97]: text ppl 27.4195 |   800/  873 batches
[23-01-15 16:02:00.95]: text ppl 27.6122 |   873/  873 batches
[23-01-15 16:02:06.21]: text ppl 24.5096 | valid loss 3.1991 on validation
[23-01-15 16:02:07.76]: epoch 32
[23-01-15 16:02:31.08]: text ppl 26.3185 |   100/  873 batches
[23-01-15 16:02:54.47]: text ppl 26.3426 |   200/  873 batches
[23-01-15 16:03:18.01]: text ppl 26.8161 |   300/  873 batches
[23-01-15 16:03:41.30]: text ppl 26.9390 |   400/  873 batches
[23-01-15 16:04:04.65]: text ppl 26.4319 |   500/  873 batches
[23-01-15 16:04:28.09]: text ppl 26.7799 |   600/  873 batches
[23-01-15 16:04:51.44]: text ppl 26.6488 |   700/  873 batches
[23-01-15 16:05:14.77]: text ppl 26.7872 |   800/  873 batches
[23-01-15 16:05:31.76]: text ppl 27.1214 |   873/  873 batches
[23-01-15 16:05:36.98]: text ppl 24.3269 | valid loss 3.1916 on validation
[23-01-15 16:05:38.44]: epoch 33
[23-01-15 16:06:01.58]: text ppl 26.1016 |   100/  873 batches
[23-01-15 16:06:24.84]: text ppl 26.0980 |   200/  873 batches
[23-01-15 16:06:48.05]: text ppl 26.2709 |   300/  873 batches
[23-01-15 16:07:11.24]: text ppl 26.2173 |   400/  873 batches
[23-01-15 16:07:34.43]: text ppl 26.2517 |   500/  873 batches
[23-01-15 16:07:57.63]: text ppl 26.4450 |   600/  873 batches
[23-01-15 16:08:20.74]: text ppl 26.3636 |   700/  873 batches
[23-01-15 16:08:43.86]: text ppl 26.5818 |   800/  873 batches
[23-01-15 16:09:00.67]: text ppl 26.5363 |   873/  873 batches
[23-01-15 16:09:05.84]: text ppl 24.2000 | valid loss 3.1864 on validation
[23-01-15 16:09:07.20]: epoch 34
[23-01-15 16:09:30.13]: text ppl 25.5575 |   100/  873 batches
[23-01-15 16:09:53.25]: text ppl 25.8571 |   200/  873 batches
[23-01-15 16:10:16.29]: text ppl 26.0494 |   300/  873 batches
[23-01-15 16:10:39.42]: text ppl 25.9286 |   400/  873 batches
[23-01-15 16:11:02.49]: text ppl 26.1002 |   500/  873 batches
[23-01-15 16:11:25.54]: text ppl 26.0455 |   600/  873 batches
[23-01-15 16:11:48.61]: text ppl 26.2668 |   700/  873 batches
[23-01-15 16:12:11.73]: text ppl 26.2232 |   800/  873 batches
[23-01-15 16:12:28.46]: text ppl 25.8481 |   873/  873 batches
[23-01-15 16:12:33.63]: text ppl 24.0786 | valid loss 3.1813 on validation
[23-01-15 16:12:35.07]: epoch 35
[23-01-15 16:12:57.96]: text ppl 25.3547 |   100/  873 batches
[23-01-15 16:13:21.03]: text ppl 25.5519 |   200/  873 batches
[23-01-15 16:13:44.11]: text ppl 25.7127 |   300/  873 batches
[23-01-15 16:14:07.18]: text ppl 25.4382 |   400/  873 batches
[23-01-15 16:14:30.24]: text ppl 25.6944 |   500/  873 batches
[23-01-15 16:14:53.33]: text ppl 25.5192 |   600/  873 batches
[23-01-15 16:15:16.42]: text ppl 26.1025 |   700/  873 batches
[23-01-15 16:15:39.50]: text ppl 25.8491 |   800/  873 batches
[23-01-15 16:15:56.20]: text ppl 25.6199 |   873/  873 batches
[23-01-15 16:16:01.36]: text ppl 23.9502 | valid loss 3.1760 on validation
[23-01-15 16:16:02.87]: epoch 36
[23-01-15 16:16:25.71]: text ppl 25.1325 |   100/  873 batches
[23-01-15 16:16:48.70]: text ppl 25.3331 |   200/  873 batches
[23-01-15 16:17:11.79]: text ppl 25.0627 |   300/  873 batches
[23-01-15 16:17:34.84]: text ppl 25.2024 |   400/  873 batches
[23-01-15 16:17:57.90]: text ppl 25.5528 |   500/  873 batches
[23-01-15 16:18:20.90]: text ppl 25.4833 |   600/  873 batches
[23-01-15 16:18:43.95]: text ppl 25.5978 |   700/  873 batches
[23-01-15 16:19:07.03]: text ppl 25.3719 |   800/  873 batches
[23-01-15 16:19:23.74]: text ppl 25.6417 |   873/  873 batches
[23-01-15 16:19:28.89]: text ppl 23.8311 | valid loss 3.1710 on validation
[23-01-15 16:19:30.32]: epoch 37
[23-01-15 16:19:53.16]: text ppl 24.8826 |   100/  873 batches
[23-01-15 16:20:16.20]: text ppl 24.9566 |   200/  873 batches
[23-01-15 16:20:39.28]: text ppl 25.0872 |   300/  873 batches
[23-01-15 16:21:02.39]: text ppl 25.1840 |   400/  873 batches
[23-01-15 16:21:25.48]: text ppl 25.0897 |   500/  873 batches
[23-01-15 16:21:48.54]: text ppl 24.9271 |   600/  873 batches
[23-01-15 16:22:11.57]: text ppl 25.0572 |   700/  873 batches
[23-01-15 16:22:34.62]: text ppl 25.5009 |   800/  873 batches
[23-01-15 16:22:51.36]: text ppl 25.4334 |   873/  873 batches
[23-01-15 16:22:56.50]: text ppl 23.7256 | valid loss 3.1666 on validation
[23-01-15 16:22:57.75]: epoch 38
[23-01-15 16:23:20.65]: text ppl 24.6211 |   100/  873 batches
[23-01-15 16:23:43.72]: text ppl 24.5295 |   200/  873 batches
[23-01-15 16:24:06.70]: text ppl 24.6040 |   300/  873 batches
[23-01-15 16:24:29.73]: text ppl 24.8384 |   400/  873 batches
[23-01-15 16:24:52.75]: text ppl 24.8880 |   500/  873 batches
[23-01-15 16:25:15.80]: text ppl 24.6517 |   600/  873 batches
[23-01-15 16:25:38.85]: text ppl 25.0278 |   700/  873 batches
[23-01-15 16:26:01.90]: text ppl 25.2768 |   800/  873 batches
[23-01-15 16:26:18.58]: text ppl 25.2682 |   873/  873 batches
[23-01-15 16:26:23.72]: text ppl 23.6273 | valid loss 3.1624 on validation
[23-01-15 16:26:25.02]: epoch 39
[23-01-15 16:26:47.84]: text ppl 24.3914 |   100/  873 batches
[23-01-15 16:27:10.79]: text ppl 24.1809 |   200/  873 batches
[23-01-15 16:27:33.82]: text ppl 24.4168 |   300/  873 batches
[23-01-15 16:27:56.79]: text ppl 24.6835 |   400/  873 batches
[23-01-15 16:28:19.82]: text ppl 24.7016 |   500/  873 batches
[23-01-15 16:28:42.85]: text ppl 24.7539 |   600/  873 batches
[23-01-15 16:29:05.91]: text ppl 24.6138 |   700/  873 batches
[23-01-15 16:29:28.90]: text ppl 24.7492 |   800/  873 batches
[23-01-15 16:29:45.58]: text ppl 24.9888 |   873/  873 batches
[23-01-15 16:29:50.70]: text ppl 23.5340 | valid loss 3.1584 on validation
[23-01-15 16:29:51.93]: epoch 40
[23-01-15 16:30:14.80]: text ppl 24.0164 |   100/  873 batches
[23-01-15 16:30:37.85]: text ppl 24.3575 |   200/  873 batches
[23-01-15 16:31:00.92]: text ppl 24.2643 |   300/  873 batches
[23-01-15 16:31:23.89]: text ppl 24.3605 |   400/  873 batches
[23-01-15 16:31:46.94]: text ppl 24.4222 |   500/  873 batches
[23-01-15 16:32:09.95]: text ppl 24.5926 |   600/  873 batches
[23-01-15 16:32:32.94]: text ppl 24.4806 |   700/  873 batches
[23-01-15 16:32:55.89]: text ppl 24.3003 |   800/  873 batches
[23-01-15 16:33:12.59]: text ppl 24.2430 |   873/  873 batches
[23-01-15 16:33:17.75]: text ppl 23.4456 | valid loss 3.1547 on validation
[23-01-15 16:33:19.06]: epoch 41
[23-01-15 16:33:41.89]: text ppl 23.7756 |   100/  873 batches
[23-01-15 16:34:04.86]: text ppl 24.2112 |   200/  873 batches
[23-01-15 16:34:27.86]: text ppl 23.8200 |   300/  873 batches
[23-01-15 16:34:50.86]: text ppl 23.9686 |   400/  873 batches
[23-01-15 16:35:13.86]: text ppl 24.2694 |   500/  873 batches
[23-01-15 16:35:36.89]: text ppl 24.2511 |   600/  873 batches
[23-01-15 16:35:59.97]: text ppl 24.4757 |   700/  873 batches
[23-01-15 16:36:22.98]: text ppl 23.9788 |   800/  873 batches
[23-01-15 16:36:39.62]: text ppl 24.7803 |   873/  873 batches
[23-01-15 16:36:44.75]: text ppl 23.3824 | valid loss 3.1520 on validation
[23-01-15 16:36:46.04]: epoch 42
[23-01-15 16:37:08.84]: text ppl 23.8244 |   100/  873 batches
[23-01-15 16:37:31.77]: text ppl 23.6284 |   200/  873 batches
[23-01-15 16:37:54.76]: text ppl 23.9124 |   300/  873 batches
[23-01-15 16:38:17.77]: text ppl 23.9091 |   400/  873 batches
[23-01-15 16:38:40.77]: text ppl 23.5908 |   500/  873 batches
[23-01-15 16:39:03.86]: text ppl 23.9766 |   600/  873 batches
[23-01-15 16:39:26.86]: text ppl 24.2161 |   700/  873 batches
[23-01-15 16:39:49.86]: text ppl 23.9396 |   800/  873 batches
[23-01-15 16:40:06.60]: text ppl 24.2925 |   873/  873 batches
[23-01-15 16:40:11.75]: text ppl 23.3163 | valid loss 3.1492 on validation
[23-01-15 16:40:13.15]: epoch 43
[23-01-15 16:40:35.95]: text ppl 23.4439 |   100/  873 batches
[23-01-15 16:40:58.88]: text ppl 23.5786 |   200/  873 batches
[23-01-15 16:41:21.87]: text ppl 23.1503 |   300/  873 batches
[23-01-15 16:41:44.86]: text ppl 23.7115 |   400/  873 batches
[23-01-15 16:42:07.93]: text ppl 23.7514 |   500/  873 batches
[23-01-15 16:42:30.94]: text ppl 23.6872 |   600/  873 batches
[23-01-15 16:42:53.92]: text ppl 23.8505 |   700/  873 batches
[23-01-15 16:43:16.98]: text ppl 24.1056 |   800/  873 batches
[23-01-15 16:43:33.63]: text ppl 23.9792 |   873/  873 batches
[23-01-15 16:43:38.78]: text ppl 23.2156 | valid loss 3.1448 on validation
[23-01-15 16:43:40.24]: epoch 44
[23-01-15 16:44:03.09]: text ppl 23.1608 |   100/  873 batches
[23-01-15 16:44:26.14]: text ppl 23.3587 |   200/  873 batches
[23-01-15 16:44:49.21]: text ppl 23.2820 |   300/  873 batches
[23-01-15 16:45:12.33]: text ppl 23.3885 |   400/  873 batches
[23-01-15 16:45:35.39]: text ppl 23.7498 |   500/  873 batches
[23-01-15 16:45:58.39]: text ppl 23.5833 |   600/  873 batches
[23-01-15 16:46:21.48]: text ppl 23.6528 |   700/  873 batches
[23-01-15 16:46:44.53]: text ppl 23.6966 |   800/  873 batches
[23-01-15 16:47:01.26]: text ppl 23.7896 |   873/  873 batches
[23-01-15 16:47:06.40]: text ppl 23.1647 | valid loss 3.1426 on validation
[23-01-15 16:47:07.83]: epoch 45
[23-01-15 16:47:30.61]: text ppl 22.9240 |   100/  873 batches
[23-01-15 16:47:53.57]: text ppl 23.2840 |   200/  873 batches
[23-01-15 16:48:16.58]: text ppl 23.2811 |   300/  873 batches
[23-01-15 16:48:39.54]: text ppl 23.2153 |   400/  873 batches
[23-01-15 16:49:02.61]: text ppl 23.3744 |   500/  873 batches
[23-01-15 16:49:25.63]: text ppl 23.4178 |   600/  873 batches
[23-01-15 16:49:48.61]: text ppl 23.2946 |   700/  873 batches
[23-01-15 16:50:11.64]: text ppl 23.6793 |   800/  873 batches
[23-01-15 16:50:28.31]: text ppl 23.7516 |   873/  873 batches
[23-01-15 16:50:33.47]: text ppl 23.1105 | valid loss 3.1403 on validation
[23-01-15 16:50:34.98]: epoch 46
[23-01-15 16:50:57.76]: text ppl 23.1206 |   100/  873 batches
[23-01-15 16:51:20.73]: text ppl 23.0707 |   200/  873 batches
[23-01-15 16:51:43.73]: text ppl 22.8896 |   300/  873 batches
[23-01-15 16:52:06.74]: text ppl 23.4480 |   400/  873 batches
[23-01-15 16:52:29.70]: text ppl 22.9934 |   500/  873 batches
[23-01-15 16:52:52.74]: text ppl 23.0937 |   600/  873 batches
[23-01-15 16:53:15.78]: text ppl 23.2949 |   700/  873 batches
[23-01-15 16:53:38.79]: text ppl 23.3629 |   800/  873 batches
[23-01-15 16:53:55.47]: text ppl 23.1955 |   873/  873 batches
[23-01-15 16:54:00.63]: text ppl 23.0576 | valid loss 3.1380 on validation
[23-01-15 16:54:02.07]: epoch 47
[23-01-15 16:54:24.88]: text ppl 22.4335 |   100/  873 batches
[23-01-15 16:54:47.84]: text ppl 22.8766 |   200/  873 batches
[23-01-15 16:55:10.89]: text ppl 23.0008 |   300/  873 batches
[23-01-15 16:55:33.87]: text ppl 22.9885 |   400/  873 batches
[23-01-15 16:55:56.86]: text ppl 22.6113 |   500/  873 batches
[23-01-15 16:56:19.84]: text ppl 23.1675 |   600/  873 batches
[23-01-15 16:56:42.84]: text ppl 23.3397 |   700/  873 batches
[23-01-15 16:57:05.85]: text ppl 23.3032 |   800/  873 batches
[23-01-15 16:57:22.54]: text ppl 23.4534 |   873/  873 batches
[23-01-15 16:57:27.69]: text ppl 23.0058 | valid loss 3.1357 on validation
[23-01-15 16:57:29.17]: epoch 48
[23-01-15 16:57:51.93]: text ppl 22.4254 |   100/  873 batches
[23-01-15 16:58:14.89]: text ppl 22.4598 |   200/  873 batches
[23-01-15 16:58:37.89]: text ppl 22.8895 |   300/  873 batches
[23-01-15 16:59:00.91]: text ppl 22.9318 |   400/  873 batches
[23-01-15 16:59:23.92]: text ppl 22.5971 |   500/  873 batches
[23-01-15 16:59:46.96]: text ppl 23.0102 |   600/  873 batches
[23-01-15 17:00:10.00]: text ppl 22.9416 |   700/  873 batches
[23-01-15 17:00:33.02]: text ppl 22.9870 |   800/  873 batches
[23-01-15 17:00:49.71]: text ppl 23.1261 |   873/  873 batches
[23-01-15 17:00:54.88]: text ppl 22.9516 | valid loss 3.1334 on validation
[23-01-15 17:00:56.08]: epoch 49
[23-01-15 17:01:18.94]: text ppl 22.4509 |   100/  873 batches
[23-01-15 17:01:41.92]: text ppl 22.6099 |   200/  873 batches
[23-01-15 17:02:04.97]: text ppl 22.5419 |   300/  873 batches
[23-01-15 17:02:28.03]: text ppl 22.5230 |   400/  873 batches
[23-01-15 17:02:51.06]: text ppl 23.0102 |   500/  873 batches
[23-01-15 17:03:14.08]: text ppl 22.7622 |   600/  873 batches
[23-01-15 17:03:37.08]: text ppl 22.7262 |   700/  873 batches
[23-01-15 17:04:00.20]: text ppl 22.4989 |   800/  873 batches
[23-01-15 17:04:16.89]: text ppl 22.9820 |   873/  873 batches
[23-01-15 17:04:22.02]: text ppl 22.9257 | valid loss 3.1323 on validation
[23-01-15 17:04:23.48]: epoch 50
[23-01-15 17:04:46.32]: text ppl 22.2616 |   100/  873 batches
[23-01-15 17:05:09.28]: text ppl 22.3832 |   200/  873 batches
[23-01-15 17:05:32.29]: text ppl 22.5504 |   300/  873 batches
[23-01-15 17:05:55.26]: text ppl 21.9794 |   400/  873 batches
[23-01-15 17:06:18.25]: text ppl 22.3312 |   500/  873 batches
[23-01-15 17:06:41.26]: text ppl 22.9047 |   600/  873 batches
[23-01-15 17:07:04.28]: text ppl 22.5874 |   700/  873 batches
[23-01-15 17:07:27.29]: text ppl 22.8057 |   800/  873 batches
[23-01-15 17:07:43.96]: text ppl 22.9045 |   873/  873 batches
[23-01-15 17:07:49.10]: text ppl 22.8646 | valid loss 3.1296 on validation
[23-01-15 17:07:50.52]: epoch 51
[23-01-15 17:08:13.33]: text ppl 21.9401 |   100/  873 batches
[23-01-15 17:08:36.32]: text ppl 22.4366 |   200/  873 batches
[23-01-15 17:08:59.37]: text ppl 22.3959 |   300/  873 batches
[23-01-15 17:09:22.36]: text ppl 22.4002 |   400/  873 batches
[23-01-15 17:09:45.45]: text ppl 22.4268 |   500/  873 batches
[23-01-15 17:10:08.56]: text ppl 22.2443 |   600/  873 batches
[23-01-15 17:10:31.65]: text ppl 22.3112 |   700/  873 batches
[23-01-15 17:10:54.69]: text ppl 22.6123 |   800/  873 batches
[23-01-15 17:11:11.39]: text ppl 22.6440 |   873/  873 batches
[23-01-15 17:11:16.52]: text ppl 22.8051 | valid loss 3.1270 on validation
[23-01-15 17:11:17.95]: epoch 52
[23-01-15 17:11:40.81]: text ppl 21.8842 |   100/  873 batches
[23-01-15 17:12:03.88]: text ppl 22.0458 |   200/  873 batches
[23-01-15 17:12:26.99]: text ppl 21.9479 |   300/  873 batches
[23-01-15 17:12:50.05]: text ppl 22.2219 |   400/  873 batches
[23-01-15 17:13:13.17]: text ppl 22.1527 |   500/  873 batches
[23-01-15 17:13:36.26]: text ppl 22.5472 |   600/  873 batches
[23-01-15 17:13:59.38]: text ppl 22.3205 |   700/  873 batches
[23-01-15 17:14:22.52]: text ppl 22.5723 |   800/  873 batches
[23-01-15 17:14:39.29]: text ppl 22.3351 |   873/  873 batches
[23-01-15 17:14:44.46]: text ppl 22.7304 | valid loss 3.1237 on validation
[23-01-15 17:14:45.90]: epoch 53
[23-01-15 17:15:08.81]: text ppl 21.8554 |   100/  873 batches
[23-01-15 17:15:31.85]: text ppl 21.9170 |   200/  873 batches
[23-01-15 17:15:54.95]: text ppl 21.8307 |   300/  873 batches
[23-01-15 17:16:18.05]: text ppl 21.8374 |   400/  873 batches
[23-01-15 17:16:41.18]: text ppl 22.0842 |   500/  873 batches
[23-01-15 17:17:04.28]: text ppl 22.3147 |   600/  873 batches
[23-01-15 17:17:27.42]: text ppl 22.3348 |   700/  873 batches
[23-01-15 17:17:50.46]: text ppl 22.1686 |   800/  873 batches
[23-01-15 17:18:07.21]: text ppl 22.4216 |   873/  873 batches
[23-01-15 17:18:12.39]: text ppl 22.6960 | valid loss 3.1222 on validation
[23-01-15 17:18:13.82]: epoch 54
[23-01-15 17:18:36.64]: text ppl 21.5570 |   100/  873 batches
[23-01-15 17:18:59.64]: text ppl 21.8232 |   200/  873 batches
[23-01-15 17:19:22.76]: text ppl 21.8153 |   300/  873 batches
[23-01-15 17:19:45.83]: text ppl 21.7933 |   400/  873 batches
[23-01-15 17:20:08.94]: text ppl 22.0290 |   500/  873 batches
[23-01-15 17:20:31.98]: text ppl 21.9655 |   600/  873 batches
[23-01-15 17:20:55.06]: text ppl 22.2310 |   700/  873 batches
[23-01-15 17:21:18.16]: text ppl 21.9670 |   800/  873 batches
[23-01-15 17:21:34.86]: text ppl 22.2175 |   873/  873 batches
[23-01-15 17:21:40.04]: text ppl 22.6607 | valid loss 3.1206 on validation
[23-01-15 17:21:41.53]: epoch 55
[23-01-15 17:22:04.37]: text ppl 21.4506 |   100/  873 batches
[23-01-15 17:22:27.39]: text ppl 21.6578 |   200/  873 batches
[23-01-15 17:22:50.51]: text ppl 21.5976 |   300/  873 batches
[23-01-15 17:23:13.57]: text ppl 21.9315 |   400/  873 batches
[23-01-15 17:23:36.66]: text ppl 21.9964 |   500/  873 batches
[23-01-15 17:23:59.79]: text ppl 21.8161 |   600/  873 batches
[23-01-15 17:24:22.80]: text ppl 21.9084 |   700/  873 batches
[23-01-15 17:24:45.85]: text ppl 21.9384 |   800/  873 batches
[23-01-15 17:25:02.59]: text ppl 22.0042 |   873/  873 batches
[23-01-15 17:25:07.75]: text ppl 22.6045 | valid loss 3.1181 on validation
[23-01-15 17:25:09.10]: epoch 56
[23-01-15 17:25:31.98]: text ppl 21.2190 |   100/  873 batches
[23-01-15 17:25:55.06]: text ppl 21.5813 |   200/  873 batches
[23-01-15 17:26:18.17]: text ppl 21.6352 |   300/  873 batches
[23-01-15 17:26:41.27]: text ppl 21.6935 |   400/  873 batches
[23-01-15 17:27:04.41]: text ppl 21.6890 |   500/  873 batches
[23-01-15 17:27:27.51]: text ppl 21.6408 |   600/  873 batches
[23-01-15 17:27:50.58]: text ppl 22.2989 |   700/  873 batches
[23-01-15 17:28:13.67]: text ppl 21.5346 |   800/  873 batches
[23-01-15 17:28:30.41]: text ppl 21.9428 |   873/  873 batches
[23-01-15 17:28:35.59]: text ppl 22.6033 | valid loss 3.1181 on validation
[23-01-15 17:28:37.09]: epoch 57
[23-01-15 17:28:59.94]: text ppl 21.2554 |   100/  873 batches
[23-01-15 17:29:22.97]: text ppl 21.5446 |   200/  873 batches
[23-01-15 17:29:46.03]: text ppl 21.5811 |   300/  873 batches
[23-01-15 17:30:09.10]: text ppl 21.3193 |   400/  873 batches
[23-01-15 17:30:32.25]: text ppl 21.4334 |   500/  873 batches
[23-01-15 17:30:55.37]: text ppl 21.9356 |   600/  873 batches
[23-01-15 17:31:18.50]: text ppl 21.6311 |   700/  873 batches
[23-01-15 17:31:41.61]: text ppl 21.7405 |   800/  873 batches
[23-01-15 17:31:58.42]: text ppl 21.6462 |   873/  873 batches
[23-01-15 17:32:03.59]: text ppl 22.5754 | valid loss 3.1169 on validation
[23-01-15 17:32:04.99]: epoch 58
[23-01-15 17:32:27.84]: text ppl 21.0053 |   100/  873 batches
[23-01-15 17:32:50.86]: text ppl 21.5427 |   200/  873 batches
[23-01-15 17:33:13.89]: text ppl 21.1097 |   300/  873 batches
[23-01-15 17:33:36.97]: text ppl 21.1914 |   400/  873 batches
[23-01-15 17:34:00.04]: text ppl 21.3883 |   500/  873 batches
[23-01-15 17:34:23.12]: text ppl 21.7707 |   600/  873 batches
[23-01-15 17:34:46.19]: text ppl 21.5462 |   700/  873 batches
[23-01-15 17:35:09.28]: text ppl 21.5439 |   800/  873 batches
[23-01-15 17:35:26.01]: text ppl 21.5737 |   873/  873 batches
[23-01-15 17:35:31.19]: text ppl 22.5298 | valid loss 3.1148 on validation
[23-01-15 17:35:32.60]: epoch 59
[23-01-15 17:35:55.52]: text ppl 21.0744 |   100/  873 batches
[23-01-15 17:36:18.52]: text ppl 21.1905 |   200/  873 batches
[23-01-15 17:36:41.58]: text ppl 21.2787 |   300/  873 batches
[23-01-15 17:37:04.62]: text ppl 21.2045 |   400/  873 batches
[23-01-15 17:37:27.67]: text ppl 21.2398 |   500/  873 batches
[23-01-15 17:37:50.69]: text ppl 21.5086 |   600/  873 batches
[23-01-15 17:38:13.77]: text ppl 21.4788 |   700/  873 batches
[23-01-15 17:38:36.81]: text ppl 21.3718 |   800/  873 batches
[23-01-15 17:38:53.53]: text ppl 21.5814 |   873/  873 batches
[23-01-15 17:38:58.72]: text ppl 22.5164 | valid loss 3.1142 on validation
[23-01-15 17:39:00.00]: epoch 60
[23-01-15 17:39:22.85]: text ppl 20.8802 |   100/  873 batches
[23-01-15 17:39:45.93]: text ppl 21.1463 |   200/  873 batches
[23-01-15 17:40:09.02]: text ppl 21.1141 |   300/  873 batches
[23-01-15 17:40:32.05]: text ppl 21.0270 |   400/  873 batches
[23-01-15 17:40:55.09]: text ppl 21.0667 |   500/  873 batches
[23-01-15 17:41:18.16]: text ppl 21.5221 |   600/  873 batches
[23-01-15 17:41:41.24]: text ppl 21.3041 |   700/  873 batches
[23-01-15 17:42:04.31]: text ppl 21.2884 |   800/  873 batches
[23-01-15 17:42:21.05]: text ppl 21.7643 |   873/  873 batches
[23-01-15 17:42:26.22]: text ppl 22.4461 | valid loss 3.1111 on validation
[23-01-15 17:42:27.66]: epoch 61
[23-01-15 17:42:50.53]: text ppl 21.0102 |   100/  873 batches
[23-01-15 17:43:13.54]: text ppl 20.9834 |   200/  873 batches
[23-01-15 17:43:36.59]: text ppl 20.9575 |   300/  873 batches
[23-01-15 17:43:59.63]: text ppl 21.2078 |   400/  873 batches
[23-01-15 17:44:22.73]: text ppl 21.0903 |   500/  873 batches
[23-01-15 17:44:45.76]: text ppl 21.1379 |   600/  873 batches
[23-01-15 17:45:08.77]: text ppl 21.1700 |   700/  873 batches
[23-01-15 17:45:31.81]: text ppl 21.3444 |   800/  873 batches
[23-01-15 17:45:48.49]: text ppl 21.2160 |   873/  873 batches
[23-01-15 17:45:53.63]: text ppl 22.4294 | valid loss 3.1104 on validation
[23-01-15 17:45:54.94]: epoch 62
[23-01-15 17:46:17.84]: text ppl 20.8603 |   100/  873 batches
[23-01-15 17:46:40.92]: text ppl 20.9750 |   200/  873 batches
[23-01-15 17:47:03.98]: text ppl 20.9046 |   300/  873 batches
[23-01-15 17:47:27.12]: text ppl 20.7591 |   400/  873 batches
[23-01-15 17:47:50.20]: text ppl 21.2262 |   500/  873 batches
[23-01-15 17:48:13.24]: text ppl 20.9386 |   600/  873 batches
[23-01-15 17:48:36.33]: text ppl 21.1552 |   700/  873 batches
[23-01-15 17:48:59.43]: text ppl 21.1032 |   800/  873 batches
[23-01-15 17:49:16.15]: text ppl 21.4704 |   873/  873 batches
[23-01-15 17:49:21.31]: text ppl 22.4139 | valid loss 3.1097 on validation
[23-01-15 17:49:22.57]: epoch 63
[23-01-15 17:49:45.49]: text ppl 20.3337 |   100/  873 batches
[23-01-15 17:50:08.59]: text ppl 20.7971 |   200/  873 batches
[23-01-15 17:50:31.67]: text ppl 20.8564 |   300/  873 batches
[23-01-15 17:50:54.75]: text ppl 20.8624 |   400/  873 batches
[23-01-15 17:51:17.80]: text ppl 20.7032 |   500/  873 batches
[23-01-15 17:51:40.82]: text ppl 21.3278 |   600/  873 batches
[23-01-15 17:52:03.91]: text ppl 21.1510 |   700/  873 batches
[23-01-15 17:52:26.97]: text ppl 21.2649 |   800/  873 batches
[23-01-15 17:52:43.70]: text ppl 20.9562 |   873/  873 batches
[23-01-15 17:52:48.85]: text ppl 22.4145 | valid loss 3.1097 on validation
[23-01-15 17:52:48.85]: Endured 1 time(s)
[23-01-15 17:52:48.85]: epoch 64
[23-01-15 17:53:12.05]: text ppl 20.6650 |   100/  873 batches
[23-01-15 17:53:35.10]: text ppl 20.4502 |   200/  873 batches
[23-01-15 17:53:58.19]: text ppl 20.7028 |   300/  873 batches
[23-01-15 17:54:21.22]: text ppl 20.6633 |   400/  873 batches
[23-01-15 17:54:44.25]: text ppl 20.9475 |   500/  873 batches
[23-01-15 17:55:07.33]: text ppl 20.7877 |   600/  873 batches
[23-01-15 17:55:30.45]: text ppl 20.7877 |   700/  873 batches
[23-01-15 17:55:53.53]: text ppl 21.3297 |   800/  873 batches
[23-01-15 17:56:10.24]: text ppl 20.9378 |   873/  873 batches
[23-01-15 17:56:15.40]: text ppl 22.4024 | valid loss 3.1092 on validation
[23-01-15 17:56:16.86]: epoch 65
[23-01-15 17:56:39.66]: text ppl 20.8973 |   100/  873 batches
[23-01-15 17:57:02.64]: text ppl 20.3174 |   200/  873 batches
[23-01-15 17:57:25.59]: text ppl 20.5397 |   300/  873 batches
[23-01-15 17:57:48.68]: text ppl 20.3304 |   400/  873 batches
[23-01-15 17:58:11.67]: text ppl 20.6981 |   500/  873 batches
[23-01-15 17:58:34.73]: text ppl 20.9418 |   600/  873 batches
[23-01-15 17:58:57.78]: text ppl 20.8760 |   700/  873 batches
[23-01-15 17:59:20.80]: text ppl 20.8713 |   800/  873 batches
[23-01-15 17:59:37.50]: text ppl 20.7731 |   873/  873 batches
[23-01-15 17:59:42.65]: text ppl 22.3835 | valid loss 3.1083 on validation
[23-01-15 17:59:43.73]: epoch 66
[23-01-15 18:00:06.70]: text ppl 20.1133 |   100/  873 batches
[23-01-15 18:00:29.72]: text ppl 20.4739 |   200/  873 batches
[23-01-15 18:00:52.82]: text ppl 20.3561 |   300/  873 batches
[23-01-15 18:01:15.92]: text ppl 20.7739 |   400/  873 batches
[23-01-15 18:01:38.96]: text ppl 20.4747 |   500/  873 batches
[23-01-15 18:02:02.03]: text ppl 20.8885 |   600/  873 batches
[23-01-15 18:02:25.10]: text ppl 20.8207 |   700/  873 batches
[23-01-15 18:02:48.12]: text ppl 20.7200 |   800/  873 batches
[23-01-15 18:03:04.81]: text ppl 20.7340 |   873/  873 batches
[23-01-15 18:03:09.97]: text ppl 22.3836 | valid loss 3.1083 on validation
[23-01-15 18:03:09.97]: Endured 2 time(s)
[23-01-15 18:03:09.97]: epoch 67
[23-01-15 18:03:33.15]: text ppl 20.1566 |   100/  873 batches
[23-01-15 18:03:56.19]: text ppl 20.5760 |   200/  873 batches
[23-01-15 18:04:19.24]: text ppl 20.2780 |   300/  873 batches
[23-01-15 18:04:42.36]: text ppl 20.5087 |   400/  873 batches
[23-01-15 18:05:05.45]: text ppl 20.4159 |   500/  873 batches
[23-01-15 18:05:28.53]: text ppl 20.6792 |   600/  873 batches
[23-01-15 18:05:51.55]: text ppl 20.6154 |   700/  873 batches
[23-01-15 18:06:14.61]: text ppl 20.8150 |   800/  873 batches
[23-01-15 18:06:31.34]: text ppl 20.6817 |   873/  873 batches
[23-01-15 18:06:36.49]: text ppl 22.3313 | valid loss 3.1060 on validation
[23-01-15 18:06:37.71]: epoch 68
[23-01-15 18:07:00.57]: text ppl 20.1088 |   100/  873 batches
[23-01-15 18:07:23.61]: text ppl 20.4422 |   200/  873 batches
[23-01-15 18:07:46.65]: text ppl 20.4927 |   300/  873 batches
[23-01-15 18:08:09.70]: text ppl 20.3132 |   400/  873 batches
[23-01-15 18:08:32.71]: text ppl 20.4654 |   500/  873 batches
[23-01-15 18:08:55.73]: text ppl 20.3258 |   600/  873 batches
[23-01-15 18:09:18.73]: text ppl 20.6901 |   700/  873 batches
[23-01-15 18:09:41.76]: text ppl 20.5276 |   800/  873 batches
[23-01-15 18:09:58.46]: text ppl 20.6298 |   873/  873 batches
[23-01-15 18:10:03.62]: text ppl 22.3086 | valid loss 3.1050 on validation
[23-01-15 18:10:05.06]: epoch 69
[23-01-15 18:10:27.87]: text ppl 20.2472 |   100/  873 batches
[23-01-15 18:10:50.87]: text ppl 20.1079 |   200/  873 batches
[23-01-15 18:11:13.94]: text ppl 20.0588 |   300/  873 batches
[23-01-15 18:11:36.97]: text ppl 20.2575 |   400/  873 batches
[23-01-15 18:11:59.98]: text ppl 20.1883 |   500/  873 batches
[23-01-15 18:12:23.02]: text ppl 20.5305 |   600/  873 batches
[23-01-15 18:12:46.07]: text ppl 20.4356 |   700/  873 batches
[23-01-15 18:13:09.10]: text ppl 20.6267 |   800/  873 batches
[23-01-15 18:13:25.77]: text ppl 20.6984 |   873/  873 batches
[23-01-15 18:13:30.93]: text ppl 22.2895 | valid loss 3.1041 on validation
[23-01-15 18:13:32.23]: epoch 70
[23-01-15 18:13:55.09]: text ppl 20.0423 |   100/  873 batches
[23-01-15 18:14:18.14]: text ppl 19.9414 |   200/  873 batches
[23-01-15 18:14:41.26]: text ppl 20.3758 |   300/  873 batches
[23-01-15 18:15:04.26]: text ppl 20.2618 |   400/  873 batches
[23-01-15 18:15:27.30]: text ppl 20.2843 |   500/  873 batches
[23-01-15 18:15:50.33]: text ppl 20.4193 |   600/  873 batches
[23-01-15 18:16:13.33]: text ppl 20.1388 |   700/  873 batches
[23-01-15 18:16:36.36]: text ppl 20.3066 |   800/  873 batches
[23-01-15 18:16:53.10]: text ppl 20.6658 |   873/  873 batches
[23-01-15 18:16:58.26]: text ppl 22.2988 | valid loss 3.1045 on validation
[23-01-15 18:16:58.26]: Endured 3 time(s)
[23-01-15 18:16:58.26]: epoch 71
[23-01-15 18:17:21.40]: text ppl 19.9098 |   100/  873 batches
[23-01-15 18:17:44.43]: text ppl 19.9430 |   200/  873 batches
[23-01-15 18:18:07.48]: text ppl 19.9571 |   300/  873 batches
[23-01-15 18:18:30.53]: text ppl 20.1212 |   400/  873 batches
[23-01-15 18:18:53.52]: text ppl 20.1199 |   500/  873 batches
[23-01-15 18:19:16.52]: text ppl 20.0159 |   600/  873 batches
[23-01-15 18:19:39.55]: text ppl 20.3508 |   700/  873 batches
[23-01-15 18:20:02.59]: text ppl 20.4243 |   800/  873 batches
[23-01-15 18:20:19.28]: text ppl 20.6217 |   873/  873 batches
[23-01-15 18:20:24.43]: text ppl 22.2747 | valid loss 3.1034 on validation
[23-01-15 18:20:25.71]: epoch 72
[23-01-15 18:20:48.57]: text ppl 19.8746 |   100/  873 batches
[23-01-15 18:21:11.53]: text ppl 19.9218 |   200/  873 batches
[23-01-15 18:21:34.51]: text ppl 19.9991 |   300/  873 batches
[23-01-15 18:21:57.48]: text ppl 20.1592 |   400/  873 batches
[23-01-15 18:22:20.48]: text ppl 20.1763 |   500/  873 batches
[23-01-15 18:22:43.47]: text ppl 19.9152 |   600/  873 batches
[23-01-15 18:23:06.46]: text ppl 20.0906 |   700/  873 batches
[23-01-15 18:23:29.50]: text ppl 20.3918 |   800/  873 batches
[23-01-15 18:23:46.23]: text ppl 20.1900 |   873/  873 batches
[23-01-15 18:23:51.39]: text ppl 22.2929 | valid loss 3.1043 on validation
[23-01-15 18:23:51.39]: Endured 4 time(s)
[23-01-15 18:23:51.39]: epoch 73
[23-01-15 18:24:14.52]: text ppl 19.7791 |   100/  873 batches
[23-01-15 18:24:37.56]: text ppl 19.8028 |   200/  873 batches
[23-01-15 18:25:00.59]: text ppl 19.7500 |   300/  873 batches
[23-01-15 18:25:23.62]: text ppl 19.8840 |   400/  873 batches
[23-01-15 18:25:46.71]: text ppl 20.0723 |   500/  873 batches
[23-01-15 18:26:09.73]: text ppl 20.1516 |   600/  873 batches
[23-01-15 18:26:32.78]: text ppl 20.2665 |   700/  873 batches
[23-01-15 18:26:55.83]: text ppl 20.2323 |   800/  873 batches
[23-01-15 18:27:12.50]: text ppl 20.1060 |   873/  873 batches
[23-01-15 18:27:17.64]: text ppl 22.2924 | valid loss 3.1042 on validation
[23-01-15 18:27:17.64]: Endured 5 time(s)
[23-01-15 18:27:17.64]: Cannot endure it anymore | Exiting from early stop
[23-01-15 18:27:18.02]: Tuning both Prompt and LM
[23-01-15 18:27:18.02]: epoch 1
[23-01-15 18:27:51.54]: text ppl 18.7445 |   100/  873 batches
[23-01-15 18:28:25.16]: text ppl 10.6102 |   200/  873 batches
[23-01-15 18:28:58.80]: text ppl 9.1356 |   300/  873 batches
[23-01-15 18:29:32.36]: text ppl 8.7855 |   400/  873 batches
[23-01-15 18:30:05.96]: text ppl 8.5885 |   500/  873 batches
[23-01-15 18:30:39.55]: text ppl 8.4397 |   600/  873 batches
[23-01-15 18:31:13.17]: text ppl 8.2595 |   700/  873 batches
[23-01-15 18:31:46.77]: text ppl 8.2428 |   800/  873 batches
[23-01-15 18:32:11.16]: text ppl 7.9730 |   873/  873 batches
[23-01-15 18:32:16.30]: text ppl 13.3023 | valid loss 2.5879 on validation
[23-01-15 18:32:17.84]: epoch 2
[23-01-15 18:32:51.29]: text ppl 5.7036 |   100/  873 batches
[23-01-15 18:33:24.89]: text ppl 5.8449 |   200/  873 batches
[23-01-15 18:33:58.53]: text ppl 6.0451 |   300/  873 batches
[23-01-15 18:34:32.17]: text ppl 6.1086 |   400/  873 batches
[23-01-15 18:35:05.70]: text ppl 6.2121 |   500/  873 batches
[23-01-15 18:35:39.37]: text ppl 6.2806 |   600/  873 batches
[23-01-15 18:36:13.08]: text ppl 6.2920 |   700/  873 batches
[23-01-15 18:36:46.71]: text ppl 6.3485 |   800/  873 batches
[23-01-15 18:37:11.04]: text ppl 6.4610 |   873/  873 batches
[23-01-15 18:37:16.16]: text ppl 15.8792 | valid loss 2.7650 on validation
[23-01-15 18:37:16.16]: Endured 1 time(s)
[23-01-15 18:37:16.16]: epoch 3
[23-01-15 18:37:49.88]: text ppl 4.0915 |   100/  873 batches
[23-01-15 18:38:23.51]: text ppl 4.2643 |   200/  873 batches
[23-01-15 18:38:57.06]: text ppl 4.4306 |   300/  873 batches
[23-01-15 18:39:30.62]: text ppl 4.6093 |   400/  873 batches
[23-01-15 18:40:04.24]: text ppl 4.6753 |   500/  873 batches
[23-01-15 18:40:37.83]: text ppl 4.7950 |   600/  873 batches
[23-01-15 18:41:11.42]: text ppl 4.7640 |   700/  873 batches
[23-01-15 18:41:44.95]: text ppl 4.8415 |   800/  873 batches
[23-01-15 18:42:09.35]: text ppl 4.9540 |   873/  873 batches
[23-01-15 18:42:14.47]: text ppl 19.5241 | valid loss 2.9717 on validation
[23-01-15 18:42:14.47]: Endured 2 time(s)
[23-01-15 18:42:14.47]: epoch 4
[23-01-15 18:42:48.31]: text ppl 3.1102 |   100/  873 batches
[23-01-15 18:43:21.91]: text ppl 3.2983 |   200/  873 batches
[23-01-15 18:43:55.64]: text ppl 3.4134 |   300/  873 batches
[23-01-15 18:44:29.29]: text ppl 3.5245 |   400/  873 batches
[23-01-15 18:45:02.84]: text ppl 3.6093 |   500/  873 batches
[23-01-15 18:45:36.44]: text ppl 3.7248 |   600/  873 batches
[23-01-15 18:46:10.07]: text ppl 3.8039 |   700/  873 batches
[23-01-15 18:46:43.63]: text ppl 3.8784 |   800/  873 batches
[23-01-15 18:47:07.99]: text ppl 3.9345 |   873/  873 batches
[23-01-15 18:47:13.15]: text ppl 24.3796 | valid loss 3.1937 on validation
[23-01-15 18:47:13.15]: Endured 3 time(s)
[23-01-15 18:47:13.15]: epoch 5
[23-01-15 18:47:46.80]: text ppl 2.5115 |   100/  873 batches
[23-01-15 18:48:20.38]: text ppl 2.6196 |   200/  873 batches
[23-01-15 18:48:54.05]: text ppl 2.7584 |   300/  873 batches
[23-01-15 18:49:27.76]: text ppl 2.8361 |   400/  873 batches
[23-01-15 18:50:01.36]: text ppl 2.9118 |   500/  873 batches
[23-01-15 18:50:35.05]: text ppl 3.0120 |   600/  873 batches
[23-01-15 18:51:08.73]: text ppl 3.0573 |   700/  873 batches
[23-01-15 18:51:42.25]: text ppl 3.1163 |   800/  873 batches
[23-01-15 18:52:06.68]: text ppl 3.1516 |   873/  873 batches
[23-01-15 18:52:11.83]: text ppl 31.9369 | valid loss 3.4638 on validation
[23-01-15 18:52:11.83]: Endured 4 time(s)
[23-01-15 18:52:11.83]: epoch 6
[23-01-15 18:52:45.51]: text ppl 2.0879 |   100/  873 batches
[23-01-15 18:53:19.04]: text ppl 2.1876 |   200/  873 batches
[23-01-15 18:53:52.64]: text ppl 2.2807 |   300/  873 batches
[23-01-15 18:54:26.27]: text ppl 2.3654 |   400/  873 batches
[23-01-15 18:54:59.86]: text ppl 2.4230 |   500/  873 batches
[23-01-15 18:55:33.47]: text ppl 2.4943 |   600/  873 batches
[23-01-15 18:56:07.03]: text ppl 2.5426 |   700/  873 batches
[23-01-15 18:56:40.60]: text ppl 2.5751 |   800/  873 batches
[23-01-15 18:57:04.95]: text ppl 2.6224 |   873/  873 batches
[23-01-15 18:57:10.10]: text ppl 38.5584 | valid loss 3.6522 on validation
[23-01-15 18:57:10.10]: Endured 5 time(s)
[23-01-15 18:57:10.10]: Cannot endure it anymore | Exiting from early stop
=========================================================================================
[23-01-15 18:57:15.57]: text ppl 12.9732 on test | End of training
[23-01-15 18:57:15.57]: Generating text
[23-01-15 18:58:37.56]: BLEU-1 17.7083
[23-01-15 18:58:38.57]: BLEU-4  1.8109
[23-01-15 18:58:40.92]: USR  0.7032 | USN    4252
[23-01-15 18:58:45.20]: DIV  0.0582
[23-01-15 18:58:45.23]: FCR  0.1744
[23-01-15 18:58:45.24]: FMR  0.1378
[23-01-15 18:58:46.30]: rouge_1/f_score 22.8767
[23-01-15 18:58:46.30]: rouge_1/r_score 21.5837
[23-01-15 18:58:46.30]: rouge_1/p_score 28.5146
[23-01-15 18:58:46.30]: rouge_2/f_score  3.4179
[23-01-15 18:58:46.30]: rouge_2/r_score  3.1180
[23-01-15 18:58:46.30]: rouge_2/p_score  4.3360
[23-01-15 18:58:46.30]: rouge_l/f_score 18.9168
[23-01-15 18:58:46.30]: rouge_l/r_score 20.4369
[23-01-15 18:58:46.30]: rouge_l/p_score 25.9365
[23-01-15 18:58:46.32]: Generated text saved to (./Result/Amazon/SportsAndOutdoors/PEPLER/0/generated_CP.txt)
