----------------------------------------ARGUMENTS----------------------------------------
data_path                                ./Data/Amazon/ToysAndGames/reviews_new.pickle
index_dir                                ./Data/Amazon/ToysAndGames/0/
lr                                       0.001
epochs                                   100
batch_size                               128
seed                                     1111
cuda                                     True
log_interval                             100
checkpoint                               ./Result/Amazon/ToysAndGames/PEPLER/0/
outf                                     generated_CP.txt
endure_times                             5
words                                    20
mode                                     Train+Test
----------------------------------------ARGUMENTS----------------------------------------
[23-01-15 13:24:23.64]: Loading data
[23-01-15 13:25:53.59]: Tuning Prompt Only
[23-01-15 13:25:53.59]: epoch 1
[23-01-15 13:26:16.82]: text ppl 348.7605 |   100/  773 batches
[23-01-15 13:26:39.82]: text ppl 350.8229 |   200/  773 batches
[23-01-15 13:27:02.81]: text ppl 328.1033 |   300/  773 batches
[23-01-15 13:27:25.97]: text ppl 317.8608 |   400/  773 batches
[23-01-15 13:27:49.17]: text ppl 318.9919 |   500/  773 batches
[23-01-15 13:28:12.39]: text ppl 307.2077 |   600/  773 batches
[23-01-15 13:28:35.73]: text ppl 291.1883 |   700/  773 batches
[23-01-15 13:28:52.74]: text ppl 281.3758 |   773/  773 batches
[23-01-15 13:28:59.37]: text ppl 179.3223 | valid loss 5.1892 on validation
[23-01-15 13:29:00.85]: epoch 2
[23-01-15 13:29:24.29]: text ppl 248.5944 |   100/  773 batches
[23-01-15 13:29:47.59]: text ppl 240.8821 |   200/  773 batches
[23-01-15 13:30:10.98]: text ppl 230.8218 |   300/  773 batches
[23-01-15 13:30:34.21]: text ppl 223.5766 |   400/  773 batches
[23-01-15 13:30:57.47]: text ppl 213.9485 |   500/  773 batches
[23-01-15 13:31:20.74]: text ppl 206.6691 |   600/  773 batches
[23-01-15 13:31:44.02]: text ppl 198.9471 |   700/  773 batches
[23-01-15 13:32:01.12]: text ppl 193.7580 |   773/  773 batches
[23-01-15 13:32:07.72]: text ppl 124.3642 | valid loss 4.8232 on validation
[23-01-15 13:32:09.26]: epoch 3
[23-01-15 13:32:32.59]: text ppl 181.1898 |   100/  773 batches
[23-01-15 13:32:55.87]: text ppl 174.8275 |   200/  773 batches
[23-01-15 13:33:19.16]: text ppl 169.0385 |   300/  773 batches
[23-01-15 13:33:42.36]: text ppl 167.4083 |   400/  773 batches
[23-01-15 13:34:05.62]: text ppl 161.5420 |   500/  773 batches
[23-01-15 13:34:28.83]: text ppl 155.6835 |   600/  773 batches
[23-01-15 13:34:52.18]: text ppl 151.1211 |   700/  773 batches
[23-01-15 13:35:09.14]: text ppl 147.2700 |   773/  773 batches
[23-01-15 13:35:15.74]: text ppl 93.7110 | valid loss 4.5402 on validation
[23-01-15 13:35:17.34]: epoch 4
[23-01-15 13:35:40.60]: text ppl 138.8826 |   100/  773 batches
[23-01-15 13:36:03.98]: text ppl 135.3706 |   200/  773 batches
[23-01-15 13:36:27.40]: text ppl 130.9379 |   300/  773 batches
[23-01-15 13:36:50.72]: text ppl 129.2810 |   400/  773 batches
[23-01-15 13:37:14.08]: text ppl 124.1367 |   500/  773 batches
[23-01-15 13:37:37.44]: text ppl 120.9709 |   600/  773 batches
[23-01-15 13:38:00.90]: text ppl 115.3729 |   700/  773 batches
[23-01-15 13:38:18.01]: text ppl 113.3602 |   773/  773 batches
[23-01-15 13:38:24.68]: text ppl 71.5970 | valid loss 4.2711 on validation
[23-01-15 13:38:26.28]: epoch 5
[23-01-15 13:38:49.76]: text ppl 107.8003 |   100/  773 batches
[23-01-15 13:39:13.24]: text ppl 105.1808 |   200/  773 batches
[23-01-15 13:39:36.57]: text ppl 102.5521 |   300/  773 batches
[23-01-15 13:39:59.80]: text ppl 100.4413 |   400/  773 batches
[23-01-15 13:40:23.20]: text ppl 97.4833 |   500/  773 batches
[23-01-15 13:40:46.55]: text ppl 95.3592 |   600/  773 batches
[23-01-15 13:41:09.95]: text ppl 92.9506 |   700/  773 batches
[23-01-15 13:41:26.86]: text ppl 90.7111 |   773/  773 batches
[23-01-15 13:41:33.53]: text ppl 57.1776 | valid loss 4.0462 on validation
[23-01-15 13:41:35.06]: epoch 6
[23-01-15 13:41:58.36]: text ppl 86.1939 |   100/  773 batches
[23-01-15 13:42:21.52]: text ppl 84.3916 |   200/  773 batches
[23-01-15 13:42:44.68]: text ppl 81.8447 |   300/  773 batches
[23-01-15 13:43:07.91]: text ppl 81.5552 |   400/  773 batches
[23-01-15 13:43:31.19]: text ppl 79.3737 |   500/  773 batches
[23-01-15 13:43:54.51]: text ppl 77.8890 |   600/  773 batches
[23-01-15 13:44:17.70]: text ppl 75.9870 |   700/  773 batches
[23-01-15 13:44:34.62]: text ppl 76.0285 |   773/  773 batches
[23-01-15 13:44:41.26]: text ppl 48.4436 | valid loss 3.8804 on validation
[23-01-15 13:44:42.76]: epoch 7
[23-01-15 13:45:06.14]: text ppl 72.1840 |   100/  773 batches
[23-01-15 13:45:29.51]: text ppl 69.9339 |   200/  773 batches
[23-01-15 13:45:52.89]: text ppl 69.2486 |   300/  773 batches
[23-01-15 13:46:16.26]: text ppl 68.6496 |   400/  773 batches
[23-01-15 13:46:39.47]: text ppl 67.5322 |   500/  773 batches
[23-01-15 13:47:02.89]: text ppl 66.6576 |   600/  773 batches
[23-01-15 13:47:26.30]: text ppl 64.9328 |   700/  773 batches
[23-01-15 13:47:43.35]: text ppl 64.5622 |   773/  773 batches
[23-01-15 13:47:50.02]: text ppl 42.6538 | valid loss 3.7531 on validation
[23-01-15 13:47:51.57]: epoch 8
[23-01-15 13:48:14.92]: text ppl 61.8752 |   100/  773 batches
[23-01-15 13:48:38.23]: text ppl 60.2005 |   200/  773 batches
[23-01-15 13:49:01.52]: text ppl 60.6020 |   300/  773 batches
[23-01-15 13:49:24.91]: text ppl 60.0335 |   400/  773 batches
[23-01-15 13:49:48.22]: text ppl 58.4135 |   500/  773 batches
[23-01-15 13:50:11.55]: text ppl 58.1343 |   600/  773 batches
[23-01-15 13:50:34.81]: text ppl 57.0488 |   700/  773 batches
[23-01-15 13:50:51.83]: text ppl 57.8472 |   773/  773 batches
[23-01-15 13:50:58.35]: text ppl 38.5230 | valid loss 3.6513 on validation
[23-01-15 13:50:59.94]: epoch 9
[23-01-15 13:51:23.27]: text ppl 54.5843 |   100/  773 batches
[23-01-15 13:51:46.54]: text ppl 53.6708 |   200/  773 batches
[23-01-15 13:52:09.76]: text ppl 53.1951 |   300/  773 batches
[23-01-15 13:52:32.99]: text ppl 53.6141 |   400/  773 batches
[23-01-15 13:52:56.36]: text ppl 52.7700 |   500/  773 batches
[23-01-15 13:53:19.62]: text ppl 52.4703 |   600/  773 batches
[23-01-15 13:53:42.83]: text ppl 51.7677 |   700/  773 batches
[23-01-15 13:53:59.82]: text ppl 51.0179 |   773/  773 batches
[23-01-15 13:54:06.46]: text ppl 35.4594 | valid loss 3.5684 on validation
[23-01-15 13:54:07.99]: epoch 10
[23-01-15 13:54:31.41]: text ppl 48.7867 |   100/  773 batches
[23-01-15 13:54:54.66]: text ppl 48.8024 |   200/  773 batches
[23-01-15 13:55:17.93]: text ppl 48.9012 |   300/  773 batches
[23-01-15 13:55:41.25]: text ppl 48.4874 |   400/  773 batches
[23-01-15 13:56:04.55]: text ppl 48.2121 |   500/  773 batches
[23-01-15 13:56:27.89]: text ppl 47.4499 |   600/  773 batches
[23-01-15 13:56:51.13]: text ppl 47.4095 |   700/  773 batches
[23-01-15 13:57:08.19]: text ppl 47.4876 |   773/  773 batches
[23-01-15 13:57:14.75]: text ppl 33.0579 | valid loss 3.4983 on validation
[23-01-15 13:57:16.36]: epoch 11
[23-01-15 13:57:39.75]: text ppl 45.2815 |   100/  773 batches
[23-01-15 13:58:03.05]: text ppl 45.0604 |   200/  773 batches
[23-01-15 13:58:26.27]: text ppl 44.9611 |   300/  773 batches
[23-01-15 13:58:49.63]: text ppl 44.5128 |   400/  773 batches
[23-01-15 13:59:12.97]: text ppl 44.3850 |   500/  773 batches
[23-01-15 13:59:36.31]: text ppl 44.3445 |   600/  773 batches
[23-01-15 13:59:59.61]: text ppl 43.8462 |   700/  773 batches
[23-01-15 14:00:16.72]: text ppl 43.6685 |   773/  773 batches
[23-01-15 14:00:23.39]: text ppl 31.1959 | valid loss 3.4403 on validation
[23-01-15 14:00:24.93]: epoch 12
[23-01-15 14:00:48.22]: text ppl 42.1585 |   100/  773 batches
[23-01-15 14:01:11.61]: text ppl 41.9714 |   200/  773 batches
[23-01-15 14:01:35.03]: text ppl 42.0606 |   300/  773 batches
[23-01-15 14:01:58.42]: text ppl 41.6223 |   400/  773 batches
[23-01-15 14:02:21.82]: text ppl 41.5678 |   500/  773 batches
[23-01-15 14:02:45.32]: text ppl 41.1623 |   600/  773 batches
[23-01-15 14:03:08.66]: text ppl 41.2580 |   700/  773 batches
[23-01-15 14:03:25.57]: text ppl 41.0063 |   773/  773 batches
[23-01-15 14:03:32.27]: text ppl 29.7072 | valid loss 3.3914 on validation
[23-01-15 14:03:33.85]: epoch 13
[23-01-15 14:03:57.37]: text ppl 39.4633 |   100/  773 batches
[23-01-15 14:04:20.69]: text ppl 39.0089 |   200/  773 batches
[23-01-15 14:04:44.08]: text ppl 39.0535 |   300/  773 batches
[23-01-15 14:05:07.46]: text ppl 39.4148 |   400/  773 batches
[23-01-15 14:05:30.81]: text ppl 39.2023 |   500/  773 batches
[23-01-15 14:05:54.18]: text ppl 39.5002 |   600/  773 batches
[23-01-15 14:06:17.53]: text ppl 39.2299 |   700/  773 batches
[23-01-15 14:06:34.53]: text ppl 38.6986 |   773/  773 batches
[23-01-15 14:06:41.18]: text ppl 28.4418 | valid loss 3.3479 on validation
[23-01-15 14:06:42.70]: epoch 14
[23-01-15 14:07:06.05]: text ppl 37.2113 |   100/  773 batches
[23-01-15 14:07:29.42]: text ppl 37.1214 |   200/  773 batches
[23-01-15 14:07:52.71]: text ppl 37.7287 |   300/  773 batches
[23-01-15 14:08:16.02]: text ppl 37.2512 |   400/  773 batches
[23-01-15 14:08:39.30]: text ppl 37.1713 |   500/  773 batches
[23-01-15 14:09:02.51]: text ppl 37.0265 |   600/  773 batches
[23-01-15 14:09:25.71]: text ppl 36.7538 |   700/  773 batches
[23-01-15 14:09:42.56]: text ppl 37.5232 |   773/  773 batches
[23-01-15 14:09:49.12]: text ppl 27.5018 | valid loss 3.3142 on validation
[23-01-15 14:09:50.57]: epoch 15
[23-01-15 14:10:13.71]: text ppl 35.5033 |   100/  773 batches
[23-01-15 14:10:36.93]: text ppl 35.8942 |   200/  773 batches
[23-01-15 14:11:00.11]: text ppl 35.8268 |   300/  773 batches
[23-01-15 14:11:23.43]: text ppl 35.8866 |   400/  773 batches
[23-01-15 14:11:46.72]: text ppl 36.0419 |   500/  773 batches
[23-01-15 14:12:09.96]: text ppl 35.4774 |   600/  773 batches
[23-01-15 14:12:33.31]: text ppl 35.3911 |   700/  773 batches
[23-01-15 14:12:50.22]: text ppl 34.9658 |   773/  773 batches
[23-01-15 14:12:56.88]: text ppl 26.6575 | valid loss 3.2831 on validation
[23-01-15 14:12:58.47]: epoch 16
[23-01-15 14:13:21.91]: text ppl 34.2594 |   100/  773 batches
[23-01-15 14:13:45.20]: text ppl 34.3095 |   200/  773 batches
[23-01-15 14:14:08.60]: text ppl 34.4162 |   300/  773 batches
[23-01-15 14:14:32.05]: text ppl 34.3290 |   400/  773 batches
[23-01-15 14:14:55.38]: text ppl 34.0352 |   500/  773 batches
[23-01-15 14:15:18.79]: text ppl 34.0341 |   600/  773 batches
[23-01-15 14:15:42.12]: text ppl 34.1514 |   700/  773 batches
[23-01-15 14:15:59.16]: text ppl 34.0652 |   773/  773 batches
[23-01-15 14:16:05.84]: text ppl 25.9766 | valid loss 3.2572 on validation
[23-01-15 14:16:07.35]: epoch 17
[23-01-15 14:16:30.69]: text ppl 33.0910 |   100/  773 batches
[23-01-15 14:16:53.84]: text ppl 32.9794 |   200/  773 batches
[23-01-15 14:17:17.21]: text ppl 33.2182 |   300/  773 batches
[23-01-15 14:17:40.33]: text ppl 32.8779 |   400/  773 batches
[23-01-15 14:18:03.67]: text ppl 33.4809 |   500/  773 batches
[23-01-15 14:18:26.98]: text ppl 33.2862 |   600/  773 batches
[23-01-15 14:18:50.33]: text ppl 32.4672 |   700/  773 batches
[23-01-15 14:19:07.35]: text ppl 32.9359 |   773/  773 batches
[23-01-15 14:19:13.82]: text ppl 25.3876 | valid loss 3.2343 on validation
[23-01-15 14:19:15.43]: epoch 18
[23-01-15 14:19:38.88]: text ppl 31.9095 |   100/  773 batches
[23-01-15 14:20:02.08]: text ppl 32.1580 |   200/  773 batches
[23-01-15 14:20:25.22]: text ppl 32.0390 |   300/  773 batches
[23-01-15 14:20:48.59]: text ppl 32.2883 |   400/  773 batches
[23-01-15 14:21:11.77]: text ppl 32.0395 |   500/  773 batches
[23-01-15 14:21:35.06]: text ppl 31.6489 |   600/  773 batches
[23-01-15 14:21:58.39]: text ppl 31.9948 |   700/  773 batches
[23-01-15 14:22:15.47]: text ppl 32.2139 |   773/  773 batches
[23-01-15 14:22:22.07]: text ppl 24.8803 | valid loss 3.2141 on validation
[23-01-15 14:22:23.59]: epoch 19
[23-01-15 14:22:47.01]: text ppl 31.1734 |   100/  773 batches
[23-01-15 14:23:10.29]: text ppl 31.1925 |   200/  773 batches
[23-01-15 14:23:33.72]: text ppl 31.0769 |   300/  773 batches
[23-01-15 14:23:57.00]: text ppl 30.8754 |   400/  773 batches
[23-01-15 14:24:20.29]: text ppl 31.2183 |   500/  773 batches
[23-01-15 14:24:43.65]: text ppl 31.2689 |   600/  773 batches
[23-01-15 14:25:07.02]: text ppl 31.1664 |   700/  773 batches
[23-01-15 14:25:24.02]: text ppl 31.0957 |   773/  773 batches
[23-01-15 14:25:30.55]: text ppl 24.3979 | valid loss 3.1945 on validation
[23-01-15 14:25:32.12]: epoch 20
[23-01-15 14:25:55.17]: text ppl 30.3175 |   100/  773 batches
[23-01-15 14:26:18.53]: text ppl 30.3190 |   200/  773 batches
[23-01-15 14:26:41.92]: text ppl 30.0192 |   300/  773 batches
[23-01-15 14:27:05.31]: text ppl 29.8324 |   400/  773 batches
[23-01-15 14:27:28.69]: text ppl 30.3883 |   500/  773 batches
[23-01-15 14:27:52.05]: text ppl 30.2721 |   600/  773 batches
[23-01-15 14:28:15.29]: text ppl 30.6489 |   700/  773 batches
[23-01-15 14:28:32.23]: text ppl 30.4326 |   773/  773 batches
[23-01-15 14:28:38.86]: text ppl 24.0163 | valid loss 3.1787 on validation
[23-01-15 14:28:40.33]: epoch 21
[23-01-15 14:29:03.77]: text ppl 29.3689 |   100/  773 batches
[23-01-15 14:29:27.08]: text ppl 29.3988 |   200/  773 batches
[23-01-15 14:29:50.34]: text ppl 29.5603 |   300/  773 batches
[23-01-15 14:30:13.66]: text ppl 29.6148 |   400/  773 batches
[23-01-15 14:30:37.02]: text ppl 29.8674 |   500/  773 batches
[23-01-15 14:31:00.30]: text ppl 29.5812 |   600/  773 batches
[23-01-15 14:31:23.51]: text ppl 29.7414 |   700/  773 batches
[23-01-15 14:31:40.60]: text ppl 29.7322 |   773/  773 batches
[23-01-15 14:31:47.28]: text ppl 23.6948 | valid loss 3.1653 on validation
[23-01-15 14:31:49.01]: epoch 22
[23-01-15 14:32:12.19]: text ppl 28.9766 |   100/  773 batches
[23-01-15 14:32:35.44]: text ppl 28.8300 |   200/  773 batches
[23-01-15 14:32:58.70]: text ppl 28.8535 |   300/  773 batches
[23-01-15 14:33:21.92]: text ppl 28.7645 |   400/  773 batches
[23-01-15 14:33:45.21]: text ppl 29.1939 |   500/  773 batches
[23-01-15 14:34:08.43]: text ppl 28.8638 |   600/  773 batches
[23-01-15 14:34:31.66]: text ppl 29.0842 |   700/  773 batches
[23-01-15 14:34:48.56]: text ppl 28.8517 |   773/  773 batches
[23-01-15 14:34:55.15]: text ppl 23.3878 | valid loss 3.1522 on validation
[23-01-15 14:34:56.66]: epoch 23
[23-01-15 14:35:20.03]: text ppl 28.1252 |   100/  773 batches
[23-01-15 14:35:43.34]: text ppl 28.3550 |   200/  773 batches
[23-01-15 14:36:06.71]: text ppl 28.1925 |   300/  773 batches
[23-01-15 14:36:30.00]: text ppl 28.6104 |   400/  773 batches
[23-01-15 14:36:53.32]: text ppl 28.6152 |   500/  773 batches
[23-01-15 14:37:16.65]: text ppl 28.5025 |   600/  773 batches
[23-01-15 14:37:39.98]: text ppl 28.2540 |   700/  773 batches
[23-01-15 14:37:56.96]: text ppl 28.2234 |   773/  773 batches
[23-01-15 14:38:03.50]: text ppl 23.1063 | valid loss 3.1401 on validation
[23-01-15 14:38:05.08]: epoch 24
[23-01-15 14:38:28.59]: text ppl 27.6907 |   100/  773 batches
[23-01-15 14:38:51.90]: text ppl 27.7328 |   200/  773 batches
[23-01-15 14:39:15.19]: text ppl 27.7982 |   300/  773 batches
[23-01-15 14:39:38.35]: text ppl 27.7328 |   400/  773 batches
[23-01-15 14:40:01.52]: text ppl 28.0707 |   500/  773 batches
[23-01-15 14:40:24.84]: text ppl 28.0150 |   600/  773 batches
[23-01-15 14:40:48.03]: text ppl 28.0198 |   700/  773 batches
[23-01-15 14:41:05.03]: text ppl 27.8914 |   773/  773 batches
[23-01-15 14:41:11.65]: text ppl 22.8152 | valid loss 3.1274 on validation
[23-01-15 14:41:13.12]: epoch 25
[23-01-15 14:41:36.42]: text ppl 27.0278 |   100/  773 batches
[23-01-15 14:41:59.45]: text ppl 27.1519 |   200/  773 batches
[23-01-15 14:42:22.51]: text ppl 27.3841 |   300/  773 batches
[23-01-15 14:42:45.77]: text ppl 26.8821 |   400/  773 batches
[23-01-15 14:43:09.07]: text ppl 27.5681 |   500/  773 batches
[23-01-15 14:43:32.20]: text ppl 27.5840 |   600/  773 batches
[23-01-15 14:43:55.32]: text ppl 27.4922 |   700/  773 batches
[23-01-15 14:44:12.11]: text ppl 27.8467 |   773/  773 batches
[23-01-15 14:44:18.64]: text ppl 22.6016 | valid loss 3.1180 on validation
[23-01-15 14:44:20.19]: epoch 26
[23-01-15 14:44:43.60]: text ppl 26.6002 |   100/  773 batches
[23-01-15 14:45:06.76]: text ppl 26.6992 |   200/  773 batches
[23-01-15 14:45:29.98]: text ppl 26.9219 |   300/  773 batches
[23-01-15 14:45:53.12]: text ppl 27.0754 |   400/  773 batches
[23-01-15 14:46:16.27]: text ppl 27.1457 |   500/  773 batches
[23-01-15 14:46:39.46]: text ppl 26.8384 |   600/  773 batches
[23-01-15 14:47:02.63]: text ppl 27.0877 |   700/  773 batches
[23-01-15 14:47:19.62]: text ppl 27.0181 |   773/  773 batches
[23-01-15 14:47:26.28]: text ppl 22.4234 | valid loss 3.1101 on validation
[23-01-15 14:47:27.84]: epoch 27
[23-01-15 14:47:51.29]: text ppl 26.2449 |   100/  773 batches
[23-01-15 14:48:14.70]: text ppl 26.2033 |   200/  773 batches
[23-01-15 14:48:38.10]: text ppl 26.5622 |   300/  773 batches
[23-01-15 14:49:01.48]: text ppl 26.8099 |   400/  773 batches
[23-01-15 14:49:24.62]: text ppl 26.5355 |   500/  773 batches
[23-01-15 14:49:47.82]: text ppl 26.3230 |   600/  773 batches
[23-01-15 14:50:10.94]: text ppl 26.5846 |   700/  773 batches
[23-01-15 14:50:27.78]: text ppl 26.8951 |   773/  773 batches
[23-01-15 14:50:34.33]: text ppl 22.2698 | valid loss 3.1032 on validation
[23-01-15 14:50:35.91]: epoch 28
[23-01-15 14:50:59.26]: text ppl 25.9253 |   100/  773 batches
[23-01-15 14:51:22.56]: text ppl 25.7511 |   200/  773 batches
[23-01-15 14:51:45.75]: text ppl 26.3389 |   300/  773 batches
[23-01-15 14:52:09.02]: text ppl 26.1220 |   400/  773 batches
[23-01-15 14:52:32.21]: text ppl 26.3652 |   500/  773 batches
[23-01-15 14:52:55.62]: text ppl 26.0588 |   600/  773 batches
[23-01-15 14:53:18.97]: text ppl 26.3193 |   700/  773 batches
[23-01-15 14:53:35.97]: text ppl 26.4626 |   773/  773 batches
[23-01-15 14:53:42.53]: text ppl 22.0722 | valid loss 3.0943 on validation
[23-01-15 14:53:44.12]: epoch 29
[23-01-15 14:54:07.42]: text ppl 25.7058 |   100/  773 batches
[23-01-15 14:54:30.63]: text ppl 25.5465 |   200/  773 batches
[23-01-15 14:54:53.82]: text ppl 25.8216 |   300/  773 batches
[23-01-15 14:55:16.91]: text ppl 25.8939 |   400/  773 batches
[23-01-15 14:55:40.20]: text ppl 25.8536 |   500/  773 batches
[23-01-15 14:56:03.62]: text ppl 25.8849 |   600/  773 batches
[23-01-15 14:56:27.08]: text ppl 25.9439 |   700/  773 batches
[23-01-15 14:56:44.14]: text ppl 25.7245 |   773/  773 batches
[23-01-15 14:56:50.77]: text ppl 21.9246 | valid loss 3.0876 on validation
[23-01-15 14:56:52.32]: epoch 30
[23-01-15 14:57:15.63]: text ppl 25.3383 |   100/  773 batches
[23-01-15 14:57:38.73]: text ppl 25.6029 |   200/  773 batches
[23-01-15 14:58:01.87]: text ppl 25.0765 |   300/  773 batches
[23-01-15 14:58:24.97]: text ppl 25.4748 |   400/  773 batches
[23-01-15 14:58:47.90]: text ppl 25.5249 |   500/  773 batches
[23-01-15 14:59:11.00]: text ppl 25.7248 |   600/  773 batches
[23-01-15 14:59:34.28]: text ppl 25.4231 |   700/  773 batches
[23-01-15 14:59:51.30]: text ppl 25.8221 |   773/  773 batches
[23-01-15 14:59:57.94]: text ppl 21.7911 | valid loss 3.0815 on validation
[23-01-15 14:59:59.56]: epoch 31
[23-01-15 15:00:22.85]: text ppl 24.9573 |   100/  773 batches
[23-01-15 15:00:46.12]: text ppl 25.0621 |   200/  773 batches
[23-01-15 15:01:09.46]: text ppl 24.9859 |   300/  773 batches
[23-01-15 15:01:32.79]: text ppl 25.0355 |   400/  773 batches
[23-01-15 15:01:56.05]: text ppl 25.2374 |   500/  773 batches
[23-01-15 15:02:19.23]: text ppl 25.1520 |   600/  773 batches
[23-01-15 15:02:42.55]: text ppl 25.2676 |   700/  773 batches
[23-01-15 15:02:59.64]: text ppl 25.6859 |   773/  773 batches
[23-01-15 15:03:06.28]: text ppl 21.6878 | valid loss 3.0767 on validation
[23-01-15 15:03:07.88]: epoch 32
[23-01-15 15:03:31.18]: text ppl 24.7274 |   100/  773 batches
[23-01-15 15:03:54.25]: text ppl 24.6943 |   200/  773 batches
[23-01-15 15:04:17.23]: text ppl 24.7060 |   300/  773 batches
[23-01-15 15:04:40.21]: text ppl 25.0076 |   400/  773 batches
[23-01-15 15:05:03.17]: text ppl 24.8235 |   500/  773 batches
[23-01-15 15:05:26.07]: text ppl 25.1474 |   600/  773 batches
[23-01-15 15:05:49.02]: text ppl 24.9389 |   700/  773 batches
[23-01-15 15:06:05.69]: text ppl 25.0921 |   773/  773 batches
[23-01-15 15:06:12.09]: text ppl 21.5674 | valid loss 3.0712 on validation
[23-01-15 15:06:13.67]: epoch 33
[23-01-15 15:06:36.59]: text ppl 24.3022 |   100/  773 batches
[23-01-15 15:06:59.45]: text ppl 24.3704 |   200/  773 batches
[23-01-15 15:07:22.31]: text ppl 24.6841 |   300/  773 batches
[23-01-15 15:07:45.17]: text ppl 24.5282 |   400/  773 batches
[23-01-15 15:08:08.15]: text ppl 24.5980 |   500/  773 batches
[23-01-15 15:08:31.05]: text ppl 24.6310 |   600/  773 batches
[23-01-15 15:08:54.01]: text ppl 24.9335 |   700/  773 batches
[23-01-15 15:09:10.80]: text ppl 24.8389 |   773/  773 batches
[23-01-15 15:09:17.21]: text ppl 21.4601 | valid loss 3.0662 on validation
[23-01-15 15:09:18.78]: epoch 34
[23-01-15 15:09:41.76]: text ppl 23.9593 |   100/  773 batches
[23-01-15 15:10:04.68]: text ppl 24.1279 |   200/  773 batches
[23-01-15 15:10:27.65]: text ppl 24.3231 |   300/  773 batches
[23-01-15 15:10:50.64]: text ppl 24.4271 |   400/  773 batches
[23-01-15 15:11:13.60]: text ppl 24.2914 |   500/  773 batches
[23-01-15 15:11:36.58]: text ppl 24.4967 |   600/  773 batches
[23-01-15 15:11:59.56]: text ppl 24.8151 |   700/  773 batches
[23-01-15 15:12:16.33]: text ppl 24.5040 |   773/  773 batches
[23-01-15 15:12:22.82]: text ppl 21.3876 | valid loss 3.0628 on validation
[23-01-15 15:12:24.39]: epoch 35
[23-01-15 15:12:47.43]: text ppl 23.9472 |   100/  773 batches
[23-01-15 15:13:10.32]: text ppl 23.8363 |   200/  773 batches
[23-01-15 15:13:33.21]: text ppl 24.1174 |   300/  773 batches
[23-01-15 15:13:56.14]: text ppl 24.2796 |   400/  773 batches
[23-01-15 15:14:19.01]: text ppl 24.2173 |   500/  773 batches
[23-01-15 15:14:41.93]: text ppl 23.9091 |   600/  773 batches
[23-01-15 15:15:04.81]: text ppl 24.3114 |   700/  773 batches
[23-01-15 15:15:21.48]: text ppl 24.2885 |   773/  773 batches
[23-01-15 15:15:27.89]: text ppl 21.2837 | valid loss 3.0579 on validation
[23-01-15 15:15:29.48]: epoch 36
[23-01-15 15:15:52.41]: text ppl 23.6097 |   100/  773 batches
[23-01-15 15:16:15.25]: text ppl 23.8759 |   200/  773 batches
[23-01-15 15:16:38.12]: text ppl 23.9100 |   300/  773 batches
[23-01-15 15:17:01.03]: text ppl 23.7977 |   400/  773 batches
[23-01-15 15:17:23.90]: text ppl 24.1500 |   500/  773 batches
[23-01-15 15:17:46.78]: text ppl 23.8282 |   600/  773 batches
[23-01-15 15:18:09.70]: text ppl 24.0531 |   700/  773 batches
[23-01-15 15:18:26.37]: text ppl 23.8802 |   773/  773 batches
[23-01-15 15:18:32.79]: text ppl 21.1879 | valid loss 3.0534 on validation
[23-01-15 15:18:34.31]: epoch 37
[23-01-15 15:18:57.30]: text ppl 23.4956 |   100/  773 batches
[23-01-15 15:19:20.24]: text ppl 23.6714 |   200/  773 batches
[23-01-15 15:19:43.25]: text ppl 23.5889 |   300/  773 batches
[23-01-15 15:20:06.26]: text ppl 23.6332 |   400/  773 batches
[23-01-15 15:20:29.27]: text ppl 23.6161 |   500/  773 batches
[23-01-15 15:20:52.21]: text ppl 23.8463 |   600/  773 batches
[23-01-15 15:21:15.14]: text ppl 23.7652 |   700/  773 batches
[23-01-15 15:21:31.86]: text ppl 23.8496 |   773/  773 batches
[23-01-15 15:21:38.29]: text ppl 21.1147 | valid loss 3.0500 on validation
[23-01-15 15:21:39.84]: epoch 38
[23-01-15 15:22:02.87]: text ppl 23.4268 |   100/  773 batches
[23-01-15 15:22:25.80]: text ppl 23.4336 |   200/  773 batches
[23-01-15 15:22:48.79]: text ppl 23.4442 |   300/  773 batches
[23-01-15 15:23:11.76]: text ppl 23.2935 |   400/  773 batches
[23-01-15 15:23:34.68]: text ppl 23.4734 |   500/  773 batches
[23-01-15 15:23:57.60]: text ppl 23.3916 |   600/  773 batches
[23-01-15 15:24:20.50]: text ppl 23.5171 |   700/  773 batches
[23-01-15 15:24:37.20]: text ppl 23.9259 |   773/  773 batches
[23-01-15 15:24:43.60]: text ppl 21.0296 | valid loss 3.0459 on validation
[23-01-15 15:24:45.17]: epoch 39
[23-01-15 15:25:08.13]: text ppl 23.0518 |   100/  773 batches
[23-01-15 15:25:30.97]: text ppl 22.9945 |   200/  773 batches
[23-01-15 15:25:53.82]: text ppl 23.4042 |   300/  773 batches
[23-01-15 15:26:16.68]: text ppl 23.1936 |   400/  773 batches
[23-01-15 15:26:39.55]: text ppl 23.2232 |   500/  773 batches
[23-01-15 15:27:02.44]: text ppl 23.5234 |   600/  773 batches
[23-01-15 15:27:25.35]: text ppl 23.5014 |   700/  773 batches
[23-01-15 15:27:42.02]: text ppl 23.5430 |   773/  773 batches
[23-01-15 15:27:48.44]: text ppl 20.9435 | valid loss 3.0418 on validation
[23-01-15 15:27:50.01]: epoch 40
[23-01-15 15:28:13.04]: text ppl 22.7899 |   100/  773 batches
[23-01-15 15:28:35.95]: text ppl 23.1170 |   200/  773 batches
[23-01-15 15:28:58.90]: text ppl 22.8706 |   300/  773 batches
[23-01-15 15:29:21.81]: text ppl 22.8634 |   400/  773 batches
[23-01-15 15:29:44.74]: text ppl 23.2822 |   500/  773 batches
[23-01-15 15:30:07.68]: text ppl 23.2781 |   600/  773 batches
[23-01-15 15:30:30.70]: text ppl 23.3190 |   700/  773 batches
[23-01-15 15:30:47.43]: text ppl 23.4989 |   773/  773 batches
[23-01-15 15:30:53.85]: text ppl 20.8743 | valid loss 3.0385 on validation
[23-01-15 15:30:55.40]: epoch 41
[23-01-15 15:31:18.45]: text ppl 22.3927 |   100/  773 batches
[23-01-15 15:31:41.36]: text ppl 22.8129 |   200/  773 batches
[23-01-15 15:32:04.30]: text ppl 22.8959 |   300/  773 batches
[23-01-15 15:32:27.23]: text ppl 22.8054 |   400/  773 batches
[23-01-15 15:32:50.15]: text ppl 23.1863 |   500/  773 batches
[23-01-15 15:33:13.09]: text ppl 23.0183 |   600/  773 batches
[23-01-15 15:33:36.01]: text ppl 23.3901 |   700/  773 batches
[23-01-15 15:33:52.72]: text ppl 22.9362 |   773/  773 batches
[23-01-15 15:33:59.13]: text ppl 20.8187 | valid loss 3.0359 on validation
[23-01-15 15:34:00.71]: epoch 42
[23-01-15 15:34:23.72]: text ppl 22.3819 |   100/  773 batches
[23-01-15 15:34:46.60]: text ppl 22.4708 |   200/  773 batches
[23-01-15 15:35:09.52]: text ppl 22.6457 |   300/  773 batches
[23-01-15 15:35:32.45]: text ppl 22.4954 |   400/  773 batches
[23-01-15 15:35:55.39]: text ppl 23.0035 |   500/  773 batches
[23-01-15 15:36:18.33]: text ppl 22.8495 |   600/  773 batches
[23-01-15 15:36:41.30]: text ppl 22.8179 |   700/  773 batches
[23-01-15 15:36:58.02]: text ppl 23.1433 |   773/  773 batches
[23-01-15 15:37:04.44]: text ppl 20.7702 | valid loss 3.0335 on validation
[23-01-15 15:37:06.07]: epoch 43
[23-01-15 15:37:29.09]: text ppl 22.3296 |   100/  773 batches
[23-01-15 15:37:52.03]: text ppl 22.1138 |   200/  773 batches
[23-01-15 15:38:14.95]: text ppl 22.6678 |   300/  773 batches
[23-01-15 15:38:37.96]: text ppl 22.6723 |   400/  773 batches
[23-01-15 15:39:00.95]: text ppl 22.7193 |   500/  773 batches
[23-01-15 15:39:23.91]: text ppl 22.9361 |   600/  773 batches
[23-01-15 15:39:46.85]: text ppl 22.5390 |   700/  773 batches
[23-01-15 15:40:03.55]: text ppl 22.8681 |   773/  773 batches
[23-01-15 15:40:09.97]: text ppl 20.7043 | valid loss 3.0303 on validation
[23-01-15 15:40:11.56]: epoch 44
[23-01-15 15:40:34.58]: text ppl 22.0876 |   100/  773 batches
[23-01-15 15:40:57.51]: text ppl 22.3715 |   200/  773 batches
[23-01-15 15:41:20.43]: text ppl 22.3704 |   300/  773 batches
[23-01-15 15:41:43.37]: text ppl 22.2944 |   400/  773 batches
[23-01-15 15:42:06.32]: text ppl 22.6024 |   500/  773 batches
[23-01-15 15:42:29.28]: text ppl 22.4679 |   600/  773 batches
[23-01-15 15:42:52.25]: text ppl 22.6564 |   700/  773 batches
[23-01-15 15:43:08.97]: text ppl 22.8403 |   773/  773 batches
[23-01-15 15:43:15.40]: text ppl 20.6562 | valid loss 3.0280 on validation
[23-01-15 15:43:16.99]: epoch 45
[23-01-15 15:43:40.05]: text ppl 22.3439 |   100/  773 batches
[23-01-15 15:44:03.04]: text ppl 22.4094 |   200/  773 batches
[23-01-15 15:44:26.03]: text ppl 21.8353 |   300/  773 batches
[23-01-15 15:44:49.00]: text ppl 22.3849 |   400/  773 batches
[23-01-15 15:45:11.88]: text ppl 22.5004 |   500/  773 batches
[23-01-15 15:45:34.74]: text ppl 22.2182 |   600/  773 batches
[23-01-15 15:45:57.53]: text ppl 22.3611 |   700/  773 batches
[23-01-15 15:46:14.12]: text ppl 22.2907 |   773/  773 batches
[23-01-15 15:46:20.49]: text ppl 20.6078 | valid loss 3.0257 on validation
[23-01-15 15:46:22.04]: epoch 46
[23-01-15 15:46:44.88]: text ppl 21.8673 |   100/  773 batches
[23-01-15 15:47:07.65]: text ppl 22.0682 |   200/  773 batches
[23-01-15 15:47:30.48]: text ppl 21.9966 |   300/  773 batches
[23-01-15 15:47:53.32]: text ppl 22.2262 |   400/  773 batches
[23-01-15 15:48:16.14]: text ppl 22.2098 |   500/  773 batches
[23-01-15 15:48:38.98]: text ppl 22.3982 |   600/  773 batches
[23-01-15 15:49:01.81]: text ppl 22.2625 |   700/  773 batches
[23-01-15 15:49:18.50]: text ppl 22.1483 |   773/  773 batches
[23-01-15 15:49:24.91]: text ppl 20.5741 | valid loss 3.0240 on validation
[23-01-15 15:49:26.47]: epoch 47
[23-01-15 15:49:49.48]: text ppl 21.8050 |   100/  773 batches
[23-01-15 15:50:12.41]: text ppl 21.8715 |   200/  773 batches
[23-01-15 15:50:35.39]: text ppl 21.7279 |   300/  773 batches
[23-01-15 15:50:58.34]: text ppl 22.1587 |   400/  773 batches
[23-01-15 15:51:21.32]: text ppl 22.1156 |   500/  773 batches
[23-01-15 15:51:44.30]: text ppl 22.1238 |   600/  773 batches
[23-01-15 15:52:07.24]: text ppl 22.1442 |   700/  773 batches
[23-01-15 15:52:23.95]: text ppl 22.3273 |   773/  773 batches
[23-01-15 15:52:30.38]: text ppl 20.5706 | valid loss 3.0239 on validation
[23-01-15 15:52:31.94]: epoch 48
[23-01-15 15:52:54.99]: text ppl 21.6104 |   100/  773 batches
[23-01-15 15:53:18.13]: text ppl 21.9358 |   200/  773 batches
[23-01-15 15:53:41.02]: text ppl 21.6095 |   300/  773 batches
[23-01-15 15:54:04.12]: text ppl 21.9055 |   400/  773 batches
[23-01-15 15:54:27.33]: text ppl 21.8255 |   500/  773 batches
[23-01-15 15:54:50.27]: text ppl 21.9493 |   600/  773 batches
[23-01-15 15:55:13.19]: text ppl 22.1461 |   700/  773 batches
[23-01-15 15:55:30.04]: text ppl 22.0960 |   773/  773 batches
[23-01-15 15:55:36.43]: text ppl 20.4897 | valid loss 3.0199 on validation
[23-01-15 15:55:37.96]: epoch 49
[23-01-15 15:56:00.89]: text ppl 21.4203 |   100/  773 batches
[23-01-15 15:56:23.72]: text ppl 21.6383 |   200/  773 batches
[23-01-15 15:56:46.59]: text ppl 21.5123 |   300/  773 batches
[23-01-15 15:57:09.39]: text ppl 21.7423 |   400/  773 batches
[23-01-15 15:57:32.21]: text ppl 21.7941 |   500/  773 batches
[23-01-15 15:57:55.11]: text ppl 22.0551 |   600/  773 batches
[23-01-15 15:58:17.93]: text ppl 21.9181 |   700/  773 batches
[23-01-15 15:58:34.58]: text ppl 22.0729 |   773/  773 batches
[23-01-15 15:58:41.00]: text ppl 20.4442 | valid loss 3.0177 on validation
[23-01-15 15:58:42.54]: epoch 50
[23-01-15 15:59:05.48]: text ppl 21.2133 |   100/  773 batches
[23-01-15 15:59:28.46]: text ppl 21.2759 |   200/  773 batches
[23-01-15 15:59:51.38]: text ppl 21.5189 |   300/  773 batches
[23-01-15 16:00:14.32]: text ppl 21.9514 |   400/  773 batches
[23-01-15 16:00:37.24]: text ppl 21.7569 |   500/  773 batches
[23-01-15 16:01:00.21]: text ppl 21.6922 |   600/  773 batches
[23-01-15 16:01:23.24]: text ppl 21.9327 |   700/  773 batches
[23-01-15 16:01:39.92]: text ppl 21.7974 |   773/  773 batches
[23-01-15 16:01:46.33]: text ppl 20.3971 | valid loss 3.0154 on validation
[23-01-15 16:01:47.89]: epoch 51
[23-01-15 16:02:10.91]: text ppl 21.4121 |   100/  773 batches
[23-01-15 16:02:33.94]: text ppl 21.4478 |   200/  773 batches
[23-01-15 16:02:56.86]: text ppl 21.3517 |   300/  773 batches
[23-01-15 16:03:19.74]: text ppl 21.4456 |   400/  773 batches
[23-01-15 16:03:42.62]: text ppl 21.7280 |   500/  773 batches
[23-01-15 16:04:05.73]: text ppl 21.8313 |   600/  773 batches
[23-01-15 16:04:28.63]: text ppl 21.4351 |   700/  773 batches
[23-01-15 16:04:45.44]: text ppl 21.4827 |   773/  773 batches
[23-01-15 16:04:51.91]: text ppl 20.3499 | valid loss 3.0131 on validation
[23-01-15 16:04:53.46]: epoch 52
[23-01-15 16:05:16.42]: text ppl 21.2125 |   100/  773 batches
[23-01-15 16:05:39.20]: text ppl 21.2627 |   200/  773 batches
[23-01-15 16:06:02.06]: text ppl 21.2816 |   300/  773 batches
[23-01-15 16:06:24.88]: text ppl 21.4241 |   400/  773 batches
[23-01-15 16:06:47.75]: text ppl 21.2759 |   500/  773 batches
[23-01-15 16:07:10.63]: text ppl 21.4359 |   600/  773 batches
[23-01-15 16:07:33.59]: text ppl 21.5623 |   700/  773 batches
[23-01-15 16:07:50.26]: text ppl 21.9448 |   773/  773 batches
[23-01-15 16:07:56.66]: text ppl 20.3296 | valid loss 3.0121 on validation
[23-01-15 16:07:58.23]: epoch 53
[23-01-15 16:08:21.20]: text ppl 21.0894 |   100/  773 batches
[23-01-15 16:08:44.08]: text ppl 21.1289 |   200/  773 batches
[23-01-15 16:09:07.01]: text ppl 21.1552 |   300/  773 batches
[23-01-15 16:09:29.94]: text ppl 21.3001 |   400/  773 batches
[23-01-15 16:09:52.84]: text ppl 21.0832 |   500/  773 batches
[23-01-15 16:10:15.74]: text ppl 21.6267 |   600/  773 batches
[23-01-15 16:10:38.64]: text ppl 21.4522 |   700/  773 batches
[23-01-15 16:10:55.29]: text ppl 21.6207 |   773/  773 batches
[23-01-15 16:11:01.70]: text ppl 20.3123 | valid loss 3.0112 on validation
[23-01-15 16:11:03.23]: epoch 54
[23-01-15 16:11:26.21]: text ppl 20.7927 |   100/  773 batches
[23-01-15 16:11:49.10]: text ppl 21.0692 |   200/  773 batches
[23-01-15 16:12:12.01]: text ppl 21.0379 |   300/  773 batches
[23-01-15 16:12:34.92]: text ppl 21.1399 |   400/  773 batches
[23-01-15 16:12:57.78]: text ppl 21.4352 |   500/  773 batches
[23-01-15 16:13:20.61]: text ppl 21.3841 |   600/  773 batches
[23-01-15 16:13:43.43]: text ppl 21.0396 |   700/  773 batches
[23-01-15 16:14:00.11]: text ppl 21.7290 |   773/  773 batches
[23-01-15 16:14:06.54]: text ppl 20.2584 | valid loss 3.0086 on validation
[23-01-15 16:14:08.09]: epoch 55
[23-01-15 16:14:31.10]: text ppl 21.1042 |   100/  773 batches
[23-01-15 16:14:53.95]: text ppl 20.9890 |   200/  773 batches
[23-01-15 16:15:16.85]: text ppl 21.0802 |   300/  773 batches
[23-01-15 16:15:39.84]: text ppl 20.7092 |   400/  773 batches
[23-01-15 16:16:02.72]: text ppl 21.0675 |   500/  773 batches
[23-01-15 16:16:25.60]: text ppl 21.0277 |   600/  773 batches
[23-01-15 16:16:48.60]: text ppl 21.4670 |   700/  773 batches
[23-01-15 16:17:05.29]: text ppl 21.2658 |   773/  773 batches
[23-01-15 16:17:11.70]: text ppl 20.2637 | valid loss 3.0088 on validation
[23-01-15 16:17:11.70]: Endured 1 time(s)
[23-01-15 16:17:11.70]: epoch 56
[23-01-15 16:17:34.70]: text ppl 20.7189 |   100/  773 batches
[23-01-15 16:17:57.70]: text ppl 20.8593 |   200/  773 batches
[23-01-15 16:18:20.61]: text ppl 20.8734 |   300/  773 batches
[23-01-15 16:18:43.54]: text ppl 20.9805 |   400/  773 batches
[23-01-15 16:19:06.43]: text ppl 20.9560 |   500/  773 batches
[23-01-15 16:19:29.31]: text ppl 21.2563 |   600/  773 batches
[23-01-15 16:19:52.25]: text ppl 20.9298 |   700/  773 batches
[23-01-15 16:20:08.94]: text ppl 21.3480 |   773/  773 batches
[23-01-15 16:20:15.35]: text ppl 20.2580 | valid loss 3.0085 on validation
[23-01-15 16:20:16.88]: epoch 57
[23-01-15 16:20:39.91]: text ppl 20.6833 |   100/  773 batches
[23-01-15 16:21:02.78]: text ppl 20.6192 |   200/  773 batches
[23-01-15 16:21:25.65]: text ppl 21.0335 |   300/  773 batches
[23-01-15 16:21:48.53]: text ppl 20.9345 |   400/  773 batches
[23-01-15 16:22:11.44]: text ppl 20.7935 |   500/  773 batches
[23-01-15 16:22:34.47]: text ppl 20.8703 |   600/  773 batches
[23-01-15 16:22:57.38]: text ppl 20.8828 |   700/  773 batches
[23-01-15 16:23:14.10]: text ppl 21.4212 |   773/  773 batches
[23-01-15 16:23:20.52]: text ppl 20.2132 | valid loss 3.0063 on validation
[23-01-15 16:23:22.03]: epoch 58
[23-01-15 16:23:45.09]: text ppl 20.4919 |   100/  773 batches
[23-01-15 16:24:08.08]: text ppl 20.5877 |   200/  773 batches
[23-01-15 16:24:31.01]: text ppl 20.7881 |   300/  773 batches
[23-01-15 16:24:54.05]: text ppl 20.9713 |   400/  773 batches
[23-01-15 16:25:16.95]: text ppl 20.7548 |   500/  773 batches
[23-01-15 16:25:39.87]: text ppl 20.7714 |   600/  773 batches
[23-01-15 16:26:02.83]: text ppl 20.9044 |   700/  773 batches
[23-01-15 16:26:19.55]: text ppl 21.0958 |   773/  773 batches
[23-01-15 16:26:25.95]: text ppl 20.2065 | valid loss 3.0060 on validation
[23-01-15 16:26:27.51]: epoch 59
[23-01-15 16:26:50.53]: text ppl 20.5650 |   100/  773 batches
[23-01-15 16:27:13.47]: text ppl 20.6315 |   200/  773 batches
[23-01-15 16:27:36.52]: text ppl 20.5589 |   300/  773 batches
[23-01-15 16:27:59.56]: text ppl 20.7221 |   400/  773 batches
[23-01-15 16:28:22.66]: text ppl 20.5352 |   500/  773 batches
[23-01-15 16:28:45.78]: text ppl 20.8233 |   600/  773 batches
[23-01-15 16:29:08.67]: text ppl 20.9567 |   700/  773 batches
[23-01-15 16:29:25.37]: text ppl 21.0375 |   773/  773 batches
[23-01-15 16:29:31.78]: text ppl 20.1788 | valid loss 3.0046 on validation
[23-01-15 16:29:33.34]: epoch 60
[23-01-15 16:29:56.38]: text ppl 20.3738 |   100/  773 batches
[23-01-15 16:30:19.26]: text ppl 20.6668 |   200/  773 batches
[23-01-15 16:30:42.15]: text ppl 20.5718 |   300/  773 batches
[23-01-15 16:31:05.08]: text ppl 20.4540 |   400/  773 batches
[23-01-15 16:31:27.99]: text ppl 20.6961 |   500/  773 batches
[23-01-15 16:31:51.06]: text ppl 20.6098 |   600/  773 batches
[23-01-15 16:32:14.12]: text ppl 20.6578 |   700/  773 batches
[23-01-15 16:32:30.88]: text ppl 20.6785 |   773/  773 batches
[23-01-15 16:32:37.29]: text ppl 20.1588 | valid loss 3.0036 on validation
[23-01-15 16:32:38.83]: epoch 61
[23-01-15 16:33:01.80]: text ppl 20.3700 |   100/  773 batches
[23-01-15 16:33:24.77]: text ppl 20.3655 |   200/  773 batches
[23-01-15 16:33:47.66]: text ppl 20.6069 |   300/  773 batches
[23-01-15 16:34:10.63]: text ppl 20.5585 |   400/  773 batches
[23-01-15 16:34:33.55]: text ppl 20.5345 |   500/  773 batches
[23-01-15 16:34:56.48]: text ppl 20.7088 |   600/  773 batches
[23-01-15 16:35:19.42]: text ppl 20.6236 |   700/  773 batches
[23-01-15 16:35:36.16]: text ppl 20.4809 |   773/  773 batches
[23-01-15 16:35:42.56]: text ppl 20.1480 | valid loss 3.0031 on validation
[23-01-15 16:35:44.09]: epoch 62
[23-01-15 16:36:07.12]: text ppl 20.3248 |   100/  773 batches
[23-01-15 16:36:30.00]: text ppl 20.3679 |   200/  773 batches
[23-01-15 16:36:53.07]: text ppl 20.4173 |   300/  773 batches
[23-01-15 16:37:16.00]: text ppl 20.2176 |   400/  773 batches
[23-01-15 16:37:38.91]: text ppl 20.5910 |   500/  773 batches
[23-01-15 16:38:01.82]: text ppl 20.5045 |   600/  773 batches
[23-01-15 16:38:24.70]: text ppl 20.5074 |   700/  773 batches
[23-01-15 16:38:41.43]: text ppl 20.6372 |   773/  773 batches
[23-01-15 16:38:47.82]: text ppl 20.1292 | valid loss 3.0022 on validation
[23-01-15 16:38:49.39]: epoch 63
[23-01-15 16:39:12.33]: text ppl 19.9205 |   100/  773 batches
[23-01-15 16:39:35.26]: text ppl 20.3117 |   200/  773 batches
[23-01-15 16:39:58.10]: text ppl 20.1221 |   300/  773 batches
[23-01-15 16:40:20.96]: text ppl 20.1620 |   400/  773 batches
[23-01-15 16:40:43.92]: text ppl 20.4972 |   500/  773 batches
[23-01-15 16:41:06.75]: text ppl 20.4747 |   600/  773 batches
[23-01-15 16:41:29.76]: text ppl 20.4856 |   700/  773 batches
[23-01-15 16:41:46.38]: text ppl 20.5874 |   773/  773 batches
[23-01-15 16:41:52.78]: text ppl 20.1002 | valid loss 3.0007 on validation
[23-01-15 16:41:54.33]: epoch 64
[23-01-15 16:42:17.24]: text ppl 19.8190 |   100/  773 batches
[23-01-15 16:42:40.07]: text ppl 20.1860 |   200/  773 batches
[23-01-15 16:43:02.90]: text ppl 20.1976 |   300/  773 batches
[23-01-15 16:43:25.87]: text ppl 20.0408 |   400/  773 batches
[23-01-15 16:43:48.82]: text ppl 20.4650 |   500/  773 batches
[23-01-15 16:44:11.78]: text ppl 20.4533 |   600/  773 batches
[23-01-15 16:44:34.75]: text ppl 20.6198 |   700/  773 batches
[23-01-15 16:44:51.40]: text ppl 20.3344 |   773/  773 batches
[23-01-15 16:44:57.81]: text ppl 20.0766 | valid loss 2.9996 on validation
[23-01-15 16:44:59.47]: epoch 65
[23-01-15 16:45:22.59]: text ppl 20.0860 |   100/  773 batches
[23-01-15 16:45:45.61]: text ppl 19.9943 |   200/  773 batches
[23-01-15 16:46:08.47]: text ppl 19.9981 |   300/  773 batches
[23-01-15 16:46:31.37]: text ppl 20.1907 |   400/  773 batches
[23-01-15 16:46:54.25]: text ppl 20.2800 |   500/  773 batches
[23-01-15 16:47:17.16]: text ppl 20.3047 |   600/  773 batches
[23-01-15 16:47:40.10]: text ppl 20.4374 |   700/  773 batches
[23-01-15 16:47:56.95]: text ppl 20.4578 |   773/  773 batches
[23-01-15 16:48:03.35]: text ppl 20.0513 | valid loss 2.9983 on validation
[23-01-15 16:48:04.89]: epoch 66
[23-01-15 16:48:27.84]: text ppl 19.9432 |   100/  773 batches
[23-01-15 16:48:50.64]: text ppl 19.8983 |   200/  773 batches
[23-01-15 16:49:13.50]: text ppl 19.9903 |   300/  773 batches
[23-01-15 16:49:36.36]: text ppl 20.1623 |   400/  773 batches
[23-01-15 16:49:59.19]: text ppl 20.1348 |   500/  773 batches
[23-01-15 16:50:22.05]: text ppl 20.1912 |   600/  773 batches
[23-01-15 16:50:44.97]: text ppl 20.2490 |   700/  773 batches
[23-01-15 16:51:01.63]: text ppl 20.3794 |   773/  773 batches
[23-01-15 16:51:08.05]: text ppl 20.0555 | valid loss 2.9985 on validation
[23-01-15 16:51:08.05]: Endured 2 time(s)
[23-01-15 16:51:08.05]: epoch 67
[23-01-15 16:51:31.04]: text ppl 19.8105 |   100/  773 batches
[23-01-15 16:51:54.15]: text ppl 19.9168 |   200/  773 batches
[23-01-15 16:52:17.06]: text ppl 19.9806 |   300/  773 batches
[23-01-15 16:52:39.96]: text ppl 20.1562 |   400/  773 batches
[23-01-15 16:53:02.91]: text ppl 19.8965 |   500/  773 batches
[23-01-15 16:53:25.85]: text ppl 20.1486 |   600/  773 batches
[23-01-15 16:53:49.02]: text ppl 20.2100 |   700/  773 batches
[23-01-15 16:54:05.74]: text ppl 20.2508 |   773/  773 batches
[23-01-15 16:54:12.15]: text ppl 20.0190 | valid loss 2.9967 on validation
[23-01-15 16:54:13.70]: epoch 68
[23-01-15 16:54:36.67]: text ppl 19.9429 |   100/  773 batches
[23-01-15 16:54:59.52]: text ppl 19.7015 |   200/  773 batches
[23-01-15 16:55:22.48]: text ppl 19.7955 |   300/  773 batches
[23-01-15 16:55:45.47]: text ppl 19.9133 |   400/  773 batches
[23-01-15 16:56:08.37]: text ppl 20.0099 |   500/  773 batches
[23-01-15 16:56:31.31]: text ppl 20.1543 |   600/  773 batches
[23-01-15 16:56:54.18]: text ppl 20.1657 |   700/  773 batches
[23-01-15 16:57:10.86]: text ppl 19.9954 |   773/  773 batches
[23-01-15 16:57:17.26]: text ppl 20.0253 | valid loss 2.9970 on validation
[23-01-15 16:57:17.26]: Endured 3 time(s)
[23-01-15 16:57:17.26]: epoch 69
[23-01-15 16:57:40.26]: text ppl 19.8489 |   100/  773 batches
[23-01-15 16:58:03.16]: text ppl 19.4572 |   200/  773 batches
[23-01-15 16:58:26.05]: text ppl 19.7873 |   300/  773 batches
[23-01-15 16:58:48.94]: text ppl 20.0132 |   400/  773 batches
[23-01-15 16:59:11.85]: text ppl 20.0238 |   500/  773 batches
[23-01-15 16:59:34.74]: text ppl 19.9896 |   600/  773 batches
[23-01-15 16:59:57.63]: text ppl 19.9592 |   700/  773 batches
[23-01-15 17:00:14.34]: text ppl 19.9631 |   773/  773 batches
[23-01-15 17:00:20.75]: text ppl 20.0020 | valid loss 2.9958 on validation
[23-01-15 17:00:22.27]: epoch 70
[23-01-15 17:00:45.26]: text ppl 19.6119 |   100/  773 batches
[23-01-15 17:01:08.11]: text ppl 19.7730 |   200/  773 batches
[23-01-15 17:01:30.99]: text ppl 19.8701 |   300/  773 batches
[23-01-15 17:01:54.09]: text ppl 19.7623 |   400/  773 batches
[23-01-15 17:02:16.98]: text ppl 19.9224 |   500/  773 batches
[23-01-15 17:02:40.08]: text ppl 19.7938 |   600/  773 batches
[23-01-15 17:03:02.98]: text ppl 20.1232 |   700/  773 batches
[23-01-15 17:03:19.65]: text ppl 19.6767 |   773/  773 batches
[23-01-15 17:03:26.07]: text ppl 20.0011 | valid loss 2.9958 on validation
[23-01-15 17:03:27.72]: epoch 71
[23-01-15 17:03:50.84]: text ppl 19.7954 |   100/  773 batches
[23-01-15 17:04:13.84]: text ppl 19.5097 |   200/  773 batches
[23-01-15 17:04:36.72]: text ppl 19.6182 |   300/  773 batches
[23-01-15 17:04:59.64]: text ppl 19.4974 |   400/  773 batches
[23-01-15 17:05:22.54]: text ppl 19.8668 |   500/  773 batches
[23-01-15 17:05:45.46]: text ppl 19.8279 |   600/  773 batches
[23-01-15 17:06:08.33]: text ppl 19.8950 |   700/  773 batches
[23-01-15 17:06:25.02]: text ppl 19.8595 |   773/  773 batches
[23-01-15 17:06:31.44]: text ppl 19.9849 | valid loss 2.9950 on validation
[23-01-15 17:06:32.96]: epoch 72
[23-01-15 17:06:55.94]: text ppl 19.3646 |   100/  773 batches
[23-01-15 17:07:18.88]: text ppl 19.4512 |   200/  773 batches
[23-01-15 17:07:41.75]: text ppl 19.5423 |   300/  773 batches
[23-01-15 17:08:04.75]: text ppl 19.7399 |   400/  773 batches
[23-01-15 17:08:27.80]: text ppl 19.8034 |   500/  773 batches
[23-01-15 17:08:50.79]: text ppl 19.6924 |   600/  773 batches
[23-01-15 17:09:13.69]: text ppl 19.9112 |   700/  773 batches
[23-01-15 17:09:30.36]: text ppl 19.8728 |   773/  773 batches
[23-01-15 17:09:36.78]: text ppl 19.9935 | valid loss 2.9954 on validation
[23-01-15 17:09:36.78]: Endured 4 time(s)
[23-01-15 17:09:36.78]: epoch 73
[23-01-15 17:09:59.78]: text ppl 19.4487 |   100/  773 batches
[23-01-15 17:10:22.67]: text ppl 19.2671 |   200/  773 batches
[23-01-15 17:10:45.57]: text ppl 19.4958 |   300/  773 batches
[23-01-15 17:11:08.47]: text ppl 19.6072 |   400/  773 batches
[23-01-15 17:11:31.37]: text ppl 19.6866 |   500/  773 batches
[23-01-15 17:11:54.27]: text ppl 19.7650 |   600/  773 batches
[23-01-15 17:12:17.28]: text ppl 19.6810 |   700/  773 batches
[23-01-15 17:12:33.98]: text ppl 20.1836 |   773/  773 batches
[23-01-15 17:12:40.39]: text ppl 19.9712 | valid loss 2.9943 on validation
[23-01-15 17:12:41.98]: epoch 74
[23-01-15 17:13:05.23]: text ppl 19.3354 |   100/  773 batches
[23-01-15 17:13:28.30]: text ppl 19.2983 |   200/  773 batches
[23-01-15 17:13:51.21]: text ppl 19.2694 |   300/  773 batches
[23-01-15 17:14:14.30]: text ppl 19.7168 |   400/  773 batches
[23-01-15 17:14:37.27]: text ppl 19.5523 |   500/  773 batches
[23-01-15 17:15:00.33]: text ppl 19.8746 |   600/  773 batches
[23-01-15 17:15:23.23]: text ppl 19.6328 |   700/  773 batches
[23-01-15 17:15:39.92]: text ppl 19.9118 |   773/  773 batches
[23-01-15 17:15:46.35]: text ppl 19.9877 | valid loss 2.9951 on validation
[23-01-15 17:15:46.35]: Endured 5 time(s)
[23-01-15 17:15:46.35]: Cannot endure it anymore | Exiting from early stop
[23-01-15 17:15:46.63]: Tuning both Prompt and LM
[23-01-15 17:15:46.63]: epoch 1
[23-01-15 17:16:20.45]: text ppl 14.1605 |   100/  773 batches
[23-01-15 17:16:54.12]: text ppl 9.8351 |   200/  773 batches
[23-01-15 17:17:27.80]: text ppl 8.6681 |   300/  773 batches
[23-01-15 17:18:01.41]: text ppl 8.3047 |   400/  773 batches
[23-01-15 17:18:35.05]: text ppl 8.1787 |   500/  773 batches
[23-01-15 17:19:08.70]: text ppl 8.0285 |   600/  773 batches
[23-01-15 17:19:42.35]: text ppl 7.8913 |   700/  773 batches
[23-01-15 17:20:06.86]: text ppl 7.7169 |   773/  773 batches
[23-01-15 17:20:13.29]: text ppl 11.4261 | valid loss 2.4359 on validation
[23-01-15 17:20:14.89]: epoch 2
[23-01-15 17:20:48.64]: text ppl 5.6326 |   100/  773 batches
[23-01-15 17:21:22.31]: text ppl 5.8630 |   200/  773 batches
[23-01-15 17:21:55.98]: text ppl 5.9247 |   300/  773 batches
[23-01-15 17:22:29.62]: text ppl 6.0980 |   400/  773 batches
[23-01-15 17:23:03.26]: text ppl 6.1325 |   500/  773 batches
[23-01-15 17:23:36.94]: text ppl 6.1657 |   600/  773 batches
[23-01-15 17:24:10.56]: text ppl 6.2055 |   700/  773 batches
[23-01-15 17:24:35.07]: text ppl 6.2451 |   773/  773 batches
[23-01-15 17:24:41.49]: text ppl 11.8136 | valid loss 2.4692 on validation
[23-01-15 17:24:41.49]: Endured 1 time(s)
[23-01-15 17:24:41.49]: epoch 3
[23-01-15 17:25:15.20]: text ppl 4.0655 |   100/  773 batches
[23-01-15 17:25:48.85]: text ppl 4.3221 |   200/  773 batches
[23-01-15 17:26:22.50]: text ppl 4.5160 |   300/  773 batches
[23-01-15 17:26:56.12]: text ppl 4.6331 |   400/  773 batches
[23-01-15 17:27:29.73]: text ppl 4.7641 |   500/  773 batches
[23-01-15 17:28:03.40]: text ppl 4.7799 |   600/  773 batches
[23-01-15 17:28:37.03]: text ppl 4.8407 |   700/  773 batches
[23-01-15 17:29:01.60]: text ppl 4.9410 |   773/  773 batches
[23-01-15 17:29:08.05]: text ppl 14.0556 | valid loss 2.6430 on validation
[23-01-15 17:29:08.05]: Endured 2 time(s)
[23-01-15 17:29:08.05]: epoch 4
[23-01-15 17:29:41.78]: text ppl 3.1832 |   100/  773 batches
[23-01-15 17:30:15.44]: text ppl 3.3809 |   200/  773 batches
[23-01-15 17:30:49.12]: text ppl 3.5392 |   300/  773 batches
[23-01-15 17:31:22.79]: text ppl 3.6643 |   400/  773 batches
[23-01-15 17:31:56.53]: text ppl 3.7381 |   500/  773 batches
[23-01-15 17:32:30.09]: text ppl 3.8175 |   600/  773 batches
[23-01-15 17:33:03.74]: text ppl 3.9034 |   700/  773 batches
[23-01-15 17:33:28.24]: text ppl 3.9203 |   773/  773 batches
[23-01-15 17:33:34.66]: text ppl 17.8096 | valid loss 2.8797 on validation
[23-01-15 17:33:34.66]: Endured 3 time(s)
[23-01-15 17:33:34.66]: epoch 5
[23-01-15 17:34:08.33]: text ppl 2.5932 |   100/  773 batches
[23-01-15 17:34:42.00]: text ppl 2.7491 |   200/  773 batches
[23-01-15 17:35:15.70]: text ppl 2.8490 |   300/  773 batches
[23-01-15 17:35:49.36]: text ppl 2.9621 |   400/  773 batches
[23-01-15 17:36:23.10]: text ppl 3.0461 |   500/  773 batches
[23-01-15 17:36:56.74]: text ppl 3.1052 |   600/  773 batches
[23-01-15 17:37:30.35]: text ppl 3.1899 |   700/  773 batches
[23-01-15 17:37:54.87]: text ppl 3.2320 |   773/  773 batches
[23-01-15 17:38:01.29]: text ppl 21.5921 | valid loss 3.0723 on validation
[23-01-15 17:38:01.29]: Endured 4 time(s)
[23-01-15 17:38:01.29]: epoch 6
[23-01-15 17:38:34.99]: text ppl 2.1763 |   100/  773 batches
[23-01-15 17:39:08.65]: text ppl 2.2739 |   200/  773 batches
[23-01-15 17:39:42.28]: text ppl 2.3842 |   300/  773 batches
[23-01-15 17:40:15.93]: text ppl 2.4703 |   400/  773 batches
[23-01-15 17:40:49.59]: text ppl 2.5504 |   500/  773 batches
[23-01-15 17:41:23.06]: text ppl 2.6258 |   600/  773 batches
[23-01-15 17:41:56.65]: text ppl 2.6743 |   700/  773 batches
[23-01-15 17:42:21.17]: text ppl 2.7173 |   773/  773 batches
[23-01-15 17:42:27.57]: text ppl 26.1587 | valid loss 3.2642 on validation
[23-01-15 17:42:27.58]: Endured 5 time(s)
[23-01-15 17:42:27.58]: Cannot endure it anymore | Exiting from early stop
=========================================================================================
[23-01-15 17:42:34.27]: text ppl 11.5013 on test | End of training
[23-01-15 17:42:34.27]: Generating text
[23-01-15 17:44:13.89]: BLEU-1 17.4350
[23-01-15 17:44:15.28]: BLEU-4  2.4664
[23-01-15 17:44:18.81]: USR  0.6825 | USN    5174
[23-01-15 17:44:25.92]: DIV  0.1559
[23-01-15 17:44:25.95]: FCR  0.1703
[23-01-15 17:44:25.95]: FMR  0.1820
[23-01-15 17:44:27.45]: rouge_1/f_score 22.0454
[23-01-15 17:44:27.45]: rouge_1/r_score 20.5858
[23-01-15 17:44:27.45]: rouge_1/p_score 27.3805
[23-01-15 17:44:27.45]: rouge_2/f_score  4.0437
[23-01-15 17:44:27.45]: rouge_2/r_score  3.7330
[23-01-15 17:44:27.45]: rouge_2/p_score  4.8644
[23-01-15 17:44:27.45]: rouge_l/f_score 18.3580
[23-01-15 17:44:27.45]: rouge_l/r_score 19.3691
[23-01-15 17:44:27.45]: rouge_l/p_score 25.1256
[23-01-15 17:44:27.47]: Generated text saved to (./Result/Amazon/ToysAndGames/PEPLER/0/generated_CP.txt)
