----------------------------------------ARGUMENTS----------------------------------------
data_path                                ./FMLPETER/data/Movie_and_TV_index.pickle
index_dir                                ./FMLPETER/data/0/
lr                                       0.001
epochs                                   100
batch_size                               128
seed                                     1111
cuda                                     True
log_interval                             700
checkpoint                               ./Result/Amazon/MoviesAndTV/PEPLER/0/
outf                                     generated_CP.txt
endure_times                             5
words                                    20
mode                                     Train+Test
----------------------------------------ARGUMENTS----------------------------------------
[22-12-21 11:44:12.17]: Loading data
[22-12-21 11:51:17.24]: Tuning Prompt Only
[22-12-21 11:51:17.25]: epoch 1
[22-12-21 11:53:59.06]: text ppl 356.9873 |   700/ 2808 batches
[22-12-21 11:56:40.36]: text ppl 260.5614 |  1400/ 2808 batches
[22-12-21 11:59:22.31]: text ppl 200.4278 |  2100/ 2808 batches
[22-12-21 12:02:04.20]: text ppl 161.7372 |  2800/ 2808 batches
[22-12-21 12:02:05.88]: text ppl 132.1818 |  2808/ 2808 batches
[22-12-21 12:02:40.10]: text ppl 82.2649 | valid loss 4.4099 on validation
[22-12-21 12:02:41.36]: epoch 2
[22-12-21 12:05:24.75]: text ppl 122.1741 |   700/ 2808 batches
[22-12-21 12:08:07.82]: text ppl 101.5392 |  1400/ 2808 batches
[22-12-21 12:10:51.09]: text ppl 86.1505 |  2100/ 2808 batches
[22-12-21 12:13:33.89]: text ppl 75.3883 |  2800/ 2808 batches
[22-12-21 12:13:35.58]: text ppl 70.2948 |  2808/ 2808 batches
[22-12-21 12:14:09.83]: text ppl 43.3039 | valid loss 3.7682 on validation
[22-12-21 12:14:11.19]: epoch 3
[22-12-21 12:16:54.39]: text ppl 67.4269 |   700/ 2808 batches
[22-12-21 12:19:37.14]: text ppl 62.4792 |  1400/ 2808 batches
[22-12-21 12:22:19.59]: text ppl 58.6427 |  2100/ 2808 batches
[22-12-21 12:25:01.78]: text ppl 56.0115 |  2800/ 2808 batches
[22-12-21 12:25:03.47]: text ppl 55.2664 |  2808/ 2808 batches
[22-12-21 12:25:38.02]: text ppl 34.9780 | valid loss 3.5547 on validation
[22-12-21 12:25:39.38]: epoch 4
[22-12-21 12:28:23.52]: text ppl 53.0332 |   700/ 2808 batches
[22-12-21 12:31:06.41]: text ppl 51.5453 |  1400/ 2808 batches
[22-12-21 12:33:49.20]: text ppl 50.1662 |  2100/ 2808 batches
[22-12-21 12:36:31.99]: text ppl 48.9603 |  2800/ 2808 batches
[22-12-21 12:36:33.69]: text ppl 48.0052 |  2808/ 2808 batches
[22-12-21 12:37:08.17]: text ppl 31.5547 | valid loss 3.4517 on validation
[22-12-21 12:37:09.53]: epoch 5
[22-12-21 12:39:52.94]: text ppl 47.4715 |   700/ 2808 batches
[22-12-21 12:42:35.40]: text ppl 46.6693 |  1400/ 2808 batches
[22-12-21 12:45:19.25]: text ppl 45.7364 |  2100/ 2808 batches
[22-12-21 12:48:01.90]: text ppl 45.2194 |  2800/ 2808 batches
[22-12-21 12:48:03.60]: text ppl 43.9591 |  2808/ 2808 batches
[22-12-21 12:48:37.73]: text ppl 29.6743 | valid loss 3.3903 on validation
[22-12-21 12:48:39.05]: epoch 6
[22-12-21 12:51:23.41]: text ppl 43.9145 |   700/ 2808 batches
[22-12-21 12:54:07.64]: text ppl 43.8503 |  1400/ 2808 batches
[22-12-21 12:56:51.79]: text ppl 43.5844 |  2100/ 2808 batches
[22-12-21 12:59:36.17]: text ppl 42.7985 |  2800/ 2808 batches
[22-12-21 12:59:37.87]: text ppl 41.9831 |  2808/ 2808 batches
[22-12-21 13:00:12.39]: text ppl 28.5660 | valid loss 3.3522 on validation
[22-12-21 13:00:13.80]: epoch 7
[22-12-21 13:02:57.29]: text ppl 42.1086 |   700/ 2808 batches
[22-12-21 13:05:40.32]: text ppl 41.9200 |  1400/ 2808 batches
[22-12-21 13:08:22.44]: text ppl 41.6396 |  2100/ 2808 batches
[22-12-21 13:11:06.16]: text ppl 41.3542 |  2800/ 2808 batches
[22-12-21 13:11:07.85]: text ppl 42.4834 |  2808/ 2808 batches
[22-12-21 13:11:42.13]: text ppl 27.8337 | valid loss 3.3262 on validation
[22-12-21 13:11:43.49]: epoch 8
[22-12-21 13:14:26.81]: text ppl 40.6830 |   700/ 2808 batches
[22-12-21 13:17:10.91]: text ppl 40.7205 |  1400/ 2808 batches
[22-12-21 13:19:55.34]: text ppl 40.3113 |  2100/ 2808 batches
[22-12-21 13:22:39.43]: text ppl 40.0969 |  2800/ 2808 batches
[22-12-21 13:22:41.11]: text ppl 39.8303 |  2808/ 2808 batches
[22-12-21 13:23:15.46]: text ppl 27.3252 | valid loss 3.3078 on validation
[22-12-21 13:23:16.81]: epoch 9
[22-12-21 13:26:01.67]: text ppl 39.7505 |   700/ 2808 batches
[22-12-21 13:28:44.40]: text ppl 39.6324 |  1400/ 2808 batches
[22-12-21 13:31:26.26]: text ppl 39.3117 |  2100/ 2808 batches
[22-12-21 13:34:08.44]: text ppl 39.1684 |  2800/ 2808 batches
[22-12-21 13:34:10.14]: text ppl 41.2871 |  2808/ 2808 batches
[22-12-21 13:34:44.36]: text ppl 26.9475 | valid loss 3.2939 on validation
[22-12-21 13:34:45.70]: epoch 10
[22-12-21 13:37:27.27]: text ppl 38.6636 |   700/ 2808 batches
[22-12-21 13:40:09.52]: text ppl 38.7562 |  1400/ 2808 batches
[22-12-21 13:42:53.30]: text ppl 38.5990 |  2100/ 2808 batches
[22-12-21 13:45:36.76]: text ppl 38.7038 |  2800/ 2808 batches
[22-12-21 13:45:38.45]: text ppl 37.7818 |  2808/ 2808 batches
[22-12-21 13:46:13.03]: text ppl 26.6572 | valid loss 3.2831 on validation
[22-12-21 13:46:14.37]: epoch 11
[22-12-21 13:48:58.52]: text ppl 38.1236 |   700/ 2808 batches
[22-12-21 13:51:42.64]: text ppl 38.0219 |  1400/ 2808 batches
[22-12-21 13:54:24.58]: text ppl 37.7997 |  2100/ 2808 batches
[22-12-21 13:57:06.32]: text ppl 38.1079 |  2800/ 2808 batches
[22-12-21 13:57:07.97]: text ppl 37.8755 |  2808/ 2808 batches
[22-12-21 13:57:42.06]: text ppl 26.4351 | valid loss 3.2747 on validation
[22-12-21 13:57:43.42]: epoch 12
[22-12-21 14:00:25.81]: text ppl 37.4308 |   700/ 2808 batches
[22-12-21 14:03:08.21]: text ppl 37.5761 |  1400/ 2808 batches
[22-12-21 14:05:51.16]: text ppl 37.4449 |  2100/ 2808 batches
[22-12-21 14:08:35.78]: text ppl 37.3952 |  2800/ 2808 batches
[22-12-21 14:08:37.48]: text ppl 39.8263 |  2808/ 2808 batches
[22-12-21 14:09:11.96]: text ppl 26.2348 | valid loss 3.2671 on validation
[22-12-21 14:09:13.40]: epoch 13
[22-12-21 14:11:57.55]: text ppl 37.0163 |   700/ 2808 batches
[22-12-21 14:14:41.11]: text ppl 36.9384 |  1400/ 2808 batches
[22-12-21 14:17:24.84]: text ppl 37.0612 |  2100/ 2808 batches
[22-12-21 14:20:08.15]: text ppl 36.9884 |  2800/ 2808 batches
[22-12-21 14:20:09.83]: text ppl 37.5427 |  2808/ 2808 batches
[22-12-21 14:20:43.97]: text ppl 26.0545 | valid loss 3.2602 on validation
[22-12-21 14:20:45.31]: epoch 14
[22-12-21 14:23:28.60]: text ppl 36.4838 |   700/ 2808 batches
[22-12-21 14:26:10.18]: text ppl 36.5197 |  1400/ 2808 batches
[22-12-21 14:28:52.72]: text ppl 36.5841 |  2100/ 2808 batches
[22-12-21 14:31:34.74]: text ppl 36.7479 |  2800/ 2808 batches
[22-12-21 14:31:36.40]: text ppl 35.7352 |  2808/ 2808 batches
[22-12-21 14:32:10.48]: text ppl 25.9085 | valid loss 3.2546 on validation
[22-12-21 14:32:11.84]: epoch 15
[22-12-21 14:34:54.70]: text ppl 36.1062 |   700/ 2808 batches
[22-12-21 14:37:36.59]: text ppl 36.2457 |  1400/ 2808 batches
[22-12-21 14:40:18.46]: text ppl 36.3821 |  2100/ 2808 batches
[22-12-21 14:43:02.29]: text ppl 36.1700 |  2800/ 2808 batches
[22-12-21 14:43:03.98]: text ppl 37.1300 |  2808/ 2808 batches
[22-12-21 14:43:38.20]: text ppl 25.7756 | valid loss 3.2494 on validation
[22-12-21 14:43:39.50]: epoch 16
[22-12-21 14:46:23.06]: text ppl 35.7407 |   700/ 2808 batches
[22-12-21 14:49:07.55]: text ppl 36.0976 |  1400/ 2808 batches
[22-12-21 14:51:51.28]: text ppl 35.9684 |  2100/ 2808 batches
[22-12-21 14:54:34.93]: text ppl 35.8156 |  2800/ 2808 batches
[22-12-21 14:54:36.62]: text ppl 34.8272 |  2808/ 2808 batches
[22-12-21 14:55:11.07]: text ppl 25.6500 | valid loss 3.2445 on validation
[22-12-21 14:55:12.40]: epoch 17
[22-12-21 14:57:56.35]: text ppl 35.5940 |   700/ 2808 batches
[22-12-21 15:00:40.14]: text ppl 35.5526 |  1400/ 2808 batches
[22-12-21 15:03:23.95]: text ppl 35.6127 |  2100/ 2808 batches
[22-12-21 15:06:07.51]: text ppl 35.7493 |  2800/ 2808 batches
[22-12-21 15:06:09.17]: text ppl 35.9642 |  2808/ 2808 batches
[22-12-21 15:06:43.60]: text ppl 25.5409 | valid loss 3.2403 on validation
[22-12-21 15:06:44.94]: epoch 18
[22-12-21 15:09:27.83]: text ppl 35.2313 |   700/ 2808 batches
[22-12-21 15:12:10.30]: text ppl 35.4657 |  1400/ 2808 batches
[22-12-21 15:14:52.74]: text ppl 35.2659 |  2100/ 2808 batches
[22-12-21 15:17:35.74]: text ppl 35.3944 |  2800/ 2808 batches
[22-12-21 15:17:37.39]: text ppl 36.3677 |  2808/ 2808 batches
[22-12-21 15:18:11.76]: text ppl 25.4385 | valid loss 3.2363 on validation
[22-12-21 15:18:13.11]: epoch 19
[22-12-21 15:20:57.05]: text ppl 34.9187 |   700/ 2808 batches
[22-12-21 15:23:41.39]: text ppl 34.9546 |  1400/ 2808 batches
[22-12-21 15:26:25.06]: text ppl 35.2134 |  2100/ 2808 batches
[22-12-21 15:29:07.82]: text ppl 35.2477 |  2800/ 2808 batches
[22-12-21 15:29:09.49]: text ppl 34.4807 |  2808/ 2808 batches
[22-12-21 15:29:43.86]: text ppl 25.3505 | valid loss 3.2328 on validation
[22-12-21 15:29:45.28]: epoch 20
[22-12-21 15:32:28.48]: text ppl 34.7838 |   700/ 2808 batches
[22-12-21 15:35:11.14]: text ppl 34.7311 |  1400/ 2808 batches
[22-12-21 15:37:54.00]: text ppl 34.9363 |  2100/ 2808 batches
[22-12-21 15:40:37.34]: text ppl 35.1010 |  2800/ 2808 batches
[22-12-21 15:40:38.98]: text ppl 35.2433 |  2808/ 2808 batches
[22-12-21 15:41:13.42]: text ppl 25.2790 | valid loss 3.2300 on validation
[22-12-21 15:41:14.73]: epoch 21
[22-12-21 15:43:57.76]: text ppl 34.3901 |   700/ 2808 batches
[22-12-21 15:46:39.58]: text ppl 34.6558 |  1400/ 2808 batches
[22-12-21 15:49:22.29]: text ppl 34.8499 |  2100/ 2808 batches
[22-12-21 15:52:04.79]: text ppl 34.6926 |  2800/ 2808 batches
[22-12-21 15:52:06.44]: text ppl 35.3259 |  2808/ 2808 batches
[22-12-21 15:52:40.72]: text ppl 25.2003 | valid loss 3.2269 on validation
[22-12-21 15:52:42.12]: epoch 22
[22-12-21 15:55:25.09]: text ppl 34.4084 |   700/ 2808 batches
[22-12-21 15:58:09.04]: text ppl 34.5695 |  1400/ 2808 batches
[22-12-21 16:00:50.89]: text ppl 34.3908 |  2100/ 2808 batches
[22-12-21 16:03:33.27]: text ppl 34.4898 |  2800/ 2808 batches
[22-12-21 16:03:34.94]: text ppl 34.4364 |  2808/ 2808 batches
[22-12-21 16:04:09.58]: text ppl 25.1497 | valid loss 3.2248 on validation
[22-12-21 16:04:10.92]: epoch 23
[22-12-21 16:06:53.55]: text ppl 34.3031 |   700/ 2808 batches
[22-12-21 16:09:36.01]: text ppl 34.2993 |  1400/ 2808 batches
[22-12-21 16:12:19.43]: text ppl 34.0935 |  2100/ 2808 batches
[22-12-21 16:15:02.50]: text ppl 34.4294 |  2800/ 2808 batches
[22-12-21 16:15:04.15]: text ppl 34.6516 |  2808/ 2808 batches
[22-12-21 16:15:38.44]: text ppl 25.0582 | valid loss 3.2212 on validation
[22-12-21 16:15:39.77]: epoch 24
[22-12-21 16:18:24.09]: text ppl 33.9544 |   700/ 2808 batches
[22-12-21 16:21:08.02]: text ppl 33.9702 |  1400/ 2808 batches
[22-12-21 16:23:51.74]: text ppl 34.2388 |  2100/ 2808 batches
[22-12-21 16:26:36.10]: text ppl 34.2261 |  2800/ 2808 batches
[22-12-21 16:26:37.78]: text ppl 33.3267 |  2808/ 2808 batches
[22-12-21 16:27:12.76]: text ppl 24.9841 | valid loss 3.2182 on validation
[22-12-21 16:27:14.15]: epoch 25
[22-12-21 16:29:57.52]: text ppl 33.7935 |   700/ 2808 batches
[22-12-21 16:32:40.70]: text ppl 33.9367 |  1400/ 2808 batches
[22-12-21 16:35:24.47]: text ppl 34.1015 |  2100/ 2808 batches
[22-12-21 16:38:07.54]: text ppl 33.9883 |  2800/ 2808 batches
[22-12-21 16:38:09.19]: text ppl 33.0993 |  2808/ 2808 batches
[22-12-21 16:38:43.39]: text ppl 24.9268 | valid loss 3.2159 on validation
[22-12-21 16:38:44.44]: epoch 26
[22-12-21 16:41:28.01]: text ppl 33.6602 |   700/ 2808 batches
[22-12-21 16:44:10.74]: text ppl 33.8338 |  1400/ 2808 batches
[22-12-21 16:46:52.19]: text ppl 33.7328 |  2100/ 2808 batches
[22-12-21 16:49:33.89]: text ppl 33.9589 |  2800/ 2808 batches
[22-12-21 16:49:35.53]: text ppl 35.6070 |  2808/ 2808 batches
[22-12-21 16:50:09.69]: text ppl 24.8743 | valid loss 3.2138 on validation
[22-12-21 16:50:10.77]: epoch 27
[22-12-21 16:52:53.22]: text ppl 33.5757 |   700/ 2808 batches
[22-12-21 16:55:36.44]: text ppl 33.5585 |  1400/ 2808 batches
[22-12-21 16:58:20.64]: text ppl 33.6776 |  2100/ 2808 batches
[22-12-21 17:01:04.20]: text ppl 33.7622 |  2800/ 2808 batches
[22-12-21 17:01:05.87]: text ppl 33.7612 |  2808/ 2808 batches
[22-12-21 17:01:40.48]: text ppl 24.8170 | valid loss 3.2115 on validation
[22-12-21 17:01:49.97]: epoch 28
[22-12-21 17:04:32.94]: text ppl 33.4099 |   700/ 2808 batches
[22-12-21 17:07:16.48]: text ppl 33.4104 |  1400/ 2808 batches
[22-12-21 17:10:00.33]: text ppl 33.5525 |  2100/ 2808 batches
[22-12-21 17:12:42.93]: text ppl 33.6476 |  2800/ 2808 batches
[22-12-21 17:12:44.61]: text ppl 33.2661 |  2808/ 2808 batches
[22-12-21 17:13:19.25]: text ppl 24.7609 | valid loss 3.2093 on validation
[22-12-21 17:13:20.50]: epoch 29
[22-12-21 17:16:03.26]: text ppl 33.1426 |   700/ 2808 batches
[22-12-21 17:18:45.42]: text ppl 33.3357 |  1400/ 2808 batches
[22-12-21 17:21:28.59]: text ppl 33.4989 |  2100/ 2808 batches
[22-12-21 17:24:12.76]: text ppl 33.6080 |  2800/ 2808 batches
[22-12-21 17:24:14.44]: text ppl 31.8319 |  2808/ 2808 batches
[22-12-21 17:24:49.08]: text ppl 24.7132 | valid loss 3.2073 on validation
[22-12-21 17:24:50.49]: epoch 30
[22-12-21 17:27:33.10]: text ppl 33.1608 |   700/ 2808 batches
[22-12-21 17:30:16.50]: text ppl 33.2095 |  1400/ 2808 batches
[22-12-21 17:33:00.64]: text ppl 33.3123 |  2100/ 2808 batches
[22-12-21 17:35:43.97]: text ppl 33.2975 |  2800/ 2808 batches
[22-12-21 17:35:45.66]: text ppl 33.3600 |  2808/ 2808 batches
[22-12-21 17:36:20.23]: text ppl 24.6533 | valid loss 3.2049 on validation
[22-12-21 17:36:21.63]: epoch 31
[22-12-21 17:39:04.78]: text ppl 32.9559 |   700/ 2808 batches
[22-12-21 17:41:46.35]: text ppl 32.9465 |  1400/ 2808 batches
[22-12-21 17:44:27.54]: text ppl 33.3168 |  2100/ 2808 batches
[22-12-21 17:47:08.93]: text ppl 33.2894 |  2800/ 2808 batches
[22-12-21 17:47:10.59]: text ppl 31.4659 |  2808/ 2808 batches
[22-12-21 17:47:44.73]: text ppl 24.6232 | valid loss 3.2037 on validation
[22-12-21 17:47:46.02]: epoch 32
[22-12-21 17:50:29.68]: text ppl 32.7922 |   700/ 2808 batches
[22-12-21 17:53:11.90]: text ppl 33.0023 |  1400/ 2808 batches
[22-12-21 17:55:53.60]: text ppl 33.1182 |  2100/ 2808 batches
[22-12-21 17:58:35.97]: text ppl 33.1123 |  2800/ 2808 batches
[22-12-21 17:58:37.62]: text ppl 31.6882 |  2808/ 2808 batches
[22-12-21 17:59:11.88]: text ppl 24.5758 | valid loss 3.2018 on validation
[22-12-21 17:59:13.14]: epoch 33
[22-12-21 18:01:56.21]: text ppl 32.5886 |   700/ 2808 batches
[22-12-21 18:04:38.64]: text ppl 32.9320 |  1400/ 2808 batches
[22-12-21 18:07:21.84]: text ppl 33.1298 |  2100/ 2808 batches
[22-12-21 18:10:04.24]: text ppl 32.9416 |  2800/ 2808 batches
[22-12-21 18:10:05.91]: text ppl 33.2471 |  2808/ 2808 batches
[22-12-21 18:10:40.10]: text ppl 24.5291 | valid loss 3.1999 on validation
[22-12-21 18:10:41.28]: epoch 34
[22-12-21 18:13:23.63]: text ppl 32.6551 |   700/ 2808 batches
[22-12-21 18:16:06.96]: text ppl 32.7847 |  1400/ 2808 batches
[22-12-21 18:18:51.00]: text ppl 32.8529 |  2100/ 2808 batches
[22-12-21 18:21:33.83]: text ppl 32.8752 |  2800/ 2808 batches
[22-12-21 18:21:35.48]: text ppl 32.0775 |  2808/ 2808 batches
[22-12-21 18:22:10.00]: text ppl 24.4745 | valid loss 3.1976 on validation
[22-12-21 18:22:11.27]: epoch 35
[22-12-21 18:24:54.16]: text ppl 32.5801 |   700/ 2808 batches
[22-12-21 18:27:36.36]: text ppl 32.5584 |  1400/ 2808 batches
[22-12-21 18:30:17.65]: text ppl 32.7788 |  2100/ 2808 batches
[22-12-21 18:32:59.23]: text ppl 32.8806 |  2800/ 2808 batches
[22-12-21 18:33:00.89]: text ppl 32.4650 |  2808/ 2808 batches
[22-12-21 18:33:35.77]: text ppl 24.4442 | valid loss 3.1964 on validation
[22-12-21 18:33:36.84]: epoch 36
[22-12-21 18:36:18.37]: text ppl 32.3151 |   700/ 2808 batches
[22-12-21 18:39:01.60]: text ppl 32.6570 |  1400/ 2808 batches
[22-12-21 18:41:43.37]: text ppl 32.7073 |  2100/ 2808 batches
[22-12-21 18:44:25.89]: text ppl 32.7462 |  2800/ 2808 batches
[22-12-21 18:44:27.53]: text ppl 31.9166 |  2808/ 2808 batches
[22-12-21 18:45:01.60]: text ppl 24.4046 | valid loss 3.1948 on validation
[22-12-21 18:45:02.84]: epoch 37
[22-12-21 18:47:45.02]: text ppl 32.2607 |   700/ 2808 batches
[22-12-21 18:50:27.87]: text ppl 32.5214 |  1400/ 2808 batches
[22-12-21 18:53:10.68]: text ppl 32.5254 |  2100/ 2808 batches
[22-12-21 18:55:54.03]: text ppl 32.7090 |  2800/ 2808 batches
[22-12-21 18:55:55.71]: text ppl 31.4553 |  2808/ 2808 batches
[22-12-21 18:56:30.17]: text ppl 24.3772 | valid loss 3.1936 on validation
[22-12-21 18:56:31.45]: epoch 38
[22-12-21 18:59:14.39]: text ppl 32.2329 |   700/ 2808 batches
[22-12-21 19:01:56.01]: text ppl 32.3222 |  1400/ 2808 batches
[22-12-21 19:04:39.97]: text ppl 32.5794 |  2100/ 2808 batches
[22-12-21 19:07:22.65]: text ppl 32.5145 |  2800/ 2808 batches
[22-12-21 19:07:24.32]: text ppl 33.5470 |  2808/ 2808 batches
[22-12-21 19:07:58.82]: text ppl 24.3326 | valid loss 3.1918 on validation
[22-12-21 19:07:59.94]: epoch 39
[22-12-21 19:10:41.88]: text ppl 32.1282 |   700/ 2808 batches
[22-12-21 19:13:24.71]: text ppl 32.3976 |  1400/ 2808 batches
[22-12-21 19:16:08.37]: text ppl 32.2122 |  2100/ 2808 batches
[22-12-21 19:18:51.74]: text ppl 32.5324 |  2800/ 2808 batches
[22-12-21 19:18:53.42]: text ppl 30.8478 |  2808/ 2808 batches
[22-12-21 19:19:27.83]: text ppl 24.3143 | valid loss 3.1911 on validation
[22-12-21 19:19:28.87]: epoch 40
[22-12-21 19:22:13.55]: text ppl 32.0473 |   700/ 2808 batches
[22-12-21 19:24:58.98]: text ppl 32.3140 |  1400/ 2808 batches
[22-12-21 19:27:44.21]: text ppl 32.3090 |  2100/ 2808 batches
[22-12-21 19:30:29.19]: text ppl 32.3742 |  2800/ 2808 batches
[22-12-21 19:30:30.89]: text ppl 32.4472 |  2808/ 2808 batches
[22-12-21 19:31:06.61]: text ppl 24.2754 | valid loss 3.1895 on validation
[22-12-21 19:31:07.96]: epoch 41
[22-12-21 19:33:53.55]: text ppl 31.9778 |   700/ 2808 batches
[22-12-21 19:36:39.05]: text ppl 32.2356 |  1400/ 2808 batches
[22-12-21 19:39:24.41]: text ppl 32.2033 |  2100/ 2808 batches
[22-12-21 19:42:09.42]: text ppl 32.2186 |  2800/ 2808 batches
[22-12-21 19:42:11.11]: text ppl 32.5562 |  2808/ 2808 batches
[22-12-21 19:42:46.74]: text ppl 24.2390 | valid loss 3.1880 on validation
[22-12-21 19:42:48.09]: epoch 42
[22-12-21 19:45:33.15]: text ppl 31.9636 |   700/ 2808 batches
[22-12-21 19:48:18.50]: text ppl 32.1591 |  1400/ 2808 batches
[22-12-21 19:51:03.94]: text ppl 32.0772 |  2100/ 2808 batches
[22-12-21 19:53:49.31]: text ppl 32.1223 |  2800/ 2808 batches
[22-12-21 19:53:51.00]: text ppl 31.9860 |  2808/ 2808 batches
[22-12-21 19:54:26.77]: text ppl 24.2090 | valid loss 3.1867 on validation
[22-12-21 19:54:28.08]: epoch 43
[22-12-21 19:57:13.76]: text ppl 31.9259 |   700/ 2808 batches
[22-12-21 19:59:59.29]: text ppl 31.8599 |  1400/ 2808 batches
[22-12-21 20:02:44.64]: text ppl 32.1749 |  2100/ 2808 batches
[22-12-21 20:05:29.82]: text ppl 32.0576 |  2800/ 2808 batches
[22-12-21 20:05:31.48]: text ppl 30.7961 |  2808/ 2808 batches
[22-12-21 20:06:07.14]: text ppl 24.1822 | valid loss 3.1856 on validation
[22-12-21 20:06:08.44]: epoch 44
[22-12-21 20:08:53.70]: text ppl 31.6986 |   700/ 2808 batches
[22-12-21 20:11:38.64]: text ppl 31.8812 |  1400/ 2808 batches
[22-12-21 20:14:24.00]: text ppl 31.9245 |  2100/ 2808 batches
[22-12-21 20:17:09.02]: text ppl 32.2027 |  2800/ 2808 batches
[22-12-21 20:17:10.71]: text ppl 32.2957 |  2808/ 2808 batches
[22-12-21 20:17:46.15]: text ppl 24.1509 | valid loss 3.1843 on validation
[22-12-21 20:17:47.46]: epoch 45
[22-12-21 20:20:32.58]: text ppl 31.6270 |   700/ 2808 batches
[22-12-21 20:23:17.63]: text ppl 31.8222 |  1400/ 2808 batches
[22-12-21 20:26:02.81]: text ppl 32.0399 |  2100/ 2808 batches
[22-12-21 20:28:48.29]: text ppl 31.9753 |  2800/ 2808 batches
[22-12-21 20:28:49.97]: text ppl 33.6300 |  2808/ 2808 batches
[22-12-21 20:29:25.59]: text ppl 24.1259 | valid loss 3.1833 on validation
[22-12-21 20:29:26.89]: epoch 46
[22-12-21 20:32:12.56]: text ppl 31.6824 |   700/ 2808 batches
[22-12-21 20:34:56.88]: text ppl 31.6970 |  1400/ 2808 batches
[22-12-21 20:37:41.48]: text ppl 31.8464 |  2100/ 2808 batches
[22-12-21 20:40:26.52]: text ppl 31.8822 |  2800/ 2808 batches
[22-12-21 20:40:28.21]: text ppl 31.9843 |  2808/ 2808 batches
[22-12-21 20:41:04.03]: text ppl 24.0957 | valid loss 3.1820 on validation
[22-12-21 20:41:05.35]: epoch 47
[22-12-21 20:43:50.96]: text ppl 31.4628 |   700/ 2808 batches
[22-12-21 20:46:36.14]: text ppl 31.8351 |  1400/ 2808 batches
[22-12-21 20:49:20.87]: text ppl 31.7317 |  2100/ 2808 batches
[22-12-21 20:52:05.34]: text ppl 31.8368 |  2800/ 2808 batches
[22-12-21 20:52:07.02]: text ppl 33.9525 |  2808/ 2808 batches
[22-12-21 20:52:42.45]: text ppl 24.0656 | valid loss 3.1808 on validation
[22-12-21 20:52:43.79]: epoch 48
[22-12-21 20:55:29.01]: text ppl 31.4055 |   700/ 2808 batches
[22-12-21 20:58:14.30]: text ppl 31.7157 |  1400/ 2808 batches
[22-12-21 21:00:59.30]: text ppl 31.7838 |  2100/ 2808 batches
[22-12-21 21:03:43.68]: text ppl 31.7080 |  2800/ 2808 batches
[22-12-21 21:03:45.36]: text ppl 31.2647 |  2808/ 2808 batches
[22-12-21 21:04:21.02]: text ppl 24.0407 | valid loss 3.1797 on validation
[22-12-21 21:04:22.34]: epoch 49
[22-12-21 21:07:07.58]: text ppl 31.4572 |   700/ 2808 batches
[22-12-21 21:09:53.06]: text ppl 31.5120 |  1400/ 2808 batches
[22-12-21 21:12:38.58]: text ppl 31.6463 |  2100/ 2808 batches
[22-12-21 21:15:23.94]: text ppl 31.7418 |  2800/ 2808 batches
[22-12-21 21:15:25.62]: text ppl 31.4032 |  2808/ 2808 batches
[22-12-21 21:16:01.11]: text ppl 24.0196 | valid loss 3.1789 on validation
[22-12-21 21:16:02.47]: epoch 50
[22-12-21 21:18:47.63]: text ppl 31.2842 |   700/ 2808 batches
[22-12-21 21:21:32.71]: text ppl 31.5132 |  1400/ 2808 batches
[22-12-21 21:24:17.86]: text ppl 31.5762 |  2100/ 2808 batches
[22-12-21 21:27:03.20]: text ppl 31.7409 |  2800/ 2808 batches
[22-12-21 21:27:04.89]: text ppl 31.0246 |  2808/ 2808 batches
[22-12-21 21:27:40.52]: text ppl 23.9938 | valid loss 3.1778 on validation
[22-12-21 21:27:41.91]: epoch 51
[22-12-21 21:30:27.45]: text ppl 31.2709 |   700/ 2808 batches
[22-12-21 21:33:12.63]: text ppl 31.4555 |  1400/ 2808 batches
[22-12-21 21:35:57.53]: text ppl 31.4839 |  2100/ 2808 batches
[22-12-21 21:38:42.57]: text ppl 31.6348 |  2800/ 2808 batches
[22-12-21 21:38:44.26]: text ppl 31.6449 |  2808/ 2808 batches
[22-12-21 21:39:19.97]: text ppl 23.9706 | valid loss 3.1768 on validation
[22-12-21 21:39:21.22]: epoch 52
[22-12-21 21:42:06.76]: text ppl 31.2519 |   700/ 2808 batches
[22-12-21 21:44:52.07]: text ppl 31.4328 |  1400/ 2808 batches
[22-12-21 21:47:37.27]: text ppl 31.3920 |  2100/ 2808 batches
[22-12-21 21:50:22.12]: text ppl 31.4568 |  2800/ 2808 batches
[22-12-21 21:50:23.81]: text ppl 31.7605 |  2808/ 2808 batches
[22-12-21 21:50:58.65]: text ppl 23.9493 | valid loss 3.1759 on validation
[22-12-21 21:51:00.04]: epoch 53
[22-12-21 21:53:45.37]: text ppl 31.1285 |   700/ 2808 batches
[22-12-21 21:56:30.73]: text ppl 31.2800 |  1400/ 2808 batches
[22-12-21 21:59:16.24]: text ppl 31.4804 |  2100/ 2808 batches
[22-12-21 22:02:01.63]: text ppl 31.4556 |  2800/ 2808 batches
[22-12-21 22:02:03.31]: text ppl 32.0280 |  2808/ 2808 batches
[22-12-21 22:02:38.83]: text ppl 23.9300 | valid loss 3.1751 on validation
[22-12-21 22:02:40.08]: epoch 54
[22-12-21 22:05:25.16]: text ppl 31.0515 |   700/ 2808 batches
[22-12-21 22:08:09.64]: text ppl 31.2377 |  1400/ 2808 batches
[22-12-21 22:10:54.74]: text ppl 31.4223 |  2100/ 2808 batches
[22-12-21 22:13:39.97]: text ppl 31.4630 |  2800/ 2808 batches
[22-12-21 22:13:41.66]: text ppl 32.2499 |  2808/ 2808 batches
[22-12-21 22:14:17.17]: text ppl 23.9020 | valid loss 3.1740 on validation
[22-12-21 22:14:18.42]: epoch 55
[22-12-21 22:17:03.89]: text ppl 30.9570 |   700/ 2808 batches
[22-12-21 22:19:48.95]: text ppl 31.1275 |  1400/ 2808 batches
[22-12-21 22:22:33.59]: text ppl 31.3344 |  2100/ 2808 batches
[22-12-21 22:25:18.38]: text ppl 31.4868 |  2800/ 2808 batches
[22-12-21 22:25:20.06]: text ppl 30.6263 |  2808/ 2808 batches
[22-12-21 22:25:55.29]: text ppl 23.8745 | valid loss 3.1728 on validation
[22-12-21 22:25:56.34]: epoch 56
[22-12-21 22:28:41.72]: text ppl 30.8863 |   700/ 2808 batches
[22-12-21 22:31:26.72]: text ppl 31.1111 |  1400/ 2808 batches
[22-12-21 22:34:11.26]: text ppl 31.2932 |  2100/ 2808 batches
[22-12-21 22:36:56.60]: text ppl 31.4265 |  2800/ 2808 batches
[22-12-21 22:36:58.29]: text ppl 31.1048 |  2808/ 2808 batches
[22-12-21 22:37:33.93]: text ppl 23.8578 | valid loss 3.1721 on validation
[22-12-21 22:37:35.30]: epoch 57
[22-12-21 22:40:20.68]: text ppl 30.8530 |   700/ 2808 batches
[22-12-21 22:43:06.27]: text ppl 30.9914 |  1400/ 2808 batches
[22-12-21 22:45:51.85]: text ppl 31.2529 |  2100/ 2808 batches
[22-12-21 22:48:37.21]: text ppl 31.3186 |  2800/ 2808 batches
[22-12-21 22:48:38.90]: text ppl 30.9330 |  2808/ 2808 batches
[22-12-21 22:49:14.13]: text ppl 23.8358 | valid loss 3.1712 on validation
[22-12-21 22:49:15.48]: epoch 58
[22-12-21 22:52:01.21]: text ppl 30.8480 |   700/ 2808 batches
[22-12-21 22:54:46.37]: text ppl 31.1723 |  1400/ 2808 batches
[22-12-21 22:57:31.20]: text ppl 31.1075 |  2100/ 2808 batches
[22-12-21 23:00:16.32]: text ppl 31.0968 |  2800/ 2808 batches
[22-12-21 23:00:18.01]: text ppl 31.2172 |  2808/ 2808 batches
[22-12-21 23:00:53.46]: text ppl 23.8166 | valid loss 3.1704 on validation
[22-12-21 23:00:54.72]: epoch 59
[22-12-21 23:03:40.13]: text ppl 30.9213 |   700/ 2808 batches
[22-12-21 23:06:25.40]: text ppl 31.0291 |  1400/ 2808 batches
[22-12-21 23:09:10.40]: text ppl 30.9146 |  2100/ 2808 batches
[22-12-21 23:11:55.60]: text ppl 31.1690 |  2800/ 2808 batches
[22-12-21 23:11:57.28]: text ppl 30.2980 |  2808/ 2808 batches
[22-12-21 23:12:32.66]: text ppl 23.8073 | valid loss 3.1700 on validation
[22-12-21 23:12:34.00]: epoch 60
[22-12-21 23:15:19.37]: text ppl 30.7430 |   700/ 2808 batches
[22-12-21 23:18:04.80]: text ppl 30.9020 |  1400/ 2808 batches
[22-12-21 23:20:50.03]: text ppl 30.9011 |  2100/ 2808 batches
[22-12-21 23:23:35.16]: text ppl 31.2328 |  2800/ 2808 batches
[22-12-21 23:23:36.84]: text ppl 31.3421 |  2808/ 2808 batches
[22-12-21 23:24:12.56]: text ppl 23.7816 | valid loss 3.1689 on validation
[22-12-21 23:24:13.96]: epoch 61
[22-12-21 23:26:59.26]: text ppl 30.6259 |   700/ 2808 batches
[22-12-21 23:29:44.28]: text ppl 30.8837 |  1400/ 2808 batches
[22-12-21 23:32:29.29]: text ppl 31.0664 |  2100/ 2808 batches
[22-12-21 23:35:14.43]: text ppl 31.0907 |  2800/ 2808 batches
[22-12-21 23:35:16.11]: text ppl 32.7600 |  2808/ 2808 batches
[22-12-21 23:35:51.33]: text ppl 23.7620 | valid loss 3.1681 on validation
[22-12-21 23:35:52.54]: epoch 62
[22-12-21 23:38:38.04]: text ppl 30.8058 |   700/ 2808 batches
[22-12-21 23:41:23.28]: text ppl 30.8749 |  1400/ 2808 batches
[22-12-21 23:44:08.40]: text ppl 30.8547 |  2100/ 2808 batches
[22-12-21 23:46:53.32]: text ppl 30.9526 |  2800/ 2808 batches
[22-12-21 23:46:55.01]: text ppl 30.2426 |  2808/ 2808 batches
[22-12-21 23:47:30.20]: text ppl 23.7400 | valid loss 3.1672 on validation
[22-12-21 23:47:31.51]: epoch 63
[22-12-21 23:50:16.55]: text ppl 30.6690 |   700/ 2808 batches
[22-12-21 23:53:01.84]: text ppl 30.8732 |  1400/ 2808 batches
[22-12-21 23:55:46.71]: text ppl 30.7578 |  2100/ 2808 batches
[22-12-21 23:58:31.58]: text ppl 30.9736 |  2800/ 2808 batches
[22-12-21 23:58:33.27]: text ppl 29.7024 |  2808/ 2808 batches
[22-12-21 23:59:08.19]: text ppl 23.7251 | valid loss 3.1665 on validation
[22-12-21 23:59:09.47]: epoch 64
[22-12-22 00:01:54.23]: text ppl 30.7444 |   700/ 2808 batches
[22-12-22 00:04:38.26]: text ppl 30.7303 |  1400/ 2808 batches
[22-12-22 00:07:23.50]: text ppl 30.8934 |  2100/ 2808 batches
[22-12-22 00:10:08.78]: text ppl 30.7608 |  2800/ 2808 batches
[22-12-22 00:10:10.46]: text ppl 30.9404 |  2808/ 2808 batches
[22-12-22 00:10:46.05]: text ppl 23.7064 | valid loss 3.1657 on validation
[22-12-22 00:10:47.38]: epoch 65
[22-12-22 00:13:32.33]: text ppl 30.5403 |   700/ 2808 batches
[22-12-22 00:16:17.50]: text ppl 30.6667 |  1400/ 2808 batches
[22-12-22 00:19:02.80]: text ppl 30.8168 |  2100/ 2808 batches
[22-12-22 00:21:48.26]: text ppl 30.8472 |  2800/ 2808 batches
[22-12-22 00:21:49.94]: text ppl 31.4733 |  2808/ 2808 batches
[22-12-22 00:22:25.58]: text ppl 23.6909 | valid loss 3.1651 on validation
[22-12-22 00:22:26.93]: epoch 66
[22-12-22 00:25:12.42]: text ppl 30.5361 |   700/ 2808 batches
[22-12-22 00:27:57.66]: text ppl 30.6967 |  1400/ 2808 batches
[22-12-22 00:30:42.66]: text ppl 30.7211 |  2100/ 2808 batches
[22-12-22 00:33:27.52]: text ppl 30.8175 |  2800/ 2808 batches
[22-12-22 00:33:29.20]: text ppl 31.2428 |  2808/ 2808 batches
[22-12-22 00:34:04.73]: text ppl 23.6758 | valid loss 3.1645 on validation
[22-12-22 00:34:06.03]: epoch 67
[22-12-22 00:36:51.16]: text ppl 30.4357 |   700/ 2808 batches
[22-12-22 00:39:36.21]: text ppl 30.7157 |  1400/ 2808 batches
[22-12-22 00:42:21.66]: text ppl 30.6103 |  2100/ 2808 batches
[22-12-22 00:45:06.89]: text ppl 30.8365 |  2800/ 2808 batches
[22-12-22 00:45:08.57]: text ppl 31.6293 |  2808/ 2808 batches
[22-12-22 00:45:43.97]: text ppl 23.6516 | valid loss 3.1634 on validation
[22-12-22 00:45:45.26]: epoch 68
[22-12-22 00:48:30.53]: text ppl 30.5757 |   700/ 2808 batches
[22-12-22 00:51:15.56]: text ppl 30.4530 |  1400/ 2808 batches
[22-12-22 00:54:00.87]: text ppl 30.6880 |  2100/ 2808 batches
[22-12-22 00:56:46.23]: text ppl 30.6757 |  2800/ 2808 batches
[22-12-22 00:56:47.92]: text ppl 31.6576 |  2808/ 2808 batches
[22-12-22 00:57:23.41]: text ppl 23.6436 | valid loss 3.1631 on validation
[22-12-22 00:57:24.47]: epoch 69
[22-12-22 01:00:10.14]: text ppl 30.3917 |   700/ 2808 batches
[22-12-22 01:02:55.02]: text ppl 30.6919 |  1400/ 2808 batches
[22-12-22 01:05:39.67]: text ppl 30.5534 |  2100/ 2808 batches
[22-12-22 01:08:24.40]: text ppl 30.5470 |  2800/ 2808 batches
[22-12-22 01:08:26.08]: text ppl 31.3150 |  2808/ 2808 batches
[22-12-22 01:09:01.37]: text ppl 23.6330 | valid loss 3.1626 on validation
[22-12-22 01:09:02.74]: epoch 70
[22-12-22 01:11:48.24]: text ppl 30.2847 |   700/ 2808 batches
[22-12-22 01:14:33.61]: text ppl 30.5513 |  1400/ 2808 batches
[22-12-22 01:17:17.82]: text ppl 30.6220 |  2100/ 2808 batches
[22-12-22 01:20:02.51]: text ppl 30.6344 |  2800/ 2808 batches
[22-12-22 01:20:04.20]: text ppl 31.4664 |  2808/ 2808 batches
[22-12-22 01:20:39.89]: text ppl 23.6121 | valid loss 3.1618 on validation
[22-12-22 01:20:41.18]: epoch 71
[22-12-22 01:23:26.35]: text ppl 30.3731 |   700/ 2808 batches
[22-12-22 01:26:12.46]: text ppl 30.3496 |  1400/ 2808 batches
[22-12-22 01:28:57.73]: text ppl 30.6331 |  2100/ 2808 batches
[22-12-22 01:31:42.74]: text ppl 30.5714 |  2800/ 2808 batches
[22-12-22 01:31:44.43]: text ppl 31.1258 |  2808/ 2808 batches
[22-12-22 01:32:20.03]: text ppl 23.5997 | valid loss 3.1612 on validation
[22-12-22 01:32:21.38]: epoch 72
[22-12-22 01:35:06.51]: text ppl 30.2758 |   700/ 2808 batches
[22-12-22 01:37:51.77]: text ppl 30.3978 |  1400/ 2808 batches
[22-12-22 01:40:36.86]: text ppl 30.6808 |  2100/ 2808 batches
[22-12-22 01:43:22.23]: text ppl 30.3714 |  2800/ 2808 batches
[22-12-22 01:43:23.93]: text ppl 31.1455 |  2808/ 2808 batches
[22-12-22 01:43:59.77]: text ppl 23.5826 | valid loss 3.1605 on validation
[22-12-22 01:44:01.11]: epoch 73
[22-12-22 01:46:46.62]: text ppl 30.1081 |   700/ 2808 batches
[22-12-22 01:49:31.13]: text ppl 30.4921 |  1400/ 2808 batches
[22-12-22 01:52:15.73]: text ppl 30.4246 |  2100/ 2808 batches
[22-12-22 01:55:00.75]: text ppl 30.5994 |  2800/ 2808 batches
[22-12-22 01:55:02.45]: text ppl 30.0404 |  2808/ 2808 batches
[22-12-22 01:55:37.83]: text ppl 23.5669 | valid loss 3.1598 on validation
[22-12-22 01:55:39.14]: epoch 74
[22-12-22 01:58:24.65]: text ppl 30.3642 |   700/ 2808 batches
[22-12-22 02:01:09.89]: text ppl 30.3034 |  1400/ 2808 batches
[22-12-22 02:03:54.85]: text ppl 30.2132 |  2100/ 2808 batches
[22-12-22 02:06:40.19]: text ppl 30.5292 |  2800/ 2808 batches
[22-12-22 02:06:41.90]: text ppl 31.0540 |  2808/ 2808 batches
[22-12-22 02:07:17.44]: text ppl 23.5606 | valid loss 3.1596 on validation
[22-12-22 02:07:18.67]: epoch 75
[22-12-22 02:10:04.30]: text ppl 30.2088 |   700/ 2808 batches
[22-12-22 02:12:48.73]: text ppl 30.3647 |  1400/ 2808 batches
[22-12-22 02:15:33.15]: text ppl 30.3194 |  2100/ 2808 batches
[22-12-22 02:18:18.54]: text ppl 30.3896 |  2800/ 2808 batches
[22-12-22 02:18:20.24]: text ppl 30.5476 |  2808/ 2808 batches
[22-12-22 02:18:55.40]: text ppl 23.5463 | valid loss 3.1590 on validation
[22-12-22 02:18:56.68]: epoch 76
[22-12-22 02:21:42.37]: text ppl 30.1387 |   700/ 2808 batches
[22-12-22 02:24:27.47]: text ppl 30.3253 |  1400/ 2808 batches
[22-12-22 02:27:12.86]: text ppl 30.3262 |  2100/ 2808 batches
[22-12-22 02:29:58.23]: text ppl 30.2729 |  2800/ 2808 batches
[22-12-22 02:29:59.93]: text ppl 30.8476 |  2808/ 2808 batches
[22-12-22 02:30:35.55]: text ppl 23.5299 | valid loss 3.1583 on validation
[22-12-22 02:30:36.84]: epoch 77
[22-12-22 02:33:22.46]: text ppl 30.0266 |   700/ 2808 batches
[22-12-22 02:36:07.66]: text ppl 30.2330 |  1400/ 2808 batches
[22-12-22 02:38:52.48]: text ppl 30.2276 |  2100/ 2808 batches
[22-12-22 02:41:37.34]: text ppl 30.5306 |  2800/ 2808 batches
[22-12-22 02:41:39.04]: text ppl 29.6693 |  2808/ 2808 batches
[22-12-22 02:42:14.32]: text ppl 23.5145 | valid loss 3.1576 on validation
[22-12-22 02:42:15.50]: epoch 78
[22-12-22 02:45:00.90]: text ppl 30.0056 |   700/ 2808 batches
[22-12-22 02:47:46.26]: text ppl 30.1276 |  1400/ 2808 batches
[22-12-22 02:50:31.69]: text ppl 30.2888 |  2100/ 2808 batches
[22-12-22 02:53:17.00]: text ppl 30.4331 |  2800/ 2808 batches
[22-12-22 02:53:18.68]: text ppl 29.7212 |  2808/ 2808 batches
[22-12-22 02:53:54.35]: text ppl 23.4978 | valid loss 3.1569 on validation
[22-12-22 02:53:55.77]: epoch 79
[22-12-22 02:56:40.95]: text ppl 29.9911 |   700/ 2808 batches
[22-12-22 02:59:25.86]: text ppl 30.2706 |  1400/ 2808 batches
[22-12-22 03:02:11.41]: text ppl 30.2912 |  2100/ 2808 batches
[22-12-22 03:04:57.07]: text ppl 30.1570 |  2800/ 2808 batches
[22-12-22 03:04:58.76]: text ppl 30.3075 |  2808/ 2808 batches
[22-12-22 03:05:34.43]: text ppl 23.4778 | valid loss 3.1561 on validation
[22-12-22 03:05:35.74]: epoch 80
[22-12-22 03:08:20.88]: text ppl 30.0119 |   700/ 2808 batches
[22-12-22 03:11:05.71]: text ppl 30.0716 |  1400/ 2808 batches
[22-12-22 03:13:50.90]: text ppl 30.1410 |  2100/ 2808 batches
[22-12-22 03:16:35.93]: text ppl 30.3649 |  2800/ 2808 batches
[22-12-22 03:16:37.61]: text ppl 29.7259 |  2808/ 2808 batches
[22-12-22 03:17:13.25]: text ppl 23.4766 | valid loss 3.1560 on validation
[22-12-22 03:17:14.56]: epoch 81
[22-12-22 03:20:00.36]: text ppl 30.0079 |   700/ 2808 batches
[22-12-22 03:22:45.62]: text ppl 30.1246 |  1400/ 2808 batches
[22-12-22 03:25:30.49]: text ppl 30.1224 |  2100/ 2808 batches
[22-12-22 03:28:15.47]: text ppl 30.1961 |  2800/ 2808 batches
[22-12-22 03:28:17.15]: text ppl 31.1073 |  2808/ 2808 batches
[22-12-22 03:28:52.87]: text ppl 23.4612 | valid loss 3.1553 on validation
[22-12-22 03:28:54.09]: epoch 82
[22-12-22 03:31:39.54]: text ppl 29.9551 |   700/ 2808 batches
[22-12-22 03:34:25.05]: text ppl 29.8720 |  1400/ 2808 batches
[22-12-22 03:37:09.55]: text ppl 30.0981 |  2100/ 2808 batches
[22-12-22 03:39:54.45]: text ppl 30.3543 |  2800/ 2808 batches
[22-12-22 03:39:56.13]: text ppl 29.1915 |  2808/ 2808 batches
[22-12-22 03:40:31.83]: text ppl 23.4468 | valid loss 3.1547 on validation
[22-12-22 03:40:33.19]: epoch 83
[22-12-22 03:43:18.26]: text ppl 29.8071 |   700/ 2808 batches
[22-12-22 03:46:02.30]: text ppl 30.1255 |  1400/ 2808 batches
[22-12-22 03:48:47.47]: text ppl 30.1375 |  2100/ 2808 batches
[22-12-22 03:51:32.91]: text ppl 30.0911 |  2800/ 2808 batches
[22-12-22 03:51:34.60]: text ppl 30.4713 |  2808/ 2808 batches
[22-12-22 03:52:10.44]: text ppl 23.4313 | valid loss 3.1541 on validation
[22-12-22 03:52:11.83]: epoch 84
[22-12-22 03:54:56.92]: text ppl 29.8636 |   700/ 2808 batches
[22-12-22 03:57:41.97]: text ppl 29.9477 |  1400/ 2808 batches
[22-12-22 04:00:27.11]: text ppl 30.1708 |  2100/ 2808 batches
[22-12-22 04:03:12.51]: text ppl 30.1206 |  2800/ 2808 batches
[22-12-22 04:03:14.19]: text ppl 28.7384 |  2808/ 2808 batches
[22-12-22 04:03:49.68]: text ppl 23.4313 | valid loss 3.1541 on validation
[22-12-22 04:03:49.68]: Endured 1 time(s)
[22-12-22 04:03:49.68]: epoch 85
[22-12-22 04:06:35.45]: text ppl 29.8304 |   700/ 2808 batches
[22-12-22 04:09:21.12]: text ppl 29.9086 |  1400/ 2808 batches
[22-12-22 04:12:05.88]: text ppl 30.0761 |  2100/ 2808 batches
[22-12-22 04:14:50.59]: text ppl 30.0627 |  2800/ 2808 batches
[22-12-22 04:14:52.28]: text ppl 32.2918 |  2808/ 2808 batches
[22-12-22 04:15:28.01]: text ppl 23.4168 | valid loss 3.1535 on validation
[22-12-22 04:15:29.24]: epoch 86
[22-12-22 04:18:14.37]: text ppl 29.6553 |   700/ 2808 batches
[22-12-22 04:20:59.40]: text ppl 29.9774 |  1400/ 2808 batches
[22-12-22 04:23:44.98]: text ppl 29.9474 |  2100/ 2808 batches
[22-12-22 04:26:30.05]: text ppl 30.1478 |  2800/ 2808 batches
[22-12-22 04:26:31.73]: text ppl 30.0639 |  2808/ 2808 batches
[22-12-22 04:27:07.35]: text ppl 23.4041 | valid loss 3.1529 on validation
[22-12-22 04:27:08.62]: epoch 87
[22-12-22 04:29:53.40]: text ppl 29.8120 |   700/ 2808 batches
[22-12-22 04:32:38.57]: text ppl 29.8763 |  1400/ 2808 batches
[22-12-22 04:35:23.73]: text ppl 29.9186 |  2100/ 2808 batches
[22-12-22 04:38:08.98]: text ppl 30.0024 |  2800/ 2808 batches
[22-12-22 04:38:10.66]: text ppl 29.5571 |  2808/ 2808 batches
[22-12-22 04:38:46.21]: text ppl 23.3855 | valid loss 3.1521 on validation
[22-12-22 04:38:47.54]: epoch 88
[22-12-22 04:41:33.02]: text ppl 29.7135 |   700/ 2808 batches
[22-12-22 04:44:17.27]: text ppl 29.7934 |  1400/ 2808 batches
[22-12-22 04:47:01.47]: text ppl 29.9846 |  2100/ 2808 batches
[22-12-22 04:49:46.28]: text ppl 30.0743 |  2800/ 2808 batches
[22-12-22 04:49:47.96]: text ppl 29.2258 |  2808/ 2808 batches
[22-12-22 04:50:23.54]: text ppl 23.3810 | valid loss 3.1519 on validation
[22-12-22 04:50:24.90]: epoch 89
[22-12-22 04:53:10.43]: text ppl 29.7957 |   700/ 2808 batches
[22-12-22 04:55:56.25]: text ppl 29.8715 |  1400/ 2808 batches
[22-12-22 04:58:41.62]: text ppl 29.8898 |  2100/ 2808 batches
[22-12-22 05:01:26.68]: text ppl 29.8759 |  2800/ 2808 batches
[22-12-22 05:01:28.37]: text ppl 30.3126 |  2808/ 2808 batches
[22-12-22 05:02:04.08]: text ppl 23.3754 | valid loss 3.1517 on validation
[22-12-22 05:02:05.41]: epoch 90
[22-12-22 05:04:50.67]: text ppl 29.4927 |   700/ 2808 batches
[22-12-22 05:07:36.50]: text ppl 29.8032 |  1400/ 2808 batches
[22-12-22 05:10:21.96]: text ppl 30.1087 |  2100/ 2808 batches
[22-12-22 05:13:06.96]: text ppl 29.8808 |  2800/ 2808 batches
[22-12-22 05:13:08.64]: text ppl 29.0917 |  2808/ 2808 batches
[22-12-22 05:13:44.09]: text ppl 23.3577 | valid loss 3.1509 on validation
[22-12-22 05:13:45.38]: epoch 91
[22-12-22 05:16:30.30]: text ppl 29.5465 |   700/ 2808 batches
[22-12-22 05:19:15.53]: text ppl 29.8374 |  1400/ 2808 batches
[22-12-22 05:22:00.71]: text ppl 29.8692 |  2100/ 2808 batches
[22-12-22 05:24:46.01]: text ppl 29.9384 |  2800/ 2808 batches
[22-12-22 05:24:47.69]: text ppl 30.8732 |  2808/ 2808 batches
[22-12-22 05:25:23.41]: text ppl 23.3435 | valid loss 3.1503 on validation
[22-12-22 05:25:24.74]: epoch 92
[22-12-22 05:28:09.58]: text ppl 29.7185 |   700/ 2808 batches
[22-12-22 05:30:54.66]: text ppl 29.7194 |  1400/ 2808 batches
[22-12-22 05:33:40.29]: text ppl 29.8390 |  2100/ 2808 batches
[22-12-22 05:36:25.79]: text ppl 29.8037 |  2800/ 2808 batches
[22-12-22 05:36:27.48]: text ppl 30.5338 |  2808/ 2808 batches
[22-12-22 05:37:03.07]: text ppl 23.3388 | valid loss 3.1501 on validation
[22-12-22 05:37:04.15]: epoch 93
[22-12-22 05:39:49.73]: text ppl 29.7450 |   700/ 2808 batches
[22-12-22 05:42:35.14]: text ppl 29.6997 |  1400/ 2808 batches
[22-12-22 05:45:20.51]: text ppl 29.7427 |  2100/ 2808 batches
[22-12-22 05:48:05.85]: text ppl 29.7506 |  2800/ 2808 batches
[22-12-22 05:48:07.54]: text ppl 28.6520 |  2808/ 2808 batches
[22-12-22 05:48:43.08]: text ppl 23.3297 | valid loss 3.1497 on validation
[22-12-22 05:48:44.38]: epoch 94
[22-12-22 05:51:29.66]: text ppl 29.6835 |   700/ 2808 batches
[22-12-22 05:54:13.77]: text ppl 29.6032 |  1400/ 2808 batches
[22-12-22 05:56:58.36]: text ppl 29.7974 |  2100/ 2808 batches
[22-12-22 05:59:43.72]: text ppl 29.7913 |  2800/ 2808 batches
[22-12-22 05:59:45.41]: text ppl 29.6571 |  2808/ 2808 batches
[22-12-22 06:00:20.77]: text ppl 23.3259 | valid loss 3.1496 on validation
[22-12-22 06:00:22.21]: epoch 95
[22-12-22 06:03:07.79]: text ppl 29.5558 |   700/ 2808 batches
[22-12-22 06:05:53.37]: text ppl 29.6931 |  1400/ 2808 batches
[22-12-22 06:08:37.94]: text ppl 29.6896 |  2100/ 2808 batches
[22-12-22 06:11:22.52]: text ppl 29.8496 |  2800/ 2808 batches
[22-12-22 06:11:24.20]: text ppl 30.1740 |  2808/ 2808 batches
[22-12-22 06:11:59.79]: text ppl 23.3207 | valid loss 3.1493 on validation
[22-12-22 06:12:01.09]: epoch 96
[22-12-22 06:14:46.48]: text ppl 29.6073 |   700/ 2808 batches
[22-12-22 06:17:32.00]: text ppl 29.5987 |  1400/ 2808 batches
[22-12-22 06:20:16.92]: text ppl 29.6694 |  2100/ 2808 batches
[22-12-22 06:23:01.84]: text ppl 29.8327 |  2800/ 2808 batches
[22-12-22 06:23:03.52]: text ppl 29.5800 |  2808/ 2808 batches
[22-12-22 06:23:39.06]: text ppl 23.3145 | valid loss 3.1491 on validation
[22-12-22 06:23:40.14]: epoch 97
[22-12-22 06:26:25.40]: text ppl 29.4730 |   700/ 2808 batches
[22-12-22 06:29:10.57]: text ppl 29.6999 |  1400/ 2808 batches
[22-12-22 06:31:55.83]: text ppl 29.7158 |  2100/ 2808 batches
[22-12-22 06:34:40.98]: text ppl 29.6855 |  2800/ 2808 batches
[22-12-22 06:34:42.66]: text ppl 30.5226 |  2808/ 2808 batches
[22-12-22 06:35:17.94]: text ppl 23.3034 | valid loss 3.1486 on validation
[22-12-22 06:35:19.23]: epoch 98
[22-12-22 06:38:04.29]: text ppl 29.5300 |   700/ 2808 batches
[22-12-22 06:40:49.38]: text ppl 29.4395 |  1400/ 2808 batches
[22-12-22 06:43:34.47]: text ppl 29.7394 |  2100/ 2808 batches
[22-12-22 06:46:19.51]: text ppl 29.7573 |  2800/ 2808 batches
[22-12-22 06:46:21.20]: text ppl 29.4184 |  2808/ 2808 batches
[22-12-22 06:46:56.44]: text ppl 23.2943 | valid loss 3.1482 on validation
[22-12-22 06:46:57.83]: epoch 99
[22-12-22 06:49:43.17]: text ppl 29.3207 |   700/ 2808 batches
[22-12-22 06:52:28.53]: text ppl 29.6870 |  1400/ 2808 batches
[22-12-22 06:55:13.78]: text ppl 29.6563 |  2100/ 2808 batches
[22-12-22 06:57:58.93]: text ppl 29.6557 |  2800/ 2808 batches
[22-12-22 06:58:00.61]: text ppl 28.6376 |  2808/ 2808 batches
[22-12-22 06:58:35.88]: text ppl 23.2796 | valid loss 3.1476 on validation
[22-12-22 06:58:37.15]: epoch 100
[22-12-22 07:01:22.57]: text ppl 29.4340 |   700/ 2808 batches
[22-12-22 07:04:07.76]: text ppl 29.4648 |  1400/ 2808 batches
[22-12-22 07:06:52.72]: text ppl 29.7190 |  2100/ 2808 batches
[22-12-22 07:09:37.44]: text ppl 29.6731 |  2800/ 2808 batches
[22-12-22 07:09:39.12]: text ppl 29.2729 |  2808/ 2808 batches
[22-12-22 07:10:14.02]: text ppl 23.2740 | valid loss 3.1473 on validation
[22-12-22 07:10:15.61]: Tuning both Prompt and LM
[22-12-22 07:10:15.68]: epoch 1
[22-12-22 07:14:17.27]: text ppl 16.6686 |   700/ 2808 batches
[22-12-22 07:18:20.09]: text ppl 14.2607 |  1400/ 2808 batches
[22-12-22 07:22:21.45]: text ppl 13.6418 |  2100/ 2808 batches
[22-12-22 07:26:22.91]: text ppl 13.3260 |  2800/ 2808 batches
[22-12-22 07:26:25.39]: text ppl 13.0551 |  2808/ 2808 batches
[22-12-22 07:27:00.98]: text ppl 13.7628 | valid loss 2.6220 on validation
[22-12-22 07:27:02.35]: epoch 2
[22-12-22 07:31:04.77]: text ppl 10.9348 |   700/ 2808 batches
[22-12-22 07:35:07.01]: text ppl 11.1573 |  1400/ 2808 batches
[22-12-22 07:39:09.42]: text ppl 11.2482 |  2100/ 2808 batches
[22-12-22 07:43:09.63]: text ppl 11.2274 |  2800/ 2808 batches
[22-12-22 07:43:12.06]: text ppl 11.6650 |  2808/ 2808 batches
[22-12-22 07:43:47.72]: text ppl 13.8924 | valid loss 2.6313 on validation
[22-12-22 07:43:47.72]: Endured 1 time(s)
[22-12-22 07:43:47.72]: epoch 3
[22-12-22 07:47:49.35]: text ppl 8.8579 |   700/ 2808 batches
[22-12-22 07:51:51.01]: text ppl 9.3075 |  1400/ 2808 batches
[22-12-22 07:55:53.02]: text ppl 9.5474 |  2100/ 2808 batches
[22-12-22 07:59:54.80]: text ppl 9.6980 |  2800/ 2808 batches
[22-12-22 07:59:57.28]: text ppl 9.8819 |  2808/ 2808 batches
[22-12-22 08:00:33.10]: text ppl 13.0629 | valid loss 2.5698 on validation
[22-12-22 08:00:34.39]: epoch 4
[22-12-22 08:04:36.66]: text ppl 7.4027 |   700/ 2808 batches
[22-12-22 08:08:37.36]: text ppl 7.8780 |  1400/ 2808 batches
[22-12-22 08:12:38.72]: text ppl 8.1876 |  2100/ 2808 batches
[22-12-22 08:16:40.62]: text ppl 8.4181 |  2800/ 2808 batches
[22-12-22 08:16:43.08]: text ppl 8.5821 |  2808/ 2808 batches
[22-12-22 08:17:18.42]: text ppl 14.3154 | valid loss 2.6613 on validation
[22-12-22 08:17:18.42]: Endured 2 time(s)
[22-12-22 08:17:18.42]: epoch 5
[22-12-22 08:21:19.98]: text ppl 6.2941 |   700/ 2808 batches
[22-12-22 08:25:22.21]: text ppl 6.7906 |  1400/ 2808 batches
[22-12-22 08:29:24.90]: text ppl 7.0790 |  2100/ 2808 batches
[22-12-22 08:33:27.99]: text ppl 7.3505 |  2800/ 2808 batches
[22-12-22 08:33:30.49]: text ppl 7.4085 |  2808/ 2808 batches
[22-12-22 08:34:06.49]: text ppl 14.5892 | valid loss 2.6803 on validation
[22-12-22 08:34:06.49]: Endured 3 time(s)
[22-12-22 08:34:06.49]: epoch 6
[22-12-22 08:38:08.77]: text ppl 5.4393 |   700/ 2808 batches
[22-12-22 08:42:08.21]: text ppl 5.9026 |  1400/ 2808 batches
[22-12-22 08:46:09.21]: text ppl 6.2133 |  2100/ 2808 batches
[22-12-22 08:50:10.86]: text ppl 6.4710 |  2800/ 2808 batches
[22-12-22 08:50:13.34]: text ppl 6.5184 |  2808/ 2808 batches
[22-12-22 08:50:49.25]: text ppl 15.9141 | valid loss 2.7672 on validation
[22-12-22 08:50:49.25]: Endured 4 time(s)
[22-12-22 08:50:49.25]: epoch 7
[22-12-22 08:54:51.70]: text ppl 4.7697 |   700/ 2808 batches
[22-12-22 08:58:52.69]: text ppl 5.2103 |  1400/ 2808 batches
[22-12-22 09:02:54.02]: text ppl 5.5052 |  2100/ 2808 batches
[22-12-22 09:06:56.52]: text ppl 5.7503 |  2800/ 2808 batches
[22-12-22 09:06:58.99]: text ppl 5.8218 |  2808/ 2808 batches
[22-12-22 09:07:35.00]: text ppl 17.2656 | valid loss 2.8487 on validation
[22-12-22 09:07:35.00]: Endured 5 time(s)
[22-12-22 09:07:35.00]: Cannot endure it anymore | Exiting from early stop
=========================================================================================
[22-12-22 09:08:11.55]: text ppl 13.0759 on test | End of training
[22-12-22 09:08:11.55]: Generating text
[22-12-22 09:17:33.16]: BLEU-1 19.3834
[22-12-22 09:17:41.65]: BLEU-4  1.5396
[22-12-22 09:19:39.69]: USR  0.6470 | USN   26683
[22-12-22 09:26:35.82]: DIV  2.4445
[22-12-22 09:26:37.86]: FCR  0.2939
[22-12-22 09:26:37.87]: FMR  0.1262
[22-12-22 09:26:48.54]: rouge_1/f_score 21.5338
[22-12-22 09:26:48.54]: rouge_1/r_score 20.9048
[22-12-22 09:26:48.54]: rouge_1/p_score 25.5996
[22-12-22 09:26:48.54]: rouge_2/f_score  2.9395
[22-12-22 09:26:48.54]: rouge_2/r_score  2.9400
[22-12-22 09:26:48.54]: rouge_2/p_score  3.4992
[22-12-22 09:26:48.54]: rouge_l/f_score 17.0753
[22-12-22 09:26:48.54]: rouge_l/r_score 19.6046
[22-12-22 09:26:48.54]: rouge_l/p_score 21.7881
[22-12-22 09:26:48.63]: Generated text saved to (./Result/Amazon/MoviesAndTV/PEPLER/0/generated_CP.txt)
