----------------------------------------ARGUMENTS----------------------------------------
data_path                                ./Data/Amazon/MoviesAndTV_New/Movie_and_TV_index.pickle
index_dir                                ./Data/Amazon/MoviesAndTV_New/0/
lr                                       0.001
epochs                                   100
batch_size                               128
seed                                     1111
cuda                                     True
log_interval                             702
checkpoint                               ./Result/Amazon/MoviesAndTV_New/PEPLER/0/
outf                                     generated_CP.txt
endure_times                             5
words                                    20
mode                                     Train+Test
----------------------------------------ARGUMENTS----------------------------------------
[23-01-04 20:44:30.80]: Loading data
[23-01-04 20:51:35.76]: Tuning Prompt Only
[23-01-04 20:51:35.77]: epoch 1
[23-01-04 20:54:14.11]: text ppl 356.8912 |   702/ 2808 batches
[23-01-04 20:56:52.84]: text ppl 260.2494 |  1404/ 2808 batches
[23-01-04 20:59:31.93]: text ppl 199.8353 |  2106/ 2808 batches
[23-01-04 21:02:11.11]: text ppl 161.4418 |  2808/ 2808 batches
[23-01-04 21:02:44.56]: text ppl 82.2649 | valid loss 4.4099 on validation
[23-01-04 21:02:45.80]: epoch 2
[23-01-04 21:05:25.88]: text ppl 122.7975 |   702/ 2808 batches
[23-01-04 21:08:05.42]: text ppl 100.6503 |  1404/ 2808 batches
[23-01-04 21:10:45.14]: text ppl 85.8146 |  2106/ 2808 batches
[23-01-04 21:13:24.57]: text ppl 75.3078 |  2808/ 2808 batches
[23-01-04 21:13:58.11]: text ppl 43.3101 | valid loss 3.7684 on validation
[23-01-04 21:13:59.45]: epoch 3
[23-01-04 21:16:39.60]: text ppl 67.2298 |   702/ 2808 batches
[23-01-04 21:19:18.79]: text ppl 62.4311 |  1404/ 2808 batches
[23-01-04 21:21:58.23]: text ppl 58.9301 |  2106/ 2808 batches
[23-01-04 21:24:37.64]: text ppl 55.7685 |  2808/ 2808 batches
[23-01-04 21:25:11.11]: text ppl 35.0153 | valid loss 3.5558 on validation
[23-01-04 21:25:12.45]: epoch 4
[23-01-04 21:27:52.42]: text ppl 53.0571 |   702/ 2808 batches
[23-01-04 21:30:31.77]: text ppl 51.6109 |  1404/ 2808 batches
[23-01-04 21:33:11.12]: text ppl 50.0624 |  2106/ 2808 batches
[23-01-04 21:35:50.39]: text ppl 48.9491 |  2808/ 2808 batches
[23-01-04 21:36:23.97]: text ppl 31.5558 | valid loss 3.4518 on validation
[23-01-04 21:36:25.26]: epoch 5
[23-01-04 21:39:05.07]: text ppl 47.4460 |   702/ 2808 batches
[23-01-04 21:41:44.55]: text ppl 46.5482 |  1404/ 2808 batches
[23-01-04 21:44:23.72]: text ppl 45.6689 |  2106/ 2808 batches
[23-01-04 21:47:02.65]: text ppl 45.3878 |  2808/ 2808 batches
[23-01-04 21:47:36.11]: text ppl 29.6950 | valid loss 3.3910 on validation
[23-01-04 21:47:37.40]: epoch 6
[23-01-04 21:50:17.00]: text ppl 44.2348 |   702/ 2808 batches
[23-01-04 21:52:56.29]: text ppl 43.5544 |  1404/ 2808 batches
[23-01-04 21:55:35.44]: text ppl 43.4120 |  2106/ 2808 batches
[23-01-04 21:58:14.34]: text ppl 42.9841 |  2808/ 2808 batches
[23-01-04 21:58:47.88]: text ppl 28.5689 | valid loss 3.3523 on validation
[23-01-04 21:58:49.14]: epoch 7
[23-01-04 22:01:28.67]: text ppl 41.9158 |   702/ 2808 batches
[23-01-04 22:04:07.81]: text ppl 41.9738 |  1404/ 2808 batches
[23-01-04 22:06:47.04]: text ppl 41.7206 |  2106/ 2808 batches
[23-01-04 22:09:26.09]: text ppl 41.3296 |  2808/ 2808 batches
[23-01-04 22:09:59.54]: text ppl 27.8410 | valid loss 3.3265 on validation
[23-01-04 22:10:00.88]: epoch 8
[23-01-04 22:12:40.50]: text ppl 40.7140 |   702/ 2808 batches
[23-01-04 22:15:19.90]: text ppl 40.5476 |  1404/ 2808 batches
[23-01-04 22:17:59.19]: text ppl 40.6272 |  2106/ 2808 batches
[23-01-04 22:20:38.18]: text ppl 39.9618 |  2808/ 2808 batches
[23-01-04 22:21:11.70]: text ppl 27.3245 | valid loss 3.3078 on validation
[23-01-04 22:21:12.99]: epoch 9
[23-01-04 22:23:52.64]: text ppl 39.4448 |   702/ 2808 batches
[23-01-04 22:26:31.74]: text ppl 39.6665 |  1404/ 2808 batches
[23-01-04 22:29:11.05]: text ppl 39.3979 |  2106/ 2808 batches
[23-01-04 22:31:50.05]: text ppl 39.2636 |  2808/ 2808 batches
[23-01-04 22:32:23.64]: text ppl 26.9473 | valid loss 3.2939 on validation
[23-01-04 22:32:24.88]: epoch 10
[23-01-04 22:35:04.51]: text ppl 38.7345 |   702/ 2808 batches
[23-01-04 22:37:43.76]: text ppl 38.6800 |  1404/ 2808 batches
[23-01-04 22:40:23.05]: text ppl 38.5733 |  2106/ 2808 batches
[23-01-04 22:43:02.18]: text ppl 38.7553 |  2808/ 2808 batches
[23-01-04 22:43:35.68]: text ppl 26.6731 | valid loss 3.2837 on validation
[23-01-04 22:43:36.99]: epoch 11
[23-01-04 22:46:16.68]: text ppl 37.8959 |   702/ 2808 batches
[23-01-04 22:48:55.99]: text ppl 38.2753 |  1404/ 2808 batches
[23-01-04 22:51:35.26]: text ppl 37.9059 |  2106/ 2808 batches
[23-01-04 22:54:14.30]: text ppl 37.9955 |  2808/ 2808 batches
[23-01-04 22:54:47.90]: text ppl 26.4187 | valid loss 3.2741 on validation
[23-01-04 22:54:49.18]: epoch 12
[23-01-04 22:57:29.07]: text ppl 37.2862 |   702/ 2808 batches
[23-01-04 23:00:08.36]: text ppl 37.5730 |  1404/ 2808 batches
[23-01-04 23:02:48.06]: text ppl 37.3665 |  2106/ 2808 batches
[23-01-04 23:05:27.31]: text ppl 37.6578 |  2808/ 2808 batches
[23-01-04 23:06:00.83]: text ppl 26.2303 | valid loss 3.2669 on validation
[23-01-04 23:06:02.14]: epoch 13
[23-01-04 23:08:41.88]: text ppl 36.9339 |   702/ 2808 batches
[23-01-04 23:11:21.49]: text ppl 37.0468 |  1404/ 2808 batches
[23-01-04 23:14:00.70]: text ppl 37.0707 |  2106/ 2808 batches
[23-01-04 23:16:39.80]: text ppl 36.9961 |  2808/ 2808 batches
[23-01-04 23:17:13.30]: text ppl 26.0655 | valid loss 3.2606 on validation
[23-01-04 23:17:14.55]: epoch 14
[23-01-04 23:19:54.07]: text ppl 36.4705 |   702/ 2808 batches
[23-01-04 23:22:33.15]: text ppl 36.5476 |  1404/ 2808 batches
[23-01-04 23:25:12.31]: text ppl 36.6223 |  2106/ 2808 batches
[23-01-04 23:27:51.40]: text ppl 36.7360 |  2808/ 2808 batches
[23-01-04 23:28:24.88]: text ppl 25.9011 | valid loss 3.2543 on validation
[23-01-04 23:28:26.22]: epoch 15
[23-01-04 23:31:05.92]: text ppl 36.1673 |   702/ 2808 batches
[23-01-04 23:33:45.14]: text ppl 36.2309 |  1404/ 2808 batches
[23-01-04 23:36:24.35]: text ppl 36.2095 |  2106/ 2808 batches
[23-01-04 23:39:03.32]: text ppl 36.3321 |  2808/ 2808 batches
[23-01-04 23:39:36.81]: text ppl 25.7642 | valid loss 3.2490 on validation
[23-01-04 23:39:38.13]: epoch 16
[23-01-04 23:42:17.74]: text ppl 35.7955 |   702/ 2808 batches
[23-01-04 23:44:57.11]: text ppl 35.7760 |  1404/ 2808 batches
[23-01-04 23:47:36.39]: text ppl 35.9247 |  2106/ 2808 batches
[23-01-04 23:50:14.74]: text ppl 36.1044 |  2808/ 2808 batches
[23-01-04 23:50:48.02]: text ppl 25.6602 | valid loss 3.2449 on validation
[23-01-04 23:50:49.36]: epoch 17
[23-01-04 23:53:27.76]: text ppl 35.3279 |   702/ 2808 batches
[23-01-04 23:56:06.04]: text ppl 35.6501 |  1404/ 2808 batches
[23-01-04 23:58:44.26]: text ppl 35.6490 |  2106/ 2808 batches
[23-01-05 00:01:22.29]: text ppl 35.7797 |  2808/ 2808 batches
[23-01-05 00:01:55.56]: text ppl 25.5446 | valid loss 3.2404 on validation
[23-01-05 00:01:56.88]: epoch 18
[23-01-05 00:04:35.52]: text ppl 35.2474 |   702/ 2808 batches
[23-01-05 00:07:13.90]: text ppl 35.4418 |  1404/ 2808 batches
[23-01-05 00:09:52.21]: text ppl 35.3468 |  2106/ 2808 batches
[23-01-05 00:12:30.34]: text ppl 35.2967 |  2808/ 2808 batches
[23-01-05 00:13:03.62]: text ppl 25.4365 | valid loss 3.2362 on validation
[23-01-05 00:13:04.92]: epoch 19
[23-01-05 00:15:43.63]: text ppl 35.0136 |   702/ 2808 batches
[23-01-05 00:18:21.93]: text ppl 34.9476 |  1404/ 2808 batches
[23-01-05 00:21:00.26]: text ppl 35.2513 |  2106/ 2808 batches
[23-01-05 00:23:38.48]: text ppl 35.1985 |  2808/ 2808 batches
[23-01-05 00:24:11.81]: text ppl 25.3443 | valid loss 3.2326 on validation
[23-01-05 00:24:13.10]: epoch 20
[23-01-05 00:26:52.05]: text ppl 34.7428 |   702/ 2808 batches
[23-01-05 00:29:30.51]: text ppl 34.8429 |  1404/ 2808 batches
[23-01-05 00:32:08.97]: text ppl 34.9560 |  2106/ 2808 batches
[23-01-05 00:34:47.16]: text ppl 34.8574 |  2808/ 2808 batches
[23-01-05 00:35:20.44]: text ppl 25.2747 | valid loss 3.2298 on validation
[23-01-05 00:35:21.72]: epoch 21
[23-01-05 00:38:00.40]: text ppl 34.4853 |   702/ 2808 batches
[23-01-05 00:40:38.68]: text ppl 34.7729 |  1404/ 2808 batches
[23-01-05 00:43:17.10]: text ppl 34.6158 |  2106/ 2808 batches
[23-01-05 00:45:55.29]: text ppl 34.7415 |  2808/ 2808 batches
[23-01-05 00:46:28.57]: text ppl 25.1964 | valid loss 3.2267 on validation
[23-01-05 00:46:29.92]: epoch 22
[23-01-05 00:49:08.68]: text ppl 34.3935 |   702/ 2808 batches
[23-01-05 00:51:47.08]: text ppl 34.4390 |  1404/ 2808 batches
[23-01-05 00:54:25.36]: text ppl 34.5082 |  2106/ 2808 batches
[23-01-05 00:57:03.42]: text ppl 34.5270 |  2808/ 2808 batches
[23-01-05 00:57:36.69]: text ppl 25.1315 | valid loss 3.2241 on validation
[23-01-05 00:57:38.03]: epoch 23
[23-01-05 01:00:16.65]: text ppl 34.2666 |   702/ 2808 batches
[23-01-05 01:02:54.93]: text ppl 34.0846 |  1404/ 2808 batches
[23-01-05 01:05:33.26]: text ppl 34.2887 |  2106/ 2808 batches
[23-01-05 01:08:11.35]: text ppl 34.4727 |  2808/ 2808 batches
[23-01-05 01:08:44.64]: text ppl 25.0527 | valid loss 3.2210 on validation
[23-01-05 01:08:45.97]: epoch 24
[23-01-05 01:11:24.80]: text ppl 33.9879 |   702/ 2808 batches
[23-01-05 01:14:03.33]: text ppl 34.0902 |  1404/ 2808 batches
[23-01-05 01:16:41.94]: text ppl 34.2125 |  2106/ 2808 batches
[23-01-05 01:19:20.22]: text ppl 34.1248 |  2808/ 2808 batches
[23-01-05 01:19:53.55]: text ppl 24.9808 | valid loss 3.2181 on validation
[23-01-05 01:19:54.89]: epoch 25
[23-01-05 01:22:33.66]: text ppl 33.6801 |   702/ 2808 batches
[23-01-05 01:25:12.12]: text ppl 33.9116 |  1404/ 2808 batches
[23-01-05 01:27:50.57]: text ppl 33.9686 |  2106/ 2808 batches
[23-01-05 01:30:28.87]: text ppl 34.1749 |  2808/ 2808 batches
[23-01-05 01:31:02.20]: text ppl 24.9283 | valid loss 3.2160 on validation
[23-01-05 01:31:03.49]: epoch 26
[23-01-05 01:33:42.24]: text ppl 33.6399 |   702/ 2808 batches
[23-01-05 01:36:20.62]: text ppl 33.8042 |  1404/ 2808 batches
[23-01-05 01:38:58.96]: text ppl 33.7501 |  2106/ 2808 batches
[23-01-05 01:41:37.14]: text ppl 33.9570 |  2808/ 2808 batches
[23-01-05 01:42:10.44]: text ppl 24.8629 | valid loss 3.2134 on validation
[23-01-05 01:42:11.76]: epoch 27
[23-01-05 01:44:50.60]: text ppl 33.5124 |   702/ 2808 batches
[23-01-05 01:47:28.94]: text ppl 33.5595 |  1404/ 2808 batches
[23-01-05 01:50:07.30]: text ppl 33.8627 |  2106/ 2808 batches
[23-01-05 01:52:45.50]: text ppl 33.6273 |  2808/ 2808 batches
[23-01-05 01:53:18.82]: text ppl 24.8130 | valid loss 3.2114 on validation
[23-01-05 01:53:20.11]: epoch 28
[23-01-05 01:55:59.02]: text ppl 33.4082 |   702/ 2808 batches
[23-01-05 01:58:37.52]: text ppl 33.4718 |  1404/ 2808 batches
[23-01-05 02:01:15.89]: text ppl 33.5001 |  2106/ 2808 batches
[23-01-05 02:03:54.07]: text ppl 33.5654 |  2808/ 2808 batches
[23-01-05 02:04:27.36]: text ppl 24.7579 | valid loss 3.2091 on validation
[23-01-05 02:04:28.62]: epoch 29
[23-01-05 02:07:07.48]: text ppl 33.2757 |   702/ 2808 batches
[23-01-05 02:09:45.96]: text ppl 33.4331 |  1404/ 2808 batches
[23-01-05 02:12:24.39]: text ppl 33.4122 |  2106/ 2808 batches
[23-01-05 02:15:02.55]: text ppl 33.4204 |  2808/ 2808 batches
[23-01-05 02:15:35.93]: text ppl 24.7096 | valid loss 3.2072 on validation
[23-01-05 02:15:37.23]: epoch 30
[23-01-05 02:18:16.16]: text ppl 33.2264 |   702/ 2808 batches
[23-01-05 02:20:54.60]: text ppl 33.2605 |  1404/ 2808 batches
[23-01-05 02:23:32.98]: text ppl 33.2364 |  2106/ 2808 batches
[23-01-05 02:26:11.25]: text ppl 33.3119 |  2808/ 2808 batches
[23-01-05 02:26:44.57]: text ppl 24.6534 | valid loss 3.2049 on validation
[23-01-05 02:26:45.90]: epoch 31
[23-01-05 02:29:24.80]: text ppl 33.0112 |   702/ 2808 batches
[23-01-05 02:32:03.17]: text ppl 33.0053 |  1404/ 2808 batches
[23-01-05 02:34:41.53]: text ppl 33.2034 |  2106/ 2808 batches
[23-01-05 02:37:19.69]: text ppl 33.2982 |  2808/ 2808 batches
[23-01-05 02:37:53.02]: text ppl 24.6135 | valid loss 3.2033 on validation
[23-01-05 02:37:54.33]: epoch 32
[23-01-05 02:40:33.14]: text ppl 32.7181 |   702/ 2808 batches
[23-01-05 02:43:11.64]: text ppl 32.9733 |  1404/ 2808 batches
[23-01-05 02:45:50.33]: text ppl 33.1082 |  2106/ 2808 batches
[23-01-05 02:48:28.95]: text ppl 33.2481 |  2808/ 2808 batches
[23-01-05 02:49:02.37]: text ppl 24.5657 | valid loss 3.2013 on validation
[23-01-05 02:49:03.72]: epoch 33
[23-01-05 02:51:43.08]: text ppl 32.6664 |   702/ 2808 batches
[23-01-05 02:54:22.16]: text ppl 33.0204 |  1404/ 2808 batches
[23-01-05 02:57:01.26]: text ppl 32.8830 |  2106/ 2808 batches
[23-01-05 02:59:40.09]: text ppl 33.0522 |  2808/ 2808 batches
[23-01-05 03:00:13.59]: text ppl 24.5185 | valid loss 3.1994 on validation
[23-01-05 03:00:14.75]: epoch 34
[23-01-05 03:02:54.14]: text ppl 32.5806 |   702/ 2808 batches
[23-01-05 03:05:33.16]: text ppl 32.7383 |  1404/ 2808 batches
[23-01-05 03:08:12.26]: text ppl 32.9585 |  2106/ 2808 batches
[23-01-05 03:10:51.16]: text ppl 32.8874 |  2808/ 2808 batches
[23-01-05 03:11:24.68]: text ppl 24.4821 | valid loss 3.1979 on validation
[23-01-05 03:11:25.93]: epoch 35
[23-01-05 03:14:05.39]: text ppl 32.5445 |   702/ 2808 batches
[23-01-05 03:16:44.47]: text ppl 32.7028 |  1404/ 2808 batches
[23-01-05 03:19:23.58]: text ppl 32.7061 |  2106/ 2808 batches
[23-01-05 03:22:02.35]: text ppl 32.7773 |  2808/ 2808 batches
[23-01-05 03:22:35.83]: text ppl 24.4374 | valid loss 3.1961 on validation
[23-01-05 03:22:37.07]: epoch 36
[23-01-05 03:25:16.44]: text ppl 32.6030 |   702/ 2808 batches
[23-01-05 03:27:55.44]: text ppl 32.5018 |  1404/ 2808 batches
[23-01-05 03:30:34.44]: text ppl 32.5863 |  2106/ 2808 batches
[23-01-05 03:33:13.23]: text ppl 32.7152 |  2808/ 2808 batches
[23-01-05 03:33:46.65]: text ppl 24.4054 | valid loss 3.1948 on validation
[23-01-05 03:33:47.97]: epoch 37
[23-01-05 03:36:27.31]: text ppl 32.3846 |   702/ 2808 batches
[23-01-05 03:39:06.36]: text ppl 32.4515 |  1404/ 2808 batches
[23-01-05 03:41:45.43]: text ppl 32.4474 |  2106/ 2808 batches
[23-01-05 03:44:24.24]: text ppl 32.7477 |  2808/ 2808 batches
[23-01-05 03:44:57.70]: text ppl 24.3642 | valid loss 3.1931 on validation
[23-01-05 03:44:58.89]: epoch 38
[23-01-05 03:47:38.38]: text ppl 32.2590 |   702/ 2808 batches
[23-01-05 03:50:17.46]: text ppl 32.3208 |  1404/ 2808 batches
[23-01-05 03:52:56.50]: text ppl 32.4005 |  2106/ 2808 batches
[23-01-05 03:55:35.27]: text ppl 32.6858 |  2808/ 2808 batches
[23-01-05 03:56:08.72]: text ppl 24.3262 | valid loss 3.1916 on validation
[23-01-05 03:56:09.97]: epoch 39
[23-01-05 03:58:49.28]: text ppl 32.1672 |   702/ 2808 batches
[23-01-05 04:01:28.32]: text ppl 32.3188 |  1404/ 2808 batches
[23-01-05 04:04:07.39]: text ppl 32.4155 |  2106/ 2808 batches
[23-01-05 04:06:46.29]: text ppl 32.4078 |  2808/ 2808 batches
[23-01-05 04:07:19.82]: text ppl 24.2928 | valid loss 3.1902 on validation
[23-01-05 04:07:21.09]: epoch 40
[23-01-05 04:10:00.69]: text ppl 32.0483 |   702/ 2808 batches
[23-01-05 04:12:39.73]: text ppl 32.1696 |  1404/ 2808 batches
[23-01-05 04:15:18.71]: text ppl 32.3528 |  2106/ 2808 batches
[23-01-05 04:17:57.50]: text ppl 32.3633 |  2808/ 2808 batches
[23-01-05 04:18:30.98]: text ppl 24.2735 | valid loss 3.1894 on validation
[23-01-05 04:18:32.27]: epoch 41
[23-01-05 04:21:11.51]: text ppl 31.9155 |   702/ 2808 batches
[23-01-05 04:23:50.28]: text ppl 32.1375 |  1404/ 2808 batches
[23-01-05 04:26:29.05]: text ppl 32.3114 |  2106/ 2808 batches
[23-01-05 04:29:07.79]: text ppl 32.2858 |  2808/ 2808 batches
[23-01-05 04:29:41.24]: text ppl 24.2349 | valid loss 3.1878 on validation
[23-01-05 04:29:42.45]: epoch 42
[23-01-05 04:32:21.72]: text ppl 31.8709 |   702/ 2808 batches
[23-01-05 04:35:00.58]: text ppl 31.9859 |  1404/ 2808 batches
[23-01-05 04:37:39.45]: text ppl 32.2283 |  2106/ 2808 batches
[23-01-05 04:40:18.08]: text ppl 32.1477 |  2808/ 2808 batches
[23-01-05 04:40:51.52]: text ppl 24.2002 | valid loss 3.1864 on validation
[23-01-05 04:40:52.71]: epoch 43
[23-01-05 04:43:32.04]: text ppl 31.7863 |   702/ 2808 batches
[23-01-05 04:46:10.92]: text ppl 32.0396 |  1404/ 2808 batches
[23-01-05 04:48:49.68]: text ppl 32.1051 |  2106/ 2808 batches
[23-01-05 04:51:28.18]: text ppl 32.0956 |  2808/ 2808 batches
[23-01-05 04:52:01.59]: text ppl 24.1739 | valid loss 3.1853 on validation
[23-01-05 04:52:02.86]: epoch 44
[23-01-05 04:54:41.99]: text ppl 31.8083 |   702/ 2808 batches
[23-01-05 04:57:20.81]: text ppl 32.0341 |  1404/ 2808 batches
[23-01-05 04:59:59.63]: text ppl 31.9051 |  2106/ 2808 batches
[23-01-05 05:02:38.19]: text ppl 31.9379 |  2808/ 2808 batches
[23-01-05 05:03:11.58]: text ppl 24.1465 | valid loss 3.1841 on validation
[23-01-05 05:03:12.89]: epoch 45
[23-01-05 05:05:51.94]: text ppl 31.6884 |   702/ 2808 batches
[23-01-05 05:08:30.59]: text ppl 31.9044 |  1404/ 2808 batches
[23-01-05 05:11:09.27]: text ppl 31.9196 |  2106/ 2808 batches
[23-01-05 05:13:47.73]: text ppl 31.9156 |  2808/ 2808 batches
[23-01-05 05:14:21.12]: text ppl 24.1339 | valid loss 3.1836 on validation
[23-01-05 05:14:22.39]: epoch 46
[23-01-05 05:17:01.57]: text ppl 31.5048 |   702/ 2808 batches
[23-01-05 05:19:40.37]: text ppl 31.7044 |  1404/ 2808 batches
[23-01-05 05:22:19.16]: text ppl 31.9702 |  2106/ 2808 batches
[23-01-05 05:24:57.73]: text ppl 32.0109 |  2808/ 2808 batches
[23-01-05 05:25:31.18]: text ppl 24.1014 | valid loss 3.1823 on validation
[23-01-05 05:25:32.42]: epoch 47
[23-01-05 05:28:11.60]: text ppl 31.5039 |   702/ 2808 batches
[23-01-05 05:30:50.46]: text ppl 31.5998 |  1404/ 2808 batches
[23-01-05 05:33:29.31]: text ppl 31.7958 |  2106/ 2808 batches
[23-01-05 05:36:07.98]: text ppl 31.9412 |  2808/ 2808 batches
[23-01-05 05:36:41.41]: text ppl 24.0736 | valid loss 3.1811 on validation
[23-01-05 05:36:42.55]: epoch 48
[23-01-05 05:39:21.84]: text ppl 31.4938 |   702/ 2808 batches
[23-01-05 05:42:00.97]: text ppl 31.5867 |  1404/ 2808 batches
[23-01-05 05:44:39.89]: text ppl 31.6622 |  2106/ 2808 batches
[23-01-05 05:47:18.64]: text ppl 31.7981 |  2808/ 2808 batches
[23-01-05 05:47:52.07]: text ppl 24.0413 | valid loss 3.1798 on validation
[23-01-05 05:47:53.34]: epoch 49
[23-01-05 05:50:33.07]: text ppl 31.3829 |   702/ 2808 batches
[23-01-05 05:53:12.01]: text ppl 31.5401 |  1404/ 2808 batches
[23-01-05 05:55:51.02]: text ppl 31.7267 |  2106/ 2808 batches
[23-01-05 05:58:29.78]: text ppl 31.6983 |  2808/ 2808 batches
[23-01-05 05:59:03.27]: text ppl 24.0245 | valid loss 3.1791 on validation
[23-01-05 05:59:04.52]: epoch 50
[23-01-05 06:01:43.99]: text ppl 31.4746 |   702/ 2808 batches
[23-01-05 06:04:22.92]: text ppl 31.4190 |  1404/ 2808 batches
[23-01-05 06:07:01.84]: text ppl 31.4088 |  2106/ 2808 batches
[23-01-05 06:09:40.53]: text ppl 31.7436 |  2808/ 2808 batches
[23-01-05 06:10:14.01]: text ppl 23.9955 | valid loss 3.1779 on validation
[23-01-05 06:10:15.31]: epoch 51
[23-01-05 06:12:54.41]: text ppl 31.2885 |   702/ 2808 batches
[23-01-05 06:15:33.28]: text ppl 31.4588 |  1404/ 2808 batches
[23-01-05 06:18:12.04]: text ppl 31.6004 |  2106/ 2808 batches
[23-01-05 06:20:50.58]: text ppl 31.4203 |  2808/ 2808 batches
[23-01-05 06:21:23.99]: text ppl 23.9731 | valid loss 3.1769 on validation
[23-01-05 06:21:25.25]: epoch 52
[23-01-05 06:24:04.40]: text ppl 31.3056 |   702/ 2808 batches
[23-01-05 06:26:43.17]: text ppl 31.3693 |  1404/ 2808 batches
[23-01-05 06:29:21.99]: text ppl 31.4830 |  2106/ 2808 batches
[23-01-05 06:32:00.66]: text ppl 31.3909 |  2808/ 2808 batches
[23-01-05 06:32:34.09]: text ppl 23.9415 | valid loss 3.1756 on validation
[23-01-05 06:32:35.36]: epoch 53
[23-01-05 06:35:14.64]: text ppl 31.1254 |   702/ 2808 batches
[23-01-05 06:37:53.37]: text ppl 31.3648 |  1404/ 2808 batches
[23-01-05 06:40:32.30]: text ppl 31.4565 |  2106/ 2808 batches
[23-01-05 06:43:10.96]: text ppl 31.4214 |  2808/ 2808 batches
[23-01-05 06:43:44.40]: text ppl 23.9211 | valid loss 3.1748 on validation
[23-01-05 06:43:45.50]: epoch 54
[23-01-05 06:46:24.71]: text ppl 31.0529 |   702/ 2808 batches
[23-01-05 06:49:03.53]: text ppl 31.2329 |  1404/ 2808 batches
[23-01-05 06:51:42.34]: text ppl 31.3278 |  2106/ 2808 batches
[23-01-05 06:54:21.00]: text ppl 31.4483 |  2808/ 2808 batches
[23-01-05 06:54:54.53]: text ppl 23.8988 | valid loss 3.1738 on validation
[23-01-05 06:54:55.80]: epoch 55
[23-01-05 06:57:35.05]: text ppl 31.1009 |   702/ 2808 batches
[23-01-05 07:00:14.00]: text ppl 31.1798 |  1404/ 2808 batches
[23-01-05 07:02:52.82]: text ppl 31.3387 |  2106/ 2808 batches
[23-01-05 07:05:31.43]: text ppl 31.2602 |  2808/ 2808 batches
[23-01-05 07:06:04.86]: text ppl 23.8704 | valid loss 3.1726 on validation
[23-01-05 07:06:06.06]: epoch 56
[23-01-05 07:08:45.44]: text ppl 30.9046 |   702/ 2808 batches
[23-01-05 07:11:24.29]: text ppl 31.2258 |  1404/ 2808 batches
[23-01-05 07:14:02.99]: text ppl 31.3376 |  2106/ 2808 batches
[23-01-05 07:16:41.65]: text ppl 31.1848 |  2808/ 2808 batches
[23-01-05 07:17:15.06]: text ppl 23.8505 | valid loss 3.1718 on validation
[23-01-05 07:17:16.30]: epoch 57
[23-01-05 07:19:55.51]: text ppl 31.0110 |   702/ 2808 batches
[23-01-05 07:22:34.27]: text ppl 31.1146 |  1404/ 2808 batches
[23-01-05 07:25:13.05]: text ppl 31.0558 |  2106/ 2808 batches
[23-01-05 07:27:51.52]: text ppl 31.2094 |  2808/ 2808 batches
[23-01-05 07:28:24.89]: text ppl 23.8319 | valid loss 3.1710 on validation
[23-01-05 07:28:26.20]: epoch 58
[23-01-05 07:31:05.17]: text ppl 30.9216 |   702/ 2808 batches
[23-01-05 07:33:43.63]: text ppl 31.0929 |  1404/ 2808 batches
[23-01-05 07:36:22.29]: text ppl 31.0498 |  2106/ 2808 batches
[23-01-05 07:39:00.81]: text ppl 31.1706 |  2808/ 2808 batches
[23-01-05 07:39:34.22]: text ppl 23.8166 | valid loss 3.1704 on validation
[23-01-05 07:39:35.51]: epoch 59
[23-01-05 07:42:14.69]: text ppl 30.8836 |   702/ 2808 batches
[23-01-05 07:44:53.43]: text ppl 30.9614 |  1404/ 2808 batches
[23-01-05 07:47:32.40]: text ppl 30.9648 |  2106/ 2808 batches
[23-01-05 07:50:11.32]: text ppl 31.2254 |  2808/ 2808 batches
[23-01-05 07:50:44.87]: text ppl 23.7894 | valid loss 3.1692 on validation
[23-01-05 07:50:46.19]: epoch 60
[23-01-05 07:53:25.68]: text ppl 30.7705 |   702/ 2808 batches
[23-01-05 07:56:05.00]: text ppl 30.8816 |  1404/ 2808 batches
[23-01-05 07:58:44.13]: text ppl 31.0805 |  2106/ 2808 batches
[23-01-05 08:01:23.09]: text ppl 31.0232 |  2808/ 2808 batches
[23-01-05 08:01:56.64]: text ppl 23.7691 | valid loss 3.1684 on validation
[23-01-05 08:01:57.95]: epoch 61
[23-01-05 08:04:37.52]: text ppl 30.7255 |   702/ 2808 batches
[23-01-05 08:07:16.84]: text ppl 30.9871 |  1404/ 2808 batches
[23-01-05 08:09:56.05]: text ppl 30.9398 |  2106/ 2808 batches
[23-01-05 08:12:35.07]: text ppl 30.9785 |  2808/ 2808 batches
[23-01-05 08:13:08.57]: text ppl 23.7624 | valid loss 3.1681 on validation
[23-01-05 08:13:09.91]: epoch 62
[23-01-05 08:15:49.47]: text ppl 30.7998 |   702/ 2808 batches
[23-01-05 08:18:28.98]: text ppl 30.8174 |  1404/ 2808 batches
[23-01-05 08:21:08.25]: text ppl 30.9151 |  2106/ 2808 batches
[23-01-05 08:23:47.36]: text ppl 30.9078 |  2808/ 2808 batches
[23-01-05 08:24:20.94]: text ppl 23.7360 | valid loss 3.1670 on validation
[23-01-05 08:24:22.25]: epoch 63
[23-01-05 08:27:01.84]: text ppl 30.6248 |   702/ 2808 batches
[23-01-05 08:29:41.10]: text ppl 30.7073 |  1404/ 2808 batches
[23-01-05 08:32:20.70]: text ppl 30.8328 |  2106/ 2808 batches
[23-01-05 08:34:59.87]: text ppl 31.0742 |  2808/ 2808 batches
[23-01-05 08:35:33.38]: text ppl 23.7131 | valid loss 3.1660 on validation
[23-01-05 08:35:34.70]: epoch 64
[23-01-05 08:38:14.23]: text ppl 30.6535 |   702/ 2808 batches
[23-01-05 08:40:53.47]: text ppl 30.6994 |  1404/ 2808 batches
[23-01-05 08:43:32.73]: text ppl 30.8589 |  2106/ 2808 batches
[23-01-05 08:46:11.76]: text ppl 30.8798 |  2808/ 2808 batches
[23-01-05 08:46:45.28]: text ppl 23.6985 | valid loss 3.1654 on validation
[23-01-05 08:46:46.52]: epoch 65
[23-01-05 08:49:26.13]: text ppl 30.5813 |   702/ 2808 batches
[23-01-05 08:52:05.39]: text ppl 30.7629 |  1404/ 2808 batches
[23-01-05 08:54:44.79]: text ppl 30.7550 |  2106/ 2808 batches
[23-01-05 08:57:23.93]: text ppl 30.7913 |  2808/ 2808 batches
[23-01-05 08:57:57.43]: text ppl 23.6807 | valid loss 3.1647 on validation
[23-01-05 08:57:58.75]: epoch 66
[23-01-05 09:00:38.15]: text ppl 30.4909 |   702/ 2808 batches
[23-01-05 09:03:17.39]: text ppl 30.5606 |  1404/ 2808 batches
[23-01-05 09:05:56.71]: text ppl 30.7446 |  2106/ 2808 batches
[23-01-05 09:08:35.87]: text ppl 30.9186 |  2808/ 2808 batches
[23-01-05 09:09:09.46]: text ppl 23.6676 | valid loss 3.1641 on validation
[23-01-05 09:09:10.76]: epoch 67
[23-01-05 09:11:50.63]: text ppl 30.6006 |   702/ 2808 batches
[23-01-05 09:14:30.08]: text ppl 30.6281 |  1404/ 2808 batches
[23-01-05 09:17:09.42]: text ppl 30.5981 |  2106/ 2808 batches
[23-01-05 09:19:48.41]: text ppl 30.6758 |  2808/ 2808 batches
[23-01-05 09:20:21.91]: text ppl 23.6583 | valid loss 3.1637 on validation
[23-01-05 09:20:23.12]: epoch 68
[23-01-05 09:23:02.60]: text ppl 30.5046 |   702/ 2808 batches
[23-01-05 09:25:41.68]: text ppl 30.6038 |  1404/ 2808 batches
[23-01-05 09:28:20.59]: text ppl 30.5896 |  2106/ 2808 batches
[23-01-05 09:30:59.42]: text ppl 30.6760 |  2808/ 2808 batches
[23-01-05 09:31:32.91]: text ppl 23.6342 | valid loss 3.1627 on validation
[23-01-05 09:31:34.18]: epoch 69
[23-01-05 09:34:13.47]: text ppl 30.3261 |   702/ 2808 batches
[23-01-05 09:36:52.45]: text ppl 30.6077 |  1404/ 2808 batches
[23-01-05 09:39:31.46]: text ppl 30.5946 |  2106/ 2808 batches
[23-01-05 09:42:10.32]: text ppl 30.6698 |  2808/ 2808 batches
[23-01-05 09:42:43.82]: text ppl 23.6220 | valid loss 3.1622 on validation
[23-01-05 09:42:45.13]: epoch 70
[23-01-05 09:45:24.59]: text ppl 30.3288 |   702/ 2808 batches
[23-01-05 09:48:03.62]: text ppl 30.3754 |  1404/ 2808 batches
[23-01-05 09:50:42.67]: text ppl 30.6334 |  2106/ 2808 batches
[23-01-05 09:53:21.47]: text ppl 30.7028 |  2808/ 2808 batches
[23-01-05 09:53:55.00]: text ppl 23.6047 | valid loss 3.1614 on validation
[23-01-05 09:53:56.31]: epoch 71
[23-01-05 09:56:35.67]: text ppl 30.3065 |   702/ 2808 batches
[23-01-05 09:59:14.68]: text ppl 30.3678 |  1404/ 2808 batches
[23-01-05 10:01:53.81]: text ppl 30.5669 |  2106/ 2808 batches
[23-01-05 10:04:32.64]: text ppl 30.6357 |  2808/ 2808 batches
[23-01-05 10:05:06.16]: text ppl 23.5878 | valid loss 3.1607 on validation
[23-01-05 10:05:07.40]: epoch 72
[23-01-05 10:07:46.88]: text ppl 30.1972 |   702/ 2808 batches
[23-01-05 10:10:25.95]: text ppl 30.3675 |  1404/ 2808 batches
[23-01-05 10:13:05.10]: text ppl 30.6086 |  2106/ 2808 batches
[23-01-05 10:15:43.99]: text ppl 30.4605 |  2808/ 2808 batches
[23-01-05 10:16:17.49]: text ppl 23.5786 | valid loss 3.1603 on validation
[23-01-05 10:16:18.79]: epoch 73
[23-01-05 10:18:58.30]: text ppl 30.1643 |   702/ 2808 batches
[23-01-05 10:21:37.42]: text ppl 30.3959 |  1404/ 2808 batches
[23-01-05 10:24:16.63]: text ppl 30.5830 |  2106/ 2808 batches
[23-01-05 10:26:55.73]: text ppl 30.4455 |  2808/ 2808 batches
[23-01-05 10:27:29.25]: text ppl 23.5566 | valid loss 3.1594 on validation
[23-01-05 10:27:30.56]: epoch 74
[23-01-05 10:30:10.16]: text ppl 30.1819 |   702/ 2808 batches
[23-01-05 10:32:49.39]: text ppl 30.3204 |  1404/ 2808 batches
[23-01-05 10:35:28.54]: text ppl 30.4942 |  2106/ 2808 batches
[23-01-05 10:38:07.50]: text ppl 30.4320 |  2808/ 2808 batches
[23-01-05 10:38:41.01]: text ppl 23.5446 | valid loss 3.1589 on validation
[23-01-05 10:38:42.37]: epoch 75
[23-01-05 10:41:21.72]: text ppl 30.0126 |   702/ 2808 batches
[23-01-05 10:44:00.68]: text ppl 30.2571 |  1404/ 2808 batches
[23-01-05 10:46:39.66]: text ppl 30.5313 |  2106/ 2808 batches
[23-01-05 10:49:18.47]: text ppl 30.4835 |  2808/ 2808 batches
[23-01-05 10:49:51.98]: text ppl 23.5309 | valid loss 3.1583 on validation
[23-01-05 10:49:53.21]: epoch 76
[23-01-05 10:52:32.80]: text ppl 30.1146 |   702/ 2808 batches
[23-01-05 10:55:12.02]: text ppl 30.2156 |  1404/ 2808 batches
[23-01-05 10:57:51.21]: text ppl 30.2974 |  2106/ 2808 batches
[23-01-05 11:00:30.18]: text ppl 30.4367 |  2808/ 2808 batches
[23-01-05 11:01:03.70]: text ppl 23.5248 | valid loss 3.1581 on validation
[23-01-05 11:01:05.00]: epoch 77
[23-01-05 11:03:44.58]: text ppl 30.1486 |   702/ 2808 batches
[23-01-05 11:06:23.75]: text ppl 30.2562 |  1404/ 2808 batches
[23-01-05 11:09:02.96]: text ppl 30.0990 |  2106/ 2808 batches
[23-01-05 11:11:41.91]: text ppl 30.4257 |  2808/ 2808 batches
[23-01-05 11:12:15.46]: text ppl 23.5076 | valid loss 3.1573 on validation
[23-01-05 11:12:16.78]: epoch 78
[23-01-05 11:14:56.40]: text ppl 30.0544 |   702/ 2808 batches
[23-01-05 11:17:35.81]: text ppl 30.1682 |  1404/ 2808 batches
[23-01-05 11:20:14.25]: text ppl 30.2365 |  2106/ 2808 batches
[23-01-05 11:22:52.16]: text ppl 30.3394 |  2808/ 2808 batches
[23-01-05 11:23:25.41]: text ppl 23.4952 | valid loss 3.1568 on validation
[23-01-05 11:23:26.62]: epoch 79
[23-01-05 11:26:04.92]: text ppl 29.9767 |   702/ 2808 batches
[23-01-05 11:28:42.80]: text ppl 30.0817 |  1404/ 2808 batches
[23-01-05 11:31:20.61]: text ppl 30.3563 |  2106/ 2808 batches
[23-01-05 11:33:58.21]: text ppl 30.2778 |  2808/ 2808 batches
[23-01-05 11:34:31.48]: text ppl 23.4785 | valid loss 3.1561 on validation
[23-01-05 11:34:32.73]: epoch 80
[23-01-05 11:37:11.18]: text ppl 30.1151 |   702/ 2808 batches
[23-01-05 11:39:49.24]: text ppl 30.0408 |  1404/ 2808 batches
[23-01-05 11:42:27.39]: text ppl 30.2291 |  2106/ 2808 batches
[23-01-05 11:45:05.33]: text ppl 30.1592 |  2808/ 2808 batches
[23-01-05 11:45:38.55]: text ppl 23.4714 | valid loss 3.1558 on validation
[23-01-05 11:45:39.87]: epoch 81
[23-01-05 11:48:18.15]: text ppl 29.8984 |   702/ 2808 batches
[23-01-05 11:50:56.21]: text ppl 30.0228 |  1404/ 2808 batches
[23-01-05 11:53:34.27]: text ppl 30.2580 |  2106/ 2808 batches
[23-01-05 11:56:12.15]: text ppl 30.2369 |  2808/ 2808 batches
[23-01-05 11:56:45.44]: text ppl 23.4581 | valid loss 3.1552 on validation
[23-01-05 11:56:46.73]: epoch 82
[23-01-05 11:59:25.11]: text ppl 29.7922 |   702/ 2808 batches
[23-01-05 12:02:03.34]: text ppl 30.0399 |  1404/ 2808 batches
[23-01-05 12:04:41.40]: text ppl 30.1597 |  2106/ 2808 batches
[23-01-05 12:07:19.09]: text ppl 30.2577 |  2808/ 2808 batches
[23-01-05 12:07:52.42]: text ppl 23.4419 | valid loss 3.1545 on validation
[23-01-05 12:07:53.68]: epoch 83
[23-01-05 12:10:32.11]: text ppl 29.7960 |   702/ 2808 batches
[23-01-05 12:13:10.13]: text ppl 30.0904 |  1404/ 2808 batches
[23-01-05 12:15:48.33]: text ppl 30.1003 |  2106/ 2808 batches
[23-01-05 12:18:26.24]: text ppl 30.2035 |  2808/ 2808 batches
[23-01-05 12:18:59.53]: text ppl 23.4322 | valid loss 3.1541 on validation
[23-01-05 12:19:00.71]: epoch 84
[23-01-05 12:21:38.95]: text ppl 29.8116 |   702/ 2808 batches
[23-01-05 12:24:16.85]: text ppl 30.0871 |  1404/ 2808 batches
[23-01-05 12:26:54.85]: text ppl 29.9870 |  2106/ 2808 batches
[23-01-05 12:29:32.59]: text ppl 30.1823 |  2808/ 2808 batches
[23-01-05 12:30:05.87]: text ppl 23.4257 | valid loss 3.1538 on validation
[23-01-05 12:30:07.19]: epoch 85
[23-01-05 12:32:45.55]: text ppl 29.7552 |   702/ 2808 batches
[23-01-05 12:35:23.46]: text ppl 29.8670 |  1404/ 2808 batches
[23-01-05 12:38:01.47]: text ppl 30.0588 |  2106/ 2808 batches
[23-01-05 12:40:39.16]: text ppl 30.2527 |  2808/ 2808 batches
[23-01-05 12:41:12.37]: text ppl 23.4135 | valid loss 3.1533 on validation
[23-01-05 12:41:13.64]: epoch 86
[23-01-05 12:43:51.95]: text ppl 29.5974 |   702/ 2808 batches
[23-01-05 12:46:29.93]: text ppl 30.0154 |  1404/ 2808 batches
[23-01-05 12:49:07.98]: text ppl 30.1204 |  2106/ 2808 batches
[23-01-05 12:51:45.88]: text ppl 30.0223 |  2808/ 2808 batches
[23-01-05 12:52:19.11]: text ppl 23.4084 | valid loss 3.1531 on validation
[23-01-05 12:52:20.42]: epoch 87
[23-01-05 12:54:58.92]: text ppl 29.7857 |   702/ 2808 batches
[23-01-05 12:57:37.19]: text ppl 29.7913 |  1404/ 2808 batches
[23-01-05 13:00:15.32]: text ppl 30.0107 |  2106/ 2808 batches
[23-01-05 13:02:53.11]: text ppl 30.0498 |  2808/ 2808 batches
[23-01-05 13:03:26.35]: text ppl 23.3888 | valid loss 3.1523 on validation
[23-01-05 13:03:27.62]: epoch 88
[23-01-05 13:06:06.14]: text ppl 29.7079 |   702/ 2808 batches
[23-01-05 13:08:44.27]: text ppl 29.8918 |  1404/ 2808 batches
[23-01-05 13:11:22.36]: text ppl 29.9136 |  2106/ 2808 batches
[23-01-05 13:14:00.23]: text ppl 30.0387 |  2808/ 2808 batches
[23-01-05 13:14:33.51]: text ppl 23.3811 | valid loss 3.1519 on validation
[23-01-05 13:14:34.69]: epoch 89
[23-01-05 13:17:13.21]: text ppl 29.7030 |   702/ 2808 batches
[23-01-05 13:19:51.34]: text ppl 29.8097 |  1404/ 2808 batches
[23-01-05 13:22:29.41]: text ppl 29.8203 |  2106/ 2808 batches
[23-01-05 13:25:07.32]: text ppl 30.0979 |  2808/ 2808 batches
[23-01-05 13:25:40.57]: text ppl 23.3744 | valid loss 3.1516 on validation
[23-01-05 13:25:41.83]: epoch 90
[23-01-05 13:28:20.26]: text ppl 29.6827 |   702/ 2808 batches
[23-01-05 13:30:58.35]: text ppl 29.9104 |  1404/ 2808 batches
[23-01-05 13:33:36.41]: text ppl 29.7425 |  2106/ 2808 batches
[23-01-05 13:36:14.37]: text ppl 29.9185 |  2808/ 2808 batches
[23-01-05 13:36:47.73]: text ppl 23.3596 | valid loss 3.1510 on validation
[23-01-05 13:36:48.96]: epoch 91
[23-01-05 13:39:27.50]: text ppl 29.6087 |   702/ 2808 batches
[23-01-05 13:42:05.64]: text ppl 29.8286 |  1404/ 2808 batches
[23-01-05 13:44:43.75]: text ppl 29.7922 |  2106/ 2808 batches
[23-01-05 13:47:21.79]: text ppl 29.9606 |  2808/ 2808 batches
[23-01-05 13:47:55.08]: text ppl 23.3487 | valid loss 3.1505 on validation
[23-01-05 13:47:56.27]: epoch 92
[23-01-05 13:50:34.73]: text ppl 29.6019 |   702/ 2808 batches
[23-01-05 13:53:12.91]: text ppl 29.7018 |  1404/ 2808 batches
[23-01-05 13:55:50.98]: text ppl 29.8968 |  2106/ 2808 batches
[23-01-05 13:58:28.86]: text ppl 29.9220 |  2808/ 2808 batches
[23-01-05 13:59:02.12]: text ppl 23.3453 | valid loss 3.1504 on validation
[23-01-05 13:59:03.22]: epoch 93
[23-01-05 14:01:41.57]: text ppl 29.5855 |   702/ 2808 batches
[23-01-05 14:04:19.78]: text ppl 29.6381 |  1404/ 2808 batches
[23-01-05 14:06:57.97]: text ppl 29.8378 |  2106/ 2808 batches
[23-01-05 14:09:35.89]: text ppl 29.8625 |  2808/ 2808 batches
[23-01-05 14:10:09.15]: text ppl 23.3265 | valid loss 3.1496 on validation
[23-01-05 14:10:10.50]: epoch 94
[23-01-05 14:12:48.96]: text ppl 29.5737 |   702/ 2808 batches
[23-01-05 14:15:27.02]: text ppl 29.7093 |  1404/ 2808 batches
[23-01-05 14:18:05.06]: text ppl 29.6862 |  2106/ 2808 batches
[23-01-05 14:20:43.01]: text ppl 29.8965 |  2808/ 2808 batches
[23-01-05 14:21:16.25]: text ppl 23.3157 | valid loss 3.1491 on validation
[23-01-05 14:21:17.51]: epoch 95
[23-01-05 14:23:55.98]: text ppl 29.6362 |   702/ 2808 batches
[23-01-05 14:26:34.15]: text ppl 29.5964 |  1404/ 2808 batches
[23-01-05 14:29:12.29]: text ppl 29.7201 |  2106/ 2808 batches
[23-01-05 14:31:50.39]: text ppl 29.7356 |  2808/ 2808 batches
[23-01-05 14:32:23.67]: text ppl 23.3102 | valid loss 3.1489 on validation
[23-01-05 14:32:24.96]: epoch 96
[23-01-05 14:35:03.33]: text ppl 29.4587 |   702/ 2808 batches
[23-01-05 14:37:41.42]: text ppl 29.6142 |  1404/ 2808 batches
[23-01-05 14:40:19.43]: text ppl 29.6884 |  2106/ 2808 batches
[23-01-05 14:42:57.32]: text ppl 29.8352 |  2808/ 2808 batches
[23-01-05 14:43:30.56]: text ppl 23.3078 | valid loss 3.1488 on validation
[23-01-05 14:43:32.17]: epoch 97
[23-01-05 14:46:10.55]: text ppl 29.5041 |   702/ 2808 batches
[23-01-05 14:48:48.54]: text ppl 29.6216 |  1404/ 2808 batches
[23-01-05 14:51:26.61]: text ppl 29.6583 |  2106/ 2808 batches
[23-01-05 14:54:04.42]: text ppl 29.7822 |  2808/ 2808 batches
[23-01-05 14:54:37.69]: text ppl 23.2943 | valid loss 3.1482 on validation
[23-01-05 14:54:38.99]: epoch 98
[23-01-05 14:57:17.31]: text ppl 29.4318 |   702/ 2808 batches
[23-01-05 14:59:55.30]: text ppl 29.6004 |  1404/ 2808 batches
[23-01-05 15:02:33.25]: text ppl 29.6668 |  2106/ 2808 batches
[23-01-05 15:05:10.98]: text ppl 29.7593 |  2808/ 2808 batches
[23-01-05 15:05:44.20]: text ppl 23.2850 | valid loss 3.1478 on validation
[23-01-05 15:05:45.44]: epoch 99
[23-01-05 15:08:23.76]: text ppl 29.4334 |   702/ 2808 batches
[23-01-05 15:11:01.71]: text ppl 29.5701 |  1404/ 2808 batches
[23-01-05 15:13:39.80]: text ppl 29.7379 |  2106/ 2808 batches
[23-01-05 15:16:17.69]: text ppl 29.5970 |  2808/ 2808 batches
[23-01-05 15:16:50.95]: text ppl 23.2764 | valid loss 3.1474 on validation
[23-01-05 15:16:52.23]: epoch 100
[23-01-05 15:19:30.95]: text ppl 29.4771 |   702/ 2808 batches
[23-01-05 15:22:08.99]: text ppl 29.4569 |  1404/ 2808 batches
[23-01-05 15:24:47.01]: text ppl 29.6436 |  2106/ 2808 batches
[23-01-05 15:27:24.76]: text ppl 29.6719 |  2808/ 2808 batches
[23-01-05 15:27:58.03]: text ppl 23.2700 | valid loss 3.1472 on validation
[23-01-05 15:27:59.58]: Tuning both Prompt and LM
[23-01-05 15:27:59.63]: epoch 1
[23-01-05 15:31:52.38]: text ppl 16.8147 |   702/ 2808 batches
[23-01-05 15:35:44.79]: text ppl 14.1282 |  1404/ 2808 batches
[23-01-05 15:39:37.36]: text ppl 13.6087 |  2106/ 2808 batches
[23-01-05 15:43:29.73]: text ppl 13.2529 |  2808/ 2808 batches
[23-01-05 15:44:03.11]: text ppl 13.3045 | valid loss 2.5881 on validation
[23-01-05 15:44:04.40]: epoch 2
[23-01-05 15:47:57.25]: text ppl 10.9349 |   702/ 2808 batches
[23-01-05 15:51:49.67]: text ppl 11.2791 |  1404/ 2808 batches
[23-01-05 15:55:42.04]: text ppl 11.2945 |  2106/ 2808 batches
[23-01-05 15:59:34.21]: text ppl 11.4141 |  2808/ 2808 batches
[23-01-05 16:00:07.53]: text ppl 14.4330 | valid loss 2.6695 on validation
[23-01-05 16:00:07.53]: Endured 1 time(s)
[23-01-05 16:00:07.53]: epoch 3
[23-01-05 16:04:00.64]: text ppl 9.0032 |   702/ 2808 batches
[23-01-05 16:07:53.09]: text ppl 9.4689 |  1404/ 2808 batches
[23-01-05 16:11:45.56]: text ppl 9.7249 |  2106/ 2808 batches
[23-01-05 16:15:37.74]: text ppl 9.8266 |  2808/ 2808 batches
[23-01-05 16:16:11.08]: text ppl 13.1930 | valid loss 2.5797 on validation
[23-01-05 16:16:12.35]: epoch 4
[23-01-05 16:20:05.38]: text ppl 7.5563 |   702/ 2808 batches
[23-01-05 16:23:57.88]: text ppl 8.0563 |  1404/ 2808 batches
[23-01-05 16:27:50.34]: text ppl 8.3640 |  2106/ 2808 batches
[23-01-05 16:31:42.50]: text ppl 8.5361 |  2808/ 2808 batches
[23-01-05 16:32:15.82]: text ppl 13.5366 | valid loss 2.6054 on validation
[23-01-05 16:32:15.82]: Endured 2 time(s)
[23-01-05 16:32:15.82]: epoch 5
[23-01-05 16:36:08.77]: text ppl 6.4197 |   702/ 2808 batches
[23-01-05 16:40:01.25]: text ppl 6.9278 |  1404/ 2808 batches
[23-01-05 16:43:53.77]: text ppl 7.2401 |  2106/ 2808 batches
[23-01-05 16:47:45.99]: text ppl 7.4748 |  2808/ 2808 batches
[23-01-05 16:48:19.37]: text ppl 14.4738 | valid loss 2.6723 on validation
[23-01-05 16:48:19.37]: Endured 3 time(s)
[23-01-05 16:48:19.37]: epoch 6
[23-01-05 16:52:12.18]: text ppl 5.5522 |   702/ 2808 batches
[23-01-05 16:56:04.72]: text ppl 6.0064 |  1404/ 2808 batches
[23-01-05 16:59:57.30]: text ppl 6.3464 |  2106/ 2808 batches
[23-01-05 17:03:49.65]: text ppl 6.5915 |  2808/ 2808 batches
[23-01-05 17:04:23.01]: text ppl 16.0668 | valid loss 2.7768 on validation
[23-01-05 17:04:23.01]: Endured 4 time(s)
[23-01-05 17:04:23.01]: epoch 7
[23-01-05 17:08:15.98]: text ppl 4.8463 |   702/ 2808 batches
[23-01-05 17:12:08.70]: text ppl 5.3017 |  1404/ 2808 batches
[23-01-05 17:16:01.34]: text ppl 5.6128 |  2106/ 2808 batches
[23-01-05 17:19:53.68]: text ppl 5.8596 |  2808/ 2808 batches
[23-01-05 17:20:27.02]: text ppl 17.2687 | valid loss 2.8489 on validation
[23-01-05 17:20:27.02]: Endured 5 time(s)
[23-01-05 17:20:27.02]: Cannot endure it anymore | Exiting from early stop
=========================================================================================
[23-01-05 17:21:01.81]: text ppl 13.1960 on test | End of training
[23-01-05 17:21:01.81]: Generating text
[23-01-05 17:30:12.97]: BLEU-1 18.1414
[23-01-05 17:30:21.75]: BLEU-4  1.3727
[23-01-05 17:32:34.03]: USR  0.7599 | USN   31340
[23-01-05 17:39:39.58]: DIV  2.0951
[23-01-05 17:39:41.98]: FCR  0.3479
[23-01-05 17:39:41.99]: FMR  0.1089
[23-01-05 17:39:53.36]: rouge_1/f_score 20.1463
[23-01-05 17:39:53.36]: rouge_1/r_score 20.7443
[23-01-05 17:39:53.36]: rouge_1/p_score 22.4180
[23-01-05 17:39:53.36]: rouge_2/f_score  2.4998
[23-01-05 17:39:53.36]: rouge_2/r_score  2.6351
[23-01-05 17:39:53.36]: rouge_2/p_score  2.8120
[23-01-05 17:39:53.36]: rouge_l/f_score 16.0347
[23-01-05 17:39:53.36]: rouge_l/r_score 19.3598
[23-01-05 17:39:53.36]: rouge_l/p_score 18.9491
[23-01-05 17:39:53.47]: Generated text saved to (./Result/Amazon/MoviesAndTV_New/PEPLER/0/generated_CP.txt)
