-----------------------------------ARGUMENTS------------------------------------
model_name                               peter
dataset                                  amazon-sports
fold                                     0
cuda                                     True
test                                     False
no_generate                              False
seed                                     1111
no_train                                 True
log_file                                 ./Log/SEQ-FMLP_PETER.log
------------------------------------CONFIGS-------------------------------------
emsize                                   512
nhead                                    2
nhid                                     2048
nlayers                                  2
dropout                                  0.2
lr                                       1.0
pre_train                                False
optimizer                                SGD
scheduler                                steplr
warmup_epoch                             2
clip_norm                                1.0
epochs                                   100
batch_size                               128
load_direct                              True
continue_train                           True
log_interval                             4
vocab_size                               20000
text_len                                 15
endure_times                             5
rating_reg                               0.1
context_reg                              1.0
text_reg                                 1.0
item_reg                                 0.1
hist_len                                 0
user_len                                 1
item_len                                 1
use_feature                              True
seq_mode                                 0
peter_mask                               True
seq_prediction                           True
context_prediction                       True
rating_prediction                        True
nextitem_prediction                      False
-----------------------------------ARGUMENTS------------------------------------
[2023-01-15 11:25:52]: [GPU 0] World_Size(Num GPUs): 4
[2023-01-15 11:25:52]: [GPU 0] Loading data Fold ./Data/Amazon/SportsAndOutdoors/0
[2023-01-15 11:25:52]: [GPU 0] Init Start
[2023-01-15 11:25:52]: [GPU 0] Init End
[2023-01-15 11:25:53]: [GPU 0] Load Start
[2023-01-15 11:25:53]: [GPU 0] train len:111672
[2023-01-15 11:25:53]: [GPU 0] Load End
[2023-01-15 11:25:54]: [GPU 0] text_reg:1.0, context_reg:1.0, rating_reg:0.1, item_reg:0.1
[2023-01-15 11:25:54]: [GPU 0] Device cuda
[2023-01-15 11:25:54]: [GPU 0] Loading data helper
[2023-01-15 11:25:54]: [GPU 0] Use Feature: True | src_len: 3
[2023-01-15 11:25:54]: [GPU 0] Building model PETER on device cuda
[2023-01-15 11:25:56]: [GPU 0] Save Mask to ./SEQUER/results/MASK_PETER+_PMask.png
[2023-01-15 11:25:58]: [GPU 0] Loading checkpoint from ./SEQUER/checkpoints/peter_amazon-sports_0.pt
[2023-01-15 11:25:58]: [GPU 0] Resuming training from snapshot at Epoch 30
[2023-01-15 11:25:58]: [GPU 0] Building model PETER on device cuda
[2023-01-15 11:26:00]: [GPU 0] Save Mask to ./SEQUER/results/MASK_PETER+_PMask.png
[2023-01-15 11:26:01]: [GPU 0] Loading checkpoint from ./SEQUER/checkpoints/peter_amazon-sports_0.pt
[2023-01-15 11:26:01]: [GPU 0] Resuming training from snapshot at Epoch 30
[2023-01-15 11:26:01]: [GPU 0] Resuming training from snapshot at Epoch 30
=========================================================================================
[2023-01-15 11:26:02]: [GPU 0] context ppl 536.5391 | text ppl 59.3596 | rating loss 0.8164 | loss 595.9803 on test |End of training
[2023-01-15 11:26:02]: [GPU 0] Generating text
[2023-01-15 11:26:04]: [GPU 0] RMSE↓  0.9035
[2023-01-15 11:26:04]: [GPU 0] MAE↓  0.6928
[2023-01-15 11:26:04]: [GPU 0] idss_predict 6047, tokens_predict 6047
[2023-01-15 11:26:05]: [GPU 0] BLEU-1↑ 19.6812
[2023-01-15 11:26:06]: [GPU 0] BLEU-4↑  2.2515
[2023-01-15 11:26:06]: [GPU 0] USR↑  0.1144 | USN↑     692
[2023-01-15 11:26:10]: [GPU 0] DIV↓  0.0422
[2023-01-15 11:26:10]: [GPU 0] FCR↑  0.1481
[2023-01-15 11:26:10]: [GPU 0] FMR↑  0.8493
[2023-01-15 11:26:11]: [GPU 0] R1-F↑ 27.9229
[2023-01-15 11:26:11]: [GPU 0] R1-R↑ 26.5235
[2023-01-15 11:26:11]: [GPU 0] R1-P↑ 37.3976
[2023-01-15 11:26:11]: [GPU 0] R2-F↑  7.3861
[2023-01-15 11:26:11]: [GPU 0] R2-R↑  7.0449
[2023-01-15 11:26:11]: [GPU 0] R2-P↑ 10.9631
[2023-01-15 11:26:11]: [GPU 0] RL-F↑ 21.5881
[2023-01-15 11:26:11]: [GPU 0] RL-R↑ 23.9196
[2023-01-15 11:26:11]: [GPU 0] RL-P↑ 32.9893
[2023-01-15 11:26:11]: [GPU 0] Saved result to ./SEQUER/results/results.csv
[2023-01-15 11:26:11]: [GPU 0] Generated text saved to ./SEQUER/checkpoints/generated_amazon-sports_0_peter.txt
