----------------------------------------ARGUMENTS----------------------------------------
model_name                               peter
dataset                                  amazon-movies
fold                                     0
cuda                                     True
test                                     False
no_generate                              False
log_interval                             200
seed                                     1111
emsize                                   512
nhead                                    2
nhid                                     2048
nlayers                                  2
dropout                                  0.2
lr                                       1.0
clip_norm                                1.0
epochs                                   100
batch_size                               128
log_interval                             200
vocab_size                               20000
endure_times                             5
rating_reg                               0.1
context_reg                              1.0
text_reg                                 1.0
item_reg                                 0.1
hist_len                                 0
use_feature                              True
seq_mode                                 0
peter_mask                               True
seq_prediction                           True
context_prediction                       True
rating_prediction                        True
nextitem_prediction                      False
----------------------------------------ARGUMENTS----------------------------------------
[2022-12-20 16:57:14.343650]: Loading data ./SEQUER/data/0
[2022-12-20 16:59:40.899583]: Building model PETER
[2022-12-20 16:59:43.550086]: epoch 1
[2022-12-20 16:59:49.446108]: context ppl 2345.7405 | text ppl 1560.3818 | rating loss 3.8948 |   200/ 2808 batches
[2022-12-20 16:59:54.895532]: context ppl 934.3630 | text ppl 445.8630 | rating loss 2.1113 |   400/ 2808 batches
[2022-12-20 17:00:00.343911]: context ppl 794.7021 | text ppl 297.3473 | rating loss 1.7600 |   600/ 2808 batches
[2022-12-20 17:00:05.791881]: context ppl 711.8570 | text ppl 221.5312 | rating loss 1.5100 |   800/ 2808 batches
[2022-12-20 17:00:11.236501]: context ppl 714.0918 | text ppl 201.2685 | rating loss 1.4257 |  1000/ 2808 batches
[2022-12-20 17:00:16.681100]: context ppl 694.6092 | text ppl 181.1268 | rating loss 1.5244 |  1200/ 2808 batches
[2022-12-20 17:00:22.118970]: context ppl 653.6957 | text ppl 156.5705 | rating loss 1.3691 |  1400/ 2808 batches
[2022-12-20 17:00:27.549235]: context ppl 647.5029 | text ppl 148.5517 | rating loss 1.4940 |  1600/ 2808 batches
[2022-12-20 17:00:32.979674]: context ppl 649.3789 | text ppl 139.4515 | rating loss 1.4378 |  1800/ 2808 batches
[2022-12-20 17:00:38.412921]: context ppl 658.2128 | text ppl 137.6163 | rating loss 1.5078 |  2000/ 2808 batches
[2022-12-20 17:00:43.832240]: context ppl 629.2006 | text ppl 125.1343 | rating loss 1.4044 |  2200/ 2808 batches
[2022-12-20 17:00:49.261913]: context ppl 621.3400 | text ppl 120.4760 | rating loss 1.4486 |  2400/ 2808 batches
[2022-12-20 17:00:54.670228]: context ppl 656.5969 | text ppl 126.9524 | rating loss 1.4658 |  2600/ 2808 batches
[2022-12-20 17:01:00.079886]: context ppl 610.1526 | text ppl 110.5997 | rating loss 1.4714 |  2800/ 2808 batches
[2022-12-20 17:01:00.286091]: context ppl 601.3193 | text ppl 107.6738 | rating loss 1.4930 |  2808/ 2808 batches
[2022-12-20 17:01:03.213065]: context ppl 629.0032 | text ppl 102.1994 | rating loss 1.4338 | valid loss 6.0607 on validation
[2022-12-20 17:01:04.008253]: epoch 2
[2022-12-20 17:01:09.769813]: context ppl 628.4930 | text ppl 107.3975 | rating loss 1.4292 |   200/ 2808 batches
[2022-12-20 17:01:15.142872]: context ppl 626.3413 | text ppl 105.4049 | rating loss 1.4208 |   400/ 2808 batches
[2022-12-20 17:01:20.509073]: context ppl 623.6594 | text ppl 101.7132 | rating loss 1.4261 |   600/ 2808 batches
[2022-12-20 17:01:25.877073]: context ppl 620.1642 | text ppl 99.7229 | rating loss 1.3982 |   800/ 2808 batches
[2022-12-20 17:01:31.237151]: context ppl 614.2622 | text ppl 96.6579 | rating loss 1.4236 |  1000/ 2808 batches
[2022-12-20 17:01:36.602152]: context ppl 610.2797 | text ppl 94.5198 | rating loss 1.4377 |  1200/ 2808 batches
[2022-12-20 17:01:41.966344]: context ppl 616.1093 | text ppl 93.4728 | rating loss 1.4134 |  1400/ 2808 batches
[2022-12-20 17:01:47.333794]: context ppl 603.2271 | text ppl 91.1780 | rating loss 1.4454 |  1600/ 2808 batches
[2022-12-20 17:01:52.699593]: context ppl 611.0494 | text ppl 91.3141 | rating loss 1.4098 |  1800/ 2808 batches
[2022-12-20 17:01:58.063374]: context ppl 604.9126 | text ppl 88.8911 | rating loss 1.3978 |  2000/ 2808 batches
[2022-12-20 17:02:03.438069]: context ppl 598.1804 | text ppl 86.7511 | rating loss 1.4384 |  2200/ 2808 batches
[2022-12-20 17:02:08.813917]: context ppl 599.0978 | text ppl 86.0788 | rating loss 1.4187 |  2400/ 2808 batches
[2022-12-20 17:02:14.189634]: context ppl 599.3948 | text ppl 85.4021 | rating loss 1.4065 |  2600/ 2808 batches
[2022-12-20 17:02:19.569257]: context ppl 600.0957 | text ppl 84.7578 | rating loss 1.4081 |  2800/ 2808 batches
[2022-12-20 17:02:19.775993]: context ppl 592.1924 | text ppl 83.1363 | rating loss 1.3232 |  2808/ 2808 batches
[2022-12-20 17:02:22.724717]: context ppl 596.1096 | text ppl 76.1152 | rating loss 1.4235 | valid loss 5.7557 on validation
[2022-12-20 17:02:23.124897]: epoch 3
[2022-12-20 17:02:28.906080]: context ppl 592.8485 | text ppl 78.8560 | rating loss 1.4309 |   200/ 2808 batches
[2022-12-20 17:02:34.294455]: context ppl 594.7221 | text ppl 79.0093 | rating loss 1.3954 |   400/ 2808 batches
[2022-12-20 17:02:39.695158]: context ppl 588.0682 | text ppl 77.8118 | rating loss 1.4075 |   600/ 2808 batches
[2022-12-20 17:02:45.088951]: context ppl 586.9221 | text ppl 77.7804 | rating loss 1.3987 |   800/ 2808 batches
[2022-12-20 17:02:50.484667]: context ppl 582.0900 | text ppl 75.6511 | rating loss 1.3884 |  1000/ 2808 batches
[2022-12-20 17:02:55.875933]: context ppl 582.5445 | text ppl 76.2092 | rating loss 1.3740 |  1200/ 2808 batches
[2022-12-20 17:03:01.273119]: context ppl 583.3743 | text ppl 76.1899 | rating loss 1.3725 |  1400/ 2808 batches
[2022-12-20 17:03:06.677979]: context ppl 582.1886 | text ppl 75.4495 | rating loss 1.3526 |  1600/ 2808 batches
[2022-12-20 17:03:12.086623]: context ppl 581.9295 | text ppl 74.7174 | rating loss 1.3491 |  1800/ 2808 batches
[2022-12-20 17:03:17.499279]: context ppl 578.5577 | text ppl 74.1313 | rating loss 1.3073 |  2000/ 2808 batches
[2022-12-20 17:03:22.907118]: context ppl 573.5773 | text ppl 73.5358 | rating loss 1.2694 |  2200/ 2808 batches
[2022-12-20 17:03:28.322731]: context ppl 576.8309 | text ppl 72.7476 | rating loss 1.2637 |  2400/ 2808 batches
[2022-12-20 17:03:33.734047]: context ppl 577.3159 | text ppl 73.2827 | rating loss 1.2304 |  2600/ 2808 batches
[2022-12-20 17:03:39.143553]: context ppl 568.8073 | text ppl 71.2824 | rating loss 1.2011 |  2800/ 2808 batches
[2022-12-20 17:03:39.349529]: context ppl 557.2044 | text ppl 68.8522 | rating loss 1.2004 |  2808/ 2808 batches
[2022-12-20 17:03:42.313684]: context ppl 572.6651 | text ppl 65.8637 | rating loss 1.2050 | valid loss 5.3926 on validation
[2022-12-20 17:03:42.750335]: epoch 4
[2022-12-20 17:03:48.572951]: context ppl 568.1886 | text ppl 67.3156 | rating loss 1.1681 |   200/ 2808 batches
[2022-12-20 17:03:54.012860]: context ppl 568.6699 | text ppl 67.4255 | rating loss 1.1604 |   400/ 2808 batches
[2022-12-20 17:03:59.437731]: context ppl 562.5151 | text ppl 67.0872 | rating loss 1.1384 |   600/ 2808 batches
[2022-12-20 17:04:04.864412]: context ppl 564.8047 | text ppl 67.3206 | rating loss 1.1284 |   800/ 2808 batches
[2022-12-20 17:04:10.293241]: context ppl 563.5437 | text ppl 67.3712 | rating loss 1.1345 |  1000/ 2808 batches
[2022-12-20 17:04:15.732287]: context ppl 562.2036 | text ppl 66.1000 | rating loss 1.1274 |  1200/ 2808 batches
[2022-12-20 17:04:21.156213]: context ppl 557.1632 | text ppl 65.8970 | rating loss 1.1250 |  1400/ 2808 batches
[2022-12-20 17:04:26.587487]: context ppl 559.4495 | text ppl 65.9920 | rating loss 1.0791 |  1600/ 2808 batches
[2022-12-20 17:04:32.026292]: context ppl 560.9725 | text ppl 66.3314 | rating loss 1.0870 |  1800/ 2808 batches
[2022-12-20 17:04:37.452123]: context ppl 561.8721 | text ppl 65.6116 | rating loss 1.0918 |  2000/ 2808 batches
[2022-12-20 17:04:42.872521]: context ppl 559.4554 | text ppl 65.6939 | rating loss 1.0784 |  2200/ 2808 batches
[2022-12-20 17:04:48.298098]: context ppl 561.7222 | text ppl 66.1271 | rating loss 1.1016 |  2400/ 2808 batches
[2022-12-20 17:04:53.717999]: context ppl 555.7693 | text ppl 65.2566 | rating loss 1.0706 |  2600/ 2808 batches
[2022-12-20 17:04:59.134828]: context ppl 561.0658 | text ppl 65.4812 | rating loss 1.0668 |  2800/ 2808 batches
[2022-12-20 17:04:59.342268]: context ppl 558.8591 | text ppl 67.5532 | rating loss 1.0622 |  2808/ 2808 batches
[2022-12-20 17:05:02.290379]: context ppl 556.6077 | text ppl 60.9597 | rating loss 1.0742 | valid loss 5.1844 on validation
[2022-12-20 17:05:02.698280]: epoch 5
[2022-12-20 17:05:08.554533]: context ppl 543.7670 | text ppl 60.2514 | rating loss 1.0192 |   200/ 2808 batches
[2022-12-20 17:05:14.016253]: context ppl 552.6010 | text ppl 61.5567 | rating loss 1.0068 |   400/ 2808 batches
[2022-12-20 17:05:19.489782]: context ppl 542.5256 | text ppl 60.0650 | rating loss 1.0219 |   600/ 2808 batches
[2022-12-20 17:05:24.958551]: context ppl 543.3902 | text ppl 60.9947 | rating loss 1.0137 |   800/ 2808 batches
[2022-12-20 17:05:30.429873]: context ppl 548.8915 | text ppl 60.8054 | rating loss 1.0083 |  1000/ 2808 batches
[2022-12-20 17:05:35.896225]: context ppl 550.1507 | text ppl 61.7119 | rating loss 0.9954 |  1200/ 2808 batches
[2022-12-20 17:05:41.357705]: context ppl 540.3120 | text ppl 60.6292 | rating loss 1.0036 |  1400/ 2808 batches
[2022-12-20 17:05:46.819183]: context ppl 550.4674 | text ppl 61.0710 | rating loss 1.0262 |  1600/ 2808 batches
[2022-12-20 17:05:52.275641]: context ppl 548.9385 | text ppl 60.5231 | rating loss 1.0058 |  1800/ 2808 batches
[2022-12-20 17:05:57.740888]: context ppl 542.2873 | text ppl 60.1222 | rating loss 1.0098 |  2000/ 2808 batches
[2022-12-20 17:06:03.200604]: context ppl 541.5466 | text ppl 60.1410 | rating loss 1.0186 |  2200/ 2808 batches
[2022-12-20 17:06:08.661076]: context ppl 539.5800 | text ppl 59.4078 | rating loss 1.0204 |  2400/ 2808 batches
[2022-12-20 17:06:14.137297]: context ppl 541.8351 | text ppl 59.8824 | rating loss 1.0113 |  2600/ 2808 batches
[2022-12-20 17:06:19.593164]: context ppl 542.4222 | text ppl 59.7899 | rating loss 1.0127 |  2800/ 2808 batches
[2022-12-20 17:06:19.799392]: context ppl 521.4619 | text ppl 56.2832 | rating loss 1.0855 |  2808/ 2808 batches
[2022-12-20 17:06:22.745732]: context ppl 551.0096 | text ppl 57.6969 | rating loss 1.1034 | valid loss 5.1586 on validation
[2022-12-20 17:06:23.129487]: epoch 6
[2022-12-20 17:06:29.009367]: context ppl 526.9685 | text ppl 55.3541 | rating loss 0.9771 |   200/ 2808 batches
[2022-12-20 17:06:34.500446]: context ppl 529.4398 | text ppl 56.0683 | rating loss 0.9839 |   400/ 2808 batches
[2022-12-20 17:06:39.988751]: context ppl 527.7699 | text ppl 56.5063 | rating loss 0.9583 |   600/ 2808 batches
[2022-12-20 17:06:45.476643]: context ppl 532.0869 | text ppl 56.6758 | rating loss 0.9566 |   800/ 2808 batches
[2022-12-20 17:06:50.957857]: context ppl 531.4648 | text ppl 56.1940 | rating loss 0.9732 |  1000/ 2808 batches
[2022-12-20 17:06:56.443471]: context ppl 530.1739 | text ppl 56.5052 | rating loss 0.9707 |  1200/ 2808 batches
[2022-12-20 17:07:01.929270]: context ppl 531.0565 | text ppl 56.2344 | rating loss 0.9739 |  1400/ 2808 batches
[2022-12-20 17:07:07.414780]: context ppl 528.3807 | text ppl 56.1386 | rating loss 0.9532 |  1600/ 2808 batches
[2022-12-20 17:07:12.901525]: context ppl 528.8163 | text ppl 56.5630 | rating loss 0.9832 |  1800/ 2808 batches
[2022-12-20 17:07:18.389548]: context ppl 531.7001 | text ppl 56.4105 | rating loss 0.9768 |  2000/ 2808 batches
[2022-12-20 17:07:23.872353]: context ppl 529.5947 | text ppl 56.7134 | rating loss 0.9791 |  2200/ 2808 batches
[2022-12-20 17:07:29.360029]: context ppl 526.2830 | text ppl 55.7886 | rating loss 0.9958 |  2400/ 2808 batches
[2022-12-20 17:07:34.842564]: context ppl 529.9486 | text ppl 56.1280 | rating loss 0.9623 |  2600/ 2808 batches
[2022-12-20 17:07:40.346454]: context ppl 527.5983 | text ppl 56.1313 | rating loss 0.9678 |  2800/ 2808 batches
[2022-12-20 17:07:40.552925]: context ppl 532.4646 | text ppl 55.1411 | rating loss 0.9169 |  2808/ 2808 batches
[2022-12-20 17:07:43.499882]: context ppl 539.2888 | text ppl 55.2862 | rating loss 1.0181 | valid loss 5.0306 on validation
[2022-12-20 17:07:43.932646]: epoch 7
[2022-12-20 17:07:49.816386]: context ppl 520.1471 | text ppl 52.6793 | rating loss 0.9392 |   200/ 2808 batches
[2022-12-20 17:07:55.304477]: context ppl 515.9958 | text ppl 52.4581 | rating loss 0.9334 |   400/ 2808 batches
[2022-12-20 17:08:00.791250]: context ppl 516.4024 | text ppl 52.6792 | rating loss 0.9364 |   600/ 2808 batches
[2022-12-20 17:08:06.282047]: context ppl 516.4329 | text ppl 52.8681 | rating loss 0.9505 |   800/ 2808 batches
[2022-12-20 17:08:11.771019]: context ppl 516.7139 | text ppl 52.7831 | rating loss 0.9387 |  1000/ 2808 batches
[2022-12-20 17:08:17.273231]: context ppl 517.5140 | text ppl 53.3053 | rating loss 0.9365 |  1200/ 2808 batches
[2022-12-20 17:08:22.760701]: context ppl 516.8627 | text ppl 52.8459 | rating loss 0.9484 |  1400/ 2808 batches
[2022-12-20 17:08:28.250978]: context ppl 515.1337 | text ppl 53.1047 | rating loss 0.9529 |  1600/ 2808 batches
[2022-12-20 17:08:33.749106]: context ppl 512.4814 | text ppl 52.5069 | rating loss 0.9434 |  1800/ 2808 batches
[2022-12-20 17:08:39.242091]: context ppl 517.7130 | text ppl 53.5239 | rating loss 0.9369 |  2000/ 2808 batches
[2022-12-20 17:08:44.734337]: context ppl 518.2214 | text ppl 53.1853 | rating loss 0.9545 |  2200/ 2808 batches
[2022-12-20 17:08:50.224085]: context ppl 513.5532 | text ppl 52.8787 | rating loss 0.9720 |  2400/ 2808 batches
[2022-12-20 17:08:55.713182]: context ppl 509.1163 | text ppl 52.6603 | rating loss 0.9473 |  2600/ 2808 batches
[2022-12-20 17:09:01.207905]: context ppl 515.9969 | text ppl 53.1656 | rating loss 0.9610 |  2800/ 2808 batches
[2022-12-20 17:09:01.421375]: context ppl 500.9913 | text ppl 50.6696 | rating loss 0.8734 |  2808/ 2808 batches
[2022-12-20 17:09:04.368223]: context ppl 530.9951 | text ppl 53.7875 | rating loss 0.9988 | valid loss 4.9838 on validation
[2022-12-20 17:09:04.782205]: epoch 8
[2022-12-20 17:09:10.667328]: context ppl 504.0164 | text ppl 49.5276 | rating loss 0.9178 |   200/ 2808 batches
[2022-12-20 17:09:16.157188]: context ppl 503.1617 | text ppl 49.5684 | rating loss 0.9229 |   400/ 2808 batches
[2022-12-20 17:09:21.643220]: context ppl 504.1106 | text ppl 49.5936 | rating loss 0.9267 |   600/ 2808 batches
[2022-12-20 17:09:27.137533]: context ppl 504.6539 | text ppl 50.1127 | rating loss 0.9221 |   800/ 2808 batches
[2022-12-20 17:09:32.629967]: context ppl 508.5204 | text ppl 51.0714 | rating loss 0.9225 |  1000/ 2808 batches
[2022-12-20 17:09:38.122180]: context ppl 501.4114 | text ppl 49.9152 | rating loss 0.9408 |  1200/ 2808 batches
[2022-12-20 17:09:43.610955]: context ppl 500.9474 | text ppl 50.2475 | rating loss 0.9321 |  1400/ 2808 batches
[2022-12-20 17:09:49.105053]: context ppl 505.8974 | text ppl 50.3861 | rating loss 0.9223 |  1600/ 2808 batches
[2022-12-20 17:09:54.595268]: context ppl 500.1378 | text ppl 50.1405 | rating loss 0.9329 |  1800/ 2808 batches
[2022-12-20 17:10:00.091477]: context ppl 506.6057 | text ppl 50.2934 | rating loss 0.9249 |  2000/ 2808 batches
[2022-12-20 17:10:05.592427]: context ppl 506.3633 | text ppl 50.5220 | rating loss 0.9258 |  2200/ 2808 batches
[2022-12-20 17:10:11.091950]: context ppl 504.1107 | text ppl 50.8402 | rating loss 0.9465 |  2400/ 2808 batches
[2022-12-20 17:10:16.588078]: context ppl 502.4419 | text ppl 50.5098 | rating loss 0.9565 |  2600/ 2808 batches
[2022-12-20 17:10:22.084392]: context ppl 501.7196 | text ppl 50.3017 | rating loss 0.9289 |  2800/ 2808 batches
[2022-12-20 17:10:22.296002]: context ppl 496.6559 | text ppl 49.0478 | rating loss 0.9242 |  2808/ 2808 batches
[2022-12-20 17:10:25.250439]: context ppl 528.0183 | text ppl 52.1792 | rating loss 1.0241 | valid loss 4.9788 on validation
[2022-12-20 17:10:25.649849]: epoch 9
[2022-12-20 17:10:31.534971]: context ppl 491.2722 | text ppl 47.1417 | rating loss 0.8946 |   200/ 2808 batches
[2022-12-20 17:10:37.031200]: context ppl 495.1232 | text ppl 47.7502 | rating loss 0.9003 |   400/ 2808 batches
[2022-12-20 17:10:42.523019]: context ppl 491.3381 | text ppl 47.1972 | rating loss 0.9221 |   600/ 2808 batches
[2022-12-20 17:10:48.022345]: context ppl 491.2943 | text ppl 47.4546 | rating loss 0.9206 |   800/ 2808 batches
[2022-12-20 17:10:53.509731]: context ppl 495.0153 | text ppl 47.9211 | rating loss 0.9015 |  1000/ 2808 batches
[2022-12-20 17:10:59.001332]: context ppl 492.8207 | text ppl 47.7481 | rating loss 0.9103 |  1200/ 2808 batches
[2022-12-20 17:11:04.500361]: context ppl 493.3609 | text ppl 48.2144 | rating loss 0.9320 |  1400/ 2808 batches
[2022-12-20 17:11:09.988402]: context ppl 496.1964 | text ppl 48.5082 | rating loss 0.9118 |  1600/ 2808 batches
[2022-12-20 17:11:15.482141]: context ppl 495.5238 | text ppl 48.4851 | rating loss 0.9168 |  1800/ 2808 batches
[2022-12-20 17:11:20.981523]: context ppl 492.6389 | text ppl 48.2115 | rating loss 0.9127 |  2000/ 2808 batches
[2022-12-20 17:11:26.481265]: context ppl 489.6799 | text ppl 47.9229 | rating loss 0.9370 |  2200/ 2808 batches
[2022-12-20 17:11:31.976319]: context ppl 495.4244 | text ppl 48.6471 | rating loss 0.9322 |  2400/ 2808 batches
[2022-12-20 17:11:37.467703]: context ppl 493.8744 | text ppl 48.4050 | rating loss 0.9280 |  2600/ 2808 batches
[2022-12-20 17:11:42.965385]: context ppl 490.7298 | text ppl 48.0090 | rating loss 0.9370 |  2800/ 2808 batches
[2022-12-20 17:11:43.178080]: context ppl 491.5172 | text ppl 47.0787 | rating loss 0.9224 |  2808/ 2808 batches
[2022-12-20 17:11:46.123104]: context ppl 520.7659 | text ppl 50.3346 | rating loss 1.0219 | valid loss 4.9406 on validation
[2022-12-20 17:11:46.485036]: epoch 10
[2022-12-20 17:11:52.374202]: context ppl 484.1433 | text ppl 45.3251 | rating loss 0.8990 |   200/ 2808 batches
[2022-12-20 17:11:57.870770]: context ppl 484.6910 | text ppl 45.3398 | rating loss 0.8780 |   400/ 2808 batches
[2022-12-20 17:12:03.367204]: context ppl 482.0888 | text ppl 45.5115 | rating loss 0.9114 |   600/ 2808 batches
[2022-12-20 17:12:08.863287]: context ppl 482.4982 | text ppl 45.9505 | rating loss 0.9049 |   800/ 2808 batches
[2022-12-20 17:12:14.366302]: context ppl 484.4870 | text ppl 45.6456 | rating loss 0.9126 |  1000/ 2808 batches
[2022-12-20 17:12:19.867403]: context ppl 482.0755 | text ppl 45.7328 | rating loss 0.9029 |  1200/ 2808 batches
[2022-12-20 17:12:25.368103]: context ppl 483.2459 | text ppl 45.9714 | rating loss 0.9082 |  1400/ 2808 batches
[2022-12-20 17:12:30.867170]: context ppl 483.8336 | text ppl 46.1074 | rating loss 0.8890 |  1600/ 2808 batches
[2022-12-20 17:12:36.363465]: context ppl 484.1081 | text ppl 45.6231 | rating loss 0.9125 |  1800/ 2808 batches
[2022-12-20 17:12:41.874253]: context ppl 484.4912 | text ppl 46.6847 | rating loss 0.9290 |  2000/ 2808 batches
[2022-12-20 17:12:47.369138]: context ppl 484.6384 | text ppl 46.7910 | rating loss 0.9195 |  2200/ 2808 batches
[2022-12-20 17:12:52.862744]: context ppl 486.3728 | text ppl 46.8566 | rating loss 0.9116 |  2400/ 2808 batches
[2022-12-20 17:12:58.359804]: context ppl 479.4288 | text ppl 46.4934 | rating loss 0.9163 |  2600/ 2808 batches
[2022-12-20 17:13:03.856937]: context ppl 484.5459 | text ppl 46.7929 | rating loss 0.9149 |  2800/ 2808 batches
[2022-12-20 17:13:04.064515]: context ppl 483.0629 | text ppl 46.6601 | rating loss 0.8887 |  2808/ 2808 batches
[2022-12-20 17:13:07.012943]: context ppl 510.7828 | text ppl 48.4951 | rating loss 0.9942 | valid loss 4.8756 on validation
[2022-12-20 17:13:07.402781]: epoch 11
[2022-12-20 17:13:13.289298]: context ppl 473.3313 | text ppl 43.4599 | rating loss 0.8772 |   200/ 2808 batches
[2022-12-20 17:13:18.787066]: context ppl 472.0876 | text ppl 43.7162 | rating loss 0.8906 |   400/ 2808 batches
[2022-12-20 17:13:24.283350]: context ppl 475.6466 | text ppl 44.2372 | rating loss 0.8978 |   600/ 2808 batches
[2022-12-20 17:13:29.780815]: context ppl 470.4363 | text ppl 44.1636 | rating loss 0.9155 |   800/ 2808 batches
[2022-12-20 17:13:35.284763]: context ppl 475.9270 | text ppl 44.1162 | rating loss 0.8739 |  1000/ 2808 batches
[2022-12-20 17:13:40.782351]: context ppl 474.5126 | text ppl 44.8027 | rating loss 0.8891 |  1200/ 2808 batches
[2022-12-20 17:13:46.285763]: context ppl 477.0517 | text ppl 44.4451 | rating loss 0.9002 |  1400/ 2808 batches
[2022-12-20 17:13:51.783806]: context ppl 471.8108 | text ppl 44.0118 | rating loss 0.9176 |  1600/ 2808 batches
[2022-12-20 17:13:57.282047]: context ppl 473.8399 | text ppl 44.3970 | rating loss 0.9185 |  1800/ 2808 batches
[2022-12-20 17:14:02.779629]: context ppl 473.5733 | text ppl 44.6860 | rating loss 0.9026 |  2000/ 2808 batches
[2022-12-20 17:14:08.275664]: context ppl 475.0597 | text ppl 44.7951 | rating loss 0.9150 |  2200/ 2808 batches
[2022-12-20 17:14:13.772927]: context ppl 482.3402 | text ppl 45.3921 | rating loss 0.9004 |  2400/ 2808 batches
[2022-12-20 17:14:19.274635]: context ppl 474.5834 | text ppl 45.0172 | rating loss 0.9051 |  2600/ 2808 batches
[2022-12-20 17:14:24.775070]: context ppl 472.5414 | text ppl 44.6839 | rating loss 0.9024 |  2800/ 2808 batches
[2022-12-20 17:14:24.981019]: context ppl 493.8757 | text ppl 46.2132 | rating loss 0.9640 |  2808/ 2808 batches
[2022-12-20 17:14:27.929758]: context ppl 505.6192 | text ppl 48.1051 | rating loss 1.1007 | valid loss 4.9741 on validation
[2022-12-20 17:14:27.936915]: Endured 1 time(s)
[2022-12-20 17:14:27.936998]: Learning rate set to 0.25000000
[2022-12-20 17:14:27.937030]: epoch 12
[2022-12-20 17:14:33.828594]: context ppl 450.4593 | text ppl 39.5852 | rating loss 0.8523 |   200/ 2808 batches
[2022-12-20 17:14:39.329840]: context ppl 448.8875 | text ppl 38.6959 | rating loss 0.8590 |   400/ 2808 batches
[2022-12-20 17:14:44.826521]: context ppl 443.3955 | text ppl 38.0500 | rating loss 0.8603 |   600/ 2808 batches
[2022-12-20 17:14:50.331373]: context ppl 450.5934 | text ppl 38.4753 | rating loss 0.8648 |   800/ 2808 batches
[2022-12-20 17:14:55.842100]: context ppl 451.5472 | text ppl 38.7346 | rating loss 0.8554 |  1000/ 2808 batches
[2022-12-20 17:15:01.342463]: context ppl 452.0270 | text ppl 38.5280 | rating loss 0.8350 |  1200/ 2808 batches
[2022-12-20 17:15:06.844943]: context ppl 454.0009 | text ppl 38.8619 | rating loss 0.8480 |  1400/ 2808 batches
[2022-12-20 17:15:12.348903]: context ppl 451.5381 | text ppl 38.7232 | rating loss 0.8441 |  1600/ 2808 batches
[2022-12-20 17:15:17.852756]: context ppl 449.1026 | text ppl 38.3449 | rating loss 0.8581 |  1800/ 2808 batches
[2022-12-20 17:15:23.354256]: context ppl 449.3995 | text ppl 38.2673 | rating loss 0.8405 |  2000/ 2808 batches
[2022-12-20 17:15:28.857186]: context ppl 453.2355 | text ppl 38.4768 | rating loss 0.8480 |  2200/ 2808 batches
[2022-12-20 17:15:34.357969]: context ppl 447.5280 | text ppl 38.1997 | rating loss 0.8485 |  2400/ 2808 batches
[2022-12-20 17:15:39.858166]: context ppl 449.1299 | text ppl 38.3089 | rating loss 0.8486 |  2600/ 2808 batches
[2022-12-20 17:15:45.360166]: context ppl 446.5939 | text ppl 38.0879 | rating loss 0.8422 |  2800/ 2808 batches
[2022-12-20 17:15:45.571809]: context ppl 450.6371 | text ppl 39.7678 | rating loss 0.8845 |  2808/ 2808 batches
[2022-12-20 17:15:48.521848]: context ppl 497.4024 | text ppl 44.8533 | rating loss 0.9658 | valid loss 4.7692 on validation
[2022-12-20 17:15:48.893704]: epoch 13
[2022-12-20 17:15:54.783856]: context ppl 442.5064 | text ppl 36.8244 | rating loss 0.8547 |   200/ 2808 batches
[2022-12-20 17:16:00.286091]: context ppl 442.9950 | text ppl 36.8802 | rating loss 0.8291 |   400/ 2808 batches
[2022-12-20 17:16:05.786021]: context ppl 443.9176 | text ppl 37.1737 | rating loss 0.8460 |   600/ 2808 batches
[2022-12-20 17:16:11.284154]: context ppl 442.0920 | text ppl 37.0176 | rating loss 0.8392 |   800/ 2808 batches
[2022-12-20 17:16:16.785439]: context ppl 443.8728 | text ppl 36.8734 | rating loss 0.8591 |  1000/ 2808 batches
[2022-12-20 17:16:22.287965]: context ppl 440.2853 | text ppl 36.7605 | rating loss 0.8341 |  1200/ 2808 batches
[2022-12-20 17:16:27.792560]: context ppl 445.5162 | text ppl 37.1412 | rating loss 0.8415 |  1400/ 2808 batches
[2022-12-20 17:16:33.294347]: context ppl 444.4796 | text ppl 37.3655 | rating loss 0.8359 |  1600/ 2808 batches
[2022-12-20 17:16:38.801848]: context ppl 443.2983 | text ppl 37.2897 | rating loss 0.8430 |  1800/ 2808 batches
[2022-12-20 17:16:44.303106]: context ppl 445.7565 | text ppl 37.2697 | rating loss 0.8552 |  2000/ 2808 batches
[2022-12-20 17:16:49.802919]: context ppl 446.2838 | text ppl 37.4618 | rating loss 0.8542 |  2200/ 2808 batches
[2022-12-20 17:16:55.303851]: context ppl 442.9221 | text ppl 37.1083 | rating loss 0.8468 |  2400/ 2808 batches
[2022-12-20 17:17:00.805764]: context ppl 446.3588 | text ppl 37.7411 | rating loss 0.8379 |  2600/ 2808 batches
[2022-12-20 17:17:06.309385]: context ppl 443.7448 | text ppl 37.2552 | rating loss 0.8375 |  2800/ 2808 batches
[2022-12-20 17:17:06.516201]: context ppl 440.2385 | text ppl 37.0298 | rating loss 0.9196 |  2808/ 2808 batches
[2022-12-20 17:17:09.466278]: context ppl 497.0906 | text ppl 44.6454 | rating loss 0.9898 | valid loss 4.7886 on validation
[2022-12-20 17:17:09.472919]: Endured 2 time(s)
[2022-12-20 17:17:09.473005]: Learning rate set to 0.06250000
[2022-12-20 17:17:09.473036]: epoch 14
[2022-12-20 17:17:15.364700]: context ppl 433.1536 | text ppl 35.5502 | rating loss 0.8181 |   200/ 2808 batches
[2022-12-20 17:17:20.866577]: context ppl 435.4421 | text ppl 35.3414 | rating loss 0.8413 |   400/ 2808 batches
[2022-12-20 17:17:26.375458]: context ppl 437.6208 | text ppl 36.0622 | rating loss 0.8206 |   600/ 2808 batches
[2022-12-20 17:17:31.882853]: context ppl 434.6687 | text ppl 35.3885 | rating loss 0.8345 |   800/ 2808 batches
[2022-12-20 17:17:37.387708]: context ppl 435.5618 | text ppl 35.4423 | rating loss 0.8240 |  1000/ 2808 batches
[2022-12-20 17:17:42.906638]: context ppl 435.1495 | text ppl 35.5814 | rating loss 0.8357 |  1200/ 2808 batches
[2022-12-20 17:17:48.402685]: context ppl 435.3713 | text ppl 35.4970 | rating loss 0.8524 |  1400/ 2808 batches
[2022-12-20 17:17:53.910243]: context ppl 434.9034 | text ppl 35.5761 | rating loss 0.8356 |  1600/ 2808 batches
[2022-12-20 17:17:59.416879]: context ppl 434.2775 | text ppl 35.3200 | rating loss 0.8347 |  1800/ 2808 batches
[2022-12-20 17:18:04.920142]: context ppl 434.9031 | text ppl 35.3940 | rating loss 0.8247 |  2000/ 2808 batches
[2022-12-20 17:18:10.427441]: context ppl 436.9034 | text ppl 35.5366 | rating loss 0.8416 |  2200/ 2808 batches
[2022-12-20 17:18:15.930879]: context ppl 434.4861 | text ppl 35.5462 | rating loss 0.8270 |  2400/ 2808 batches
[2022-12-20 17:18:21.434938]: context ppl 436.8863 | text ppl 35.7207 | rating loss 0.8194 |  2600/ 2808 batches
[2022-12-20 17:18:26.939325]: context ppl 437.4248 | text ppl 35.6189 | rating loss 0.8327 |  2800/ 2808 batches
[2022-12-20 17:18:27.148269]: context ppl 435.4453 | text ppl 34.5646 | rating loss 0.8475 |  2808/ 2808 batches
[2022-12-20 17:18:30.100505]: context ppl 496.1527 | text ppl 44.1804 | rating loss 0.9693 | valid loss 4.7576 on validation
[2022-12-20 17:18:30.500460]: epoch 15
[2022-12-20 17:18:36.395975]: context ppl 433.8642 | text ppl 35.1091 | rating loss 0.8324 |   200/ 2808 batches
[2022-12-20 17:18:41.893296]: context ppl 432.2984 | text ppl 35.0951 | rating loss 0.8328 |   400/ 2808 batches
[2022-12-20 17:18:47.394840]: context ppl 433.2128 | text ppl 35.1636 | rating loss 0.8363 |   600/ 2808 batches
[2022-12-20 17:18:52.893792]: context ppl 431.6001 | text ppl 34.9806 | rating loss 0.8313 |   800/ 2808 batches
[2022-12-20 17:18:58.396002]: context ppl 434.2847 | text ppl 35.3033 | rating loss 0.8281 |  1000/ 2808 batches
[2022-12-20 17:19:03.898146]: context ppl 435.7408 | text ppl 35.2050 | rating loss 0.8320 |  1200/ 2808 batches
[2022-12-20 17:19:09.407070]: context ppl 431.9862 | text ppl 34.8081 | rating loss 0.8341 |  1400/ 2808 batches
[2022-12-20 17:19:14.915385]: context ppl 433.3749 | text ppl 35.0759 | rating loss 0.8274 |  1600/ 2808 batches
[2022-12-20 17:19:20.415837]: context ppl 436.3488 | text ppl 35.3373 | rating loss 0.8303 |  1800/ 2808 batches
[2022-12-20 17:19:25.922270]: context ppl 432.8982 | text ppl 35.2902 | rating loss 0.8212 |  2000/ 2808 batches
[2022-12-20 17:19:31.425622]: context ppl 436.1745 | text ppl 35.2772 | rating loss 0.8221 |  2200/ 2808 batches
[2022-12-20 17:19:36.926866]: context ppl 435.6350 | text ppl 35.3930 | rating loss 0.8215 |  2400/ 2808 batches
[2022-12-20 17:19:42.429922]: context ppl 430.8202 | text ppl 34.8654 | rating loss 0.8078 |  2600/ 2808 batches
[2022-12-20 17:19:47.935299]: context ppl 434.8240 | text ppl 35.4689 | rating loss 0.8359 |  2800/ 2808 batches
[2022-12-20 17:19:48.148260]: context ppl 432.8216 | text ppl 35.4778 | rating loss 0.8987 |  2808/ 2808 batches
[2022-12-20 17:19:51.100357]: context ppl 496.3040 | text ppl 44.1346 | rating loss 0.9763 | valid loss 4.7636 on validation
[2022-12-20 17:19:51.103682]: Endured 3 time(s)
[2022-12-20 17:19:51.103767]: Learning rate set to 0.01562500
[2022-12-20 17:19:51.103798]: epoch 16
[2022-12-20 17:19:56.998067]: context ppl 430.2413 | text ppl 34.4887 | rating loss 0.8352 |   200/ 2808 batches
[2022-12-20 17:20:02.500944]: context ppl 431.2223 | text ppl 34.5061 | rating loss 0.8406 |   400/ 2808 batches
[2022-12-20 17:20:08.005481]: context ppl 427.4294 | text ppl 34.4340 | rating loss 0.8346 |   600/ 2808 batches
[2022-12-20 17:20:13.508096]: context ppl 424.6968 | text ppl 34.1707 | rating loss 0.7975 |   800/ 2808 batches
[2022-12-20 17:20:19.015900]: context ppl 432.3481 | text ppl 34.8240 | rating loss 0.8289 |  1000/ 2808 batches
[2022-12-20 17:20:24.526273]: context ppl 428.9688 | text ppl 34.6138 | rating loss 0.8177 |  1200/ 2808 batches
[2022-12-20 17:20:30.028220]: context ppl 432.4497 | text ppl 34.9370 | rating loss 0.8377 |  1400/ 2808 batches
[2022-12-20 17:20:35.533873]: context ppl 433.7654 | text ppl 35.0132 | rating loss 0.8360 |  1600/ 2808 batches
[2022-12-20 17:20:41.052149]: context ppl 433.5807 | text ppl 34.9306 | rating loss 0.8368 |  1800/ 2808 batches
[2022-12-20 17:20:46.559107]: context ppl 434.7317 | text ppl 35.1089 | rating loss 0.8138 |  2000/ 2808 batches
[2022-12-20 17:20:52.060426]: context ppl 433.8709 | text ppl 34.9778 | rating loss 0.8216 |  2200/ 2808 batches
[2022-12-20 17:20:57.565985]: context ppl 432.2969 | text ppl 35.0563 | rating loss 0.8188 |  2400/ 2808 batches
[2022-12-20 17:21:03.064690]: context ppl 430.1242 | text ppl 34.6995 | rating loss 0.8151 |  2600/ 2808 batches
[2022-12-20 17:21:08.562756]: context ppl 430.8025 | text ppl 34.5407 | rating loss 0.8067 |  2800/ 2808 batches
[2022-12-20 17:21:08.774423]: context ppl 423.9962 | text ppl 34.2187 | rating loss 0.8170 |  2808/ 2808 batches
[2022-12-20 17:21:11.732504]: context ppl 496.5884 | text ppl 44.0564 | rating loss 0.9724 | valid loss 4.7578 on validation
[2022-12-20 17:21:11.734621]: Endured 4 time(s)
[2022-12-20 17:21:11.734708]: Learning rate set to 0.00390625
[2022-12-20 17:21:11.734739]: epoch 17
[2022-12-20 17:21:17.630801]: context ppl 430.4484 | text ppl 34.7801 | rating loss 0.8189 |   200/ 2808 batches
[2022-12-20 17:21:23.145790]: context ppl 428.2867 | text ppl 34.4527 | rating loss 0.8495 |   400/ 2808 batches
[2022-12-20 17:21:28.651277]: context ppl 432.9404 | text ppl 34.7204 | rating loss 0.8192 |   600/ 2808 batches
[2022-12-20 17:21:34.153466]: context ppl 429.0579 | text ppl 34.6099 | rating loss 0.7994 |   800/ 2808 batches
[2022-12-20 17:21:39.666646]: context ppl 431.0289 | text ppl 34.8846 | rating loss 0.7981 |  1000/ 2808 batches
[2022-12-20 17:21:45.174909]: context ppl 429.5180 | text ppl 34.5931 | rating loss 0.8361 |  1200/ 2808 batches
[2022-12-20 17:21:50.677737]: context ppl 432.0918 | text ppl 34.5864 | rating loss 0.8411 |  1400/ 2808 batches
[2022-12-20 17:21:56.180197]: context ppl 432.6684 | text ppl 34.9167 | rating loss 0.8256 |  1600/ 2808 batches
[2022-12-20 17:22:01.687209]: context ppl 433.4850 | text ppl 34.6835 | rating loss 0.8189 |  1800/ 2808 batches
[2022-12-20 17:22:07.191816]: context ppl 428.0959 | text ppl 34.4320 | rating loss 0.8383 |  2000/ 2808 batches
[2022-12-20 17:22:12.706980]: context ppl 430.0777 | text ppl 34.4609 | rating loss 0.8201 |  2200/ 2808 batches
[2022-12-20 17:22:18.212535]: context ppl 432.7180 | text ppl 34.5554 | rating loss 0.8258 |  2400/ 2808 batches
[2022-12-20 17:22:23.717485]: context ppl 429.0257 | text ppl 34.4409 | rating loss 0.8118 |  2600/ 2808 batches
[2022-12-20 17:22:29.218553]: context ppl 429.5499 | text ppl 34.1857 | rating loss 0.8233 |  2800/ 2808 batches
[2022-12-20 17:22:29.430495]: context ppl 442.4648 | text ppl 34.8658 | rating loss 0.8472 |  2808/ 2808 batches
[2022-12-20 17:22:32.383865]: context ppl 496.3964 | text ppl 44.0567 | rating loss 0.9721 | valid loss 4.7575 on validation
[2022-12-20 17:22:32.757832]: epoch 18
[2022-12-20 17:22:38.652082]: context ppl 431.1543 | text ppl 34.3626 | rating loss 0.8137 |   200/ 2808 batches
[2022-12-20 17:22:44.174030]: context ppl 430.9825 | text ppl 34.5387 | rating loss 0.8197 |   400/ 2808 batches
[2022-12-20 17:22:49.674045]: context ppl 433.8648 | text ppl 34.8591 | rating loss 0.8222 |   600/ 2808 batches
[2022-12-20 17:22:55.176433]: context ppl 428.5005 | text ppl 34.4557 | rating loss 0.8235 |   800/ 2808 batches
[2022-12-20 17:23:00.677156]: context ppl 427.4332 | text ppl 34.5328 | rating loss 0.8231 |  1000/ 2808 batches
[2022-12-20 17:23:06.182748]: context ppl 433.6706 | text ppl 34.7968 | rating loss 0.8144 |  1200/ 2808 batches
[2022-12-20 17:23:11.683236]: context ppl 427.0922 | text ppl 34.2720 | rating loss 0.8140 |  1400/ 2808 batches
[2022-12-20 17:23:17.190982]: context ppl 430.8310 | text ppl 34.6543 | rating loss 0.8227 |  1600/ 2808 batches
[2022-12-20 17:23:22.695654]: context ppl 432.5714 | text ppl 34.5737 | rating loss 0.8253 |  1800/ 2808 batches
[2022-12-20 17:23:28.197938]: context ppl 431.9614 | text ppl 34.8292 | rating loss 0.8152 |  2000/ 2808 batches
[2022-12-20 17:23:33.704759]: context ppl 430.7151 | text ppl 34.5609 | rating loss 0.8346 |  2200/ 2808 batches
[2022-12-20 17:23:39.216611]: context ppl 429.1210 | text ppl 34.2767 | rating loss 0.8308 |  2400/ 2808 batches
[2022-12-20 17:23:44.720803]: context ppl 429.0109 | text ppl 34.6210 | rating loss 0.8273 |  2600/ 2808 batches
[2022-12-20 17:23:50.227829]: context ppl 430.0589 | text ppl 34.9120 | rating loss 0.8321 |  2800/ 2808 batches
[2022-12-20 17:23:50.433730]: context ppl 432.7365 | text ppl 34.2475 | rating loss 0.8751 |  2808/ 2808 batches
[2022-12-20 17:23:53.387227]: context ppl 496.3263 | text ppl 44.0438 | rating loss 0.9726 | valid loss 4.7578 on validation
[2022-12-20 17:23:53.393464]: Endured 5 time(s)
[2022-12-20 17:23:53.393495]: Cannot endure it anymore | Exiting from early stop
=========================================================================================
[2022-12-20 17:23:56.449583]: context ppl 495.1864 | text ppl 44.0670 | rating loss 0.9470 on test | End of training
[2022-12-20 17:23:56.449641]: Generating text
