-----------------------------------ARGUMENTS------------------------------------
model_name                               sawer
dataset                                  amazon-movies
fold                                     0
cuda                                     True
test                                     False
no_generate                              False
seed                                     1111
no_train                                 False
log_file                                 ./Log/SEQ-FMLP_PETER.log
------------------------------------CONFIGS-------------------------------------
emsize                                   512
nhead                                    2
nhid                                     2048
nlayers                                  2
dropout                                  0.2
lr                                       1.0
pre_train                                False
optimizer                                SGD
scheduler                                steplr
warmup_epoch                             2
clip_norm                                1.0
epochs                                   50
batch_size                               128
load_direct                              True
continue_train                           True
log_interval                             4
vocab_size                               20000
text_len                                 15
endure_times                             5
rating_reg                               0.1
context_reg                              1.0
text_reg                                 1.0
item_reg                                 0.1
hist_len                                 20
user_len                                 1
item_len                                 0
use_feature                              True
seq_mode                                 2
peter_mask                               True
seq_prediction                           True
context_prediction                       True
rating_prediction                        True
nextitem_prediction                      True
-----------------------------------ARGUMENTS------------------------------------
[2023-02-08 02:05:22]: [GPU 0] World_Size(Num GPUs): 1
[2023-02-08 02:05:22]: [GPU 0] Loading data Fold ./Data/Amazon/MoviesAndTV_New/0
[2023-02-08 02:05:22]: [GPU 0] Init Start
[2023-02-08 02:05:22]: [GPU 0] Init End
[2023-02-08 02:05:22]: [GPU 0] Load Start
[2023-02-08 02:05:24]: [GPU 0] train len:359303
[2023-02-08 02:05:24]: [GPU 0] Load End
[2023-02-08 02:05:27]: [GPU 0] text_reg:1.0, context_reg:1.0, rating_reg:0.1, item_reg:0.1
[2023-02-08 02:05:27]: [GPU 0] Device cuda
[2023-02-08 02:05:27]: [GPU 0] Loading data helper
[2023-02-08 02:05:27]: [GPU 0] Use Feature: True | src_len: 22
[2023-02-08 02:05:27]: [GPU 0] Building model SAWER on device cuda
[2023-02-08 02:05:30]: [GPU 0] Save Mask to ./SEQUER/results/MASK-SAWER_1.png
[2023-02-08 02:05:32]: [GPU 0] Loading checkpoint from ./SEQUER/checkpoints/sawer_amazon-movies_0.pt
[2023-02-08 02:05:32]: [GPU 0] Resuming training from snapshot at Epoch 14
[2023-02-08 02:05:32]: [GPU 0] Epoch 14 Start
[2023-02-08 02:07:49]: [GPU 0] context ppl 551.9254 | text ppl 46.1841 | rating loss 1.1757 | seq loss 8.6450 | valid loss 598.2271 on validation
[2023-02-08 02:07:49]: [GPU 0] Epoch 14 | LR 0.25 | Training snapshot saved at ./SEQUER/checkpoints/sawer_amazon-movies_0.pt
[2023-02-08 02:07:49]: [GPU 0] Epoch 14 End | Time Used: 136.96

[2023-02-08 02:07:49]: [GPU 0] Epoch 15 Start
[2023-02-08 02:10:05]: [GPU 0] context ppl 549.8266 | text ppl 45.8562 | rating loss 1.1758 | seq loss 8.6450 | valid loss 595.8003 on validation
[2023-02-08 02:10:06]: [GPU 0] Epoch 15 | LR 0.25 | Training snapshot saved at ./SEQUER/checkpoints/sawer_amazon-movies_0.pt
[2023-02-08 02:10:06]: [GPU 0] Epoch 15 End | Time Used: 136.72

[2023-02-08 02:10:06]: [GPU 0] Epoch 16 Start
[2023-02-08 02:12:23]: [GPU 0] context ppl 552.3534 | text ppl 45.9752 | rating loss 1.1789 | seq loss 8.6453 | valid loss 598.4465 on validation
[2023-02-08 02:12:23]: [GPU 0] Endured 1 / 5 time(s) | Learning rate set to 0.06250000
[2023-02-08 02:12:23]: [GPU 0] Epoch 16 End | Time Used: 137.30

[2023-02-08 02:12:23]: [GPU 0] Epoch 17 Start
[2023-02-08 02:14:40]: [GPU 0] context ppl 554.9526 | text ppl 45.8286 | rating loss 1.1764 | seq loss 8.6456 | valid loss 600.8989 on validation
[2023-02-08 02:14:40]: [GPU 0] Endured 2 / 5 time(s) | Learning rate set to 0.01562500
[2023-02-08 02:14:40]: [GPU 0] Epoch 17 End | Time Used: 136.87

[2023-02-08 02:14:40]: [GPU 0] Epoch 18 Start
[2023-02-08 02:16:58]: [GPU 0] context ppl 554.7040 | text ppl 45.6868 | rating loss 1.1771 | seq loss 8.6456 | valid loss 600.5085 on validation
[2023-02-08 02:16:58]: [GPU 0] Endured 3 / 5 time(s) | Learning rate set to 0.00390625
[2023-02-08 02:16:58]: [GPU 0] Epoch 18 End | Time Used: 137.80

[2023-02-08 02:16:58]: [GPU 0] Epoch 19 Start
[2023-02-08 02:19:15]: [GPU 0] context ppl 554.8536 | text ppl 45.6902 | rating loss 1.1770 | seq loss 8.6456 | valid loss 600.6615 on validation
[2023-02-08 02:19:15]: [GPU 0] Endured 4 / 5 time(s) | Learning rate set to 0.00097656
[2023-02-08 02:19:15]: [GPU 0] Epoch 19 End | Time Used: 137.27

[2023-02-08 02:19:15]: [GPU 0] Epoch 20 Start
[2023-02-08 02:21:33]: [GPU 0] context ppl 554.9933 | text ppl 45.6987 | rating loss 1.1769 | seq loss 8.6456 | valid loss 600.8097 on validation
[2023-02-08 02:21:33]: [GPU 0] Endured 5 / 5 time(s)| Cannot endure it anymore | Exiting from early stop
[2023-02-08 02:21:33]: [GPU 0] Epoch 20 End | Time Used: 137.81

[2023-02-08 02:21:33]: [GPU 0] Training Finished | Time Used: 960.73
--------------------------------------------------------------------------------
[2023-02-08 02:21:33]: [GPU 0] Building model SAWER on device cuda
[2023-02-08 02:21:35]: [GPU 0] Save Mask to ./SEQUER/results/MASK-SAWER_1.png
[2023-02-08 02:21:35]: [GPU 0] Loading checkpoint from ./SEQUER/checkpoints/sawer_amazon-movies_0.pt
[2023-02-08 02:21:36]: [GPU 0] Resuming training from snapshot at Epoch 15
[2023-02-08 02:21:36]: [GPU 0] Resuming training from snapshot at Epoch 15
=========================================================================================
[2023-02-08 02:21:41]: [GPU 0] context ppl 545.5644 | text ppl 45.6764 | rating loss 1.1705 | seq loss 5647.7060 | loss 1156.1285 on test |End of training
[2023-02-08 02:21:41]: [GPU 0] Generating text
[2023-02-08 02:22:22]: [GPU 0] RMSE↓  1.0819
[2023-02-08 02:22:22]: [GPU 0] MAE↓  0.8504
[2023-02-08 02:22:22]: [GPU 0] idss_predict 41240, tokens_predict 41240
[2023-02-08 02:22:24]: [GPU 0] BLEU-1↑ 19.5429
[2023-02-08 02:22:31]: [GPU 0] BLEU-4↑  2.8503
[2023-02-08 02:23:07]: [GPU 0] USR↑  0.3416 | USN↑   14089
[2023-02-08 02:28:19]: [GPU 0] DIV↓  1.3136
[2023-02-08 02:28:20]: [GPU 0] FCR↑  0.2574
[2023-02-08 02:28:20]: [GPU 0] FMR↑  0.7911
[2023-02-08 02:28:28]: [GPU 0] R1-F↑ 26.0559
[2023-02-08 02:28:28]: [GPU 0] R1-R↑ 23.7415
[2023-02-08 02:28:28]: [GPU 0] R1-P↑ 34.4019
[2023-02-08 02:28:28]: [GPU 0] R2-F↑  6.3462
[2023-02-08 02:28:28]: [GPU 0] R2-R↑  5.9092
[2023-02-08 02:28:28]: [GPU 0] R2-P↑  8.5398
[2023-02-08 02:28:28]: [GPU 0] RL-F↑ 19.5097
[2023-02-08 02:28:28]: [GPU 0] RL-R↑ 20.9695
[2023-02-08 02:28:28]: [GPU 0] RL-P↑ 27.8568
[2023-02-08 02:28:28]: [GPU 0] Saved result to ./SEQUER/results/results.csv
[2023-02-08 02:28:28]: [GPU 0] Generated text saved to ./SEQUER/checkpoints/generated_amazon-movies_0_sawer.txt
