-----------------------------------ARGUMENTS------------------------------------
model_name                               peter
dataset                                  amazon-movies
fold                                     0
cuda                                     True
test                                     False
no_generate                              False
seed                                     1111
no_train                                 False
log_file                                 ./Log/SEQ-FMLP_PETER.log
------------------------------------CONFIGS-------------------------------------
emsize                                   512
nhead                                    2
nhid                                     2048
nlayers                                  2
dropout                                  0.2
lr                                       1.0
pre_train                                False
optimizer                                SGD
scheduler                                steplr
warmup_epoch                             2
clip_norm                                1.0
epochs                                   100
batch_size                               128
load_direct                              True
continue_train                           False
log_interval                             4
vocab_size                               20000
text_len                                 15
endure_times                             5
rating_reg                               0.1
context_reg                              1.0
text_reg                                 1.0
item_reg                                 0.1
hist_len                                 0
user_len                                 1
item_len                                 1
use_feature                              True
seq_mode                                 0
peter_mask                               True
seq_prediction                           True
context_prediction                       True
rating_prediction                        True
nextitem_prediction                      False
-----------------------------------ARGUMENTS------------------------------------
[2023-02-12 01:12:06 GPU 0]: World_Size(Num GPUs): 1
[2023-02-12 01:12:06 GPU 0]: Loading data Fold ./Data/Amazon/MoviesAndTV_New/0
[2023-02-12 01:12:06 GPU 0]: Init Start
[2023-02-12 01:12:06 GPU 0]: Init End
[2023-02-12 01:12:06 GPU 0]: Load Start
[2023-02-12 01:12:09 GPU 0]: train len:359303
[2023-02-12 01:12:10 GPU 0]: Load End
[2023-02-12 01:12:12 GPU 0]: text_reg:1.0, context_reg:1.0, rating_reg:0.1, item_reg:0.1
[2023-02-12 01:12:12 GPU 0]: Device cuda
[2023-02-12 01:12:12 GPU 0]: Loading data helper
[2023-02-12 01:12:12 GPU 0]: Use Feature: True | src_len: 3
[2023-02-12 01:12:12 GPU 0]: Building model PETER on device cuda
[2023-02-12 01:12:13 GPU 0]: Save Mask to ./SEQUER/results/MASK_PETER+_PMask.png
[2023-02-12 01:12:17 GPU 0]: Epoch 0 Start
[2023-02-12 01:13:11 GPU 0]: context ppl 612.0404 | text ppl 99.0263 | rating loss 1.5723 | seq loss 0.0000 | valid loss 711.2239 on validation
[2023-02-12 01:13:11 GPU 0]: peter: Ep 0 Len 1
[2023-02-12 01:13:11 GPU 0]: Epoch 0 | LR 1.0 | Num History 1 | Training snapshot saved at ./SEQUER/checkpoints/peter_amazon-movies_0.pt
[2023-02-12 01:13:11 GPU 0]: Epoch 0 End | Time Used: 54.47

[2023-02-12 01:13:11 GPU 0]: Epoch 1 Start
[2023-02-12 01:14:06 GPU 0]: context ppl 590.3436 | text ppl 76.8440 | rating loss 1.3017 | seq loss 0.0000 | valid loss 667.3178 on validation
[2023-02-12 01:14:06 GPU 0]: peter: Ep 1 Len 2
[2023-02-12 01:14:07 GPU 0]: Epoch 1 | LR 1.0 | Num History 2 | Training snapshot saved at ./SEQUER/checkpoints/peter_amazon-movies_0.pt
[2023-02-12 01:14:07 GPU 0]: Epoch 1 End | Time Used: 55.59

[2023-02-12 01:14:07 GPU 0]: Epoch 2 Start
[2023-02-12 01:15:01 GPU 0]: context ppl 584.4113 | text ppl 68.3007 | rating loss 1.1104 | seq loss 0.0000 | valid loss 652.8231 on validation
[2023-02-12 01:15:01 GPU 0]: peter: Ep 2 Len 3
[2023-02-12 01:15:02 GPU 0]: Epoch 2 | LR 1.0 | Num History 3 | Training snapshot saved at ./SEQUER/checkpoints/peter_amazon-movies_0.pt
[2023-02-12 01:15:02 GPU 0]: Epoch 2 End | Time Used: 54.83

[2023-02-12 01:15:02 GPU 0]: Epoch 3 Start
[2023-02-12 01:15:58 GPU 0]: context ppl 551.4819 | text ppl 61.2870 | rating loss 1.0200 | seq loss 0.0000 | valid loss 612.8709 on validation
[2023-02-12 01:15:58 GPU 0]: peter: Ep 3 Len 4
[2023-02-12 01:15:58 GPU 0]: Epoch 3 | LR 1.0 | Num History 4 | Training snapshot saved at ./SEQUER/checkpoints/peter_amazon-movies_0.pt
[2023-02-12 01:15:58 GPU 0]: Epoch 3 End | Time Used: 56.68

[2023-02-12 01:15:58 GPU 0]: Epoch 4 Start
[2023-02-12 01:16:53 GPU 0]: context ppl 542.3822 | text ppl 57.7203 | rating loss 1.0935 | seq loss 0.0000 | valid loss 600.2119 on validation
[2023-02-12 01:16:53 GPU 0]: peter: Ep 4 Len 5
[2023-02-12 01:16:53 GPU 0]: Epoch 4 | LR 1.0 | Num History 5 | Training snapshot saved at ./SEQUER/checkpoints/peter_amazon-movies_0.pt
[2023-02-12 01:16:53 GPU 0]: Epoch 4 End | Time Used: 54.89

[2023-02-12 01:16:53 GPU 0]: Epoch 5 Start
[2023-02-12 01:17:48 GPU 0]: context ppl 534.4315 | text ppl 55.5045 | rating loss 0.9919 | seq loss 0.0000 | valid loss 590.0352 on validation
[2023-02-12 01:17:49 GPU 0]: peter: Ep 5 Len 6
[2023-02-12 01:17:49 GPU 0]: Epoch 5 | LR 1.0 | Num History 6 | Training snapshot saved at ./SEQUER/checkpoints/peter_amazon-movies_0.pt
[2023-02-12 01:17:49 GPU 0]: Epoch 5 End | Time Used: 55.78

[2023-02-12 01:17:49 GPU 0]: Epoch 6 Start
[2023-02-12 01:18:45 GPU 0]: context ppl 524.1397 | text ppl 53.0830 | rating loss 1.0472 | seq loss 0.0000 | valid loss 577.3274 on validation
[2023-02-12 01:18:45 GPU 0]: peter: Ep 6 Len 7
[2023-02-12 01:18:45 GPU 0]: Epoch 6 | LR 1.0 | Num History 7 | Training snapshot saved at ./SEQUER/checkpoints/peter_amazon-movies_0.pt
[2023-02-12 01:18:45 GPU 0]: Epoch 6 End | Time Used: 56.38

[2023-02-12 01:18:45 GPU 0]: Epoch 7 Start
[2023-02-12 01:19:40 GPU 0]: context ppl 522.8244 | text ppl 52.0325 | rating loss 0.9960 | seq loss 0.0000 | valid loss 574.9565 on validation
[2023-02-12 01:19:40 GPU 0]: peter: Ep 7 Len 8
[2023-02-12 01:19:41 GPU 0]: Epoch 7 | LR 1.0 | Num History 8 | Training snapshot saved at ./SEQUER/checkpoints/peter_amazon-movies_0.pt
[2023-02-12 01:19:41 GPU 0]: Epoch 7 End | Time Used: 55.50

[2023-02-12 01:19:41 GPU 0]: Epoch 8 Start
[2023-02-12 01:20:37 GPU 0]: context ppl 519.3851 | text ppl 51.5902 | rating loss 1.0048 | seq loss 0.0000 | valid loss 571.0758 on validation
[2023-02-12 01:20:37 GPU 0]: peter: Ep 8 Len 9
[2023-02-12 01:20:37 GPU 0]: Epoch 8 | LR 1.0 | Num History 9 | Training snapshot saved at ./SEQUER/checkpoints/peter_amazon-movies_0.pt
[2023-02-12 01:20:37 GPU 0]: Epoch 8 End | Time Used: 56.07

[2023-02-12 01:20:37 GPU 0]: Epoch 9 Start
[2023-02-12 01:21:31 GPU 0]: context ppl 507.7867 | text ppl 49.4104 | rating loss 1.0244 | seq loss 0.0000 | valid loss 557.2995 on validation
[2023-02-12 01:21:31 GPU 0]: peter: Ep 9 Len 10
[2023-02-12 01:21:31 GPU 0]: Epoch 9 | LR 1.0 | Num History 10 | Training snapshot saved at ./SEQUER/checkpoints/peter_amazon-movies_0.pt
[2023-02-12 01:21:31 GPU 0]: Epoch 9 End | Time Used: 54.42

[2023-02-12 01:21:31 GPU 0]: Epoch 10 Start
[2023-02-12 01:22:27 GPU 0]: context ppl 509.5692 | text ppl 48.6323 | rating loss 1.0655 | seq loss 0.0000 | valid loss 558.3081 on validation
[2023-02-12 01:22:27 GPU 0]: peter: Ep 10 Len 11
[2023-02-12 01:22:27 GPU 0]: Endured 1 / 5 time(s) | Learning rate set to 0.25000000
[2023-02-12 01:22:27 GPU 0]: Epoch 10 End | Time Used: 56.02

[2023-02-12 01:22:27 GPU 0]: Epoch 11 Start
[2023-02-12 01:23:22 GPU 0]: context ppl 497.4900 | text ppl 45.5737 | rating loss 0.9668 | seq loss 0.0000 | valid loss 543.1604 on validation
[2023-02-12 01:23:22 GPU 0]: peter: Ep 11 Len 12
[2023-02-12 01:23:23 GPU 0]: Epoch 11 | LR 0.25 | Num History 12 | Training snapshot saved at ./SEQUER/checkpoints/peter_amazon-movies_0.pt
[2023-02-12 01:23:23 GPU 0]: Epoch 11 End | Time Used: 55.48

[2023-02-12 01:23:23 GPU 0]: Epoch 12 Start
[2023-02-12 01:24:19 GPU 0]: context ppl 496.7993 | text ppl 45.1166 | rating loss 0.9769 | seq loss 0.0000 | valid loss 542.0136 on validation
[2023-02-12 01:24:19 GPU 0]: peter: Ep 12 Len 13
[2023-02-12 01:24:19 GPU 0]: Epoch 12 | LR 0.25 | Num History 13 | Training snapshot saved at ./SEQUER/checkpoints/peter_amazon-movies_0.pt
[2023-02-12 01:24:19 GPU 0]: Epoch 12 End | Time Used: 56.32

[2023-02-12 01:24:19 GPU 0]: Epoch 13 Start
[2023-02-12 01:25:14 GPU 0]: context ppl 496.8239 | text ppl 44.9628 | rating loss 0.9784 | seq loss 0.0000 | valid loss 541.8846 on validation
[2023-02-12 01:25:14 GPU 0]: peter: Ep 13 Len 14
[2023-02-12 01:25:14 GPU 0]: Epoch 13 | LR 0.25 | Num History 14 | Training snapshot saved at ./SEQUER/checkpoints/peter_amazon-movies_0.pt
[2023-02-12 01:25:14 GPU 0]: Epoch 13 End | Time Used: 55.33

[2023-02-12 01:25:14 GPU 0]: Epoch 14 Start
[2023-02-12 01:26:10 GPU 0]: context ppl 496.0784 | text ppl 44.8557 | rating loss 0.9720 | seq loss 0.0000 | valid loss 541.0313 on validation
[2023-02-12 01:26:10 GPU 0]: peter: Ep 14 Len 15
[2023-02-12 01:26:11 GPU 0]: Epoch 14 | LR 0.25 | Num History 15 | Training snapshot saved at ./SEQUER/checkpoints/peter_amazon-movies_0.pt
[2023-02-12 01:26:11 GPU 0]: Epoch 14 End | Time Used: 56.46

[2023-02-12 01:26:11 GPU 0]: Epoch 15 Start
[2023-02-12 01:27:06 GPU 0]: context ppl 495.0831 | text ppl 44.7443 | rating loss 0.9672 | seq loss 0.0000 | valid loss 539.9241 on validation
[2023-02-12 01:27:06 GPU 0]: peter: Ep 15 Len 16
[2023-02-12 01:27:06 GPU 0]: Epoch 15 | LR 0.25 | Num History 16 | Training snapshot saved at ./SEQUER/checkpoints/peter_amazon-movies_0.pt
[2023-02-12 01:27:06 GPU 0]: Epoch 15 End | Time Used: 55.55

[2023-02-12 01:27:06 GPU 0]: Epoch 16 Start
[2023-02-12 01:28:02 GPU 0]: context ppl 495.6441 | text ppl 44.5834 | rating loss 0.9718 | seq loss 0.0000 | valid loss 540.3246 on validation
[2023-02-12 01:28:02 GPU 0]: peter: Ep 16 Len 17
[2023-02-12 01:28:02 GPU 0]: Endured 2 / 5 time(s) | Learning rate set to 0.06250000
[2023-02-12 01:28:02 GPU 0]: Epoch 16 End | Time Used: 55.19

[2023-02-12 01:28:02 GPU 0]: Epoch 17 Start
[2023-02-12 01:28:58 GPU 0]: context ppl 496.3183 | text ppl 44.3209 | rating loss 0.9728 | seq loss 0.0000 | valid loss 540.7364 on validation
[2023-02-12 01:28:58 GPU 0]: peter: Ep 17 Len 18
[2023-02-12 01:28:58 GPU 0]: Endured 3 / 5 time(s) | Learning rate set to 0.01562500
[2023-02-12 01:28:58 GPU 0]: Epoch 17 End | Time Used: 56.29

[2023-02-12 01:28:58 GPU 0]: Epoch 18 Start
[2023-02-12 01:29:53 GPU 0]: context ppl 496.6688 | text ppl 44.1924 | rating loss 0.9771 | seq loss 0.0000 | valid loss 540.9589 on validation
[2023-02-12 01:29:53 GPU 0]: peter: Ep 18 Len 19
[2023-02-12 01:29:53 GPU 0]: Endured 4 / 5 time(s) | Learning rate set to 0.00390625
[2023-02-12 01:29:53 GPU 0]: Epoch 18 End | Time Used: 55.36

[2023-02-12 01:29:53 GPU 0]: Epoch 19 Start
[2023-02-12 01:30:49 GPU 0]: context ppl 496.4768 | text ppl 44.1706 | rating loss 0.9757 | seq loss 0.0000 | valid loss 540.7449 on validation
[2023-02-12 01:30:49 GPU 0]: peter: Ep 19 Len 20
[2023-02-12 01:30:49 GPU 0]: Endured 5 / 5 time(s)| Cannot endure it anymore | Exiting from early stop
[2023-02-12 01:30:49 GPU 0]: Epoch 19 End | Time Used: 55.81

[2023-02-12 01:30:49 GPU 0]: Training Finished | Time Used: 1112.42
--------------------------------------------------------------------------------
[2023-02-12 01:30:50 GPU 0]: Building model PETER on device cuda
[2023-02-12 01:30:50 GPU 0]: Save Mask to ./SEQUER/results/MASK_PETER+_PMask.png
[2023-02-12 01:30:51 GPU 0]: Resuming training from snapshot at Epoch 15, Num History 16
=========================================================================================
[2023-02-12 01:30:53 GPU 0]: context ppl 492.2791 | text ppl 44.6627 | rating loss 0.9452 | seq loss 0.0000 | loss 537.0363 on test |End of training
[2023-02-12 01:30:53 GPU 0]: Generating text
[2023-02-12 01:31:02 GPU 0]: RMSE↓  0.9722
[2023-02-12 01:31:02 GPU 0]: MAE↓  0.7359
[2023-02-12 01:31:03 GPU 0]: idss_predict 41240, tokens_predict 41240
[2023-02-12 01:31:03 GPU 0]: BLEU_1↑ 19.5140
[2023-02-12 01:31:06 GPU 0]: BLEU_4↑  2.9324
[2023-02-12 01:31:53 GPU 0]: USR↑  0.4174 | USN↑   17214
[2023-02-12 01:35:33 GPU 0]: DIV↓  1.2887
[2023-02-12 01:35:34 GPU 0]: FCR↑  0.2803
[2023-02-12 01:35:34 GPU 0]: FMR↑  0.7743
[2023-02-12 01:35:38 GPU 0]: R1_F↑ 26.2530
[2023-02-12 01:35:38 GPU 0]: R1_R↑ 23.7162
[2023-02-12 01:35:38 GPU 0]: R1_P↑ 34.7391
[2023-02-12 01:35:38 GPU 0]: R2_F↑  6.5241
[2023-02-12 01:35:38 GPU 0]: R2_R↑  6.0377
[2023-02-12 01:35:38 GPU 0]: R2_P↑  8.7474
[2023-02-12 01:35:38 GPU 0]: RL_F↑ 19.7764
[2023-02-12 01:35:38 GPU 0]: RL_R↑ 21.1495
[2023-02-12 01:35:38 GPU 0]: RL_P↑ 28.0653
[2023-02-12 01:35:38 GPU 0]: Saved result to ./SEQUER/results/results.csv
[2023-02-12 01:35:38 GPU 0]: Generated text saved to ./SEQUER/checkpoints/generated_amazon-movies_0_peter.txt
