-----------------------------------ARGUMENTS------------------------------------
model_name                               peter
dataset                                  amazon-movies
fold                                     0
cuda                                     True
test                                     False
no_generate                              False
seed                                     1111
no_train                                 False
log_file                                 ./Log/SEQ-FMLP_PETER.log
------------------------------------CONFIGS-------------------------------------
emsize                                   512
nhead                                    2
nhid                                     2048
nlayers                                  2
dropout                                  0.2
lr                                       1.0
pre_train                                False
optimizer                                SGD
scheduler                                steplr
warmup_epoch                             2
clip_norm                                1.0
epochs                                   100
batch_size                               128
load_direct                              True
continue_train                           False
log_interval                             4
vocab_size                               20000
text_len                                 15
endure_times                             5
rating_reg                               0.1
context_reg                              1.0
text_reg                                 1.0
item_reg                                 0.1
hist_len                                 0
user_len                                 1
item_len                                 1
use_feature                              True
seq_mode                                 0
peter_mask                               True
seq_prediction                           True
context_prediction                       True
rating_prediction                        True
nextitem_prediction                      False
-----------------------------------ARGUMENTS------------------------------------
[2023-02-14 00:20:05 GPU 0]: World_Size(Num GPUs): 1
[2023-02-14 00:20:05 GPU 0]: Loading data Fold ./Data/Amazon/MoviesAndTV_New/0
[2023-02-14 00:20:05 GPU 0]: Init Start
[2023-02-14 00:20:05 GPU 0]: Init End
[2023-02-14 00:20:05 GPU 0]: Load Start
[2023-02-14 00:20:07 GPU 0]: train len:359303
[2023-02-14 00:20:08 GPU 0]: Load End
[2023-02-14 00:20:10 GPU 0]: text_reg:1.0, context_reg:1.0, rating_reg:0.1, item_reg:0.1
[2023-02-14 00:20:10 GPU 0]: Device cuda
[2023-02-14 00:20:10 GPU 0]: Loading data helper
[2023-02-14 00:20:10 GPU 0]: Use Feature: True | src_len: 3
[2023-02-14 00:20:10 GPU 0]: Building model PETER on device cuda
[2023-02-14 00:20:10 GPU 0]: Save Mask to ./SEQUER/results/MASK_PETER+_PMask.png
[2023-02-14 00:20:14 GPU 0]: Epoch 0 Start
[2023-02-14 00:21:07 GPU 0]: context ppl 657.3211 | text ppl 104.2309 | rating loss 1.4674 | seq loss 0.0000 | valid loss 761.6988 on validation
[2023-02-14 00:21:07 GPU 0]: Epoch 0 | LR 1.0 | Num History 1 | Training snapshot saved at ./SEQUER/checkpoints/peter_amazon-movies_0.pt
[2023-02-14 00:21:07 GPU 0]: Epoch 0 End | Time Used: 53.29

[2023-02-14 00:21:07 GPU 0]: Epoch 1 Start
[2023-02-14 00:22:01 GPU 0]: context ppl 609.5336 | text ppl 81.2247 | rating loss 1.3361 | seq loss 0.0000 | valid loss 690.8919 on validation
[2023-02-14 00:22:01 GPU 0]: Epoch 1 | LR 1.0 | Num History 2 | Training snapshot saved at ./SEQUER/checkpoints/peter_amazon-movies_0.pt
[2023-02-14 00:22:01 GPU 0]: Epoch 1 End | Time Used: 53.98

[2023-02-14 00:22:01 GPU 0]: Epoch 2 Start
