-----------------------------------ARGUMENTS------------------------------------
model_name                               sawer
dataset                                  amazon-toys
fold                                     0
cuda                                     True
test                                     False
no_generate                              False
seed                                     1111
no_train                                 False
log_file                                 ./Log/SEQ-FMLP_PETER.log
------------------------------------CONFIGS-------------------------------------
emsize                                   512
nhead                                    2
nhid                                     2048
nlayers                                  2
dropout                                  0.2
lr                                       1.0
pre_train                                False
optimizer                                SGD
scheduler                                steplr
warmup_epoch                             2
clip_norm                                1.0
epochs                                   100
batch_size                               128
load_direct                              True
continue_train                           False
log_interval                             4
vocab_size                               20000
text_len                                 15
endure_times                             5
rating_reg                               0.1
context_reg                              1.0
text_reg                                 1.0
item_reg                                 0.1
hist_len                                 20
user_len                                 1
item_len                                 0
use_feature                              True
seq_mode                                 2
peter_mask                               True
seq_prediction                           True
context_prediction                       True
rating_prediction                        True
nextitem_prediction                      True
-----------------------------------ARGUMENTS------------------------------------
[2023-02-13 12:41:15 GPU 0]: World_Size(Num GPUs): 1
[2023-02-13 12:41:15 GPU 0]: Loading data Fold ./Data/Amazon/ToysAndGames/0
[2023-02-13 12:41:15 GPU 0]: Init Start
[2023-02-13 12:41:16 GPU 0]: Init End
[2023-02-13 12:41:16 GPU 0]: Load Start
[2023-02-13 12:41:18 GPU 0]: train len:155261
[2023-02-13 12:41:18 GPU 0]: Load End
[2023-02-13 12:41:19 GPU 0]: text_reg:1.0, context_reg:1.0, rating_reg:0.1, item_reg:0.1
[2023-02-13 12:41:19 GPU 0]: Device cuda
[2023-02-13 12:41:19 GPU 0]: Loading data helper
[2023-02-13 12:41:19 GPU 0]: Use Feature: True | src_len: 22
[2023-02-13 12:41:19 GPU 0]: Building model SAWER on device cuda
[2023-02-13 12:41:20 GPU 0]: Save Mask to ./SEQUER/results/MASK-SAWER_MaskBert.png
[2023-02-13 12:41:24 GPU 0]: Epoch 0 Start
[2023-02-13 12:41:57 GPU 0]: context ppl 682.8624 | text ppl 87.1415 | rating loss 0.9748 | seq loss 9.0323 | valid loss 771.0046 on validation
[2023-02-13 12:41:58 GPU 0]: Epoch 0 | LR 1.0 | Num History 1 | Training snapshot saved at ./SEQUER/checkpoints/sawer_amazon-toys_0.pt
[2023-02-13 12:41:58 GPU 0]: Epoch 0 End | Time Used: 33.47

[2023-02-13 12:41:58 GPU 0]: Epoch 1 Start
[2023-02-13 12:42:31 GPU 0]: context ppl 648.2711 | text ppl 63.3494 | rating loss 0.9753 | seq loss 8.9632 | valid loss 712.6143 on validation
[2023-02-13 12:42:32 GPU 0]: Epoch 1 | LR 1.0 | Num History 2 | Training snapshot saved at ./SEQUER/checkpoints/sawer_amazon-toys_0.pt
[2023-02-13 12:42:32 GPU 0]: Epoch 1 End | Time Used: 33.83

[2023-02-13 12:42:32 GPU 0]: Epoch 2 Start
[2023-02-13 12:43:05 GPU 0]: context ppl 606.7976 | text ppl 53.3449 | rating loss 0.9595 | seq loss 8.9423 | valid loss 661.1327 on validation
[2023-02-13 12:43:05 GPU 0]: Epoch 2 | LR 1.0 | Num History 3 | Training snapshot saved at ./SEQUER/checkpoints/sawer_amazon-toys_0.pt
[2023-02-13 12:43:05 GPU 0]: Epoch 2 End | Time Used: 33.84

[2023-02-13 12:43:05 GPU 0]: Epoch 3 Start
[2023-02-13 12:43:38 GPU 0]: context ppl 599.6363 | text ppl 50.2637 | rating loss 0.9574 | seq loss 8.9370 | valid loss 650.8895 on validation
[2023-02-13 12:43:39 GPU 0]: Epoch 3 | LR 1.0 | Num History 4 | Training snapshot saved at ./SEQUER/checkpoints/sawer_amazon-toys_0.pt
[2023-02-13 12:43:39 GPU 0]: Epoch 3 End | Time Used: 33.64

[2023-02-13 12:43:39 GPU 0]: Epoch 4 Start
[2023-02-13 12:44:13 GPU 0]: context ppl 587.5602 | text ppl 45.6859 | rating loss 0.9614 | seq loss 8.9370 | valid loss 634.2359 on validation
[2023-02-13 12:44:13 GPU 0]: Epoch 4 | LR 1.0 | Num History 5 | Training snapshot saved at ./SEQUER/checkpoints/sawer_amazon-toys_0.pt
[2023-02-13 12:44:13 GPU 0]: Epoch 4 End | Time Used: 34.33

[2023-02-13 12:44:13 GPU 0]: Epoch 5 Start
[2023-02-13 12:44:47 GPU 0]: context ppl 581.0805 | text ppl 43.3995 | rating loss 0.9519 | seq loss 8.9350 | valid loss 625.4687 on validation
[2023-02-13 12:44:47 GPU 0]: Epoch 5 | LR 1.0 | Num History 6 | Training snapshot saved at ./SEQUER/checkpoints/sawer_amazon-toys_0.pt
[2023-02-13 12:44:47 GPU 0]: Epoch 5 End | Time Used: 33.86

[2023-02-13 12:44:47 GPU 0]: Epoch 6 Start
[2023-02-13 12:45:20 GPU 0]: context ppl 582.4294 | text ppl 42.9435 | rating loss 0.9480 | seq loss 8.9326 | valid loss 626.3610 on validation
[2023-02-13 12:45:20 GPU 0]: Endured 1 / 5 time(s) | Learning rate set to 0.25000000
[2023-02-13 12:45:20 GPU 0]: Epoch 6 End | Time Used: 33.29

[2023-02-13 12:45:20 GPU 0]: Epoch 7 Start
[2023-02-13 12:45:54 GPU 0]: context ppl 567.9656 | text ppl 39.6796 | rating loss 0.9375 | seq loss 8.9335 | valid loss 608.6324 on validation
[2023-02-13 12:45:55 GPU 0]: Epoch 7 | LR 0.25 | Num History 8 | Training snapshot saved at ./SEQUER/checkpoints/sawer_amazon-toys_0.pt
[2023-02-13 12:45:55 GPU 0]: Epoch 7 End | Time Used: 34.25

[2023-02-13 12:45:55 GPU 0]: Epoch 8 Start
[2023-02-13 12:46:28 GPU 0]: context ppl 567.6735 | text ppl 39.1046 | rating loss 0.9400 | seq loss 8.9346 | valid loss 607.7656 on validation
[2023-02-13 12:46:28 GPU 0]: Epoch 8 | LR 0.25 | Num History 9 | Training snapshot saved at ./SEQUER/checkpoints/sawer_amazon-toys_0.pt
[2023-02-13 12:46:28 GPU 0]: Epoch 8 End | Time Used: 33.76

[2023-02-13 12:46:28 GPU 0]: Epoch 9 Start
[2023-02-13 12:47:03 GPU 0]: context ppl 565.7423 | text ppl 38.7661 | rating loss 0.9343 | seq loss 8.9341 | valid loss 605.4953 on validation
[2023-02-13 12:47:03 GPU 0]: Epoch 9 | LR 0.25 | Num History 10 | Training snapshot saved at ./SEQUER/checkpoints/sawer_amazon-toys_0.pt
[2023-02-13 12:47:03 GPU 0]: Epoch 9 End | Time Used: 34.55

[2023-02-13 12:47:03 GPU 0]: Epoch 10 Start
[2023-02-13 12:47:37 GPU 0]: context ppl 563.2638 | text ppl 38.5638 | rating loss 0.9323 | seq loss 8.9332 | valid loss 602.8141 on validation
[2023-02-13 12:47:37 GPU 0]: Epoch 10 | LR 0.25 | Num History 11 | Training snapshot saved at ./SEQUER/checkpoints/sawer_amazon-toys_0.pt
[2023-02-13 12:47:37 GPU 0]: Epoch 10 End | Time Used: 33.98

[2023-02-13 12:47:37 GPU 0]: Epoch 11 Start
[2023-02-13 12:48:10 GPU 0]: context ppl 560.4896 | text ppl 38.2818 | rating loss 0.9284 | seq loss 8.9320 | valid loss 599.7575 on validation
[2023-02-13 12:48:11 GPU 0]: Epoch 11 | LR 0.25 | Num History 12 | Training snapshot saved at ./SEQUER/checkpoints/sawer_amazon-toys_0.pt
[2023-02-13 12:48:11 GPU 0]: Epoch 11 End | Time Used: 33.91

[2023-02-13 12:48:11 GPU 0]: Epoch 12 Start
[2023-02-13 12:48:45 GPU 0]: context ppl 559.2520 | text ppl 37.9002 | rating loss 0.9280 | seq loss 8.9330 | valid loss 598.1383 on validation
[2023-02-13 12:48:45 GPU 0]: Epoch 12 | LR 0.25 | Num History 13 | Training snapshot saved at ./SEQUER/checkpoints/sawer_amazon-toys_0.pt
[2023-02-13 12:48:45 GPU 0]: Epoch 12 End | Time Used: 34.43

[2023-02-13 12:48:45 GPU 0]: Epoch 13 Start
[2023-02-13 12:49:19 GPU 0]: context ppl 561.6697 | text ppl 37.9630 | rating loss 0.9308 | seq loss 8.9326 | valid loss 600.6190 on validation
[2023-02-13 12:49:19 GPU 0]: Endured 2 / 5 time(s) | Learning rate set to 0.06250000
[2023-02-13 12:49:19 GPU 0]: Epoch 13 End | Time Used: 33.37

[2023-02-13 12:49:19 GPU 0]: Epoch 14 Start
[2023-02-13 12:49:53 GPU 0]: context ppl 562.0925 | text ppl 37.6482 | rating loss 0.9308 | seq loss 8.9340 | valid loss 600.7271 on validation
[2023-02-13 12:49:53 GPU 0]: Endured 3 / 5 time(s) | Learning rate set to 0.01562500
[2023-02-13 12:49:53 GPU 0]: Epoch 14 End | Time Used: 34.14

[2023-02-13 12:49:53 GPU 0]: Epoch 15 Start
[2023-02-13 12:50:26 GPU 0]: context ppl 562.0191 | text ppl 37.5531 | rating loss 0.9311 | seq loss 8.9338 | valid loss 600.5587 on validation
[2023-02-13 12:50:26 GPU 0]: Endured 4 / 5 time(s) | Learning rate set to 0.00390625
[2023-02-13 12:50:26 GPU 0]: Epoch 15 End | Time Used: 33.40

[2023-02-13 12:50:26 GPU 0]: Epoch 16 Start
[2023-02-13 12:51:00 GPU 0]: context ppl 561.7289 | text ppl 37.5061 | rating loss 0.9321 | seq loss 8.9338 | valid loss 600.2216 on validation
[2023-02-13 12:51:00 GPU 0]: Endured 5 / 5 time(s)| Cannot endure it anymore | Exiting from early stop
[2023-02-13 12:51:00 GPU 0]: Epoch 16 End | Time Used: 33.45

[2023-02-13 12:51:00 GPU 0]: Training Finished | Time Used: 575.50
--------------------------------------------------------------------------------
[2023-02-13 12:51:00 GPU 0]: Building model SAWER on device cuda
[2023-02-13 12:51:01 GPU 0]: Save Mask to ./SEQUER/results/MASK-SAWER_MaskBert.png
[2023-02-13 12:51:01 GPU 0]: Resuming training from snapshot at Epoch 12, Num History 13
=========================================================================================
[2023-02-13 12:51:02 GPU 0]: context ppl 559.3497 | text ppl 38.0132 | rating loss 0.9379 | seq loss 8.9129 | loss 598.3480 on test |End of training
[2023-02-13 12:51:02 GPU 0]: Generating text
[2023-02-13 12:51:06 GPU 0]: RMSE↓  0.9684
[2023-02-13 12:51:06 GPU 0]: MAE↓  0.7357
[2023-02-13 12:51:06 GPU 0]: idss_predict 6168, tokens_predict 6168
[2023-02-13 12:51:06 GPU 0]: BLEU_1↑ 17.1197
[2023-02-13 12:51:07 GPU 0]: BLEU_4↑  2.4341
[2023-02-13 12:51:07 GPU 0]: USR↑  0.1547 | USN↑     954
[2023-02-13 12:51:11 GPU 0]: DIV↓  0.2332
[2023-02-13 12:51:11 GPU 0]: FCR↑  0.0646
[2023-02-13 12:51:11 GPU 0]: FMR↑  0.2568
[2023-02-13 12:51:12 GPU 0]: R1_F↑ 18.2580
[2023-02-13 12:51:12 GPU 0]: R1_R↑ 17.3756
[2023-02-13 12:51:12 GPU 0]: R1_P↑ 20.1338
[2023-02-13 12:51:12 GPU 0]: R2_F↑  3.6941
[2023-02-13 12:51:12 GPU 0]: R2_R↑  3.5847
[2023-02-13 12:51:12 GPU 0]: R2_P↑  4.0285
[2023-02-13 12:51:12 GPU 0]: RL_F↑ 14.7207
[2023-02-13 12:51:12 GPU 0]: RL_R↑ 14.7481
[2023-02-13 12:51:12 GPU 0]: RL_P↑ 14.7190
[2023-02-13 12:51:12 GPU 0]: Saved result to ./SEQUER/results/results.csv
[2023-02-13 12:51:12 GPU 0]: Generated text saved to ./SEQUER/checkpoints/generated_amazon-toys_0_sawer.txt
