-----------------------------------ARGUMENTS------------------------------------
model_name                               sawer
dataset                                  amazon-movies
fold                                     0
cuda                                     True
test                                     False
no_generate                              False
seed                                     1111
no_train                                 False
log_file                                 ./Log/SEQ-FMLP_PETER.log
------------------------------------CONFIGS-------------------------------------
emsize                                   512
nhead                                    2
nhid                                     2048
nlayers                                  2
dropout                                  0.2
lr                                       1.0
pre_train                                False
optimizer                                SGD
scheduler                                steplr
warmup_epoch                             2
clip_norm                                1.0
epochs                                   100
batch_size                               128
load_direct                              True
continue_train                           False
log_interval                             4
vocab_size                               20000
text_len                                 15
endure_times                             5
rating_reg                               0.1
context_reg                              1.0
text_reg                                 1.0
item_reg                                 0.1
hist_len                                 20
user_len                                 1
item_len                                 0
use_feature                              True
seq_mode                                 2
peter_mask                               True
seq_prediction                           True
context_prediction                       True
rating_prediction                        True
nextitem_prediction                      True
-----------------------------------ARGUMENTS------------------------------------
[2023-02-11 21:50:32 GPU 0]: World_Size(Num GPUs): 1
[2023-02-11 21:50:32 GPU 0]: Loading data Fold ./Data/Amazon/MoviesAndTV_New/0
[2023-02-11 21:50:32 GPU 0]: Init Start
[2023-02-11 21:50:32 GPU 0]: Init End
[2023-02-11 21:50:32 GPU 0]: Load Start
[2023-02-11 21:50:34 GPU 0]: train len:359303
[2023-02-11 21:50:34 GPU 0]: Load End
[2023-02-11 21:50:37 GPU 0]: text_reg:1.0, context_reg:1.0, rating_reg:0.1, item_reg:0.1
[2023-02-11 21:50:37 GPU 0]: Device cuda
[2023-02-11 21:50:37 GPU 0]: Loading data helper
[2023-02-11 21:50:37 GPU 0]: Use Feature: True | src_len: 22
[2023-02-11 21:50:37 GPU 0]: Building model SAWER on device cuda
[2023-02-11 21:50:38 GPU 0]: Save Mask to ./SEQUER/results/MASK-SAWER_Mask2.png
[2023-02-11 21:50:42 GPU 0]: Epoch 0 Start
[2023-02-11 21:51:56 GPU 0]: context ppl 612.4759 | text ppl 98.6661 | rating loss 1.5423 | seq loss 8.6585 | valid loss 712.1621 on validation
[2023-02-11 21:51:56 GPU 0]: sawer: Ep 0 Len 1
[2023-02-11 21:51:57 GPU 0]: Epoch 0 | LR 1.0 | Num History 1 | Training snapshot saved at ./SEQUER/checkpoints/sawer_amazon-movies_0.pt
[2023-02-11 21:51:57 GPU 0]: Epoch 0 End | Time Used: 74.49

[2023-02-11 21:51:57 GPU 0]: Epoch 1 Start
[2023-02-11 21:53:10 GPU 0]: context ppl 600.1359 | text ppl 76.7194 | rating loss 1.4259 | seq loss 8.6522 | valid loss 677.8631 on validation
[2023-02-11 21:53:10 GPU 0]: sawer: Ep 1 Len 2
[2023-02-11 21:53:10 GPU 0]: Epoch 1 | LR 1.0 | Num History 2 | Training snapshot saved at ./SEQUER/checkpoints/sawer_amazon-movies_0.pt
[2023-02-11 21:53:10 GPU 0]: Epoch 1 End | Time Used: 73.88

[2023-02-11 21:53:10 GPU 0]: Epoch 2 Start
[2023-02-11 21:54:25 GPU 0]: context ppl 596.1498 | text ppl 69.0349 | rating loss 1.2955 | seq loss 8.6520 | valid loss 666.1794 on validation
[2023-02-11 21:54:25 GPU 0]: sawer: Ep 2 Len 3
[2023-02-11 21:54:26 GPU 0]: Epoch 2 | LR 1.0 | Num History 3 | Training snapshot saved at ./SEQUER/checkpoints/sawer_amazon-movies_0.pt
[2023-02-11 21:54:26 GPU 0]: Epoch 2 End | Time Used: 75.16

[2023-02-11 21:54:26 GPU 0]: Epoch 3 Start
[2023-02-11 21:55:39 GPU 0]: context ppl 569.6480 | text ppl 61.4131 | rating loss 1.2252 | seq loss 8.6496 | valid loss 632.0486 on validation
[2023-02-11 21:55:39 GPU 0]: sawer: Ep 3 Len 4
[2023-02-11 21:55:39 GPU 0]: Epoch 3 | LR 1.0 | Num History 4 | Training snapshot saved at ./SEQUER/checkpoints/sawer_amazon-movies_0.pt
[2023-02-11 21:55:39 GPU 0]: Epoch 3 End | Time Used: 73.69

[2023-02-11 21:55:39 GPU 0]: Epoch 4 Start
[2023-02-11 21:56:54 GPU 0]: context ppl 564.6774 | text ppl 57.8944 | rating loss 1.2752 | seq loss 8.6520 | valid loss 623.5645 on validation
[2023-02-11 21:56:54 GPU 0]: sawer: Ep 4 Len 5
[2023-02-11 21:56:54 GPU 0]: Epoch 4 | LR 1.0 | Num History 5 | Training snapshot saved at ./SEQUER/checkpoints/sawer_amazon-movies_0.pt
[2023-02-11 21:56:54 GPU 0]: Epoch 4 End | Time Used: 74.73

[2023-02-11 21:56:54 GPU 0]: Epoch 5 Start
[2023-02-11 21:58:08 GPU 0]: context ppl 564.6047 | text ppl 55.7013 | rating loss 1.1934 | seq loss 8.6530 | valid loss 621.2906 on validation
[2023-02-11 21:58:08 GPU 0]: sawer: Ep 5 Len 6
[2023-02-11 21:58:08 GPU 0]: Epoch 5 | LR 1.0 | Num History 6 | Training snapshot saved at ./SEQUER/checkpoints/sawer_amazon-movies_0.pt
[2023-02-11 21:58:08 GPU 0]: Epoch 5 End | Time Used: 74.01

[2023-02-11 21:58:08 GPU 0]: Epoch 6 Start
[2023-02-11 21:59:22 GPU 0]: context ppl 562.6744 | text ppl 54.3490 | rating loss 1.2494 | seq loss 8.6565 | valid loss 618.0140 on validation
[2023-02-11 21:59:22 GPU 0]: sawer: Ep 6 Len 7
[2023-02-11 21:59:22 GPU 0]: Epoch 6 | LR 1.0 | Num History 7 | Training snapshot saved at ./SEQUER/checkpoints/sawer_amazon-movies_0.pt
[2023-02-11 21:59:22 GPU 0]: Epoch 6 End | Time Used: 74.21

[2023-02-11 21:59:22 GPU 0]: Epoch 7 Start
[2023-02-11 22:00:37 GPU 0]: context ppl 561.3874 | text ppl 52.8811 | rating loss 1.2475 | seq loss 8.6535 | valid loss 615.2586 on validation
[2023-02-11 22:00:37 GPU 0]: sawer: Ep 7 Len 8
[2023-02-11 22:00:37 GPU 0]: Epoch 7 | LR 1.0 | Num History 8 | Training snapshot saved at ./SEQUER/checkpoints/sawer_amazon-movies_0.pt
[2023-02-11 22:00:37 GPU 0]: Epoch 7 End | Time Used: 75.12

[2023-02-11 22:00:37 GPU 0]: Epoch 8 Start
[2023-02-11 22:01:51 GPU 0]: context ppl 563.9579 | text ppl 53.0650 | rating loss 1.1927 | seq loss 8.6543 | valid loss 618.0076 on validation
[2023-02-11 22:01:51 GPU 0]: sawer: Ep 8 Len 9
[2023-02-11 22:01:51 GPU 0]: Endured 1 / 5 time(s) | Learning rate set to 0.25000000
[2023-02-11 22:01:51 GPU 0]: Epoch 8 End | Time Used: 73.56

[2023-02-11 22:01:51 GPU 0]: Epoch 9 Start
[2023-02-11 22:03:05 GPU 0]: context ppl 546.9751 | text ppl 47.6664 | rating loss 1.1930 | seq loss 8.6536 | valid loss 595.6262 on validation
[2023-02-11 22:03:06 GPU 0]: sawer: Ep 9 Len 10
[2023-02-11 22:03:06 GPU 0]: Epoch 9 | LR 0.25 | Num History 10 | Training snapshot saved at ./SEQUER/checkpoints/sawer_amazon-movies_0.pt
[2023-02-11 22:03:06 GPU 0]: Epoch 9 End | Time Used: 74.90

[2023-02-11 22:03:06 GPU 0]: Epoch 10 Start
[2023-02-11 22:04:19 GPU 0]: context ppl 545.5565 | text ppl 47.2967 | rating loss 1.1876 | seq loss 8.6533 | valid loss 593.8373 on validation
[2023-02-11 22:04:19 GPU 0]: sawer: Ep 10 Len 11
[2023-02-11 22:04:20 GPU 0]: Epoch 10 | LR 0.25 | Num History 11 | Training snapshot saved at ./SEQUER/checkpoints/sawer_amazon-movies_0.pt
[2023-02-11 22:04:20 GPU 0]: Epoch 10 End | Time Used: 73.73

[2023-02-11 22:04:20 GPU 0]: Epoch 11 Start
[2023-02-11 22:05:34 GPU 0]: context ppl 545.1112 | text ppl 47.1074 | rating loss 1.1857 | seq loss 8.6517 | valid loss 593.2023 on validation
[2023-02-11 22:05:34 GPU 0]: sawer: Ep 11 Len 12
[2023-02-11 22:05:35 GPU 0]: Epoch 11 | LR 0.25 | Num History 12 | Training snapshot saved at ./SEQUER/checkpoints/sawer_amazon-movies_0.pt
[2023-02-11 22:05:35 GPU 0]: Epoch 11 End | Time Used: 75.28

[2023-02-11 22:05:35 GPU 0]: Epoch 12 Start
[2023-02-11 22:06:49 GPU 0]: context ppl 544.8196 | text ppl 46.7573 | rating loss 1.1921 | seq loss 8.6521 | valid loss 592.5613 on validation
[2023-02-11 22:06:49 GPU 0]: sawer: Ep 12 Len 13
[2023-02-11 22:06:49 GPU 0]: Epoch 12 | LR 0.25 | Num History 13 | Training snapshot saved at ./SEQUER/checkpoints/sawer_amazon-movies_0.pt
[2023-02-11 22:06:49 GPU 0]: Epoch 12 End | Time Used: 74.58

[2023-02-11 22:06:49 GPU 0]: Epoch 13 Start
[2023-02-11 22:08:04 GPU 0]: context ppl 546.4345 | text ppl 46.5576 | rating loss 1.2000 | seq loss 8.6527 | valid loss 593.9773 on validation
[2023-02-11 22:08:04 GPU 0]: sawer: Ep 13 Len 14
[2023-02-11 22:08:04 GPU 0]: Endured 2 / 5 time(s) | Learning rate set to 0.06250000
[2023-02-11 22:08:04 GPU 0]: Epoch 13 End | Time Used: 74.31

[2023-02-11 22:08:04 GPU 0]: Epoch 14 Start
[2023-02-11 22:09:18 GPU 0]: context ppl 546.0928 | text ppl 46.1866 | rating loss 1.1911 | seq loss 8.6526 | valid loss 593.2638 on validation
[2023-02-11 22:09:18 GPU 0]: sawer: Ep 14 Len 15
[2023-02-11 22:09:18 GPU 0]: Endured 3 / 5 time(s) | Learning rate set to 0.01562500
[2023-02-11 22:09:18 GPU 0]: Epoch 14 End | Time Used: 74.05

[2023-02-11 22:09:18 GPU 0]: Epoch 15 Start
[2023-02-11 22:10:32 GPU 0]: context ppl 546.0724 | text ppl 46.1009 | rating loss 1.1911 | seq loss 8.6526 | valid loss 593.1577 on validation
[2023-02-11 22:10:32 GPU 0]: sawer: Ep 15 Len 16
[2023-02-11 22:10:32 GPU 0]: Endured 4 / 5 time(s) | Learning rate set to 0.00390625
[2023-02-11 22:10:32 GPU 0]: Epoch 15 End | Time Used: 73.72

[2023-02-11 22:10:32 GPU 0]: Epoch 16 Start
[2023-02-11 22:11:46 GPU 0]: context ppl 546.6103 | text ppl 46.0951 | rating loss 1.1917 | seq loss 8.6529 | valid loss 593.6899 on validation
[2023-02-11 22:11:46 GPU 0]: sawer: Ep 16 Len 17
[2023-02-11 22:11:46 GPU 0]: Endured 5 / 5 time(s)| Cannot endure it anymore | Exiting from early stop
[2023-02-11 22:11:46 GPU 0]: Epoch 16 End | Time Used: 74.91

[2023-02-11 22:11:46 GPU 0]: Training Finished | Time Used: 1264.34
--------------------------------------------------------------------------------
[2023-02-11 22:11:47 GPU 0]: Building model SAWER on device cuda
[2023-02-11 22:11:48 GPU 0]: Save Mask to ./SEQUER/results/MASK-SAWER_Mask2.png
[2023-02-11 22:11:48 GPU 0]: Resuming training from snapshot at Epoch 12, Num History 13
=========================================================================================
[2023-02-11 22:11:51 GPU 0]: context ppl 540.2192 | text ppl 46.5637 | rating loss 1.1782 | seq loss 8.6466 | loss 587.7654 on test |End of training
[2023-02-11 22:11:51 GPU 0]: Generating text
[2023-02-11 22:12:13 GPU 0]: RMSE↓  1.0854
[2023-02-11 22:12:13 GPU 0]: MAE↓  0.8524
[2023-02-11 22:12:13 GPU 0]: idss_predict 41240, tokens_predict 41240
[2023-02-11 22:12:15 GPU 0]: BLEU_1↑ 18.4357
[2023-02-11 22:12:18 GPU 0]: BLEU_4↑  2.6561
[2023-02-11 22:12:34 GPU 0]: USR↑  0.2188 | USN↑    9022
[2023-02-11 22:16:03 GPU 0]: DIV↓  1.2231
[2023-02-11 22:16:04 GPU 0]: FCR↑  0.2088
[2023-02-11 22:16:04 GPU 0]: FMR↑  0.7859
[2023-02-11 22:16:07 GPU 0]: R1_F↑ 26.0544
[2023-02-11 22:16:07 GPU 0]: R1_R↑ 23.1828
[2023-02-11 22:16:07 GPU 0]: R1_P↑ 35.7016
[2023-02-11 22:16:07 GPU 0]: R2_F↑  6.3442
[2023-02-11 22:16:07 GPU 0]: R2_R↑  5.7325
[2023-02-11 22:16:07 GPU 0]: R2_P↑  8.8728
[2023-02-11 22:16:07 GPU 0]: RL_F↑ 19.4333
[2023-02-11 22:16:07 GPU 0]: RL_R↑ 20.4464
[2023-02-11 22:16:07 GPU 0]: RL_P↑ 29.0885
[2023-02-11 22:16:07 GPU 0]: Saved result to ./SEQUER/results/results.csv
[2023-02-11 22:16:08 GPU 0]: Generated text saved to ./SEQUER/checkpoints/generated_amazon-movies_0_sawer.txt
