-----------------------------------ARGUMENTS------------------------------------
model_name                               sawer
dataset                                  amazon-movies
fold                                     0
cuda                                     True
test                                     False
no_generate                              False
seed                                     1111
no_train                                 False
log_file                                 ./Log/SEQ-FMLP_PETER.log
------------------------------------CONFIGS-------------------------------------
emsize                                   512
nhead                                    2
nhid                                     2048
nlayers                                  2
dropout                                  0.2
lr                                       1.0
pre_train                                False
optimizer                                SGD
scheduler                                steplr
warmup_epoch                             2
clip_norm                                1.0
epochs                                   100
batch_size                               128
load_direct                              True
continue_train                           False
log_interval                             4
vocab_size                               20000
text_len                                 15
endure_times                             5
rating_reg                               0.1
context_reg                              1.0
text_reg                                 1.0
item_reg                                 0.1
hist_len                                 20
user_len                                 1
item_len                                 0
use_feature                              True
seq_mode                                 2
peter_mask                               True
seq_prediction                           True
context_prediction                       True
rating_prediction                        True
nextitem_prediction                      True
-----------------------------------ARGUMENTS------------------------------------
[2023-02-12 02:12:50 GPU 0]: World_Size(Num GPUs): 1
[2023-02-12 02:12:50 GPU 0]: Loading data Fold ./Data/Amazon/MoviesAndTV_New/0
[2023-02-12 02:12:50 GPU 0]: Init Start
[2023-02-12 02:12:50 GPU 0]: Init End
[2023-02-12 02:12:50 GPU 0]: Load Start
[2023-02-12 02:12:53 GPU 0]: train len:359303
[2023-02-12 02:12:54 GPU 0]: Load End
[2023-02-12 02:12:56 GPU 0]: text_reg:1.0, context_reg:1.0, rating_reg:0.1, item_reg:0.1
[2023-02-12 02:12:56 GPU 0]: Device cuda
[2023-02-12 02:12:56 GPU 0]: Loading data helper
[2023-02-12 02:12:56 GPU 0]: Use Feature: True | src_len: 22
[2023-02-12 02:12:56 GPU 0]: Building model SAWER on device cuda
[2023-02-12 02:12:57 GPU 0]: Save Mask to ./SEQUER/results/MASK-SAWER_MaskBert.png
[2023-02-12 02:13:01 GPU 0]: Epoch 0 Start
[2023-02-12 02:14:15 GPU 0]: context ppl 614.7890 | text ppl 100.1413 | rating loss 1.5428 | seq loss 8.6594 | valid loss 715.9506 on validation
[2023-02-12 02:14:15 GPU 0]: sawer: Ep 0 Len 1
[2023-02-12 02:14:15 GPU 0]: Epoch 0 | LR 1.0 | Num History 1 | Training snapshot saved at ./SEQUER/checkpoints/sawer_amazon-movies_0.pt
[2023-02-12 02:14:15 GPU 0]: Epoch 0 End | Time Used: 74.46

[2023-02-12 02:14:15 GPU 0]: Epoch 1 Start
[2023-02-12 02:15:29 GPU 0]: context ppl 601.9260 | text ppl 76.9318 | rating loss 1.4204 | seq loss 8.6522 | valid loss 679.8650 on validation
[2023-02-12 02:15:29 GPU 0]: sawer: Ep 1 Len 2
[2023-02-12 02:15:29 GPU 0]: Epoch 1 | LR 1.0 | Num History 2 | Training snapshot saved at ./SEQUER/checkpoints/sawer_amazon-movies_0.pt
[2023-02-12 02:15:29 GPU 0]: Epoch 1 End | Time Used: 73.84

[2023-02-12 02:15:29 GPU 0]: Epoch 2 Start
[2023-02-12 02:16:43 GPU 0]: context ppl 598.0511 | text ppl 69.7041 | rating loss 1.3077 | seq loss 8.6509 | valid loss 668.7511 on validation
[2023-02-12 02:16:44 GPU 0]: sawer: Ep 2 Len 3
[2023-02-12 02:16:44 GPU 0]: Epoch 2 | LR 1.0 | Num History 3 | Training snapshot saved at ./SEQUER/checkpoints/sawer_amazon-movies_0.pt
[2023-02-12 02:16:44 GPU 0]: Epoch 2 End | Time Used: 74.59

[2023-02-12 02:16:44 GPU 0]: Epoch 3 Start
[2023-02-12 02:17:58 GPU 0]: context ppl 570.1956 | text ppl 61.6555 | rating loss 1.2255 | seq loss 8.6499 | valid loss 632.8386 on validation
[2023-02-12 02:17:58 GPU 0]: sawer: Ep 3 Len 4
[2023-02-12 02:17:58 GPU 0]: Epoch 3 | LR 1.0 | Num History 4 | Training snapshot saved at ./SEQUER/checkpoints/sawer_amazon-movies_0.pt
[2023-02-12 02:17:58 GPU 0]: Epoch 3 End | Time Used: 74.45

[2023-02-12 02:17:58 GPU 0]: Epoch 4 Start
[2023-02-12 02:19:13 GPU 0]: context ppl 565.1860 | text ppl 57.9291 | rating loss 1.3182 | seq loss 8.6528 | valid loss 624.1122 on validation
[2023-02-12 02:19:13 GPU 0]: sawer: Ep 4 Len 5
[2023-02-12 02:19:13 GPU 0]: Epoch 4 | LR 1.0 | Num History 5 | Training snapshot saved at ./SEQUER/checkpoints/sawer_amazon-movies_0.pt
[2023-02-12 02:19:13 GPU 0]: Epoch 4 End | Time Used: 74.88

[2023-02-12 02:19:13 GPU 0]: Epoch 5 Start
[2023-02-12 02:20:26 GPU 0]: context ppl 564.2297 | text ppl 55.8496 | rating loss 1.1981 | seq loss 8.6519 | valid loss 621.0643 on validation
[2023-02-12 02:20:26 GPU 0]: sawer: Ep 5 Len 6
[2023-02-12 02:20:26 GPU 0]: Epoch 5 | LR 1.0 | Num History 6 | Training snapshot saved at ./SEQUER/checkpoints/sawer_amazon-movies_0.pt
[2023-02-12 02:20:26 GPU 0]: Epoch 5 End | Time Used: 73.19

[2023-02-12 02:20:26 GPU 0]: Epoch 6 Start
[2023-02-12 02:21:39 GPU 0]: context ppl 559.1343 | text ppl 54.3678 | rating loss 1.2499 | seq loss 8.6552 | valid loss 614.4926 on validation
[2023-02-12 02:21:39 GPU 0]: sawer: Ep 6 Len 7
[2023-02-12 02:21:40 GPU 0]: Epoch 6 | LR 1.0 | Num History 7 | Training snapshot saved at ./SEQUER/checkpoints/sawer_amazon-movies_0.pt
[2023-02-12 02:21:40 GPU 0]: Epoch 6 End | Time Used: 73.32

[2023-02-12 02:21:40 GPU 0]: Epoch 7 Start
[2023-02-12 02:22:54 GPU 0]: context ppl 561.9752 | text ppl 52.9999 | rating loss 1.2278 | seq loss 8.6524 | valid loss 615.9631 on validation
[2023-02-12 02:22:54 GPU 0]: sawer: Ep 7 Len 8
[2023-02-12 02:22:54 GPU 0]: Endured 1 / 5 time(s) | Learning rate set to 0.25000000
[2023-02-12 02:22:54 GPU 0]: Epoch 7 End | Time Used: 74.19

[2023-02-12 02:22:54 GPU 0]: Epoch 8 Start
[2023-02-12 02:24:07 GPU 0]: context ppl 546.5493 | text ppl 48.3216 | rating loss 1.1914 | seq loss 8.6535 | valid loss 595.8554 on validation
[2023-02-12 02:24:07 GPU 0]: sawer: Ep 8 Len 9
[2023-02-12 02:24:08 GPU 0]: Epoch 8 | LR 0.25 | Num History 9 | Training snapshot saved at ./SEQUER/checkpoints/sawer_amazon-movies_0.pt
[2023-02-12 02:24:08 GPU 0]: Epoch 8 End | Time Used: 73.67

[2023-02-12 02:24:08 GPU 0]: Epoch 9 Start
[2023-02-12 02:25:22 GPU 0]: context ppl 546.0472 | text ppl 47.7919 | rating loss 1.1920 | seq loss 8.6534 | valid loss 594.8236 on validation
[2023-02-12 02:25:23 GPU 0]: sawer: Ep 9 Len 10
[2023-02-12 02:25:23 GPU 0]: Epoch 9 | LR 0.25 | Num History 10 | Training snapshot saved at ./SEQUER/checkpoints/sawer_amazon-movies_0.pt
[2023-02-12 02:25:23 GPU 0]: Epoch 9 End | Time Used: 75.25

[2023-02-12 02:25:23 GPU 0]: Epoch 10 Start
[2023-02-12 02:26:37 GPU 0]: context ppl 544.7300 | text ppl 47.3955 | rating loss 1.1884 | seq loss 8.6531 | valid loss 593.1096 on validation
[2023-02-12 02:26:37 GPU 0]: sawer: Ep 10 Len 11
[2023-02-12 02:26:37 GPU 0]: Epoch 10 | LR 0.25 | Num History 11 | Training snapshot saved at ./SEQUER/checkpoints/sawer_amazon-movies_0.pt
[2023-02-12 02:26:37 GPU 0]: Epoch 10 End | Time Used: 74.14

[2023-02-12 02:26:37 GPU 0]: Epoch 11 Start
[2023-02-12 02:27:52 GPU 0]: context ppl 543.7526 | text ppl 47.2385 | rating loss 1.1843 | seq loss 8.6516 | valid loss 591.9747 on validation
[2023-02-12 02:27:52 GPU 0]: sawer: Ep 11 Len 12
[2023-02-12 02:27:52 GPU 0]: Epoch 11 | LR 0.25 | Num History 12 | Training snapshot saved at ./SEQUER/checkpoints/sawer_amazon-movies_0.pt
[2023-02-12 02:27:52 GPU 0]: Epoch 11 End | Time Used: 74.86

[2023-02-12 02:27:52 GPU 0]: Epoch 12 Start
[2023-02-12 02:29:06 GPU 0]: context ppl 544.0128 | text ppl 46.8813 | rating loss 1.1932 | seq loss 8.6526 | valid loss 591.8787 on validation
[2023-02-12 02:29:06 GPU 0]: sawer: Ep 12 Len 13
[2023-02-12 02:29:06 GPU 0]: Epoch 12 | LR 0.25 | Num History 13 | Training snapshot saved at ./SEQUER/checkpoints/sawer_amazon-movies_0.pt
[2023-02-12 02:29:06 GPU 0]: Epoch 12 End | Time Used: 74.19

[2023-02-12 02:29:06 GPU 0]: Epoch 13 Start
[2023-02-12 02:30:21 GPU 0]: context ppl 545.6646 | text ppl 46.6356 | rating loss 1.2019 | seq loss 8.6534 | valid loss 593.2858 on validation
[2023-02-12 02:30:21 GPU 0]: sawer: Ep 13 Len 14
[2023-02-12 02:30:21 GPU 0]: Endured 2 / 5 time(s) | Learning rate set to 0.06250000
[2023-02-12 02:30:21 GPU 0]: Epoch 13 End | Time Used: 74.80

[2023-02-12 02:30:21 GPU 0]: Epoch 14 Start
[2023-02-12 02:31:34 GPU 0]: context ppl 543.5676 | text ppl 46.2368 | rating loss 1.1919 | seq loss 8.6531 | valid loss 590.7889 on validation
[2023-02-12 02:31:34 GPU 0]: sawer: Ep 14 Len 15
[2023-02-12 02:31:35 GPU 0]: Epoch 14 | LR 0.0625 | Num History 15 | Training snapshot saved at ./SEQUER/checkpoints/sawer_amazon-movies_0.pt
[2023-02-12 02:31:35 GPU 0]: Epoch 14 End | Time Used: 73.97

[2023-02-12 02:31:35 GPU 0]: Epoch 15 Start
[2023-02-12 02:32:49 GPU 0]: context ppl 544.1896 | text ppl 46.1551 | rating loss 1.1975 | seq loss 8.6529 | valid loss 591.3298 on validation
[2023-02-12 02:32:49 GPU 0]: sawer: Ep 15 Len 16
[2023-02-12 02:32:49 GPU 0]: Endured 3 / 5 time(s) | Learning rate set to 0.01562500
[2023-02-12 02:32:49 GPU 0]: Epoch 15 End | Time Used: 73.92

[2023-02-12 02:32:49 GPU 0]: Epoch 16 Start
[2023-02-12 02:34:03 GPU 0]: context ppl 543.8209 | text ppl 46.0622 | rating loss 1.1945 | seq loss 8.6531 | valid loss 590.8679 on validation
[2023-02-12 02:34:03 GPU 0]: sawer: Ep 16 Len 17
[2023-02-12 02:34:03 GPU 0]: Endured 4 / 5 time(s) | Learning rate set to 0.00390625
[2023-02-12 02:34:03 GPU 0]: Epoch 16 End | Time Used: 74.00

[2023-02-12 02:34:03 GPU 0]: Epoch 17 Start
[2023-02-12 02:35:17 GPU 0]: context ppl 543.5285 | text ppl 46.0825 | rating loss 1.1932 | seq loss 8.6529 | valid loss 590.5956 on validation
[2023-02-12 02:35:17 GPU 0]: sawer: Ep 17 Len 18
[2023-02-12 02:35:17 GPU 0]: Epoch 17 | LR 0.00390625 | Num History 18 | Training snapshot saved at ./SEQUER/checkpoints/sawer_amazon-movies_0.pt
[2023-02-12 02:35:17 GPU 0]: Epoch 17 End | Time Used: 74.33

[2023-02-12 02:35:17 GPU 0]: Epoch 18 Start
[2023-02-12 02:36:32 GPU 0]: context ppl 543.7531 | text ppl 46.0713 | rating loss 1.1939 | seq loss 8.6530 | valid loss 590.8090 on validation
[2023-02-12 02:36:32 GPU 0]: sawer: Ep 18 Len 19
[2023-02-12 02:36:32 GPU 0]: Endured 5 / 5 time(s)| Cannot endure it anymore | Exiting from early stop
[2023-02-12 02:36:32 GPU 0]: Epoch 18 End | Time Used: 74.82

[2023-02-12 02:36:32 GPU 0]: Training Finished | Time Used: 1410.89
--------------------------------------------------------------------------------
[2023-02-12 02:36:32 GPU 0]: Building model SAWER on device cuda
[2023-02-12 02:36:33 GPU 0]: Save Mask to ./SEQUER/results/MASK-SAWER_MaskBert.png
[2023-02-12 02:36:33 GPU 0]: Resuming training from snapshot at Epoch 17, Num History 18
=========================================================================================
[2023-02-12 02:36:36 GPU 0]: context ppl 538.6780 | text ppl 45.9104 | rating loss 1.1802 | seq loss 8.6470 | loss 585.5711 on test |End of training
[2023-02-12 02:36:36 GPU 0]: Generating text
[2023-02-12 02:36:58 GPU 0]: RMSE↓  1.0864
[2023-02-12 02:36:58 GPU 0]: MAE↓  0.8463
[2023-02-12 02:36:59 GPU 0]: idss_predict 41240, tokens_predict 41240
[2023-02-12 02:37:00 GPU 0]: BLEU_1↑ 19.7027
[2023-02-12 02:37:02 GPU 0]: BLEU_4↑  2.9304
[2023-02-12 02:37:27 GPU 0]: USR↑  0.2728 | USN↑   11252
[2023-02-12 02:41:12 GPU 0]: DIV↓  1.2844
[2023-02-12 02:41:13 GPU 0]: FCR↑  0.2247
[2023-02-12 02:41:13 GPU 0]: FMR↑  0.7997
[2023-02-12 02:41:16 GPU 0]: R1_F↑ 26.2693
[2023-02-12 02:41:16 GPU 0]: R1_R↑ 23.9509
[2023-02-12 02:41:16 GPU 0]: R1_P↑ 34.7164
[2023-02-12 02:41:16 GPU 0]: R2_F↑  6.5277
[2023-02-12 02:41:16 GPU 0]: R2_R↑  6.0700
[2023-02-12 02:41:16 GPU 0]: R2_P↑  8.7771
[2023-02-12 02:41:16 GPU 0]: RL_F↑ 19.7205
[2023-02-12 02:41:16 GPU 0]: RL_R↑ 21.1157
[2023-02-12 02:41:16 GPU 0]: RL_P↑ 28.3631
[2023-02-12 02:41:16 GPU 0]: Saved result to ./SEQUER/results/results.csv
[2023-02-12 02:41:16 GPU 0]: Generated text saved to ./SEQUER/checkpoints/generated_amazon-movies_0_sawer.txt
