-----------------------------------ARGUMENTS------------------------------------
model_name                               sawer
dataset                                  amazon-movies
fold                                     0
cuda                                     True
test                                     False
no_generate                              False
seed                                     1111
no_train                                 False
log_file                                 ./Log/SEQ-FMLP_PETER.log
------------------------------------CONFIGS-------------------------------------
emsize                                   512
nhead                                    2
nhid                                     2048
nlayers                                  2
dropout                                  0.2
lr                                       1.0
pre_train                                False
optimizer                                SGD
scheduler                                steplr
warmup_epoch                             2
clip_norm                                1.0
epochs                                   50
batch_size                               128
load_direct                              True
continue_train                           True
log_interval                             4
vocab_size                               20000
text_len                                 15
endure_times                             5
rating_reg                               0.1
context_reg                              1.0
text_reg                                 1.0
item_reg                                 0.1
hist_len                                 20
user_len                                 1
item_len                                 0
use_feature                              True
seq_mode                                 2
peter_mask                               True
seq_prediction                           True
context_prediction                       True
rating_prediction                        True
nextitem_prediction                      True
-----------------------------------ARGUMENTS------------------------------------
[2023-02-09 03:48:21]: [GPU 0] World_Size(Num GPUs): 4
[2023-02-09 03:48:21]: [GPU 0] Loading data Fold ./Data/Amazon/MoviesAndTV_New/0
[2023-02-09 03:48:21]: [GPU 0] Init Start
[2023-02-09 03:48:21]: [GPU 0] Init End
[2023-02-09 03:48:21]: [GPU 0] Load Start
[2023-02-09 03:48:23]: [GPU 0] train len:359303
[2023-02-09 03:48:23]: [GPU 0] Load End
[2023-02-09 03:48:27]: [GPU 0] text_reg:1.0, context_reg:1.0, rating_reg:0.1, item_reg:0.1
[2023-02-09 03:48:27]: [GPU 0] Device cuda
[2023-02-09 03:48:27]: [GPU 0] Loading data helper
[2023-02-09 03:48:27]: [GPU 0] Use Feature: True | src_len: 22
[2023-02-09 03:48:27]: [GPU 0] Building model SAWER on device cuda
[2023-02-09 03:48:29]: [GPU 0] Save Mask to ./SEQUER/results/MASK-SAWER_1.png
[2023-02-09 03:48:31]: [GPU 0] Loading checkpoint from ./SEQUER/checkpoints/sawer_amazon-movies_0.pt
[2023-02-09 03:48:31]: [GPU 0] Resuming training from snapshot at Epoch 50
[2023-02-09 03:48:31]: [GPU 0] Epoch 50 Start
[2023-02-09 03:49:12]: [GPU 0] context ppl 568.4743 | text ppl 58.4178 | rating loss 1.2022 | seq loss 8.6464 | valid loss 627.0123 on validation
[2023-02-09 03:49:12]: [GPU 0] Epoch 50 | LR 0.0009765625 | Training snapshot saved at ./SEQUER/checkpoints/sawer_amazon-movies_0.pt
[2023-02-09 03:49:12]: [GPU 0] Epoch 50 End | Time Used: 40.83

[2023-02-09 03:49:12]: [GPU 0] Building model SAWER on device cuda
[2023-02-09 03:49:14]: [GPU 0] Save Mask to ./SEQUER/results/MASK-SAWER_1.png
[2023-02-09 03:49:14]: [GPU 0] Loading checkpoint from ./SEQUER/checkpoints/sawer_amazon-movies_0.pt
[2023-02-09 03:49:15]: [GPU 0] Resuming training from snapshot at Epoch 50
[2023-02-09 03:49:15]: [GPU 0] Resuming training from snapshot at Epoch 50
=========================================================================================
[2023-02-09 03:49:20]: [GPU 0] context ppl 562.6502 | text ppl 57.8964 | rating loss 1.1990 | seq loss 5652.4209 | loss 1185.9086 on test |End of training
[2023-02-09 03:49:20]: [GPU 0] Generating text
[2023-02-09 03:49:59]: [GPU 0] RMSE↓  1.0950
[2023-02-09 03:49:59]: [GPU 0] MAE↓  0.8621
[2023-02-09 03:50:00]: [GPU 0] idss_predict 41240, tokens_predict 41240
[2023-02-09 03:50:02]: [GPU 0] BLEU_1↑ 17.8696
[2023-02-09 03:50:08]: [GPU 0] BLEU_4↑  2.4163
[2023-02-09 03:50:14]: [GPU 0] USR↑  0.0998 | USN↑    4114
[2023-02-09 03:55:13]: [GPU 0] DIV↓  1.3673
[2023-02-09 03:55:14]: [GPU 0] FCR↑  0.1095
[2023-02-09 03:55:14]: [GPU 0] FMR↑  0.7701
[2023-02-09 03:55:21]: [GPU 0] R1_F↑ 25.9268
[2023-02-09 03:55:21]: [GPU 0] R1_R↑ 22.7173
[2023-02-09 03:55:21]: [GPU 0] R1_P↑ 36.1174
[2023-02-09 03:55:21]: [GPU 0] R2_F↑  6.2119
[2023-02-09 03:55:21]: [GPU 0] R2_R↑  5.6247
[2023-02-09 03:55:21]: [GPU 0] R2_P↑  8.6586
[2023-02-09 03:55:21]: [GPU 0] RL_F↑ 19.3048
[2023-02-09 03:55:21]: [GPU 0] RL_R↑ 20.2919
[2023-02-09 03:55:21]: [GPU 0] RL_P↑ 28.8949
[2023-02-09 03:55:21]: [GPU 0] Saved result to ./SEQUER/results/results.csv
[2023-02-09 03:55:21]: [GPU 0] Generated text saved to ./SEQUER/checkpoints/generated_amazon-movies_0_sawer.txt
