-----------------------------------ARGUMENTS------------------------------------
model_name                               sawer
dataset                                  amazon-toys
fold                                     0
cuda                                     True
test                                     False
no_generate                              False
seed                                     1111
no_train                                 False
log_file                                 ./Log/SEQ-FMLP_PETER.log
------------------------------------CONFIGS-------------------------------------
emsize                                   512
nhead                                    2
nhid                                     2048
nlayers                                  2
dropout                                  0.2
lr                                       1.0
pre_train                                False
optimizer                                SGD
scheduler                                steplr
warmup_epoch                             2
clip_norm                                1.0
epochs                                   100
batch_size                               128
load_direct                              False
continue_train                           False
log_interval                             4
vocab_size                               20000
text_len                                 15
endure_times                             5
rating_reg                               0.1
context_reg                              1.0
text_reg                                 1.0
item_reg                                 0.1
hist_len                                 20
user_len                                 1
item_len                                 0
use_feature                              True
seq_mode                                 2
peter_mask                               True
seq_prediction                           True
context_prediction                       True
rating_prediction                        True
nextitem_prediction                      True
-----------------------------------ARGUMENTS------------------------------------
[2023-02-13 12:23:09 GPU 0]: World_Size(Num GPUs): 1
[2023-02-13 12:23:09 GPU 0]: Loading data Fold ./Data/Amazon/ToysAndGames/0
[2023-02-13 12:23:12 GPU 0]: reviews <built-in method index of list object at 0x7f56feaa14c0>
[2023-02-13 12:23:20 GPU 0]: user dict count:19412
item dict count:11928
word dict count:405986
max rating:5.0
min rating:1.0
[2023-02-13 12:23:35 GPU 0]: text_reg:1.0, context_reg:1.0, rating_reg:0.1, item_reg:0.1
[2023-02-13 12:23:35 GPU 0]: Device cuda
[2023-02-13 12:23:35 GPU 0]: Loading data helper
[2023-02-13 12:23:35 GPU 0]: Use Feature: True | src_len: 22
[2023-02-13 12:23:35 GPU 0]: Building model SAWER on device cuda
[2023-02-13 12:23:35 GPU 0]: Save Mask to ./SEQUER/results/MASK-SAWER2_MaskBert.png
[2023-02-13 12:23:40 GPU 0]: Epoch 0 Start
[2023-02-13 12:24:13 GPU 0]: context ppl 641.4108 | text ppl 83.3803 | rating loss 0.9717 | seq loss 9.0283 | valid loss 725.7911 on validation
[2023-02-13 12:24:13 GPU 0]: Epoch 0 | LR 1.0 | Num History 1 | Training snapshot saved at ./SEQUER/checkpoints/sawer_amazon-toys_0.pt
[2023-02-13 12:24:13 GPU 0]: Epoch 0 End | Time Used: 33.47

[2023-02-13 12:24:13 GPU 0]: Epoch 1 Start
[2023-02-13 12:24:47 GPU 0]: context ppl 647.0941 | text ppl 62.9116 | rating loss 0.9679 | seq loss 8.9617 | valid loss 710.9987 on validation
[2023-02-13 12:24:47 GPU 0]: Epoch 1 | LR 1.0 | Num History 2 | Training snapshot saved at ./SEQUER/checkpoints/sawer_amazon-toys_0.pt
[2023-02-13 12:24:47 GPU 0]: Epoch 1 End | Time Used: 34.13

[2023-02-13 12:24:47 GPU 0]: Epoch 2 Start
[2023-02-13 12:25:22 GPU 0]: context ppl 606.5824 | text ppl 53.2682 | rating loss 0.9537 | seq loss 8.9432 | valid loss 660.8402 on validation
[2023-02-13 12:25:22 GPU 0]: Epoch 2 | LR 1.0 | Num History 3 | Training snapshot saved at ./SEQUER/checkpoints/sawer_amazon-toys_0.pt
[2023-02-13 12:25:22 GPU 0]: Epoch 2 End | Time Used: 35.11

[2023-02-13 12:25:22 GPU 0]: Epoch 3 Start
[2023-02-13 12:25:56 GPU 0]: context ppl 599.7707 | text ppl 50.3343 | rating loss 0.9464 | seq loss 8.9384 | valid loss 651.0935 on validation
[2023-02-13 12:25:56 GPU 0]: Epoch 3 | LR 1.0 | Num History 4 | Training snapshot saved at ./SEQUER/checkpoints/sawer_amazon-toys_0.pt
[2023-02-13 12:25:56 GPU 0]: Epoch 3 End | Time Used: 33.71

[2023-02-13 12:25:56 GPU 0]: Epoch 4 Start
[2023-02-13 12:26:31 GPU 0]: context ppl 587.5977 | text ppl 45.6555 | rating loss 0.9418 | seq loss 8.9362 | valid loss 634.2411 on validation
[2023-02-13 12:26:31 GPU 0]: Epoch 4 | LR 1.0 | Num History 5 | Training snapshot saved at ./SEQUER/checkpoints/sawer_amazon-toys_0.pt
[2023-02-13 12:26:31 GPU 0]: Epoch 4 End | Time Used: 34.93

[2023-02-13 12:26:31 GPU 0]: Epoch 5 Start
[2023-02-13 12:27:05 GPU 0]: context ppl 577.0964 | text ppl 43.3247 | rating loss 0.9290 | seq loss 8.9375 | valid loss 621.4077 on validation
[2023-02-13 12:27:05 GPU 0]: Epoch 5 | LR 1.0 | Num History 6 | Training snapshot saved at ./SEQUER/checkpoints/sawer_amazon-toys_0.pt
[2023-02-13 12:27:05 GPU 0]: Epoch 5 End | Time Used: 33.95

[2023-02-13 12:27:05 GPU 0]: Epoch 6 Start
[2023-02-13 12:27:39 GPU 0]: context ppl 576.9087 | text ppl 42.7064 | rating loss 0.9214 | seq loss 8.9339 | valid loss 620.6006 on validation
[2023-02-13 12:27:39 GPU 0]: Epoch 6 | LR 1.0 | Num History 7 | Training snapshot saved at ./SEQUER/checkpoints/sawer_amazon-toys_0.pt
[2023-02-13 12:27:39 GPU 0]: Epoch 6 End | Time Used: 34.02

[2023-02-13 12:27:39 GPU 0]: Epoch 7 Start
[2023-02-13 12:28:13 GPU 0]: context ppl 583.1932 | text ppl 42.0685 | rating loss 0.9303 | seq loss 8.9339 | valid loss 626.2482 on validation
[2023-02-13 12:28:13 GPU 0]: Endured 1 / 5 time(s) | Learning rate set to 0.25000000
[2023-02-13 12:28:13 GPU 0]: Epoch 7 End | Time Used: 34.02

[2023-02-13 12:28:13 GPU 0]: Epoch 8 Start
[2023-02-13 12:28:46 GPU 0]: context ppl 564.1654 | text ppl 38.5057 | rating loss 0.9299 | seq loss 8.9359 | valid loss 603.6577 on validation
[2023-02-13 12:28:47 GPU 0]: Epoch 8 | LR 0.25 | Num History 9 | Training snapshot saved at ./SEQUER/checkpoints/sawer_amazon-toys_0.pt
[2023-02-13 12:28:47 GPU 0]: Epoch 8 End | Time Used: 33.67

[2023-02-13 12:28:47 GPU 0]: Epoch 9 Start
[2023-02-13 12:29:21 GPU 0]: context ppl 564.2777 | text ppl 38.0748 | rating loss 0.9255 | seq loss 8.9353 | valid loss 603.3386 on validation
[2023-02-13 12:29:22 GPU 0]: Epoch 9 | LR 0.25 | Num History 10 | Training snapshot saved at ./SEQUER/checkpoints/sawer_amazon-toys_0.pt
[2023-02-13 12:29:22 GPU 0]: Epoch 9 End | Time Used: 34.96

[2023-02-13 12:29:22 GPU 0]: Epoch 10 Start
[2023-02-13 12:29:55 GPU 0]: context ppl 560.7085 | text ppl 37.8103 | rating loss 0.9210 | seq loss 8.9341 | valid loss 599.5043 on validation
[2023-02-13 12:29:56 GPU 0]: Epoch 10 | LR 0.25 | Num History 11 | Training snapshot saved at ./SEQUER/checkpoints/sawer_amazon-toys_0.pt
[2023-02-13 12:29:56 GPU 0]: Epoch 10 End | Time Used: 33.82

[2023-02-13 12:29:56 GPU 0]: Epoch 11 Start
[2023-02-13 12:30:29 GPU 0]: context ppl 557.7688 | text ppl 37.7010 | rating loss 0.9216 | seq loss 8.9338 | valid loss 596.4554 on validation
[2023-02-13 12:30:29 GPU 0]: Epoch 11 | LR 0.25 | Num History 12 | Training snapshot saved at ./SEQUER/checkpoints/sawer_amazon-toys_0.pt
[2023-02-13 12:30:29 GPU 0]: Epoch 11 End | Time Used: 33.90

[2023-02-13 12:30:29 GPU 0]: Epoch 12 Start
[2023-02-13 12:31:04 GPU 0]: context ppl 558.2569 | text ppl 37.4215 | rating loss 0.9206 | seq loss 8.9354 | valid loss 596.6640 on validation
[2023-02-13 12:31:04 GPU 0]: Endured 2 / 5 time(s) | Learning rate set to 0.06250000
[2023-02-13 12:31:04 GPU 0]: Epoch 12 End | Time Used: 34.50

[2023-02-13 12:31:04 GPU 0]: Epoch 13 Start
[2023-02-13 12:31:37 GPU 0]: context ppl 558.4362 | text ppl 37.2393 | rating loss 0.9394 | seq loss 8.9353 | valid loss 596.6630 on validation
[2023-02-13 12:31:37 GPU 0]: Endured 3 / 5 time(s) | Learning rate set to 0.01562500
[2023-02-13 12:31:37 GPU 0]: Epoch 13 End | Time Used: 33.54

[2023-02-13 12:31:37 GPU 0]: Epoch 14 Start
[2023-02-13 12:32:11 GPU 0]: context ppl 559.0389 | text ppl 37.2011 | rating loss 0.9335 | seq loss 8.9355 | valid loss 597.2269 on validation
[2023-02-13 12:32:11 GPU 0]: Endured 4 / 5 time(s) | Learning rate set to 0.00390625
[2023-02-13 12:32:11 GPU 0]: Epoch 14 End | Time Used: 33.47

[2023-02-13 12:32:11 GPU 0]: Epoch 15 Start
[2023-02-13 12:32:45 GPU 0]: context ppl 559.6487 | text ppl 37.1812 | rating loss 0.9346 | seq loss 8.9357 | valid loss 597.8169 on validation
[2023-02-13 12:32:45 GPU 0]: Endured 5 / 5 time(s)| Cannot endure it anymore | Exiting from early stop
[2023-02-13 12:32:45 GPU 0]: Epoch 15 End | Time Used: 34.14

[2023-02-13 12:32:45 GPU 0]: Training Finished | Time Used: 545.33
--------------------------------------------------------------------------------
[2023-02-13 12:32:45 GPU 0]: Building model SAWER on device cuda
[2023-02-13 12:32:46 GPU 0]: Save Mask to ./SEQUER/results/MASK-SAWER2_MaskBert.png
[2023-02-13 12:32:47 GPU 0]: Resuming training from snapshot at Epoch 11, Num History 12
=========================================================================================
[2023-02-13 12:32:47 GPU 0]: context ppl 555.5485 | text ppl 37.8201 | rating loss 0.9301 | seq loss 8.9139 | loss 594.3530 on test |End of training
[2023-02-13 12:32:47 GPU 0]: Generating text
[2023-02-13 12:32:51 GPU 0]: RMSE↓  0.9644
[2023-02-13 12:32:51 GPU 0]: MAE↓  0.7316
[2023-02-13 12:32:51 GPU 0]: idss_predict 6168, tokens_predict 6168
[2023-02-13 12:32:51 GPU 0]: BLEU_1↑ 16.9450
[2023-02-13 12:32:52 GPU 0]: BLEU_4↑  2.0196
[2023-02-13 12:32:53 GPU 0]: USR↑  0.1873 | USN↑    1155
[2023-02-13 12:32:56 GPU 0]: DIV↓  0.3041
[2023-02-13 12:32:56 GPU 0]: FCR↑  0.0725
[2023-02-13 12:32:56 GPU 0]: FMR↑  0.3277
[2023-02-13 12:32:57 GPU 0]: R1_F↑ 18.0351
[2023-02-13 12:32:57 GPU 0]: R1_R↑ 17.1927
[2023-02-13 12:32:57 GPU 0]: R1_P↑ 19.9416
[2023-02-13 12:32:57 GPU 0]: R2_F↑  3.2117
[2023-02-13 12:32:57 GPU 0]: R2_R↑  3.0629
[2023-02-13 12:32:57 GPU 0]: R2_P↑  3.6755
[2023-02-13 12:32:57 GPU 0]: RL_F↑ 14.5612
[2023-02-13 12:32:57 GPU 0]: RL_R↑ 14.5880
[2023-02-13 12:32:57 GPU 0]: RL_P↑ 14.5597
[2023-02-13 12:32:57 GPU 0]: Saved result to ./SEQUER/results/results.csv
[2023-02-13 12:32:57 GPU 0]: Generated text saved to ./SEQUER/checkpoints/generated_amazon-toys_0_sawer.txt
