-----------------------------------ARGUMENTS------------------------------------
model_name                               sawer
dataset                                  amazon-movies
fold                                     0
cuda                                     True
test                                     False
no_generate                              False
seed                                     1111
no_train                                 False
log_file                                 ./Log/SEQ-FMLP_PETER.log
------------------------------------CONFIGS-------------------------------------
emsize                                   512
nhead                                    2
nhid                                     2048
nlayers                                  2
dropout                                  0.2
lr                                       1.0
pre_train                                False
optimizer                                SGD
scheduler                                steplr
warmup_epoch                             2
clip_norm                                1.0
epochs                                   100
batch_size                               128
load_direct                              True
continue_train                           False
log_interval                             4
vocab_size                               20000
text_len                                 15
endure_times                             5
rating_reg                               0.1
context_reg                              1.0
text_reg                                 1.0
item_reg                                 0
hist_len                                 20
user_len                                 1
item_len                                 0
use_feature                              True
seq_mode                                 2
peter_mask                               True
seq_prediction                           True
context_prediction                       True
rating_prediction                        True
nextitem_prediction                      True
-----------------------------------ARGUMENTS------------------------------------
[2023-02-12 04:27:43 GPU 0]: World_Size(Num GPUs): 1
[2023-02-12 04:27:43 GPU 0]: Loading data Fold ./Data/Amazon/MoviesAndTV_New/0
[2023-02-12 04:27:43 GPU 0]: Init Start
[2023-02-12 04:27:43 GPU 0]: Init End
[2023-02-12 04:27:43 GPU 0]: Load Start
[2023-02-12 04:27:46 GPU 0]: train len:359303
[2023-02-12 04:27:47 GPU 0]: Load End
[2023-02-12 04:27:49 GPU 0]: text_reg:1.0, context_reg:1.0, rating_reg:0.1, item_reg:0
[2023-02-12 04:27:49 GPU 0]: Device cuda
[2023-02-12 04:27:49 GPU 0]: Loading data helper
[2023-02-12 04:27:49 GPU 0]: Use Feature: True | src_len: 22
[2023-02-12 04:27:49 GPU 0]: Building model SAWER on device cuda
[2023-02-12 04:27:50 GPU 0]: Save Mask to ./SEQUER/results/MASK-SAWER_MaskBert.png
[2023-02-12 04:27:54 GPU 0]: Epoch 0 Start
[2023-02-12 04:29:07 GPU 0]: context ppl 615.7176 | text ppl 100.1764 | rating loss 1.5506 | seq loss 8.9536 | valid loss 716.0491 on validation
[2023-02-12 04:29:08 GPU 0]: Epoch 0 | LR 1.0 | Num History 1 | Training snapshot saved at ./SEQUER/checkpoints/sawer_amazon-movies_0.pt
[2023-02-12 04:29:08 GPU 0]: Epoch 0 End | Time Used: 74.18

[2023-02-12 04:29:08 GPU 0]: Epoch 1 Start
[2023-02-12 04:30:21 GPU 0]: context ppl 602.2548 | text ppl 77.2531 | rating loss 1.4087 | seq loss 8.9536 | valid loss 679.6488 on validation
[2023-02-12 04:30:22 GPU 0]: Epoch 1 | LR 1.0 | Num History 2 | Training snapshot saved at ./SEQUER/checkpoints/sawer_amazon-movies_0.pt
[2023-02-12 04:30:22 GPU 0]: Epoch 1 End | Time Used: 73.83

[2023-02-12 04:30:22 GPU 0]: Epoch 2 Start
[2023-02-12 04:31:36 GPU 0]: context ppl 596.9547 | text ppl 70.1324 | rating loss 1.2977 | seq loss 8.9517 | valid loss 667.2168 on validation
[2023-02-12 04:31:37 GPU 0]: Epoch 2 | LR 1.0 | Num History 3 | Training snapshot saved at ./SEQUER/checkpoints/sawer_amazon-movies_0.pt
[2023-02-12 04:31:37 GPU 0]: Epoch 2 End | Time Used: 74.84

[2023-02-12 04:31:37 GPU 0]: Epoch 3 Start
[2023-02-12 04:32:50 GPU 0]: context ppl 567.6304 | text ppl 61.9593 | rating loss 1.2208 | seq loss 8.9493 | valid loss 629.7118 on validation
[2023-02-12 04:32:50 GPU 0]: Epoch 3 | LR 1.0 | Num History 4 | Training snapshot saved at ./SEQUER/checkpoints/sawer_amazon-movies_0.pt
[2023-02-12 04:32:50 GPU 0]: Epoch 3 End | Time Used: 73.93

[2023-02-12 04:32:50 GPU 0]: Epoch 4 Start
[2023-02-12 04:34:05 GPU 0]: context ppl 563.1651 | text ppl 57.9446 | rating loss 1.2884 | seq loss 8.9534 | valid loss 621.2386 on validation
[2023-02-12 04:34:05 GPU 0]: Epoch 4 | LR 1.0 | Num History 5 | Training snapshot saved at ./SEQUER/checkpoints/sawer_amazon-movies_0.pt
[2023-02-12 04:34:05 GPU 0]: Epoch 4 End | Time Used: 74.98

[2023-02-12 04:34:05 GPU 0]: Epoch 5 Start
[2023-02-12 04:35:19 GPU 0]: context ppl 562.9664 | text ppl 56.1627 | rating loss 1.1937 | seq loss 8.9591 | valid loss 619.2485 on validation
[2023-02-12 04:35:19 GPU 0]: Epoch 5 | LR 1.0 | Num History 6 | Training snapshot saved at ./SEQUER/checkpoints/sawer_amazon-movies_0.pt
[2023-02-12 04:35:19 GPU 0]: Epoch 5 End | Time Used: 74.04

[2023-02-12 04:35:19 GPU 0]: Epoch 6 Start
[2023-02-12 04:36:33 GPU 0]: context ppl 558.1132 | text ppl 54.5912 | rating loss 1.2524 | seq loss 8.9768 | valid loss 612.8296 on validation
[2023-02-12 04:36:34 GPU 0]: Epoch 6 | LR 1.0 | Num History 7 | Training snapshot saved at ./SEQUER/checkpoints/sawer_amazon-movies_0.pt
[2023-02-12 04:36:34 GPU 0]: Epoch 6 End | Time Used: 74.28

[2023-02-12 04:36:34 GPU 0]: Epoch 7 Start
[2023-02-12 04:37:48 GPU 0]: context ppl 558.5393 | text ppl 52.8008 | rating loss 1.2524 | seq loss 8.9724 | valid loss 611.4654 on validation
[2023-02-12 04:37:49 GPU 0]: Epoch 7 | LR 1.0 | Num History 8 | Training snapshot saved at ./SEQUER/checkpoints/sawer_amazon-movies_0.pt
[2023-02-12 04:37:49 GPU 0]: Epoch 7 End | Time Used: 74.94

[2023-02-12 04:37:49 GPU 0]: Epoch 8 Start
[2023-02-12 04:39:02 GPU 0]: context ppl 561.3090 | text ppl 52.6206 | rating loss 1.1921 | seq loss 8.9758 | valid loss 614.0488 on validation
[2023-02-12 04:39:02 GPU 0]: Endured 1 / 5 time(s) | Learning rate set to 0.25000000
[2023-02-12 04:39:02 GPU 0]: Epoch 8 End | Time Used: 73.75

[2023-02-12 04:39:02 GPU 0]: Epoch 9 Start
[2023-02-12 04:40:17 GPU 0]: context ppl 544.3083 | text ppl 47.5631 | rating loss 1.1853 | seq loss 8.9981 | valid loss 591.9900 on validation
[2023-02-12 04:40:18 GPU 0]: Epoch 9 | LR 0.25 | Num History 10 | Training snapshot saved at ./SEQUER/checkpoints/sawer_amazon-movies_0.pt
[2023-02-12 04:40:18 GPU 0]: Epoch 9 End | Time Used: 75.11

[2023-02-12 04:40:18 GPU 0]: Epoch 10 Start
[2023-02-12 04:41:31 GPU 0]: context ppl 543.4913 | text ppl 47.1360 | rating loss 1.1830 | seq loss 9.0050 | valid loss 590.7456 on validation
[2023-02-12 04:41:32 GPU 0]: Epoch 10 | LR 0.25 | Num History 11 | Training snapshot saved at ./SEQUER/checkpoints/sawer_amazon-movies_0.pt
[2023-02-12 04:41:32 GPU 0]: Epoch 10 End | Time Used: 74.01

[2023-02-12 04:41:32 GPU 0]: Epoch 11 Start
[2023-02-12 04:42:46 GPU 0]: context ppl 542.4979 | text ppl 46.9451 | rating loss 1.1799 | seq loss 8.9969 | valid loss 589.5610 on validation
[2023-02-12 04:42:47 GPU 0]: Epoch 11 | LR 0.25 | Num History 12 | Training snapshot saved at ./SEQUER/checkpoints/sawer_amazon-movies_0.pt
[2023-02-12 04:42:47 GPU 0]: Epoch 11 End | Time Used: 75.08

[2023-02-12 04:42:47 GPU 0]: Epoch 12 Start
[2023-02-12 04:44:00 GPU 0]: context ppl 543.0781 | text ppl 46.7180 | rating loss 1.1887 | seq loss 9.0162 | valid loss 589.9149 on validation
[2023-02-12 04:44:00 GPU 0]: Endured 2 / 5 time(s) | Learning rate set to 0.06250000
[2023-02-12 04:44:00 GPU 0]: Epoch 12 End | Time Used: 73.83

[2023-02-12 04:44:00 GPU 0]: Epoch 13 Start
[2023-02-12 04:45:15 GPU 0]: context ppl 543.8400 | text ppl 46.1927 | rating loss 1.1869 | seq loss 9.0449 | valid loss 590.1514 on validation
[2023-02-12 04:45:15 GPU 0]: Endured 3 / 5 time(s) | Learning rate set to 0.01562500
[2023-02-12 04:45:15 GPU 0]: Epoch 13 End | Time Used: 74.76

[2023-02-12 04:45:15 GPU 0]: Epoch 14 Start
[2023-02-12 04:46:29 GPU 0]: context ppl 543.3470 | text ppl 46.1509 | rating loss 1.1839 | seq loss 9.0452 | valid loss 589.6163 on validation
[2023-02-12 04:46:29 GPU 0]: Endured 4 / 5 time(s) | Learning rate set to 0.00390625
[2023-02-12 04:46:29 GPU 0]: Epoch 14 End | Time Used: 73.84

[2023-02-12 04:46:29 GPU 0]: Epoch 15 Start
[2023-02-12 04:47:43 GPU 0]: context ppl 543.0701 | text ppl 46.1512 | rating loss 1.1831 | seq loss 9.0438 | valid loss 589.3396 on validation
[2023-02-12 04:47:43 GPU 0]: Epoch 15 | LR 0.00390625 | Num History 16 | Training snapshot saved at ./SEQUER/checkpoints/sawer_amazon-movies_0.pt
[2023-02-12 04:47:43 GPU 0]: Epoch 15 End | Time Used: 74.13

[2023-02-12 04:47:43 GPU 0]: Epoch 16 Start
[2023-02-12 04:48:58 GPU 0]: context ppl 543.3504 | text ppl 46.1437 | rating loss 1.1839 | seq loss 9.0471 | valid loss 589.6125 on validation
[2023-02-12 04:48:58 GPU 0]: Endured 5 / 5 time(s)| Cannot endure it anymore | Exiting from early stop
[2023-02-12 04:48:58 GPU 0]: Epoch 16 End | Time Used: 74.74

[2023-02-12 04:48:58 GPU 0]: Training Finished | Time Used: 1264.27
--------------------------------------------------------------------------------
[2023-02-12 04:48:58 GPU 0]: Building model SAWER on device cuda
[2023-02-12 04:48:59 GPU 0]: Save Mask to ./SEQUER/results/MASK-SAWER_MaskBert.png
[2023-02-12 04:49:00 GPU 0]: Resuming training from snapshot at Epoch 15, Num History 16
=========================================================================================
[2023-02-12 04:49:03 GPU 0]: context ppl 538.3033 | text ppl 46.0121 | rating loss 1.1730 | seq loss 9.0384 | loss 584.4327 on test |End of training
[2023-02-12 04:49:03 GPU 0]: Generating text
[2023-02-12 04:49:25 GPU 0]: RMSE↓  1.0830
[2023-02-12 04:49:25 GPU 0]: MAE↓  0.8442
[2023-02-12 04:49:25 GPU 0]: idss_predict 41240, tokens_predict 41240
[2023-02-12 04:49:26 GPU 0]: BLEU_1↑ 19.4508
[2023-02-12 04:49:29 GPU 0]: BLEU_4↑  2.9115
[2023-02-12 04:49:56 GPU 0]: USR↑  0.2915 | USN↑   12022
[2023-02-12 04:53:45 GPU 0]: DIV↓  1.2621
[2023-02-12 04:53:45 GPU 0]: FCR↑  0.2265
[2023-02-12 04:53:45 GPU 0]: FMR↑  0.7954
[2023-02-12 04:53:49 GPU 0]: R1_F↑ 26.2060
[2023-02-12 04:53:49 GPU 0]: R1_R↑ 23.8811
[2023-02-12 04:53:49 GPU 0]: R1_P↑ 34.6560
[2023-02-12 04:53:49 GPU 0]: R2_F↑  6.5278
[2023-02-12 04:53:49 GPU 0]: R2_R↑  6.0354
[2023-02-12 04:53:49 GPU 0]: R2_P↑  8.8192
[2023-02-12 04:53:49 GPU 0]: RL_F↑ 19.7463
[2023-02-12 04:53:49 GPU 0]: RL_R↑ 21.0561
[2023-02-12 04:53:49 GPU 0]: RL_P↑ 28.5285
[2023-02-12 04:53:49 GPU 0]: Saved result to ./SEQUER/results/results.csv
[2023-02-12 04:53:49 GPU 0]: Generated text saved to ./SEQUER/checkpoints/generated_amazon-movies_0_sawer.txt
