Train Count: 359303
Valid Count: 41240
Test Count: 41240
Total Count: 441783
train idx: [0, 1, 2, 3, 4, 5, 6, 7, 8, 9]
train: [
{'user': 0, 'user_index': 0, 'item': 0, 'item_index': 3284, 'hist_index': [0, 0, 0, 0, 0, 0, 0, 0, 0, 0, 0, 0, 0, 0, 0, 0, 0, 0, 0, 0], 'rating': 5, 'text': [12, 8, 35, 379, 11, 4, 687, 6, 171, 93, 10, 25, 1523, 22, 182, 5, 462, 4628], 'feature': 11}, 
{'user': 0, 'user_index': 0, 'item': 1, 'item_index': 3123, 'hist_index': [0, 0, 0, 0, 0, 0, 0, 0, 0, 0, 0, 0, 0, 0, 0, 0, 0, 0, 0, 3284], 'rating': 5, 'text': [12, 11, 19, 10, 26, 1523, 60, 13, 2265, 51, 19, 39, 5, 771, 2465, 10, 4, 406, 11, 13, 19, 1124, 66, 14, 19, 1086, 342, 13], 'feature': 11}, 
{'user': 0, 'user_index': 0, 'item': 2, 'item_index': 4530, 'hist_index': [0, 0, 0, 0, 0, 0, 0, 0, 0, 0, 0, 0, 0, 0, 0, 0, 0, 0, 3284, 3123], 'rating': 5, 'text': [12, 8, 5, 25, 186, 116, 4, 711, 205, 1042, 16213, 8, 27, 7, 4, 65, 47, 148, 12, 8, 5, 262, 94, 186, 39, 5, 771, 6654, 30, 160, 1054], 'feature': 205}, 
{'user': 0, 'user_index': 0, 'item': 3, 'item_index': 6222, 'hist_index': [0, 0, 0, 0, 0, 0, 0, 0, 0, 0, 0, 0, 0, 0, 0, 0, 0, 3284, 3123, 4530], 'rating': 5, 'text': [12, 8, 76, 222, 43, 7, 4, 158], 'feature': 222}, 
{'user': 0, 'user_index': 0, 'item': 4, 'item_index': 959, 'hist_index': [0, 0, 0, 0, 0, 0, 0, 0, 0, 0, 0, 0, 0, 0, 0, 0, 3284, 3123, 4530, 6222], 'rating': 5, 'text': [12, 8, 5, 25, 11], 'feature': 11}, 
{'user': 0, 'user_index': 0, 'item': 5, 'item_index': 2557, 'hist_index': [0, 0, 0, 0, 0, 0, 0, 0, 0, 0, 0, 0, 0, 0, 0, 3284, 3123, 4530, 6222, 959], 'rating': 5, 'text': [342, 4, 69, 447, 6, 4, 41, 18], 'feature': 4}, 
{'user': 0, 'user_index': 0, 'item': 6, 'item_index': 2699, 'hist_index': [0, 0, 0, 0, 0, 0, 0, 0, 0, 0, 0, 0, 0, 0, 3284, 3123, 4530, 6222, 959, 2557], 'rating': 5, 'text': [20, 131, 375, 6, 105, 24, 213, 246, 66, 8, 250, 9, 823, 412], 'feature': 105}, 
{'user': 0, 'user_index': 0, 'item': 7, 'item_index': 6482, 'hist_index': [0, 0, 0, 0, 0, 0, 0, 0, 0, 0, 0, 0, 0, 3284, 3123, 4530, 6222, 959, 2557, 2699], 'rating': 5, 'text': [342, 4, 326, 186, 659, 9, 94, 13, 218, 23, 57, 419, 13, 1344, 20, 27, 209, 11], 'feature': 11}, 
{'user': 0, 'user_index': 0, 'item': 8, 'item_index': 2540, 'hist_index': [0, 0, 0, 0, 0, 0, 0, 0, 0, 0, 0, 0, 3284, 3123, 4530, 6222, 959, 2557, 2699, 6482], 'rating': 5, 'text': [116, 13, 18], 'feature': 13}, 
{'user': 0, 'user_index': 0, 'item': 9, 'item_index': 7139, 'hist_index': [0, 0, 0, 0, 0, 0, 0, 0, 0, 0, 0, 3284, 3123, 4530, 6222, 959, 2557, 2699, 6482, 2540], 'rating': 5, 'text': [63, 24, 36, 1504, 1032, 52, 161, 12, 8, 4, 27, 9, 33], 'feature': 52}]

valid idx: [1512, 1513, 1514, 1515, 1516, 1517, 1518, 1519, 1520, 1521]
valid: [
{'user': 31, 'user_index': 31, 'item': 1316, 'item_index': 2234, 'hist_index': [3916, 4755, 3261, 4047, 2617, 3254, 6737, 6761, 5460, 1392, 4902, 2646, 2811, 854, 6832, 1819, 4737, 1410, 1545, 6885], 'rating': 5, 'text': [4, 72, 123, 8, 2153, 55, 157, 3346, 9, 612, 6, 5984, 9, 11228], 'feature': 123}, 
{'user': 31, 'user_index': 31, 'item': 1317, 'item_index': 374, 'hist_index': [4755, 3261, 4047, 2617, 3254, 6737, 6761, 5460, 1392, 4902, 2646, 2811, 854, 6832, 1819, 4737, 1410, 1545, 6885, 2234], 'rating': 5, 'text': [14, 109, 2132, 9, 76, 1425, 3], 'feature': 1425}, 
{'user': 31, 'user_index': 31, 'item': 210, 'item_index': 5257, 'hist_index': [3261, 4047, 2617, 3254, 6737, 6761, 5460, 1392, 4902, 2646, 2811, 854, 6832, 1819, 4737, 1410, 1545, 6885, 2234, 374], 'rating': 5, 'text': [23, 62, 26, 456], 'feature': 456}, 
{'user': 31, 'user_index': 31, 'item': 1318, 'item_index': 6770, 'hist_index': [4047, 2617, 3254, 6737, 6761, 5460, 1392, 4902, 2646, 2811, 854, 6832, 1819, 4737, 1410, 1545, 6885, 2234, 374, 5257], 'rating': 5, 'text': [21, 84, 21, 4, 5536, 7, 117, 88, 656, 185, 12, 5, 262, 34, 22, 121], 'feature': 88}, 
{'user': 31, 'user_index': 31, 'item': 777, 'item_index': 4740, 'hist_index': [2617, 3254, 6737, 6761, 5460, 1392, 4902, 2646, 2811, 854, 6832, 1819, 4737, 1410, 1545, 6885, 2234, 374, 5257, 6770], 'rating': 5, 'text': [6, 93, 57, 4, 15463, 7, 13633, 5, 137, 337], 'feature': 337}, 
{'user': 31, 'user_index': 31, 'item': 1319, 'item_index': 2729, 'hist_index': [3254, 6737, 6761, 5460, 1392, 4902, 2646, 2811, 854, 6832, 1819, 4737, 1410, 1545, 6885, 2234, 374, 5257, 6770, 4740], 'rating': 3, 'text': [541, 37, 412, 569, 11, 79, 115, 166, 189, 9, 67, 154, 3617], 'feature': 11}, 
{'user': 31, 'user_index': 31, 'item': 1320, 'item_index': 6487, 'hist_index': [6737, 6761, 5460, 1392, 4902, 2646, 2811, 854, 6832, 1819, 4737, 1410, 1545, 6885, 2234, 374, 5257, 6770, 4740, 2729], 'rating': 3, 'text': [352, 84, 161, 105, 73, 5, 953, 372], 'feature': 105}, 
{'user': 31, 'user_index': 31, 'item': 310, 'item_index': 2263, 'hist_index': [6761, 5460, 1392, 4902, 2646, 2811, 854, 6832, 1819, 4737, 1410, 1545, 6885, 2234, 374, 5257, 6770, 4740, 2729, 6487], 'rating': 5, 'text': [378, 493, 101, 4599, 224, 6, 238, 1401, 8, 193, 5, 6519], 'feature': 224}, 
{'user': 31, 'user_index': 31, 'item': 1321, 'item_index': 592, 'hist_index': [5460, 1392, 4902, 2646, 2811, 854, 6832, 1819, 4737, 1410, 1545, 6885, 2234, 374, 5257, 6770, 4740, 2729, 6487, 2263], 'rating': 2, 'text': [101, 298, 9, 621, 63, 6943, 8, 5, 534, 1036, 303, 30, 3], 'feature': 303}, 
{'user': 31, 'user_index': 31, 'item': 1322, 'item_index': 2687, 'hist_index': [1392, 4902, 2646, 2811, 854, 6832, 1819, 4737, 1410, 1545, 6885, 2234, 374, 5257, 6770, 4740, 2729, 6487, 2263, 592], 'rating': 4, 'text': [1906, 665, 343, 325, 664, 38, 1417, 159, 160, 137, 196], 'feature': 196}]

test idx: [1701, 1702, 1703, 1704, 1705, 1706, 1707, 1708, 1709, 1710]
test: [{'user': 34, 'user_index': 34, 'item': 1447, 'item_index': 2715, 'hist_index': [2602, 1677, 2593, 1955, 255, 1034, 306, 760, 1540, 2732, 3080, 3765, 6665, 6621, 1100, 5083, 6818, 6762, 4829, 348], 'rating': 4, 'text': [13, 8, 39, 139, 679, 82, 15], 'feature': 82}, 
{'user': 34, 'user_index': 34, 'item': 1448, 'item_index': 7328, 'hist_index': [1677, 2593, 1955, 255, 1034, 306, 760, 1540, 2732, 3080, 3765, 6665, 6621, 1100, 5083, 6818, 6762, 4829, 348, 2715], 'rating': 4, 'text': [23, 12, 976, 67, 91, 13132, 76, 1143, 3779, 20, 5, 544, 224, 354], 'feature': 224}, 
{'user': 34, 'user_index': 34, 'item': 1265, 'item_index': 3486, 'hist_index': [2593, 1955, 255, 1034, 306, 760, 1540, 2732, 3080, 3765, 6665, 6621, 1100, 5083, 6818, 6762, 4829, 348, 2715, 7328], 'rating': 5, 'text': [6, 1786, 4, 11, 1022, 4, 6217, 2393, 285, 12, 434, 6, 3, 73, 5, 2194, 893, 7, 5, 561, 273, 717], 'feature': 11}, 
{'user': 34, 'user_index': 34, 'item': 1449, 'item_index': 3856, 'hist_index': [1955, 255, 1034, 306, 760, 1540, 2732, 3080, 3765, 6665, 6621, 1100, 5083, 6818, 6762, 4829, 348, 2715, 7328, 3486], 'rating': 1, 'text': [4, 83, 19, 39, 140], 'feature': 83}, 
{'user': 34, 'user_index': 34, 'item': 967, 'item_index': 3409, 'hist_index': [255, 1034, 306, 760, 1540, 2732, 3080, 3765, 6665, 6621, 1100, 5083, 6818, 6762, 4829, 348, 2715, 7328, 3486, 3856], 'rating': 4, 'text': [1635, 3975, 368, 4, 257, 7, 9506, 3, 213, 68, 246, 80, 29, 24, 103, 1754, 305, 22, 80, 29, 6, 341, 24, 103, 9309, 126, 124, 6371, 80, 165, 18], 'feature': 6371}, 
{'user': 34, 'user_index': 34, 'item': 1450, 'item_index': 867, 'hist_index': [1034, 306, 760, 1540, 2732, 3080, 3765, 6665, 6621, 1100, 5083, 6818, 6762, 4829, 348, 2715, 7328, 3486, 3856, 3409], 'rating': 4, 'text': [6, 2487, 9961, 1922, 43, 12, 915, 41], 'feature': 41}, 
{'user': 34, 'user_index': 34, 'item': 573, 'item_index': 5590, 'hist_index': [306, 760, 1540, 2732, 3080, 3765, 6665, 6621, 1100, 5083, 6818, 6762, 4829, 348, 2715, 7328, 3486, 3856, 3409, 867], 'rating': 5, 'text': [164, 134, 585, 47, 28, 3, 45, 50, 1112, 1937, 31, 57, 419, 50, 93, 1112, 10, 4, 433, 2182, 32], 'feature': 47}, 
{'user': 34, 'user_index': 34, 'item': 1451, 'item_index': 5340, 'hist_index': [760, 1540, 2732, 3080, 3765, 6665, 6621, 1100, 5083, 6818, 6762, 4829, 348, 2715, 7328, 3486, 3856, 3409, 867, 5590], 'rating': 4, 'text': [12, 463, 15, 8, 277, 7, 4, 4428, 165, 2819, 16, 513, 249, 2338], 'feature': 15}, 
{'user': 34, 'user_index': 34, 'item': 1452, 'item_index': 4578, 'hist_index': [1540, 2732, 3080, 3765, 6665, 6621, 1100, 5083, 6818, 6762, 4829, 348, 2715, 7328, 3486, 3856, 3409, 867, 5590, 5340], 'rating': 2, 'text': [4, 56, 8, 753], 'feature': 56}, 
{'user': 34, 'user_index': 34, 'item': 1453, 'item_index': 2667, 'hist_index': [2732, 3080, 3765, 6665, 6621, 1100, 5083, 6818, 6762, 4829, 348, 2715, 7328, 3486, 3856, 3409, 867, 5590, 5340, 4578], 'rating': 5, 'text': [44, 8, 2070, 3027, 10, 37, 17035, 9, 239, 4, 310, 60, 4, 3, 287, 10, 4, 146], 'feature': 310}]
