-----------------------------------ARGUMENTS------------------------------------
model_name                               pepler
dataset                                  amazon-toys
fold                                     0
cuda                                     True
test                                     False
no_generate                              False
seed                                     1111
no_train                                 False
log_file                                 ./Log/SEQ-FMLP_PETER.log
------------------------------------CONFIGS-------------------------------------
emsize                                   512
nhead                                    2
nhid                                     2048
nlayers                                  2
dropout                                  0.2
lr                                       0.001
pre_train                                GPT2
optimizer                                AdamW
scheduler                                steplr
warmup_epoch                             2
clip_norm                                1.0
epochs                                   100
batch_size                               128
load_direct                              True
continue_train                           True
log_interval                             4
vocab_size                               20000
text_len                                 15
endure_times                             5
rating_reg                               0.0
context_reg                              0.0
text_reg                                 1.0
item_reg                                 0
hist_len                                 0
user_len                                 1
item_len                                 1
use_feature                              False
seq_mode                                 0
peter_mask                               False
seq_prediction                           True
context_prediction                       False
rating_prediction                        False
nextitem_prediction                      False
-----------------------------------ARGUMENTS------------------------------------
[2023-01-15 13:13:40]: [GPU 0] World_Size(Num GPUs): 4
[2023-01-15 13:13:40]: [GPU 0] Loading data Fold ./Data/Amazon/ToysAndGames/0
[2023-01-15 13:13:40]: [GPU 0] Init Start
[2023-01-15 13:13:40]: [GPU 0] Init End
[2023-01-15 13:13:40]: [GPU 0] Load Start
[2023-01-15 13:13:41]: [GPU 0] train len:98925
[2023-01-15 13:13:41]: [GPU 0] Load End
[2023-01-15 13:13:42]: [GPU 0] t=<class 'list'>
[2023-01-15 13:14:32]: [GPU 0] t=<class 'list'>
[2023-01-15 13:14:35]: [GPU 0] t=<class 'list'>
[2023-01-15 13:14:38]: [GPU 0] text_reg:1.0, context_reg:0.0, rating_reg:0.0, item_reg:0
[2023-01-15 13:14:38]: [GPU 0] Device cuda
[2023-01-15 13:14:38]: [GPU 0] Loading data helper
[2023-01-15 13:14:38]: [GPU 0] Use Feature: False | src_len: 2
[2023-01-15 13:14:38]: [GPU 0] Building model PEPLER on device cuda
-----------------------------------ARGUMENTS------------------------------------
model_name                               pepler
dataset                                  amazon-toys
fold                                     0
cuda                                     True
test                                     False
no_generate                              False
seed                                     1111
no_train                                 False
log_file                                 ./Log/SEQ-FMLP_PETER.log
------------------------------------CONFIGS-------------------------------------
emsize                                   512
nhead                                    2
nhid                                     2048
nlayers                                  2
dropout                                  0.2
lr                                       0.001
pre_train                                GPT2
optimizer                                AdamW
scheduler                                steplr
warmup_epoch                             2
clip_norm                                1.0
epochs                                   100
batch_size                               128
load_direct                              True
continue_train                           True
log_interval                             4
vocab_size                               20000
text_len                                 15
endure_times                             5
rating_reg                               0.0
context_reg                              0.0
text_reg                                 1.0
item_reg                                 0
hist_len                                 0
user_len                                 1
item_len                                 1
use_feature                              False
seq_mode                                 0
peter_mask                               False
seq_prediction                           True
context_prediction                       False
rating_prediction                        False
nextitem_prediction                      False
-----------------------------------ARGUMENTS------------------------------------
[2023-01-15 13:14:45]: [GPU 0] World_Size(Num GPUs): 4
