Namespace(adam_beta1=0.9, adam_beta2=0.999, attention_probs_dropout_prob=0.5, batch_size=512, cuda_condition=True, data_dir='./FMLP/data/', data_file='./FMLP/data/Movie_and_TV_GT5.pickle', data_name='Movie_and_TV_GT5', do_eval=False, epochs=200, full_sort=False, gpu_id='0', hidden_act='gelu', hidden_dropout_prob=0.5, hidden_size=64, initializer_range=0.02, item_size=7361, load_model=None, log_file='./FMLP/output/FMLPRec-Movie_and_TV_GT5-Dec-06-2022_04-29-08.txt', log_freq=1, lr=0.001, max_seq_length=50, model_name='FMLPRec', no_cuda=False, no_filters=False, num_attention_heads=2, num_hidden_layers=4, output_dir='./FMLP/output/', patience=10, seed=42, variance=5, weight_decay=0.0)
Total Parameters: 621120
{'epoch': 0, 'rec_loss': '1.2358'}
{'Epoch': 0, 'HIT@1': '0.1254', 'NDCG@1': '0.1254', 'HIT@5': '0.3557', 'NDCG@5': '0.2429', 'HIT@10': '0.5013', 'NDCG@10': '0.2899', 'MRR': '0.2457'}
Validation score increased.  Saving model ...
{'epoch': 1, 'rec_loss': '0.9962'}
{'Epoch': 1, 'HIT@1': '0.1976', 'NDCG@1': '0.1976', 'HIT@5': '0.4849', 'NDCG@5': '0.3460', 'HIT@10': '0.6395', 'NDCG@10': '0.3960', 'MRR': '0.3379'}
Validation score increased.  Saving model ...
{'epoch': 2, 'rec_loss': '0.8871'}
{'Epoch': 2, 'HIT@1': '0.2255', 'NDCG@1': '0.2255', 'HIT@5': '0.5312', 'NDCG@5': '0.3842', 'HIT@10': '0.6840', 'NDCG@10': '0.4336', 'MRR': '0.3717'}
Validation score increased.  Saving model ...
{'epoch': 3, 'rec_loss': '0.8389'}
{'Epoch': 3, 'HIT@1': '0.2458', 'NDCG@1': '0.2458', 'HIT@5': '0.5594', 'NDCG@5': '0.4089', 'HIT@10': '0.7122', 'NDCG@10': '0.4584', 'MRR': '0.3943'}
Validation score increased.  Saving model ...
{'epoch': 4, 'rec_loss': '0.8068'}
{'Epoch': 4, 'HIT@1': '0.2563', 'NDCG@1': '0.2563', 'HIT@5': '0.5772', 'NDCG@5': '0.4234', 'HIT@10': '0.7316', 'NDCG@10': '0.4734', 'MRR': '0.4073'}
Validation score increased.  Saving model ...
{'epoch': 5, 'rec_loss': '0.7854'}
{'Epoch': 5, 'HIT@1': '0.2658', 'NDCG@1': '0.2658', 'HIT@5': '0.5891', 'NDCG@5': '0.4343', 'HIT@10': '0.7448', 'NDCG@10': '0.4846', 'MRR': '0.4176'}
Validation score increased.  Saving model ...
{'epoch': 6, 'rec_loss': '0.7689'}
{'Epoch': 6, 'HIT@1': '0.2708', 'NDCG@1': '0.2708', 'HIT@5': '0.5985', 'NDCG@5': '0.4418', 'HIT@10': '0.7548', 'NDCG@10': '0.4924', 'MRR': '0.4243'}
Validation score increased.  Saving model ...
{'epoch': 7, 'rec_loss': '0.7556'}
{'Epoch': 7, 'HIT@1': '0.2761', 'NDCG@1': '0.2761', 'HIT@5': '0.6072', 'NDCG@5': '0.4488', 'HIT@10': '0.7645', 'NDCG@10': '0.4997', 'MRR': '0.4305'}
Validation score increased.  Saving model ...
{'epoch': 8, 'rec_loss': '0.7434'}
{'Epoch': 8, 'HIT@1': '0.2777', 'NDCG@1': '0.2777', 'HIT@5': '0.6137', 'NDCG@5': '0.4529', 'HIT@10': '0.7721', 'NDCG@10': '0.5042', 'MRR': '0.4338'}
Validation score increased.  Saving model ...
{'epoch': 9, 'rec_loss': '0.7336'}
{'Epoch': 9, 'HIT@1': '0.2815', 'NDCG@1': '0.2815', 'HIT@5': '0.6197', 'NDCG@5': '0.4579', 'HIT@10': '0.7789', 'NDCG@10': '0.5095', 'MRR': '0.4383'}
Validation score increased.  Saving model ...
{'epoch': 10, 'rec_loss': '0.7253'}
{'Epoch': 10, 'HIT@1': '0.2852', 'NDCG@1': '0.2852', 'HIT@5': '0.6282', 'NDCG@5': '0.4642', 'HIT@10': '0.7882', 'NDCG@10': '0.5161', 'MRR': '0.4436'}
Validation score increased.  Saving model ...
{'epoch': 11, 'rec_loss': '0.7178'}
{'Epoch': 11, 'HIT@1': '0.2862', 'NDCG@1': '0.2862', 'HIT@5': '0.6311', 'NDCG@5': '0.4660', 'HIT@10': '0.7913', 'NDCG@10': '0.5179', 'MRR': '0.4450'}
Validation score increased.  Saving model ...
{'epoch': 12, 'rec_loss': '0.7102'}
{'Epoch': 12, 'HIT@1': '0.2893', 'NDCG@1': '0.2893', 'HIT@5': '0.6368', 'NDCG@5': '0.4706', 'HIT@10': '0.7978', 'NDCG@10': '0.5228', 'MRR': '0.4491'}
Validation score increased.  Saving model ...
{'epoch': 13, 'rec_loss': '0.7045'}
{'Epoch': 13, 'HIT@1': '0.2920', 'NDCG@1': '0.2920', 'HIT@5': '0.6414', 'NDCG@5': '0.4741', 'HIT@10': '0.8034', 'NDCG@10': '0.5266', 'MRR': '0.4521'}
Validation score increased.  Saving model ...
{'epoch': 14, 'rec_loss': '0.6978'}
{'Epoch': 14, 'HIT@1': '0.2921', 'NDCG@1': '0.2921', 'HIT@5': '0.6450', 'NDCG@5': '0.4761', 'HIT@10': '0.8080', 'NDCG@10': '0.5290', 'MRR': '0.4536'}
Validation score increased.  Saving model ...
{'epoch': 15, 'rec_loss': '0.6932'}
{'Epoch': 15, 'HIT@1': '0.2935', 'NDCG@1': '0.2935', 'HIT@5': '0.6470', 'NDCG@5': '0.4779', 'HIT@10': '0.8104', 'NDCG@10': '0.5309', 'MRR': '0.4553'}
Validation score increased.  Saving model ...
{'epoch': 16, 'rec_loss': '0.6884'}
{'Epoch': 16, 'HIT@1': '0.2977', 'NDCG@1': '0.2977', 'HIT@5': '0.6536', 'NDCG@5': '0.4833', 'HIT@10': '0.8180', 'NDCG@10': '0.5366', 'MRR': '0.4601'}
Validation score increased.  Saving model ...
{'epoch': 17, 'rec_loss': '0.6831'}
{'Epoch': 17, 'HIT@1': '0.2972', 'NDCG@1': '0.2972', 'HIT@5': '0.6553', 'NDCG@5': '0.4840', 'HIT@10': '0.8196', 'NDCG@10': '0.5373', 'MRR': '0.4604'}
Validation score increased.  Saving model ...
{'epoch': 18, 'rec_loss': '0.6796'}
{'Epoch': 18, 'HIT@1': '0.2984', 'NDCG@1': '0.2984', 'HIT@5': '0.6579', 'NDCG@5': '0.4860', 'HIT@10': '0.8232', 'NDCG@10': '0.5396', 'MRR': '0.4622'}
Validation score increased.  Saving model ...
{'epoch': 19, 'rec_loss': '0.6761'}
{'Epoch': 19, 'HIT@1': '0.3002', 'NDCG@1': '0.3002', 'HIT@5': '0.6634', 'NDCG@5': '0.4897', 'HIT@10': '0.8283', 'NDCG@10': '0.5432', 'MRR': '0.4650'}
Validation score increased.  Saving model ...
{'epoch': 20, 'rec_loss': '0.6708'}
{'Epoch': 20, 'HIT@1': '0.2999', 'NDCG@1': '0.2999', 'HIT@5': '0.6640', 'NDCG@5': '0.4899', 'HIT@10': '0.8290', 'NDCG@10': '0.5435', 'MRR': '0.4651'}
Validation score increased.  Saving model ...
{'epoch': 21, 'rec_loss': '0.6681'}
{'Epoch': 21, 'HIT@1': '0.3014', 'NDCG@1': '0.3014', 'HIT@5': '0.6658', 'NDCG@5': '0.4916', 'HIT@10': '0.8317', 'NDCG@10': '0.5454', 'MRR': '0.4667'}
Validation score increased.  Saving model ...
{'epoch': 22, 'rec_loss': '0.6647'}
{'Epoch': 22, 'HIT@1': '0.3020', 'NDCG@1': '0.3020', 'HIT@5': '0.6694', 'NDCG@5': '0.4937', 'HIT@10': '0.8348', 'NDCG@10': '0.5474', 'MRR': '0.4682'}
Validation score increased.  Saving model ...
{'epoch': 23, 'rec_loss': '0.6618'}
{'Epoch': 23, 'HIT@1': '0.3035', 'NDCG@1': '0.3035', 'HIT@5': '0.6738', 'NDCG@5': '0.4966', 'HIT@10': '0.8399', 'NDCG@10': '0.5506', 'MRR': '0.4705'}
Validation score increased.  Saving model ...
{'epoch': 24, 'rec_loss': '0.6597'}
{'Epoch': 24, 'HIT@1': '0.3023', 'NDCG@1': '0.3023', 'HIT@5': '0.6716', 'NDCG@5': '0.4949', 'HIT@10': '0.8378', 'NDCG@10': '0.5488', 'MRR': '0.4689'}
EarlyStopping counter: 1 out of 10
{'epoch': 25, 'rec_loss': '0.6569'}
{'Epoch': 25, 'HIT@1': '0.3045', 'NDCG@1': '0.3045', 'HIT@5': '0.6742', 'NDCG@5': '0.4973', 'HIT@10': '0.8409', 'NDCG@10': '0.5514', 'MRR': '0.4712'}
Validation score increased.  Saving model ...
{'epoch': 26, 'rec_loss': '0.6550'}
{'Epoch': 26, 'HIT@1': '0.3029', 'NDCG@1': '0.3029', 'HIT@5': '0.6760', 'NDCG@5': '0.4975', 'HIT@10': '0.8431', 'NDCG@10': '0.5517', 'MRR': '0.4708'}
EarlyStopping counter: 1 out of 10
{'epoch': 27, 'rec_loss': '0.6527'}
{'Epoch': 27, 'HIT@1': '0.3044', 'NDCG@1': '0.3044', 'HIT@5': '0.6785', 'NDCG@5': '0.4997', 'HIT@10': '0.8451', 'NDCG@10': '0.5538', 'MRR': '0.4727'}
Validation score increased.  Saving model ...
{'epoch': 28, 'rec_loss': '0.6500'}
{'Epoch': 28, 'HIT@1': '0.3066', 'NDCG@1': '0.3066', 'HIT@5': '0.6802', 'NDCG@5': '0.5016', 'HIT@10': '0.8475', 'NDCG@10': '0.5559', 'MRR': '0.4747'}
Validation score increased.  Saving model ...
{'epoch': 29, 'rec_loss': '0.6487'}
{'Epoch': 29, 'HIT@1': '0.3065', 'NDCG@1': '0.3065', 'HIT@5': '0.6817', 'NDCG@5': '0.5023', 'HIT@10': '0.8481', 'NDCG@10': '0.5563', 'MRR': '0.4749'}
Validation score increased.  Saving model ...
{'epoch': 30, 'rec_loss': '0.6457'}
{'Epoch': 30, 'HIT@1': '0.3061', 'NDCG@1': '0.3061', 'HIT@5': '0.6827', 'NDCG@5': '0.5025', 'HIT@10': '0.8494', 'NDCG@10': '0.5566', 'MRR': '0.4750'}
Validation score increased.  Saving model ...
{'epoch': 31, 'rec_loss': '0.6432'}
{'Epoch': 31, 'HIT@1': '0.3089', 'NDCG@1': '0.3089', 'HIT@5': '0.6857', 'NDCG@5': '0.5054', 'HIT@10': '0.8521', 'NDCG@10': '0.5594', 'MRR': '0.4776'}
Validation score increased.  Saving model ...
{'epoch': 32, 'rec_loss': '0.6422'}
{'Epoch': 32, 'HIT@1': '0.3084', 'NDCG@1': '0.3084', 'HIT@5': '0.6849', 'NDCG@5': '0.5049', 'HIT@10': '0.8525', 'NDCG@10': '0.5593', 'MRR': '0.4773'}
EarlyStopping counter: 1 out of 10
{'epoch': 33, 'rec_loss': '0.6399'}
{'Epoch': 33, 'HIT@1': '0.3090', 'NDCG@1': '0.3090', 'HIT@5': '0.6868', 'NDCG@5': '0.5060', 'HIT@10': '0.8530', 'NDCG@10': '0.5600', 'MRR': '0.4780'}
Validation score increased.  Saving model ...
{'epoch': 34, 'rec_loss': '0.6387'}
{'Epoch': 34, 'HIT@1': '0.3086', 'NDCG@1': '0.3086', 'HIT@5': '0.6877', 'NDCG@5': '0.5065', 'HIT@10': '0.8544', 'NDCG@10': '0.5606', 'MRR': '0.4783'}
Validation score increased.  Saving model ...
{'epoch': 35, 'rec_loss': '0.6369'}
{'Epoch': 35, 'HIT@1': '0.3085', 'NDCG@1': '0.3085', 'HIT@5': '0.6890', 'NDCG@5': '0.5071', 'HIT@10': '0.8547', 'NDCG@10': '0.5610', 'MRR': '0.4786'}
Validation score increased.  Saving model ...
{'epoch': 36, 'rec_loss': '0.6354'}
{'Epoch': 36, 'HIT@1': '0.3087', 'NDCG@1': '0.3087', 'HIT@5': '0.6886', 'NDCG@5': '0.5068', 'HIT@10': '0.8548', 'NDCG@10': '0.5608', 'MRR': '0.4784'}
EarlyStopping counter: 1 out of 10
{'epoch': 37, 'rec_loss': '0.6339'}
{'Epoch': 37, 'HIT@1': '0.3071', 'NDCG@1': '0.3071', 'HIT@5': '0.6891', 'NDCG@5': '0.5065', 'HIT@10': '0.8559', 'NDCG@10': '0.5607', 'MRR': '0.4778'}
EarlyStopping counter: 2 out of 10
{'epoch': 38, 'rec_loss': '0.6327'}
{'Epoch': 38, 'HIT@1': '0.3089', 'NDCG@1': '0.3089', 'HIT@5': '0.6920', 'NDCG@5': '0.5089', 'HIT@10': '0.8585', 'NDCG@10': '0.5630', 'MRR': '0.4799'}
Validation score increased.  Saving model ...
{'epoch': 39, 'rec_loss': '0.6317'}
{'Epoch': 39, 'HIT@1': '0.3100', 'NDCG@1': '0.3100', 'HIT@5': '0.6923', 'NDCG@5': '0.5094', 'HIT@10': '0.8579', 'NDCG@10': '0.5633', 'MRR': '0.4805'}
Validation score increased.  Saving model ...
{'epoch': 40, 'rec_loss': '0.6300'}
{'Epoch': 40, 'HIT@1': '0.3103', 'NDCG@1': '0.3103', 'HIT@5': '0.6944', 'NDCG@5': '0.5106', 'HIT@10': '0.8603', 'NDCG@10': '0.5645', 'MRR': '0.4812'}
Validation score increased.  Saving model ...
{'epoch': 41, 'rec_loss': '0.6286'}
{'Epoch': 41, 'HIT@1': '0.3088', 'NDCG@1': '0.3088', 'HIT@5': '0.6928', 'NDCG@5': '0.5092', 'HIT@10': '0.8588', 'NDCG@10': '0.5632', 'MRR': '0.4800'}
EarlyStopping counter: 1 out of 10
{'epoch': 42, 'rec_loss': '0.6269'}
{'Epoch': 42, 'HIT@1': '0.3110', 'NDCG@1': '0.3110', 'HIT@5': '0.6950', 'NDCG@5': '0.5114', 'HIT@10': '0.8612', 'NDCG@10': '0.5654', 'MRR': '0.4820'}
Validation score increased.  Saving model ...
{'epoch': 43, 'rec_loss': '0.6255'}
{'Epoch': 43, 'HIT@1': '0.3107', 'NDCG@1': '0.3107', 'HIT@5': '0.6961', 'NDCG@5': '0.5118', 'HIT@10': '0.8622', 'NDCG@10': '0.5658', 'MRR': '0.4822'}
Validation score increased.  Saving model ...
{'epoch': 44, 'rec_loss': '0.6249'}
{'Epoch': 44, 'HIT@1': '0.3100', 'NDCG@1': '0.3100', 'HIT@5': '0.6960', 'NDCG@5': '0.5113', 'HIT@10': '0.8617', 'NDCG@10': '0.5652', 'MRR': '0.4816'}
EarlyStopping counter: 1 out of 10
{'epoch': 45, 'rec_loss': '0.6240'}
{'Epoch': 45, 'HIT@1': '0.3106', 'NDCG@1': '0.3106', 'HIT@5': '0.6954', 'NDCG@5': '0.5113', 'HIT@10': '0.8613', 'NDCG@10': '0.5652', 'MRR': '0.4817'}
EarlyStopping counter: 2 out of 10
{'epoch': 46, 'rec_loss': '0.6233'}
{'Epoch': 46, 'HIT@1': '0.3099', 'NDCG@1': '0.3099', 'HIT@5': '0.6962', 'NDCG@5': '0.5115', 'HIT@10': '0.8630', 'NDCG@10': '0.5657', 'MRR': '0.4818'}
EarlyStopping counter: 3 out of 10
{'epoch': 47, 'rec_loss': '0.6218'}
{'Epoch': 47, 'HIT@1': '0.3116', 'NDCG@1': '0.3116', 'HIT@5': '0.6985', 'NDCG@5': '0.5136', 'HIT@10': '0.8645', 'NDCG@10': '0.5675', 'MRR': '0.4836'}
Validation score increased.  Saving model ...
{'epoch': 48, 'rec_loss': '0.6200'}
{'Epoch': 48, 'HIT@1': '0.3106', 'NDCG@1': '0.3106', 'HIT@5': '0.6966', 'NDCG@5': '0.5122', 'HIT@10': '0.8631', 'NDCG@10': '0.5663', 'MRR': '0.4825'}
EarlyStopping counter: 1 out of 10
{'epoch': 49, 'rec_loss': '0.6197'}
{'Epoch': 49, 'HIT@1': '0.3099', 'NDCG@1': '0.3099', 'HIT@5': '0.6943', 'NDCG@5': '0.5105', 'HIT@10': '0.8605', 'NDCG@10': '0.5645', 'MRR': '0.4811'}
EarlyStopping counter: 2 out of 10
{'epoch': 50, 'rec_loss': '0.6190'}
{'Epoch': 50, 'HIT@1': '0.3123', 'NDCG@1': '0.3123', 'HIT@5': '0.7020', 'NDCG@5': '0.5157', 'HIT@10': '0.8678', 'NDCG@10': '0.5696', 'MRR': '0.4851'}
Validation score increased.  Saving model ...
{'epoch': 51, 'rec_loss': '0.6187'}
{'Epoch': 51, 'HIT@1': '0.3122', 'NDCG@1': '0.3122', 'HIT@5': '0.6998', 'NDCG@5': '0.5145', 'HIT@10': '0.8651', 'NDCG@10': '0.5683', 'MRR': '0.4843'}
EarlyStopping counter: 1 out of 10
{'epoch': 52, 'rec_loss': '0.6175'}
{'Epoch': 52, 'HIT@1': '0.3117', 'NDCG@1': '0.3117', 'HIT@5': '0.6999', 'NDCG@5': '0.5143', 'HIT@10': '0.8664', 'NDCG@10': '0.5684', 'MRR': '0.4840'}
EarlyStopping counter: 2 out of 10
{'epoch': 53, 'rec_loss': '0.6168'}
{'Epoch': 53, 'HIT@1': '0.3122', 'NDCG@1': '0.3122', 'HIT@5': '0.7001', 'NDCG@5': '0.5145', 'HIT@10': '0.8661', 'NDCG@10': '0.5685', 'MRR': '0.4843'}
EarlyStopping counter: 3 out of 10
{'epoch': 54, 'rec_loss': '0.6156'}
{'Epoch': 54, 'HIT@1': '0.3131', 'NDCG@1': '0.3131', 'HIT@5': '0.7047', 'NDCG@5': '0.5173', 'HIT@10': '0.8709', 'NDCG@10': '0.5713', 'MRR': '0.4863'}
Validation score increased.  Saving model ...
{'epoch': 55, 'rec_loss': '0.6145'}
{'Epoch': 55, 'HIT@1': '0.3090', 'NDCG@1': '0.3090', 'HIT@5': '0.6971', 'NDCG@5': '0.5116', 'HIT@10': '0.8638', 'NDCG@10': '0.5657', 'MRR': '0.4815'}
EarlyStopping counter: 1 out of 10
{'epoch': 56, 'rec_loss': '0.6139'}
{'Epoch': 56, 'HIT@1': '0.3122', 'NDCG@1': '0.3122', 'HIT@5': '0.7021', 'NDCG@5': '0.5156', 'HIT@10': '0.8692', 'NDCG@10': '0.5699', 'MRR': '0.4850'}
EarlyStopping counter: 2 out of 10
{'epoch': 57, 'rec_loss': '0.6130'}
{'Epoch': 57, 'HIT@1': '0.3086', 'NDCG@1': '0.3086', 'HIT@5': '0.6979', 'NDCG@5': '0.5117', 'HIT@10': '0.8648', 'NDCG@10': '0.5659', 'MRR': '0.4814'}
EarlyStopping counter: 3 out of 10
{'epoch': 58, 'rec_loss': '0.6132'}
{'Epoch': 58, 'HIT@1': '0.3111', 'NDCG@1': '0.3111', 'HIT@5': '0.6996', 'NDCG@5': '0.5138', 'HIT@10': '0.8670', 'NDCG@10': '0.5682', 'MRR': '0.4836'}
EarlyStopping counter: 4 out of 10
{'epoch': 59, 'rec_loss': '0.6123'}
{'Epoch': 59, 'HIT@1': '0.3104', 'NDCG@1': '0.3104', 'HIT@5': '0.7004', 'NDCG@5': '0.5141', 'HIT@10': '0.8673', 'NDCG@10': '0.5683', 'MRR': '0.4836'}
EarlyStopping counter: 5 out of 10
{'epoch': 60, 'rec_loss': '0.6112'}
{'Epoch': 60, 'HIT@1': '0.3097', 'NDCG@1': '0.3097', 'HIT@5': '0.7011', 'NDCG@5': '0.5140', 'HIT@10': '0.8672', 'NDCG@10': '0.5680', 'MRR': '0.4831'}
EarlyStopping counter: 6 out of 10
{'epoch': 61, 'rec_loss': '0.6102'}
{'Epoch': 61, 'HIT@1': '0.3107', 'NDCG@1': '0.3107', 'HIT@5': '0.7006', 'NDCG@5': '0.5142', 'HIT@10': '0.8671', 'NDCG@10': '0.5684', 'MRR': '0.4837'}
EarlyStopping counter: 7 out of 10
{'epoch': 62, 'rec_loss': '0.6099'}
{'Epoch': 62, 'HIT@1': '0.3122', 'NDCG@1': '0.3122', 'HIT@5': '0.7034', 'NDCG@5': '0.5164', 'HIT@10': '0.8701', 'NDCG@10': '0.5707', 'MRR': '0.4856'}
EarlyStopping counter: 8 out of 10
{'epoch': 63, 'rec_loss': '0.6084'}
{'Epoch': 63, 'HIT@1': '0.3115', 'NDCG@1': '0.3115', 'HIT@5': '0.7024', 'NDCG@5': '0.5155', 'HIT@10': '0.8695', 'NDCG@10': '0.5698', 'MRR': '0.4847'}
EarlyStopping counter: 9 out of 10
{'epoch': 64, 'rec_loss': '0.6090'}
{'Epoch': 64, 'HIT@1': '0.3121', 'NDCG@1': '0.3121', 'HIT@5': '0.7041', 'NDCG@5': '0.5167', 'HIT@10': '0.8707', 'NDCG@10': '0.5708', 'MRR': '0.4856'}
EarlyStopping counter: 10 out of 10
Early stopping
---------------Sample 99 results---------------
{'Epoch': 0, 'HIT@1': '0.3107', 'NDCG@1': '0.3107', 'HIT@5': '0.6997', 'NDCG@5': '0.5138', 'HIT@10': '0.8663', 'NDCG@10': '0.5680', 'MRR': '0.4834'}
FMLPRec-Movie_and_TV_GT5-Dec-06-2022_04-29-08
{'Epoch': 0, 'HIT@1': '0.3107', 'NDCG@1': '0.3107', 'HIT@5': '0.6997', 'NDCG@5': '0.5138', 'HIT@10': '0.8663', 'NDCG@10': '0.5680', 'MRR': '0.4834'}
