Namespace(adam_beta1=0.9, adam_beta2=0.999, attention_probs_dropout_prob=0.5, batch_size=512, cuda_condition=True, data_dir='./FMLP/data/', data_file='./FMLP/data/Movie_and_TV_GT5.pickle', data_name='Movie_and_TV_GT5', do_eval=False, epochs=200, full_sort=False, gpu_id='0', hidden_act='gelu', hidden_dropout_prob=0.5, hidden_size=64, initializer_range=0.02, item_size=7361, load_model=None, log_file='./FMLP/output/FMLPRec-Movie_and_TV_GT5-Dec-02-2022_04-13-48.txt', log_freq=1, lr=0.001, max_seq_length=50, model_name='FMLPRec', no_cuda=False, no_filters=False, num_attention_heads=2, num_hidden_layers=4, output_dir='./FMLP/output/', patience=10, seed=42, variance=5, weight_decay=0.0)
Total Parameters: 621120
{'epoch': 0, 'rec_loss': '1.2731'}
{'Epoch': 0, 'HIT@1': '0.0891', 'NDCG@1': '0.0891', 'HIT@5': '0.2796', 'NDCG@5': '0.1854', 'HIT@10': '0.4196', 'NDCG@10': '0.2305', 'MRR': '0.1954'}
Validation score increased.  Saving model ...
{'epoch': 1, 'rec_loss': '1.0834'}
{'Epoch': 1, 'HIT@1': '0.1552', 'NDCG@1': '0.1552', 'HIT@5': '0.4204', 'NDCG@5': '0.2909', 'HIT@10': '0.5747', 'NDCG@10': '0.3408', 'MRR': '0.2879'}
Validation score increased.  Saving model ...
{'epoch': 2, 'rec_loss': '0.9515'}
{'Epoch': 2, 'HIT@1': '0.1908', 'NDCG@1': '0.1908', 'HIT@5': '0.4827', 'NDCG@5': '0.3413', 'HIT@10': '0.6404', 'NDCG@10': '0.3924', 'MRR': '0.3329'}
Validation score increased.  Saving model ...
{'epoch': 3, 'rec_loss': '0.8880'}
{'Epoch': 3, 'HIT@1': '0.2063', 'NDCG@1': '0.2063', 'HIT@5': '0.5093', 'NDCG@5': '0.3630', 'HIT@10': '0.6668', 'NDCG@10': '0.4139', 'MRR': '0.3521'}
Validation score increased.  Saving model ...
{'epoch': 4, 'rec_loss': '0.8534'}
{'Epoch': 4, 'HIT@1': '0.2219', 'NDCG@1': '0.2219', 'HIT@5': '0.5334', 'NDCG@5': '0.3834', 'HIT@10': '0.6902', 'NDCG@10': '0.4342', 'MRR': '0.3704'}
Validation score increased.  Saving model ...
{'epoch': 5, 'rec_loss': '0.8253'}
{'Epoch': 5, 'HIT@1': '0.2295', 'NDCG@1': '0.2295', 'HIT@5': '0.5454', 'NDCG@5': '0.3932', 'HIT@10': '0.7028', 'NDCG@10': '0.4442', 'MRR': '0.3793'}
Validation score increased.  Saving model ...
{'epoch': 6, 'rec_loss': '0.8053'}
{'Epoch': 6, 'HIT@1': '0.2400', 'NDCG@1': '0.2400', 'HIT@5': '0.5599', 'NDCG@5': '0.4062', 'HIT@10': '0.7166', 'NDCG@10': '0.4569', 'MRR': '0.3911'}
Validation score increased.  Saving model ...
{'epoch': 7, 'rec_loss': '0.7897'}
{'Epoch': 7, 'HIT@1': '0.2476', 'NDCG@1': '0.2476', 'HIT@5': '0.5700', 'NDCG@5': '0.4154', 'HIT@10': '0.7258', 'NDCG@10': '0.4658', 'MRR': '0.3995'}
Validation score increased.  Saving model ...
{'epoch': 8, 'rec_loss': '0.7751'}
{'Epoch': 8, 'HIT@1': '0.2501', 'NDCG@1': '0.2501', 'HIT@5': '0.5768', 'NDCG@5': '0.4201', 'HIT@10': '0.7341', 'NDCG@10': '0.4710', 'MRR': '0.4035'}
Validation score increased.  Saving model ...
{'epoch': 9, 'rec_loss': '0.7661'}
{'Epoch': 9, 'HIT@1': '0.2538', 'NDCG@1': '0.2538', 'HIT@5': '0.5845', 'NDCG@5': '0.4260', 'HIT@10': '0.7427', 'NDCG@10': '0.4772', 'MRR': '0.4086'}
Validation score increased.  Saving model ...
{'epoch': 10, 'rec_loss': '0.7544'}
{'Epoch': 10, 'HIT@1': '0.2586', 'NDCG@1': '0.2586', 'HIT@5': '0.5923', 'NDCG@5': '0.4323', 'HIT@10': '0.7499', 'NDCG@10': '0.4833', 'MRR': '0.4141'}
Validation score increased.  Saving model ...
{'epoch': 11, 'rec_loss': '0.7455'}
{'Epoch': 11, 'HIT@1': '0.2611', 'NDCG@1': '0.2611', 'HIT@5': '0.5952', 'NDCG@5': '0.4351', 'HIT@10': '0.7540', 'NDCG@10': '0.4866', 'MRR': '0.4170'}
Validation score increased.  Saving model ...
{'epoch': 12, 'rec_loss': '0.7393'}
{'Epoch': 12, 'HIT@1': '0.2635', 'NDCG@1': '0.2635', 'HIT@5': '0.5990', 'NDCG@5': '0.4382', 'HIT@10': '0.7584', 'NDCG@10': '0.4898', 'MRR': '0.4198'}
Validation score increased.  Saving model ...
{'epoch': 13, 'rec_loss': '0.7316'}
{'Epoch': 13, 'HIT@1': '0.2665', 'NDCG@1': '0.2665', 'HIT@5': '0.6056', 'NDCG@5': '0.4431', 'HIT@10': '0.7662', 'NDCG@10': '0.4951', 'MRR': '0.4239'}
Validation score increased.  Saving model ...
{'epoch': 14, 'rec_loss': '0.7229'}
{'Epoch': 14, 'HIT@1': '0.2665', 'NDCG@1': '0.2665', 'HIT@5': '0.6072', 'NDCG@5': '0.4439', 'HIT@10': '0.7685', 'NDCG@10': '0.4962', 'MRR': '0.4246'}
Validation score increased.  Saving model ...
{'epoch': 15, 'rec_loss': '0.7176'}
{'Epoch': 15, 'HIT@1': '0.2712', 'NDCG@1': '0.2712', 'HIT@5': '0.6135', 'NDCG@5': '0.4496', 'HIT@10': '0.7750', 'NDCG@10': '0.5019', 'MRR': '0.4298'}
Validation score increased.  Saving model ...
{'epoch': 16, 'rec_loss': '0.7125'}
{'Epoch': 16, 'HIT@1': '0.2750', 'NDCG@1': '0.2750', 'HIT@5': '0.6207', 'NDCG@5': '0.4551', 'HIT@10': '0.7827', 'NDCG@10': '0.5076', 'MRR': '0.4346'}
Validation score increased.  Saving model ...
{'epoch': 17, 'rec_loss': '0.7073'}
{'Epoch': 17, 'HIT@1': '0.2747', 'NDCG@1': '0.2747', 'HIT@5': '0.6213', 'NDCG@5': '0.4554', 'HIT@10': '0.7835', 'NDCG@10': '0.5080', 'MRR': '0.4348'}
Validation score increased.  Saving model ...
{'epoch': 18, 'rec_loss': '0.7027'}
{'Epoch': 18, 'HIT@1': '0.2754', 'NDCG@1': '0.2754', 'HIT@5': '0.6237', 'NDCG@5': '0.4569', 'HIT@10': '0.7861', 'NDCG@10': '0.5095', 'MRR': '0.4359'}
Validation score increased.  Saving model ...
{'epoch': 19, 'rec_loss': '0.6984'}
{'Epoch': 19, 'HIT@1': '0.2767', 'NDCG@1': '0.2767', 'HIT@5': '0.6249', 'NDCG@5': '0.4583', 'HIT@10': '0.7883', 'NDCG@10': '0.5112', 'MRR': '0.4374'}
Validation score increased.  Saving model ...
{'epoch': 20, 'rec_loss': '0.6949'}
{'Epoch': 20, 'HIT@1': '0.2783', 'NDCG@1': '0.2783', 'HIT@5': '0.6299', 'NDCG@5': '0.4614', 'HIT@10': '0.7932', 'NDCG@10': '0.5143', 'MRR': '0.4397'}
Validation score increased.  Saving model ...
{'epoch': 21, 'rec_loss': '0.6896'}
{'Epoch': 21, 'HIT@1': '0.2791', 'NDCG@1': '0.2791', 'HIT@5': '0.6319', 'NDCG@5': '0.4631', 'HIT@10': '0.7959', 'NDCG@10': '0.5162', 'MRR': '0.4412'}
Validation score increased.  Saving model ...
{'epoch': 22, 'rec_loss': '0.6850'}
{'Epoch': 22, 'HIT@1': '0.2804', 'NDCG@1': '0.2804', 'HIT@5': '0.6353', 'NDCG@5': '0.4654', 'HIT@10': '0.7985', 'NDCG@10': '0.5183', 'MRR': '0.4430'}
Validation score increased.  Saving model ...
{'epoch': 23, 'rec_loss': '0.6821'}
{'Epoch': 23, 'HIT@1': '0.2814', 'NDCG@1': '0.2814', 'HIT@5': '0.6372', 'NDCG@5': '0.4668', 'HIT@10': '0.8009', 'NDCG@10': '0.5199', 'MRR': '0.4442'}
Validation score increased.  Saving model ...
{'epoch': 24, 'rec_loss': '0.6801'}
{'Epoch': 24, 'HIT@1': '0.2848', 'NDCG@1': '0.2848', 'HIT@5': '0.6419', 'NDCG@5': '0.4711', 'HIT@10': '0.8061', 'NDCG@10': '0.5243', 'MRR': '0.4482'}
Validation score increased.  Saving model ...
{'epoch': 25, 'rec_loss': '0.6788'}
{'Epoch': 25, 'HIT@1': '0.2841', 'NDCG@1': '0.2841', 'HIT@5': '0.6415', 'NDCG@5': '0.4704', 'HIT@10': '0.8060', 'NDCG@10': '0.5238', 'MRR': '0.4475'}
EarlyStopping counter: 1 out of 10
{'epoch': 26, 'rec_loss': '0.6744'}
{'Epoch': 26, 'HIT@1': '0.2820', 'NDCG@1': '0.2820', 'HIT@5': '0.6422', 'NDCG@5': '0.4698', 'HIT@10': '0.8070', 'NDCG@10': '0.5232', 'MRR': '0.4464'}
EarlyStopping counter: 2 out of 10
{'epoch': 27, 'rec_loss': '0.6721'}
{'Epoch': 27, 'HIT@1': '0.2891', 'NDCG@1': '0.2891', 'HIT@5': '0.6495', 'NDCG@5': '0.4770', 'HIT@10': '0.8130', 'NDCG@10': '0.5300', 'MRR': '0.4531'}
Validation score increased.  Saving model ...
{'epoch': 28, 'rec_loss': '0.6694'}
{'Epoch': 28, 'HIT@1': '0.2865', 'NDCG@1': '0.2865', 'HIT@5': '0.6475', 'NDCG@5': '0.4748', 'HIT@10': '0.8118', 'NDCG@10': '0.5281', 'MRR': '0.4511'}
EarlyStopping counter: 1 out of 10
{'epoch': 29, 'rec_loss': '0.6645'}
{'Epoch': 29, 'HIT@1': '0.2883', 'NDCG@1': '0.2883', 'HIT@5': '0.6506', 'NDCG@5': '0.4771', 'HIT@10': '0.8150', 'NDCG@10': '0.5305', 'MRR': '0.4531'}
EarlyStopping counter: 2 out of 10
{'epoch': 30, 'rec_loss': '0.6630'}
{'Epoch': 30, 'HIT@1': '0.2908', 'NDCG@1': '0.2908', 'HIT@5': '0.6534', 'NDCG@5': '0.4798', 'HIT@10': '0.8174', 'NDCG@10': '0.5330', 'MRR': '0.4555'}
Validation score increased.  Saving model ...
{'epoch': 31, 'rec_loss': '0.6619'}
{'Epoch': 31, 'HIT@1': '0.2890', 'NDCG@1': '0.2890', 'HIT@5': '0.6524', 'NDCG@5': '0.4785', 'HIT@10': '0.8185', 'NDCG@10': '0.5324', 'MRR': '0.4544'}
EarlyStopping counter: 1 out of 10
{'epoch': 32, 'rec_loss': '0.6568'}
{'Epoch': 32, 'HIT@1': '0.2918', 'NDCG@1': '0.2918', 'HIT@5': '0.6556', 'NDCG@5': '0.4814', 'HIT@10': '0.8214', 'NDCG@10': '0.5352', 'MRR': '0.4570'}
Validation score increased.  Saving model ...
{'epoch': 33, 'rec_loss': '0.6558'}
{'Epoch': 33, 'HIT@1': '0.2906', 'NDCG@1': '0.2906', 'HIT@5': '0.6573', 'NDCG@5': '0.4819', 'HIT@10': '0.8241', 'NDCG@10': '0.5360', 'MRR': '0.4570'}
Validation score increased.  Saving model ...
{'epoch': 34, 'rec_loss': '0.6524'}
{'Epoch': 34, 'HIT@1': '0.2918', 'NDCG@1': '0.2918', 'HIT@5': '0.6599', 'NDCG@5': '0.4837', 'HIT@10': '0.8268', 'NDCG@10': '0.5378', 'MRR': '0.4585'}
Validation score increased.  Saving model ...
{'epoch': 35, 'rec_loss': '0.6494'}
{'Epoch': 35, 'HIT@1': '0.2930', 'NDCG@1': '0.2930', 'HIT@5': '0.6616', 'NDCG@5': '0.4853', 'HIT@10': '0.8278', 'NDCG@10': '0.5393', 'MRR': '0.4600'}
Validation score increased.  Saving model ...
{'epoch': 36, 'rec_loss': '0.6504'}
{'Epoch': 36, 'HIT@1': '0.2931', 'NDCG@1': '0.2931', 'HIT@5': '0.6633', 'NDCG@5': '0.4861', 'HIT@10': '0.8302', 'NDCG@10': '0.5402', 'MRR': '0.4604'}
Validation score increased.  Saving model ...
{'epoch': 37, 'rec_loss': '0.6474'}
{'Epoch': 37, 'HIT@1': '0.2926', 'NDCG@1': '0.2926', 'HIT@5': '0.6643', 'NDCG@5': '0.4864', 'HIT@10': '0.8306', 'NDCG@10': '0.5404', 'MRR': '0.4604'}
Validation score increased.  Saving model ...
{'epoch': 38, 'rec_loss': '0.6459'}
{'Epoch': 38, 'HIT@1': '0.2940', 'NDCG@1': '0.2940', 'HIT@5': '0.6626', 'NDCG@5': '0.4861', 'HIT@10': '0.8293', 'NDCG@10': '0.5402', 'MRR': '0.4607'}
Validation score increased.  Saving model ...
{'epoch': 39, 'rec_loss': '0.6419'}
{'Epoch': 39, 'HIT@1': '0.2966', 'NDCG@1': '0.2966', 'HIT@5': '0.6684', 'NDCG@5': '0.4904', 'HIT@10': '0.8357', 'NDCG@10': '0.5447', 'MRR': '0.4643'}
Validation score increased.  Saving model ...
{'epoch': 40, 'rec_loss': '0.6430'}
{'Epoch': 40, 'HIT@1': '0.2940', 'NDCG@1': '0.2940', 'HIT@5': '0.6657', 'NDCG@5': '0.4878', 'HIT@10': '0.8326', 'NDCG@10': '0.5420', 'MRR': '0.4619'}
EarlyStopping counter: 1 out of 10
{'epoch': 41, 'rec_loss': '0.6409'}
{'Epoch': 41, 'HIT@1': '0.2949', 'NDCG@1': '0.2949', 'HIT@5': '0.6686', 'NDCG@5': '0.4897', 'HIT@10': '0.8358', 'NDCG@10': '0.5440', 'MRR': '0.4633'}
EarlyStopping counter: 2 out of 10
{'epoch': 42, 'rec_loss': '0.6403'}
{'Epoch': 42, 'HIT@1': '0.2956', 'NDCG@1': '0.2956', 'HIT@5': '0.6680', 'NDCG@5': '0.4898', 'HIT@10': '0.8347', 'NDCG@10': '0.5440', 'MRR': '0.4636'}
EarlyStopping counter: 3 out of 10
{'epoch': 43, 'rec_loss': '0.6368'}
{'Epoch': 43, 'HIT@1': '0.2950', 'NDCG@1': '0.2950', 'HIT@5': '0.6670', 'NDCG@5': '0.4891', 'HIT@10': '0.8347', 'NDCG@10': '0.5435', 'MRR': '0.4631'}
EarlyStopping counter: 4 out of 10
{'epoch': 44, 'rec_loss': '0.6352'}
{'Epoch': 44, 'HIT@1': '0.2985', 'NDCG@1': '0.2985', 'HIT@5': '0.6720', 'NDCG@5': '0.4932', 'HIT@10': '0.8398', 'NDCG@10': '0.5477', 'MRR': '0.4667'}
Validation score increased.  Saving model ...
{'epoch': 45, 'rec_loss': '0.6331'}
{'Epoch': 45, 'HIT@1': '0.2951', 'NDCG@1': '0.2951', 'HIT@5': '0.6702', 'NDCG@5': '0.4907', 'HIT@10': '0.8372', 'NDCG@10': '0.5449', 'MRR': '0.4639'}
EarlyStopping counter: 1 out of 10
{'epoch': 46, 'rec_loss': '0.6325'}
{'Epoch': 46, 'HIT@1': '0.2972', 'NDCG@1': '0.2972', 'HIT@5': '0.6727', 'NDCG@5': '0.4931', 'HIT@10': '0.8394', 'NDCG@10': '0.5472', 'MRR': '0.4662'}
EarlyStopping counter: 2 out of 10
{'epoch': 47, 'rec_loss': '0.6314'}
{'Epoch': 47, 'HIT@1': '0.2991', 'NDCG@1': '0.2991', 'HIT@5': '0.6768', 'NDCG@5': '0.4960', 'HIT@10': '0.8437', 'NDCG@10': '0.5501', 'MRR': '0.4685'}
Validation score increased.  Saving model ...
{'epoch': 48, 'rec_loss': '0.6317'}
{'Epoch': 48, 'HIT@1': '0.2991', 'NDCG@1': '0.2991', 'HIT@5': '0.6773', 'NDCG@5': '0.4963', 'HIT@10': '0.8449', 'NDCG@10': '0.5507', 'MRR': '0.4688'}
Validation score increased.  Saving model ...
{'epoch': 49, 'rec_loss': '0.6286'}
{'Epoch': 49, 'HIT@1': '0.2994', 'NDCG@1': '0.2994', 'HIT@5': '0.6773', 'NDCG@5': '0.4965', 'HIT@10': '0.8434', 'NDCG@10': '0.5505', 'MRR': '0.4690'}
Validation score increased.  Saving model ...
{'epoch': 50, 'rec_loss': '0.6286'}
{'Epoch': 50, 'HIT@1': '0.2990', 'NDCG@1': '0.2990', 'HIT@5': '0.6802', 'NDCG@5': '0.4977', 'HIT@10': '0.8483', 'NDCG@10': '0.5523', 'MRR': '0.4696'}
Validation score increased.  Saving model ...
{'epoch': 51, 'rec_loss': '0.6264'}
{'Epoch': 51, 'HIT@1': '0.2971', 'NDCG@1': '0.2971', 'HIT@5': '0.6803', 'NDCG@5': '0.4969', 'HIT@10': '0.8471', 'NDCG@10': '0.5511', 'MRR': '0.4685'}
EarlyStopping counter: 1 out of 10
{'epoch': 52, 'rec_loss': '0.6270'}
{'Epoch': 52, 'HIT@1': '0.2981', 'NDCG@1': '0.2981', 'HIT@5': '0.6796', 'NDCG@5': '0.4970', 'HIT@10': '0.8459', 'NDCG@10': '0.5511', 'MRR': '0.4688'}
EarlyStopping counter: 2 out of 10
{'epoch': 53, 'rec_loss': '0.6253'}
{'Epoch': 53, 'HIT@1': '0.2993', 'NDCG@1': '0.2993', 'HIT@5': '0.6804', 'NDCG@5': '0.4980', 'HIT@10': '0.8467', 'NDCG@10': '0.5520', 'MRR': '0.4697'}
Validation score increased.  Saving model ...
{'epoch': 54, 'rec_loss': '0.6211'}
{'Epoch': 54, 'HIT@1': '0.2982', 'NDCG@1': '0.2982', 'HIT@5': '0.6806', 'NDCG@5': '0.4977', 'HIT@10': '0.8478', 'NDCG@10': '0.5520', 'MRR': '0.4694'}
EarlyStopping counter: 1 out of 10
{'epoch': 55, 'rec_loss': '0.6241'}
{'Epoch': 55, 'HIT@1': '0.2981', 'NDCG@1': '0.2981', 'HIT@5': '0.6799', 'NDCG@5': '0.4972', 'HIT@10': '0.8470', 'NDCG@10': '0.5514', 'MRR': '0.4689'}
EarlyStopping counter: 2 out of 10
{'epoch': 56, 'rec_loss': '0.6191'}
{'Epoch': 56, 'HIT@1': '0.2999', 'NDCG@1': '0.2999', 'HIT@5': '0.6828', 'NDCG@5': '0.4998', 'HIT@10': '0.8497', 'NDCG@10': '0.5540', 'MRR': '0.4713'}
Validation score increased.  Saving model ...
{'epoch': 57, 'rec_loss': '0.6205'}
{'Epoch': 57, 'HIT@1': '0.2990', 'NDCG@1': '0.2990', 'HIT@5': '0.6837', 'NDCG@5': '0.4996', 'HIT@10': '0.8511', 'NDCG@10': '0.5540', 'MRR': '0.4708'}
EarlyStopping counter: 1 out of 10
{'epoch': 58, 'rec_loss': '0.6184'}
{'Epoch': 58, 'HIT@1': '0.2998', 'NDCG@1': '0.2998', 'HIT@5': '0.6848', 'NDCG@5': '0.5007', 'HIT@10': '0.8526', 'NDCG@10': '0.5553', 'MRR': '0.4719'}
Validation score increased.  Saving model ...
{'epoch': 59, 'rec_loss': '0.6172'}
{'Epoch': 59, 'HIT@1': '0.2989', 'NDCG@1': '0.2989', 'HIT@5': '0.6835', 'NDCG@5': '0.4994', 'HIT@10': '0.8507', 'NDCG@10': '0.5537', 'MRR': '0.4706'}
EarlyStopping counter: 1 out of 10
{'epoch': 60, 'rec_loss': '0.6157'}
{'Epoch': 60, 'HIT@1': '0.3005', 'NDCG@1': '0.3005', 'HIT@5': '0.6843', 'NDCG@5': '0.5007', 'HIT@10': '0.8516', 'NDCG@10': '0.5550', 'MRR': '0.4719'}
Validation score increased.  Saving model ...
{'epoch': 61, 'rec_loss': '0.6153'}
{'Epoch': 61, 'HIT@1': '0.3001', 'NDCG@1': '0.3001', 'HIT@5': '0.6868', 'NDCG@5': '0.5018', 'HIT@10': '0.8545', 'NDCG@10': '0.5562', 'MRR': '0.4725'}
Validation score increased.  Saving model ...
{'epoch': 62, 'rec_loss': '0.6148'}
{'Epoch': 62, 'HIT@1': '0.2990', 'NDCG@1': '0.2990', 'HIT@5': '0.6849', 'NDCG@5': '0.5003', 'HIT@10': '0.8523', 'NDCG@10': '0.5546', 'MRR': '0.4712'}
EarlyStopping counter: 1 out of 10
{'epoch': 63, 'rec_loss': '0.6162'}
{'Epoch': 63, 'HIT@1': '0.3018', 'NDCG@1': '0.3018', 'HIT@5': '0.6884', 'NDCG@5': '0.5036', 'HIT@10': '0.8564', 'NDCG@10': '0.5582', 'MRR': '0.4743'}
Validation score increased.  Saving model ...
{'epoch': 64, 'rec_loss': '0.6134'}
{'Epoch': 64, 'HIT@1': '0.3016', 'NDCG@1': '0.3016', 'HIT@5': '0.6885', 'NDCG@5': '0.5033', 'HIT@10': '0.8567', 'NDCG@10': '0.5579', 'MRR': '0.4739'}
EarlyStopping counter: 1 out of 10
{'epoch': 65, 'rec_loss': '0.6112'}
{'Epoch': 65, 'HIT@1': '0.3037', 'NDCG@1': '0.3037', 'HIT@5': '0.6883', 'NDCG@5': '0.5043', 'HIT@10': '0.8552', 'NDCG@10': '0.5585', 'MRR': '0.4752'}
Validation score increased.  Saving model ...
{'epoch': 66, 'rec_loss': '0.6122'}
{'Epoch': 66, 'HIT@1': '0.3023', 'NDCG@1': '0.3023', 'HIT@5': '0.6894', 'NDCG@5': '0.5043', 'HIT@10': '0.8568', 'NDCG@10': '0.5587', 'MRR': '0.4748'}
EarlyStopping counter: 1 out of 10
{'epoch': 67, 'rec_loss': '0.6109'}
{'Epoch': 67, 'HIT@1': '0.3032', 'NDCG@1': '0.3032', 'HIT@5': '0.6915', 'NDCG@5': '0.5056', 'HIT@10': '0.8587', 'NDCG@10': '0.5600', 'MRR': '0.4758'}
Validation score increased.  Saving model ...
{'epoch': 68, 'rec_loss': '0.6094'}
{'Epoch': 68, 'HIT@1': '0.3045', 'NDCG@1': '0.3045', 'HIT@5': '0.6921', 'NDCG@5': '0.5066', 'HIT@10': '0.8595', 'NDCG@10': '0.5610', 'MRR': '0.4769'}
Validation score increased.  Saving model ...
{'epoch': 69, 'rec_loss': '0.6090'}
{'Epoch': 69, 'HIT@1': '0.3036', 'NDCG@1': '0.3036', 'HIT@5': '0.6915', 'NDCG@5': '0.5058', 'HIT@10': '0.8585', 'NDCG@10': '0.5601', 'MRR': '0.4761'}
EarlyStopping counter: 1 out of 10
{'epoch': 70, 'rec_loss': '0.6069'}
{'Epoch': 70, 'HIT@1': '0.3022', 'NDCG@1': '0.3022', 'HIT@5': '0.6891', 'NDCG@5': '0.5041', 'HIT@10': '0.8569', 'NDCG@10': '0.5586', 'MRR': '0.4747'}
EarlyStopping counter: 2 out of 10
{'epoch': 71, 'rec_loss': '0.6082'}
{'Epoch': 71, 'HIT@1': '0.3040', 'NDCG@1': '0.3040', 'HIT@5': '0.6932', 'NDCG@5': '0.5070', 'HIT@10': '0.8615', 'NDCG@10': '0.5617', 'MRR': '0.4771'}
Validation score increased.  Saving model ...
{'epoch': 72, 'rec_loss': '0.6068'}
{'Epoch': 72, 'HIT@1': '0.2998', 'NDCG@1': '0.2998', 'HIT@5': '0.6870', 'NDCG@5': '0.5017', 'HIT@10': '0.8548', 'NDCG@10': '0.5562', 'MRR': '0.4723'}
EarlyStopping counter: 1 out of 10
{'epoch': 73, 'rec_loss': '0.6062'}
{'Epoch': 73, 'HIT@1': '0.3019', 'NDCG@1': '0.3019', 'HIT@5': '0.6886', 'NDCG@5': '0.5035', 'HIT@10': '0.8567', 'NDCG@10': '0.5582', 'MRR': '0.4742'}
EarlyStopping counter: 2 out of 10
{'epoch': 74, 'rec_loss': '0.6050'}
{'Epoch': 74, 'HIT@1': '0.3041', 'NDCG@1': '0.3041', 'HIT@5': '0.6941', 'NDCG@5': '0.5075', 'HIT@10': '0.8610', 'NDCG@10': '0.5618', 'MRR': '0.4773'}
Validation score increased.  Saving model ...
{'epoch': 75, 'rec_loss': '0.6053'}
{'Epoch': 75, 'HIT@1': '0.3031', 'NDCG@1': '0.3031', 'HIT@5': '0.6924', 'NDCG@5': '0.5062', 'HIT@10': '0.8609', 'NDCG@10': '0.5609', 'MRR': '0.4763'}
EarlyStopping counter: 1 out of 10
{'epoch': 76, 'rec_loss': '0.6030'}
{'Epoch': 76, 'HIT@1': '0.3041', 'NDCG@1': '0.3041', 'HIT@5': '0.6946', 'NDCG@5': '0.5079', 'HIT@10': '0.8627', 'NDCG@10': '0.5625', 'MRR': '0.4777'}
Validation score increased.  Saving model ...
{'epoch': 77, 'rec_loss': '0.6042'}
{'Epoch': 77, 'HIT@1': '0.3043', 'NDCG@1': '0.3043', 'HIT@5': '0.6944', 'NDCG@5': '0.5078', 'HIT@10': '0.8616', 'NDCG@10': '0.5622', 'MRR': '0.4776'}
EarlyStopping counter: 1 out of 10
{'epoch': 78, 'rec_loss': '0.6027'}
{'Epoch': 78, 'HIT@1': '0.3021', 'NDCG@1': '0.3021', 'HIT@5': '0.6917', 'NDCG@5': '0.5053', 'HIT@10': '0.8594', 'NDCG@10': '0.5598', 'MRR': '0.4753'}
EarlyStopping counter: 2 out of 10
{'epoch': 79, 'rec_loss': '0.6016'}
{'Epoch': 79, 'HIT@1': '0.3038', 'NDCG@1': '0.3038', 'HIT@5': '0.6944', 'NDCG@5': '0.5076', 'HIT@10': '0.8616', 'NDCG@10': '0.5619', 'MRR': '0.4773'}
EarlyStopping counter: 3 out of 10
{'epoch': 80, 'rec_loss': '0.6019'}
{'Epoch': 80, 'HIT@1': '0.3044', 'NDCG@1': '0.3044', 'HIT@5': '0.6956', 'NDCG@5': '0.5084', 'HIT@10': '0.8628', 'NDCG@10': '0.5627', 'MRR': '0.4779'}
Validation score increased.  Saving model ...
{'epoch': 81, 'rec_loss': '0.5996'}
{'Epoch': 81, 'HIT@1': '0.3046', 'NDCG@1': '0.3046', 'HIT@5': '0.6960', 'NDCG@5': '0.5087', 'HIT@10': '0.8627', 'NDCG@10': '0.5630', 'MRR': '0.4782'}
Validation score increased.  Saving model ...
{'epoch': 82, 'rec_loss': '0.5992'}
{'Epoch': 82, 'HIT@1': '0.3018', 'NDCG@1': '0.3018', 'HIT@5': '0.6947', 'NDCG@5': '0.5068', 'HIT@10': '0.8617', 'NDCG@10': '0.5611', 'MRR': '0.4761'}
EarlyStopping counter: 1 out of 10
{'epoch': 83, 'rec_loss': '0.5983'}
{'Epoch': 83, 'HIT@1': '0.3025', 'NDCG@1': '0.3025', 'HIT@5': '0.6949', 'NDCG@5': '0.5073', 'HIT@10': '0.8621', 'NDCG@10': '0.5617', 'MRR': '0.4767'}
EarlyStopping counter: 2 out of 10
{'epoch': 84, 'rec_loss': '0.5979'}
{'Epoch': 84, 'HIT@1': '0.3037', 'NDCG@1': '0.3037', 'HIT@5': '0.6957', 'NDCG@5': '0.5080', 'HIT@10': '0.8630', 'NDCG@10': '0.5624', 'MRR': '0.4774'}
EarlyStopping counter: 3 out of 10
{'epoch': 85, 'rec_loss': '0.5984'}
{'Epoch': 85, 'HIT@1': '0.3064', 'NDCG@1': '0.3064', 'HIT@5': '0.7000', 'NDCG@5': '0.5117', 'HIT@10': '0.8667', 'NDCG@10': '0.5659', 'MRR': '0.4806'}
Validation score increased.  Saving model ...
{'epoch': 86, 'rec_loss': '0.5952'}
{'Epoch': 86, 'HIT@1': '0.3034', 'NDCG@1': '0.3034', 'HIT@5': '0.6966', 'NDCG@5': '0.5085', 'HIT@10': '0.8646', 'NDCG@10': '0.5632', 'MRR': '0.4778'}
EarlyStopping counter: 1 out of 10
{'epoch': 87, 'rec_loss': '0.5966'}
{'Epoch': 87, 'HIT@1': '0.3055', 'NDCG@1': '0.3055', 'HIT@5': '0.6999', 'NDCG@5': '0.5113', 'HIT@10': '0.8670', 'NDCG@10': '0.5657', 'MRR': '0.4802'}
EarlyStopping counter: 2 out of 10
{'epoch': 88, 'rec_loss': '0.5957'}
{'Epoch': 88, 'HIT@1': '0.3037', 'NDCG@1': '0.3037', 'HIT@5': '0.6968', 'NDCG@5': '0.5090', 'HIT@10': '0.8642', 'NDCG@10': '0.5635', 'MRR': '0.4783'}
EarlyStopping counter: 3 out of 10
{'epoch': 89, 'rec_loss': '0.5970'}
{'Epoch': 89, 'HIT@1': '0.3056', 'NDCG@1': '0.3056', 'HIT@5': '0.6984', 'NDCG@5': '0.5109', 'HIT@10': '0.8648', 'NDCG@10': '0.5650', 'MRR': '0.4801'}
EarlyStopping counter: 4 out of 10
{'epoch': 90, 'rec_loss': '0.5927'}
{'Epoch': 90, 'HIT@1': '0.3037', 'NDCG@1': '0.3037', 'HIT@5': '0.6972', 'NDCG@5': '0.5091', 'HIT@10': '0.8641', 'NDCG@10': '0.5634', 'MRR': '0.4783'}
EarlyStopping counter: 5 out of 10
{'epoch': 91, 'rec_loss': '0.5943'}
{'Epoch': 91, 'HIT@1': '0.3041', 'NDCG@1': '0.3041', 'HIT@5': '0.6982', 'NDCG@5': '0.5099', 'HIT@10': '0.8652', 'NDCG@10': '0.5642', 'MRR': '0.4789'}
EarlyStopping counter: 6 out of 10
{'epoch': 92, 'rec_loss': '0.5938'}
{'Epoch': 92, 'HIT@1': '0.3042', 'NDCG@1': '0.3042', 'HIT@5': '0.6969', 'NDCG@5': '0.5092', 'HIT@10': '0.8640', 'NDCG@10': '0.5635', 'MRR': '0.4784'}
EarlyStopping counter: 7 out of 10
{'epoch': 93, 'rec_loss': '0.5929'}
{'Epoch': 93, 'HIT@1': '0.3050', 'NDCG@1': '0.3050', 'HIT@5': '0.6983', 'NDCG@5': '0.5103', 'HIT@10': '0.8648', 'NDCG@10': '0.5644', 'MRR': '0.4794'}
EarlyStopping counter: 8 out of 10
{'epoch': 94, 'rec_loss': '0.5940'}
{'Epoch': 94, 'HIT@1': '0.3037', 'NDCG@1': '0.3037', 'HIT@5': '0.6997', 'NDCG@5': '0.5102', 'HIT@10': '0.8675', 'NDCG@10': '0.5648', 'MRR': '0.4788'}
EarlyStopping counter: 9 out of 10
{'epoch': 95, 'rec_loss': '0.5933'}
{'Epoch': 95, 'HIT@1': '0.3037', 'NDCG@1': '0.3037', 'HIT@5': '0.7000', 'NDCG@5': '0.5106', 'HIT@10': '0.8674', 'NDCG@10': '0.5650', 'MRR': '0.4792'}
EarlyStopping counter: 10 out of 10
Early stopping
---------------Sample 99 results---------------
{'Epoch': 0, 'HIT@1': '0.3046', 'NDCG@1': '0.3046', 'HIT@5': '0.6963', 'NDCG@5': '0.5090', 'HIT@10': '0.8621', 'NDCG@10': '0.5630', 'MRR': '0.4783'}
FMLPRec-Movie_and_TV_GT5-Dec-02-2022_04-13-48
{'Epoch': 0, 'HIT@1': '0.3046', 'NDCG@1': '0.3046', 'HIT@5': '0.6963', 'NDCG@5': '0.5090', 'HIT@10': '0.8621', 'NDCG@10': '0.5630', 'MRR': '0.4783'}
