-----------------------------------ARGUMENTS------------------------------------
model_name                               fmlpeter
dataset                                  amazon-movies
fold                                     0
cuda                                     True
test                                     False
no_generate                              False
seed                                     1111
no_train                                 False
log_file                                 ./Log/SEQ-FMLP_PETER.log
------------------------------------CONFIGS-------------------------------------
emsize                                   512
nhead                                    2
nhid                                     2048
nlayers                                  2
dropout                                  0.2
lr                                       0.1
optimizer                                AdamW
clip_norm                                1.0
epochs                                   40
batch_size                               64
continue_train                           False
log_interval                             4
vocab_size                               20000
text_len                                 15
endure_times                             5
rating_reg                               0.1
context_reg                              1.0
text_reg                                 1.0
item_reg                                 0.1
hist_len                                 20
user_len                                 0
item_len                                 1
use_feature                              True
seq_mode                                 2
peter_mask                               True
seq_prediction                           True
context_prediction                       True
rating_prediction                        True
nextitem_prediction                      False
-----------------------------------ARGUMENTS------------------------------------
[2023-01-09 04:57:00]: World_Size(Num GPUs): 4
[2023-01-09 04:57:03]: Init Start
[2023-01-09 04:57:03]: Init End
[2023-01-09 04:57:03]: Load Start
[2023-01-09 04:57:06]: train len:359303
[2023-01-09 04:57:07]: Load End
[2023-01-09 04:57:10]: [GPU 0] Device cuda
[2023-01-09 04:57:10]: [GPU 0] Loading data helper
[2023-01-09 04:57:10]: [GPU 0] Use Feature: True | src_len: 22
[2023-01-09 04:57:10]: [GPU 0] Building model FMLPETER on device cuda
[2023-01-09 04:57:12]: [GPU 0] LOAD FLMP MODEL FMLPRec-Movie_and_TV_index-Jan-04-2023_04-12-03_max20item.pt
[2023-01-09 04:57:17]: Save Mask to ./SEQUER/results/MASK-FMLP-PETER.png
[2023-01-09 04:57:17]: [GPU 0] Epoch 0
[2023-01-09 04:57:03]: Init Start
[2023-01-09 04:57:03]: Init End
[2023-01-09 04:57:03]: Load Start
[2023-01-09 04:57:06]: train len:359303
[2023-01-09 04:57:07]: Load End
[2023-01-09 04:57:17]: Save Mask to ./SEQUER/results/MASK-FMLP-PETER.png
[2023-01-09 04:57:03]: Init Start
[2023-01-09 04:57:03]: Init End
[2023-01-09 04:57:03]: Load Start
[2023-01-09 04:57:06]: train len:359303
[2023-01-09 04:57:07]: Load End
[2023-01-09 04:57:17]: Save Mask to ./SEQUER/results/MASK-FMLP-PETER.png
[2023-01-09 04:57:03]: Init Start
[2023-01-09 04:57:03]: Init End
[2023-01-09 04:57:03]: Load Start
[2023-01-09 04:57:06]: train len:359303
[2023-01-09 04:57:07]: Load End
[2023-01-09 04:57:17]: Save Mask to ./SEQUER/results/MASK-FMLP-PETER.png
[2023-01-09 04:59:02]: [GPU 0] context ppl 645.1631 | text ppl 575.2031 | rating loss 1.4693 | valid loss 7.8240 on validation
[2023-01-09 04:59:02]: [GPU 0] Epoch 0 | Training snapshot saved at ./SEQUER/checkpoints/fmlpeter_amazon-movies_0.pt
[2023-01-09 04:59:02]: [GPU 0] Epoch 0 Time Used: 105.49
[2023-01-09 04:59:02]: [GPU 0] Epoch 1
[2023-01-09 05:00:46]: [GPU 0] context ppl 708.5285 | text ppl 624.4365 | rating loss 1.4361 | valid loss 7.8729 on validation
[2023-01-09 05:00:46]: [GPU 0] Endured 1 / 5 time(s) | Learning rate set to 0.10000000
[2023-01-09 05:00:46]: [GPU 0] Epoch 1 Time Used: 104.04
[2023-01-09 05:00:46]: [GPU 0] Epoch 2
[2023-01-09 05:02:30]: [GPU 0] context ppl 716.2476 | text ppl 632.7032 | rating loss 1.4606 | valid loss 7.9106 on validation
[2023-01-09 05:02:30]: [GPU 0] Endured 2 / 5 time(s) | Learning rate set to 0.09982887
[2023-01-09 05:02:30]: [GPU 0] Epoch 2 Time Used: 103.46
[2023-01-09 05:02:30]: [GPU 0] Epoch 3
