-----------------------------------ARGUMENTS------------------------------------
model_name                               fmlpeter
dataset                                  amazon-movies
fold                                     0
cuda                                     True
test                                     False
no_generate                              False
seed                                     1111
no_train                                 False
log_file                                 ./Log/SEQ-FMLP_PETER.log
------------------------------------CONFIGS-------------------------------------
emsize                                   512
nhead                                    2
nhid                                     2048
nlayers                                  2
dropout                                  0.2
lr                                       0.01
optimizer                                AdamW
clip_norm                                1.0
epochs                                   40
batch_size                               64
continue_train                           False
log_interval                             4
vocab_size                               20000
text_len                                 15
endure_times                             5
rating_reg                               0.1
context_reg                              1.0
text_reg                                 1.0
item_reg                                 0.1
hist_len                                 20
user_len                                 0
item_len                                 1
use_feature                              True
seq_mode                                 2
peter_mask                               True
seq_prediction                           True
context_prediction                       True
rating_prediction                        True
nextitem_prediction                      False
-----------------------------------ARGUMENTS------------------------------------
[2023-01-09 05:12:30]: World_Size(Num GPUs): 4
[2023-01-09 05:12:33]: Init Start
[2023-01-09 05:12:33]: Init End
[2023-01-09 05:12:33]: Load Start
[2023-01-09 05:12:36]: train len:359303
[2023-01-09 05:12:37]: Load End
[2023-01-09 05:12:40]: [GPU 0] Device cuda
[2023-01-09 05:12:40]: [GPU 0] Loading data helper
[2023-01-09 05:12:40]: [GPU 0] Use Feature: True | src_len: 22
[2023-01-09 05:12:40]: [GPU 0] Building model FMLPETER on device cuda
[2023-01-09 05:12:42]: [GPU 0] LOAD FLMP MODEL FMLPRec-Movie_and_TV_index-Jan-04-2023_04-12-03_max20item.pt
[2023-01-09 05:12:49]: Save Mask to ./SEQUER/results/MASK-FMLP-PETER.png
[2023-01-09 05:12:49]: [GPU 0] Epoch 0
[2023-01-09 05:12:33]: Init Start
[2023-01-09 05:12:33]: Init End
[2023-01-09 05:12:33]: Load Start
[2023-01-09 05:12:36]: train len:359303
[2023-01-09 05:12:37]: Load End
[2023-01-09 05:12:49]: Save Mask to ./SEQUER/results/MASK-FMLP-PETER.png
[2023-01-09 05:12:33]: Init Start
[2023-01-09 05:12:33]: Init End
[2023-01-09 05:12:33]: Load Start
[2023-01-09 05:12:36]: train len:359303
[2023-01-09 05:12:37]: Load End
[2023-01-09 05:12:49]: Save Mask to ./SEQUER/results/MASK-FMLP-PETER.png
[2023-01-09 05:12:33]: Init Start
[2023-01-09 05:12:33]: Init End
[2023-01-09 05:12:33]: Load Start
[2023-01-09 05:12:36]: train len:359303
[2023-01-09 05:12:37]: Load End
[2023-01-09 05:12:49]: Save Mask to ./SEQUER/results/MASK-FMLP-PETER.png
[2023-01-09 05:14:23]: [GPU 0] context ppl 586.0561 | text ppl 107.8819 | rating loss 1.4411 | valid loss 6.1222 on validation
[2023-01-09 05:14:24]: [GPU 0] Epoch 0 | Training snapshot saved at ./SEQUER/checkpoints/fmlpeter_amazon-movies_0.pt
[2023-01-09 05:14:24]: [GPU 0] Epoch 0 Time Used: 95.06
[2023-01-09 05:14:24]: [GPU 0] Epoch 1
[2023-01-09 05:15:58]: [GPU 0] context ppl 613.7123 | text ppl 435.1345 | rating loss 1.5213 | valid loss 7.5970 on validation
[2023-01-09 05:15:58]: [GPU 0] Endured 1 / 5 time(s) | Learning rate set to 0.01000000
[2023-01-09 05:15:58]: [GPU 0] Epoch 1 Time Used: 94.06
[2023-01-09 05:15:58]: [GPU 0] Epoch 2
[2023-01-09 05:17:32]: [GPU 0] context ppl 605.9932 | text ppl 294.5620 | rating loss 1.4931 | valid loss 7.1786 on validation
[2023-01-09 05:17:32]: [GPU 0] Endured 2 / 5 time(s) | Learning rate set to 0.00998289
[2023-01-09 05:17:32]: [GPU 0] Epoch 2 Time Used: 94.09
[2023-01-09 05:17:32]: [GPU 0] Epoch 3
[2023-01-09 05:19:06]: [GPU 0] context ppl 581.5758 | text ppl 354.8551 | rating loss 1.4351 | valid loss 7.3068 on validation
[2023-01-09 05:19:06]: [GPU 0] Endured 3 / 5 time(s) | Learning rate set to 0.00993171
[2023-01-09 05:19:06]: [GPU 0] Epoch 3 Time Used: 93.84
[2023-01-09 05:19:06]: [GPU 0] Epoch 4
