-----------------------------------ARGUMENTS------------------------------------
model_name                               fmlpeter
dataset                                  amazon-sports
fold                                     0
cuda                                     True
test                                     False
no_generate                              False
seed                                     1111
no_train                                 False
log_file                                 ./Log/SEQ-FMLP_PETER.log
------------------------------------CONFIGS-------------------------------------
emsize                                   512
nhead                                    2
nhid                                     2048
nlayers                                  2
dropout                                  0.2
lr                                       1.0
pre_train                                False
optimizer                                SGD
scheduler                                steplr
warmup_epoch                             2
clip_norm                                1.0
epochs                                   50
batch_size                               128
load_direct                              False
continue_train                           False
log_interval                             4
vocab_size                               20000
text_len                                 15
endure_times                             5
rating_reg                               0.1
context_reg                              1.0
text_reg                                 1.0
item_reg                                 0.1
hist_len                                 20
user_len                                 1
item_len                                 0
use_feature                              True
seq_mode                                 2
peter_mask                               True
seq_prediction                           True
context_prediction                       True
rating_prediction                        True
nextitem_prediction                      False
-----------------------------------ARGUMENTS------------------------------------
[2023-01-15 08:56:12]: [GPU 0] World_Size(Num GPUs): 4
[2023-01-15 08:56:12]: [GPU 0] Loading data Fold ./Data/Amazon/SportsAndOutdoors/0
[2023-01-15 08:56:15]: [GPU 0] reviews <built-in method index of list object at 0x7fff2a1fd6e0>
[2023-01-15 08:56:16]: [GPU 0] user dict count:14267
item dict count:25259
word dict count:36694
max rating:5
min rating:1
[2023-01-15 08:56:23]: [GPU 0] text_reg:1.0, context_reg:1.0, rating_reg:0.1, item_reg:0.1
[2023-01-15 08:56:23]: [GPU 0] Device cuda
[2023-01-15 08:56:23]: [GPU 0] Loading data helper
[2023-01-15 08:56:23]: [GPU 0] Use Feature: True | src_len: 22
[2023-01-15 08:56:23]: [GPU 0] Building model FMLPETER on device cuda
[2023-01-15 08:56:25]: [GPU 0] Save Mask to ./SEQUER/results/MASK-FMLP-PETER.png
[2023-01-15 08:56:29]: [GPU 0] Epoch 0 Start
[2023-01-15 08:56:41]: [GPU 0] context ppl 753.8233 | text ppl 325.1457 | rating loss 2.1052 | valid loss 1079.1795 on validation
[2023-01-15 08:56:42]: [GPU 0] Epoch 0 | LR 1.0 | Training snapshot saved at ./SEQUER/checkpoints/fmlpeter_amazon-sports_0.pt
[2023-01-15 08:56:42]: [GPU 0] Epoch 0 End | Time Used: 12.19

[2023-01-15 08:56:42]: [GPU 0] Epoch 1 Start
[2023-01-15 08:56:54]: [GPU 0] context ppl 696.9499 | text ppl 193.0411 | rating loss 0.8021 | valid loss 890.0712 on validation
[2023-01-15 08:56:54]: [GPU 0] Epoch 1 | LR 1.0 | Training snapshot saved at ./SEQUER/checkpoints/fmlpeter_amazon-sports_0.pt
[2023-01-15 08:56:54]: [GPU 0] Epoch 1 End | Time Used: 12.66

[2023-01-15 08:56:54]: [GPU 0] Epoch 2 Start
[2023-01-15 08:57:05]: [GPU 0] context ppl 660.4490 | text ppl 141.0051 | rating loss 0.8005 | valid loss 801.5342 on validation
[2023-01-15 08:57:06]: [GPU 0] Epoch 2 | LR 1.0 | Training snapshot saved at ./SEQUER/checkpoints/fmlpeter_amazon-sports_0.pt
[2023-01-15 08:57:06]: [GPU 0] Epoch 2 End | Time Used: 11.67

[2023-01-15 08:57:06]: [GPU 0] Epoch 3 Start
[2023-01-15 08:57:17]: [GPU 0] context ppl 582.2424 | text ppl 106.2650 | rating loss 0.8488 | valid loss 688.5923 on validation
[2023-01-15 08:57:18]: [GPU 0] Epoch 3 | LR 1.0 | Training snapshot saved at ./SEQUER/checkpoints/fmlpeter_amazon-sports_0.pt
[2023-01-15 08:57:18]: [GPU 0] Epoch 3 End | Time Used: 11.67

[2023-01-15 08:57:18]: [GPU 0] Epoch 4 Start
[2023-01-15 08:57:29]: [GPU 0] context ppl 627.0436 | text ppl 95.6879 | rating loss 0.8543 | valid loss 722.8169 on validation
[2023-01-15 08:57:29]: [GPU 0] Endured 1 / 5 time(s) | Learning rate set to 0.25000000
[2023-01-15 08:57:29]: [GPU 0] Epoch 4 End | Time Used: 11.16

[2023-01-15 08:57:29]: [GPU 0] Epoch 5 Start
[2023-01-15 08:57:40]: [GPU 0] context ppl 570.3636 | text ppl 85.8239 | rating loss 0.7976 | valid loss 656.2672 on validation
[2023-01-15 08:57:40]: [GPU 0] Epoch 5 | LR 0.25 | Training snapshot saved at ./SEQUER/checkpoints/fmlpeter_amazon-sports_0.pt
[2023-01-15 08:57:40]: [GPU 0] Epoch 5 End | Time Used: 11.59

[2023-01-15 08:57:40]: [GPU 0] Epoch 6 Start
[2023-01-15 08:57:51]: [GPU 0] context ppl 566.4479 | text ppl 82.1643 | rating loss 0.7998 | valid loss 648.6922 on validation
[2023-01-15 08:57:52]: [GPU 0] Epoch 6 | LR 0.25 | Training snapshot saved at ./SEQUER/checkpoints/fmlpeter_amazon-sports_0.pt
[2023-01-15 08:57:52]: [GPU 0] Epoch 6 End | Time Used: 11.64

[2023-01-15 08:57:52]: [GPU 0] Epoch 7 Start
[2023-01-15 08:58:03]: [GPU 0] context ppl 565.2882 | text ppl 79.8824 | rating loss 0.7983 | valid loss 645.2505 on validation
[2023-01-15 08:58:04]: [GPU 0] Epoch 7 | LR 0.25 | Training snapshot saved at ./SEQUER/checkpoints/fmlpeter_amazon-sports_0.pt
[2023-01-15 08:58:04]: [GPU 0] Epoch 7 End | Time Used: 11.62

[2023-01-15 08:58:04]: [GPU 0] Epoch 8 Start
[2023-01-15 08:58:15]: [GPU 0] context ppl 562.5165 | text ppl 77.5201 | rating loss 0.8011 | valid loss 640.1168 on validation
[2023-01-15 08:58:15]: [GPU 0] Epoch 8 | LR 0.25 | Training snapshot saved at ./SEQUER/checkpoints/fmlpeter_amazon-sports_0.pt
[2023-01-15 08:58:15]: [GPU 0] Epoch 8 End | Time Used: 11.59

[2023-01-15 08:58:15]: [GPU 0] Epoch 9 Start
[2023-01-15 08:58:26]: [GPU 0] context ppl 562.1138 | text ppl 75.6681 | rating loss 0.7980 | valid loss 637.8618 on validation
[2023-01-15 08:58:27]: [GPU 0] Epoch 9 | LR 0.25 | Training snapshot saved at ./SEQUER/checkpoints/fmlpeter_amazon-sports_0.pt
[2023-01-15 08:58:27]: [GPU 0] Epoch 9 End | Time Used: 11.67

[2023-01-15 08:58:27]: [GPU 0] Epoch 10 Start
[2023-01-15 08:58:38]: [GPU 0] context ppl 560.9569 | text ppl 74.1398 | rating loss 0.8067 | valid loss 635.1774 on validation
[2023-01-15 08:58:38]: [GPU 0] Epoch 10 | LR 0.25 | Training snapshot saved at ./SEQUER/checkpoints/fmlpeter_amazon-sports_0.pt
[2023-01-15 08:58:38]: [GPU 0] Epoch 10 End | Time Used: 11.62

[2023-01-15 08:58:38]: [GPU 0] Epoch 11 Start
[2023-01-15 08:58:50]: [GPU 0] context ppl 566.4013 | text ppl 73.5964 | rating loss 0.7970 | valid loss 640.0774 on validation
[2023-01-15 08:58:50]: [GPU 0] Endured 2 / 5 time(s) | Learning rate set to 0.06250000
[2023-01-15 08:58:50]: [GPU 0] Epoch 11 End | Time Used: 11.11

[2023-01-15 08:58:50]: [GPU 0] Epoch 12 Start
[2023-01-15 08:59:01]: [GPU 0] context ppl 558.3809 | text ppl 71.4632 | rating loss 0.7975 | valid loss 629.9239 on validation
[2023-01-15 08:59:02]: [GPU 0] Epoch 12 | LR 0.0625 | Training snapshot saved at ./SEQUER/checkpoints/fmlpeter_amazon-sports_0.pt
[2023-01-15 08:59:02]: [GPU 0] Epoch 12 End | Time Used: 12.18

[2023-01-15 08:59:02]: [GPU 0] Epoch 13 Start
[2023-01-15 08:59:13]: [GPU 0] context ppl 558.6232 | text ppl 71.0698 | rating loss 0.7968 | valid loss 629.7726 on validation
[2023-01-15 08:59:14]: [GPU 0] Epoch 13 | LR 0.0625 | Training snapshot saved at ./SEQUER/checkpoints/fmlpeter_amazon-sports_0.pt
[2023-01-15 08:59:14]: [GPU 0] Epoch 13 End | Time Used: 12.12

[2023-01-15 08:59:14]: [GPU 0] Epoch 14 Start
[2023-01-15 08:59:25]: [GPU 0] context ppl 558.1890 | text ppl 70.7678 | rating loss 0.7966 | valid loss 629.0365 on validation
[2023-01-15 08:59:25]: [GPU 0] Epoch 14 | LR 0.0625 | Training snapshot saved at ./SEQUER/checkpoints/fmlpeter_amazon-sports_0.pt
[2023-01-15 08:59:25]: [GPU 0] Epoch 14 End | Time Used: 11.55

[2023-01-15 08:59:25]: [GPU 0] Epoch 15 Start
[2023-01-15 08:59:36]: [GPU 0] context ppl 557.7866 | text ppl 70.3469 | rating loss 0.7966 | valid loss 628.2131 on validation
[2023-01-15 08:59:37]: [GPU 0] Epoch 15 | LR 0.0625 | Training snapshot saved at ./SEQUER/checkpoints/fmlpeter_amazon-sports_0.pt
[2023-01-15 08:59:37]: [GPU 0] Epoch 15 End | Time Used: 11.60

[2023-01-15 08:59:37]: [GPU 0] Epoch 16 Start
[2023-01-15 08:59:48]: [GPU 0] context ppl 557.9104 | text ppl 70.1009 | rating loss 0.7967 | valid loss 628.0910 on validation
[2023-01-15 08:59:49]: [GPU 0] Epoch 16 | LR 0.0625 | Training snapshot saved at ./SEQUER/checkpoints/fmlpeter_amazon-sports_0.pt
[2023-01-15 08:59:49]: [GPU 0] Epoch 16 End | Time Used: 11.52

[2023-01-15 08:59:49]: [GPU 0] Epoch 17 Start
[2023-01-15 09:00:00]: [GPU 0] context ppl 557.2693 | text ppl 69.6100 | rating loss 0.7970 | valid loss 626.9589 on validation
[2023-01-15 09:00:00]: [GPU 0] Epoch 17 | LR 0.0625 | Training snapshot saved at ./SEQUER/checkpoints/fmlpeter_amazon-sports_0.pt
[2023-01-15 09:00:00]: [GPU 0] Epoch 17 End | Time Used: 11.53

[2023-01-15 09:00:00]: [GPU 0] Epoch 18 Start
[2023-01-15 09:00:11]: [GPU 0] context ppl 557.4986 | text ppl 69.2961 | rating loss 0.7967 | valid loss 626.8743 on validation
[2023-01-15 09:00:12]: [GPU 0] Epoch 18 | LR 0.0625 | Training snapshot saved at ./SEQUER/checkpoints/fmlpeter_amazon-sports_0.pt
[2023-01-15 09:00:12]: [GPU 0] Epoch 18 End | Time Used: 11.55

[2023-01-15 09:00:12]: [GPU 0] Epoch 19 Start
[2023-01-15 09:00:23]: [GPU 0] context ppl 557.2007 | text ppl 69.1121 | rating loss 0.7966 | valid loss 626.3924 on validation
[2023-01-15 09:00:23]: [GPU 0] Epoch 19 | LR 0.0625 | Training snapshot saved at ./SEQUER/checkpoints/fmlpeter_amazon-sports_0.pt
[2023-01-15 09:00:23]: [GPU 0] Epoch 19 End | Time Used: 11.58

[2023-01-15 09:00:23]: [GPU 0] Epoch 20 Start
[2023-01-15 09:00:34]: [GPU 0] context ppl 556.9939 | text ppl 68.8302 | rating loss 0.7971 | valid loss 625.9038 on validation
[2023-01-15 09:00:35]: [GPU 0] Epoch 20 | LR 0.0625 | Training snapshot saved at ./SEQUER/checkpoints/fmlpeter_amazon-sports_0.pt
[2023-01-15 09:00:35]: [GPU 0] Epoch 20 End | Time Used: 11.59

[2023-01-15 09:00:35]: [GPU 0] Epoch 21 Start
[2023-01-15 09:00:46]: [GPU 0] context ppl 556.5321 | text ppl 68.4618 | rating loss 0.7964 | valid loss 625.0736 on validation
[2023-01-15 09:00:46]: [GPU 0] Epoch 21 | LR 0.0625 | Training snapshot saved at ./SEQUER/checkpoints/fmlpeter_amazon-sports_0.pt
[2023-01-15 09:00:46]: [GPU 0] Epoch 21 End | Time Used: 11.56

[2023-01-15 09:00:46]: [GPU 0] Epoch 22 Start
[2023-01-15 09:00:58]: [GPU 0] context ppl 556.6679 | text ppl 68.0426 | rating loss 0.7964 | valid loss 624.7902 on validation
[2023-01-15 09:00:58]: [GPU 0] Epoch 22 | LR 0.0625 | Training snapshot saved at ./SEQUER/checkpoints/fmlpeter_amazon-sports_0.pt
[2023-01-15 09:00:58]: [GPU 0] Epoch 22 End | Time Used: 11.66

[2023-01-15 09:00:58]: [GPU 0] Epoch 23 Start
[2023-01-15 09:01:09]: [GPU 0] context ppl 556.1291 | text ppl 67.8843 | rating loss 0.7967 | valid loss 624.0930 on validation
[2023-01-15 09:01:10]: [GPU 0] Epoch 23 | LR 0.0625 | Training snapshot saved at ./SEQUER/checkpoints/fmlpeter_amazon-sports_0.pt
[2023-01-15 09:01:10]: [GPU 0] Epoch 23 End | Time Used: 11.57

[2023-01-15 09:01:10]: [GPU 0] Epoch 24 Start
[2023-01-15 09:01:21]: [GPU 0] context ppl 556.0213 | text ppl 67.5749 | rating loss 0.7967 | valid loss 623.6759 on validation
[2023-01-15 09:01:22]: [GPU 0] Epoch 24 | LR 0.0625 | Training snapshot saved at ./SEQUER/checkpoints/fmlpeter_amazon-sports_0.pt
[2023-01-15 09:01:22]: [GPU 0] Epoch 24 End | Time Used: 12.04

[2023-01-15 09:01:22]: [GPU 0] Epoch 25 Start
[2023-01-15 09:01:33]: [GPU 0] context ppl 556.1328 | text ppl 67.3826 | rating loss 0.7965 | valid loss 623.5951 on validation
[2023-01-15 09:01:34]: [GPU 0] Epoch 25 | LR 0.0625 | Training snapshot saved at ./SEQUER/checkpoints/fmlpeter_amazon-sports_0.pt
[2023-01-15 09:01:34]: [GPU 0] Epoch 25 End | Time Used: 12.00

[2023-01-15 09:01:34]: [GPU 0] Epoch 26 Start
[2023-01-15 09:01:45]: [GPU 0] context ppl 555.8076 | text ppl 67.0331 | rating loss 0.7968 | valid loss 622.9205 on validation
[2023-01-15 09:01:45]: [GPU 0] Epoch 26 | LR 0.0625 | Training snapshot saved at ./SEQUER/checkpoints/fmlpeter_amazon-sports_0.pt
[2023-01-15 09:01:45]: [GPU 0] Epoch 26 End | Time Used: 11.53

[2023-01-15 09:01:45]: [GPU 0] Epoch 27 Start
[2023-01-15 09:01:56]: [GPU 0] context ppl 555.6568 | text ppl 66.8070 | rating loss 0.7966 | valid loss 622.5435 on validation
[2023-01-15 09:01:57]: [GPU 0] Epoch 27 | LR 0.0625 | Training snapshot saved at ./SEQUER/checkpoints/fmlpeter_amazon-sports_0.pt
[2023-01-15 09:01:57]: [GPU 0] Epoch 27 End | Time Used: 11.55

[2023-01-15 09:01:57]: [GPU 0] Epoch 28 Start
[2023-01-15 09:02:08]: [GPU 0] context ppl 555.3362 | text ppl 66.6085 | rating loss 0.7961 | valid loss 622.0243 on validation
[2023-01-15 09:02:08]: [GPU 0] Epoch 28 | LR 0.0625 | Training snapshot saved at ./SEQUER/checkpoints/fmlpeter_amazon-sports_0.pt
[2023-01-15 09:02:08]: [GPU 0] Epoch 28 End | Time Used: 11.55

[2023-01-15 09:02:08]: [GPU 0] Epoch 29 Start
[2023-01-15 09:02:19]: [GPU 0] context ppl 554.2667 | text ppl 66.1332 | rating loss 0.7962 | valid loss 620.4795 on validation
[2023-01-15 09:02:20]: [GPU 0] Epoch 29 | LR 0.0625 | Training snapshot saved at ./SEQUER/checkpoints/fmlpeter_amazon-sports_0.pt
[2023-01-15 09:02:20]: [GPU 0] Epoch 29 End | Time Used: 11.50

[2023-01-15 09:02:20]: [GPU 0] Epoch 30 Start
[2023-01-15 09:02:31]: [GPU 0] context ppl 554.9449 | text ppl 66.0354 | rating loss 0.7962 | valid loss 621.0599 on validation
[2023-01-15 09:02:31]: [GPU 0] Endured 3 / 5 time(s) | Learning rate set to 0.01562500
[2023-01-15 09:02:31]: [GPU 0] Epoch 30 End | Time Used: 11.05

[2023-01-15 09:02:31]: [GPU 0] Epoch 31 Start
-----------------------------------ARGUMENTS------------------------------------
model_name                               fmlpeter
dataset                                  amazon-sports
fold                                     0
cuda                                     True
test                                     False
no_generate                              False
seed                                     1111
no_train                                 False
log_file                                 ./Log/SEQ-FMLP_PETER.log
------------------------------------CONFIGS-------------------------------------
emsize                                   512
nhead                                    2
nhid                                     2048
nlayers                                  2
dropout                                  0.2
lr                                       1.0
pre_train                                False
optimizer                                SGD
scheduler                                steplr
warmup_epoch                             2
clip_norm                                1.0
epochs                                   50
batch_size                               128
load_direct                              False
continue_train                           False
log_interval                             4
vocab_size                               20000
text_len                                 15
endure_times                             5
rating_reg                               0.1
context_reg                              1.0
text_reg                                 1.0
item_reg                                 0.1
hist_len                                 20
user_len                                 1
item_len                                 0
use_feature                              True
seq_mode                                 2
peter_mask                               True
seq_prediction                           True
context_prediction                       True
rating_prediction                        True
nextitem_prediction                      False
-----------------------------------ARGUMENTS------------------------------------
[2023-01-15 09:32:40]: [GPU 0] World_Size(Num GPUs): 4
-----------------------------------ARGUMENTS------------------------------------
model_name                               fmlpeter
dataset                                  amazon-sports
fold                                     0
cuda                                     True
test                                     False
no_generate                              False
seed                                     1111
no_train                                 False
log_file                                 ./Log/SEQ-FMLP_PETER.log
------------------------------------CONFIGS-------------------------------------
emsize                                   512
nhead                                    2
nhid                                     2048
nlayers                                  2
dropout                                  0.2
lr                                       1.0
pre_train                                False
optimizer                                SGD
scheduler                                steplr
warmup_epoch                             2
clip_norm                                1.0
epochs                                   50
batch_size                               128
load_direct                              False
continue_train                           False
log_interval                             4
vocab_size                               20000
text_len                                 15
endure_times                             5
rating_reg                               0.1
context_reg                              1.0
text_reg                                 1.0
item_reg                                 0.1
hist_len                                 20
user_len                                 1
item_len                                 0
use_feature                              True
seq_mode                                 2
peter_mask                               True
seq_prediction                           True
context_prediction                       True
rating_prediction                        True
nextitem_prediction                      False
-----------------------------------ARGUMENTS------------------------------------
[2023-01-15 10:02:47]: [GPU 0] World_Size(Num GPUs): 4
