-----------------------------------ARGUMENTS------------------------------------
model_name                               fmlpeter
dataset                                  amazon-movies
fold                                     0
cuda                                     True
test                                     False
no_generate                              False
log_interval                             4
seed                                     1111
emsize                                   512
nhead                                    2
nhid                                     2048
nlayers                                  2
dropout                                  0.2
lr                                       1.0
clip_norm                                1.0
epochs                                   100
batch_size                               128
log_interval                             4
vocab_size                               20000
endure_times                             5
rating_reg                               0.1
context_reg                              1.0
text_reg                                 1.0
item_reg                                 0.1
hist_len                                 20
user_len                                 0
use_feature                              True
seq_mode                                 2
peter_mask                               True
seq_prediction                           True
context_prediction                       True
rating_prediction                        True
nextitem_prediction                      False
-----------------------------------ARGUMENTS------------------------------------
[2022-12-31 10:03:23.07]: Loading data ./SEQUER/data/0
[2022-12-31 10:03:23.07]: Init Start
[2022-12-31 10:03:23.11]: Init End
[2022-12-31 10:03:23.16]: Load Start
train len:359303
[2022-12-31 10:03:26.14]: Load End
[2022-12-31 10:03:30.23]: Building model FMLPETER
[2022-12-31 10:03:34.00]: epoch 1
[2022-12-31 10:06:47.42]: context ppl 621.6606 | text ppl 100.4264 | rating loss 1.4450 | valid loss 6.0544 on validation
[2022-12-31 10:06:47.98]:  Epoch Time: 193.9780297279358
[2022-12-31 10:06:47.98]: epoch 2
[2022-12-31 10:10:01.10]: context ppl 621.1537 | text ppl 79.9088 | rating loss 1.4283 | valid loss 5.8092 on validation
[2022-12-31 10:10:01.67]:  Epoch Time: 193.68930912017822
[2022-12-31 10:10:01.67]: epoch 3
[2022-12-31 10:13:11.67]: context ppl 603.4657 | text ppl 68.3150 | rating loss 1.4381 | valid loss 5.6622 on validation
[2022-12-31 10:13:12.16]:  Epoch Time: 190.49610042572021
[2022-12-31 10:13:12.16]: epoch 4
[2022-12-31 10:16:21.89]: context ppl 618.6007 | text ppl 65.2426 | rating loss 1.4320 | valid loss 5.6101 on validation
[2022-12-31 10:16:22.44]:  Epoch Time: 190.27466821670532
[2022-12-31 10:16:22.44]: epoch 5
[2022-12-31 10:19:34.48]: context ppl 600.4046 | text ppl 59.2077 | rating loss 1.4311 | valid loss 5.5122 on validation
[2022-12-31 10:19:35.01]:  Epoch Time: 192.57151985168457
[2022-12-31 10:19:35.01]: epoch 6
[2022-12-31 10:22:45.51]: context ppl 600.3922 | text ppl 57.4359 | rating loss 1.4299 | valid loss 5.4806 on validation
[2022-12-31 10:22:46.00]:  Epoch Time: 190.98682856559753
[2022-12-31 10:22:46.00]: epoch 7
[2022-12-31 10:25:56.48]: context ppl 601.7322 | text ppl 55.2301 | rating loss 1.4275 | valid loss 5.4390 on validation
[2022-12-31 10:25:56.99]:  Epoch Time: 190.99559617042542
[2022-12-31 10:25:56.99]: epoch 8
[2022-12-31 10:29:08.67]: context ppl 599.8032 | text ppl 54.6275 | rating loss 1.4278 | valid loss 5.4283 on validation
[2022-12-31 10:29:09.17]:  Epoch Time: 192.17991089820862
[2022-12-31 10:29:09.17]: epoch 9
[2022-12-31 10:32:18.32]: context ppl 600.0277 | text ppl 53.9304 | rating loss 1.4708 | valid loss 5.4585 on validation
[2022-12-31 10:32:18.32]: Endured 1 time(s)
[2022-12-31 10:32:18.32]: Learning rate set to 0.25000000
[2022-12-31 10:32:18.32]:  Epoch Time: 189.15206480026245
[2022-12-31 10:32:18.32]: epoch 10
[2022-12-31 10:35:27.19]: context ppl 594.3393 | text ppl 49.3206 | rating loss 1.4276 | valid loss 5.3260 on validation
[2022-12-31 10:35:27.72]:  Epoch Time: 189.40073776245117
[2022-12-31 10:35:27.73]: epoch 11
[2022-12-31 10:38:37.24]: context ppl 593.7061 | text ppl 49.1213 | rating loss 1.4274 | valid loss 5.3217 on validation
[2022-12-31 10:38:37.74]:  Epoch Time: 190.01881766319275
[2022-12-31 10:38:37.74]: epoch 12
[2022-12-31 10:41:45.87]: context ppl 594.3896 | text ppl 48.5691 | rating loss 1.4305 | valid loss 5.3135 on validation
[2022-12-31 10:41:46.38]:  Epoch Time: 188.63964867591858
[2022-12-31 10:41:46.38]: epoch 13
[2022-12-31 10:44:55.73]: context ppl 593.8652 | text ppl 48.3734 | rating loss 1.4305 | valid loss 5.3095 on validation
[2022-12-31 10:44:56.20]:  Epoch Time: 189.8174648284912
[2022-12-31 10:44:56.20]: epoch 14
[2022-12-31 10:48:08.11]: context ppl 593.2656 | text ppl 48.3638 | rating loss 1.4275 | valid loss 5.3063 on validation
[2022-12-31 10:48:08.64]:  Epoch Time: 192.4370367527008
[2022-12-31 10:48:08.64]: epoch 15
[2022-12-31 10:51:21.71]: context ppl 592.5655 | text ppl 48.2964 | rating loss 1.4276 | valid loss 5.3050 on validation
[2022-12-31 10:51:22.22]:  Epoch Time: 193.57881355285645
[2022-12-31 10:51:22.22]: epoch 16
[2022-12-31 10:54:33.41]: context ppl 590.9526 | text ppl 48.0160 | rating loss 1.4289 | valid loss 5.3004 on validation
[2022-12-31 10:54:33.92]:  Epoch Time: 191.69946455955505
[2022-12-31 10:54:33.92]: epoch 17
[2022-12-31 10:57:49.44]: context ppl 589.8923 | text ppl 47.8240 | rating loss 1.4278 | valid loss 5.2953 on validation
[2022-12-31 10:57:49.93]:  Epoch Time: 196.00921511650085
[2022-12-31 10:57:49.93]: epoch 18
[2022-12-31 11:01:03.32]: context ppl 589.1297 | text ppl 47.8764 | rating loss 1.4275 | valid loss 5.2961 on validation
[2022-12-31 11:01:03.32]: Endured 2 time(s)
[2022-12-31 11:01:03.32]: Learning rate set to 0.06250000
[2022-12-31 11:01:03.32]:  Epoch Time: 193.39887833595276
[2022-12-31 11:01:03.32]: epoch 19
[2022-12-31 11:04:17.50]: context ppl 587.9073 | text ppl 47.3150 | rating loss 1.4275 | valid loss 5.2844 on validation
[2022-12-31 11:04:18.00]:  Epoch Time: 194.67608642578125
[2022-12-31 11:04:18.00]: epoch 20
[2022-12-31 11:07:31.21]: context ppl 587.3128 | text ppl 47.2288 | rating loss 1.4273 | valid loss 5.2823 on validation
[2022-12-31 11:07:31.72]:  Epoch Time: 193.7177722454071
[2022-12-31 11:07:31.72]: epoch 21
[2022-12-31 11:10:47.50]: context ppl 587.1746 | text ppl 47.2452 | rating loss 1.4279 | valid loss 5.2833 on validation
[2022-12-31 11:10:47.50]: Endured 3 time(s)
[2022-12-31 11:10:47.50]: Learning rate set to 0.01562500
[2022-12-31 11:10:47.50]:  Epoch Time: 195.78280925750732
[2022-12-31 11:10:47.50]: epoch 22
[2022-12-31 11:13:59.47]: context ppl 586.7706 | text ppl 47.1359 | rating loss 1.4273 | valid loss 5.2804 on validation
[2022-12-31 11:13:59.94]:  Epoch Time: 192.43702864646912
[2022-12-31 11:13:59.94]: epoch 23
[2022-12-31 11:17:13.28]: context ppl 586.5686 | text ppl 47.1520 | rating loss 1.4273 | valid loss 5.2807 on validation
[2022-12-31 11:17:13.28]: Endured 4 time(s)
[2022-12-31 11:17:13.28]: Learning rate set to 0.00390625
[2022-12-31 11:17:13.28]:  Epoch Time: 193.3456826210022
[2022-12-31 11:17:13.28]: epoch 24
[2022-12-31 11:20:26.38]: context ppl 586.5005 | text ppl 47.1270 | rating loss 1.4274 | valid loss 5.2802 on validation
[2022-12-31 11:20:26.90]:  Epoch Time: 193.6180019378662
[2022-12-31 11:20:26.90]: epoch 25
[2022-12-31 11:23:38.75]: context ppl 586.5060 | text ppl 47.1573 | rating loss 1.4274 | valid loss 5.2809 on validation
[2022-12-31 11:23:38.75]: Endured 5 time(s)
[2022-12-31 11:23:38.75]: Cannot endure it anymore | Exiting from early stop
