-----------------------------------ARGUMENTS------------------------------------
model_name                               fmlpeter
dataset                                  amazon-movies
fold                                     0
cuda                                     True
test                                     False
no_generate                              False
seed                                     1111
no_train                                 False
log_file                                 ./Log/SEQ-FMLP_PETER.log
------------------------------------CONFIGS-------------------------------------
emsize                                   512
nhead                                    2
nhid                                     2048
nlayers                                  2
dropout                                  0.2
lr                                       1.0
pre_train                                False
optimizer                                SGD
scheduler                                steplr
warmup_epoch                             2
clip_norm                                1.0
epochs                                   50
batch_size                               128
load_direct                              True
continue_train                           False
log_interval                             4
vocab_size                               20000
text_len                                 15
endure_times                             5
rating_reg                               0.1
context_reg                              1.0
text_reg                                 1.0
item_reg                                 0.1
hist_len                                 20
user_len                                 1
item_len                                 0
use_feature                              True
seq_mode                                 2
peter_mask                               True
seq_prediction                           True
context_prediction                       True
rating_prediction                        True
nextitem_prediction                      False
-----------------------------------ARGUMENTS------------------------------------
[2023-01-16 11:03:23]: [GPU 0] World_Size(Num GPUs): 4
[2023-01-16 11:03:23]: [GPU 0] Loading data Fold ./Data/Amazon/MoviesAndTV_New/0
[2023-01-16 11:03:23]: [GPU 0] Init Start
[2023-01-16 11:03:23]: [GPU 0] Init End
[2023-01-16 11:03:23]: [GPU 0] Load Start
[2023-01-16 11:03:25]: [GPU 0] train len:359303
[2023-01-16 11:03:26]: [GPU 0] Load End
[2023-01-16 11:03:29]: [GPU 0] text_reg:1.0, context_reg:1.0, rating_reg:0.1, item_reg:0.1
[2023-01-16 11:03:29]: [GPU 0] Device cuda
[2023-01-16 11:03:29]: [GPU 0] Loading data helper
[2023-01-16 11:03:29]: [GPU 0] Use Feature: True | src_len: 22
[2023-01-16 11:03:29]: [GPU 0] Building model FMLPETER on device cuda
[2023-01-16 11:03:31]: [GPU 0] Save Mask to ./SEQUER/results/MASK-FMLP-PETER_new.png
[2023-01-16 11:03:33]: [GPU 0] Epoch 0 Start
[2023-01-16 11:04:10]: [GPU 0] context ppl 785.6829 | text ppl 192.3975 | rating loss 1.7124 | valid loss 978.2516 on validation
[2023-01-16 11:04:11]: [GPU 0] Epoch 0 | LR 1.0 | Training snapshot saved at ./SEQUER/checkpoints/fmlpeter_amazon-movies_0.pt
[2023-01-16 11:04:11]: [GPU 0] Epoch 0 End | Time Used: 37.77

[2023-01-16 11:04:11]: [GPU 0] Epoch 1 Start
[2023-01-16 11:04:45]: [GPU 0] context ppl 664.5870 | text ppl 121.3019 | rating loss 1.3531 | valid loss 786.0242 on validation
[2023-01-16 11:04:46]: [GPU 0] Epoch 1 | LR 1.0 | Training snapshot saved at ./SEQUER/checkpoints/fmlpeter_amazon-movies_0.pt
[2023-01-16 11:04:46]: [GPU 0] Epoch 1 End | Time Used: 34.80

[2023-01-16 11:04:46]: [GPU 0] Epoch 2 Start
[2023-01-16 11:05:21]: [GPU 0] context ppl 641.5547 | text ppl 97.7481 | rating loss 1.2668 | valid loss 739.4294 on validation
[2023-01-16 11:05:21]: [GPU 0] Epoch 2 | LR 1.0 | Training snapshot saved at ./SEQUER/checkpoints/fmlpeter_amazon-movies_0.pt
[2023-01-16 11:05:21]: [GPU 0] Epoch 2 End | Time Used: 35.73

[2023-01-16 11:05:21]: [GPU 0] Epoch 3 Start
[2023-01-16 11:05:56]: [GPU 0] context ppl 608.3469 | text ppl 83.1948 | rating loss 1.2424 | valid loss 691.6659 on validation
[2023-01-16 11:05:57]: [GPU 0] Epoch 3 | LR 1.0 | Training snapshot saved at ./SEQUER/checkpoints/fmlpeter_amazon-movies_0.pt
[2023-01-16 11:05:57]: [GPU 0] Epoch 3 End | Time Used: 35.46

[2023-01-16 11:05:57]: [GPU 0] Epoch 4 Start
[2023-01-16 11:06:32]: [GPU 0] context ppl 629.0663 | text ppl 81.1948 | rating loss 1.2174 | valid loss 710.3828 on validation
[2023-01-16 11:06:32]: [GPU 0] Endured 1 / 5 time(s) | Learning rate set to 0.25000000
[2023-01-16 11:06:32]: [GPU 0] Epoch 4 End | Time Used: 34.80

[2023-01-16 11:06:32]: [GPU 0] Epoch 5 Start
[2023-01-16 11:07:07]: [GPU 0] context ppl 597.0093 | text ppl 73.0227 | rating loss 1.2012 | valid loss 670.1521 on validation
[2023-01-16 11:07:07]: [GPU 0] Epoch 5 | LR 0.25 | Training snapshot saved at ./SEQUER/checkpoints/fmlpeter_amazon-movies_0.pt
[2023-01-16 11:07:07]: [GPU 0] Epoch 5 End | Time Used: 35.48

[2023-01-16 11:07:07]: [GPU 0] Epoch 6 Start
[2023-01-16 11:07:42]: [GPU 0] context ppl 595.4448 | text ppl 71.3253 | rating loss 1.1985 | valid loss 666.8899 on validation
[2023-01-16 11:07:43]: [GPU 0] Epoch 6 | LR 0.25 | Training snapshot saved at ./SEQUER/checkpoints/fmlpeter_amazon-movies_0.pt
[2023-01-16 11:07:43]: [GPU 0] Epoch 6 End | Time Used: 35.39

[2023-01-16 11:07:43]: [GPU 0] Epoch 7 Start
[2023-01-16 11:08:17]: [GPU 0] context ppl 594.9682 | text ppl 70.2148 | rating loss 1.2085 | valid loss 665.3038 on validation
[2023-01-16 11:08:18]: [GPU 0] Epoch 7 | LR 0.25 | Training snapshot saved at ./SEQUER/checkpoints/fmlpeter_amazon-movies_0.pt
[2023-01-16 11:08:18]: [GPU 0] Epoch 7 End | Time Used: 35.16

[2023-01-16 11:08:18]: [GPU 0] Epoch 8 Start
[2023-01-16 11:08:53]: [GPU 0] context ppl 594.1431 | text ppl 69.0459 | rating loss 1.1896 | valid loss 663.3080 on validation
[2023-01-16 11:08:53]: [GPU 0] Epoch 8 | LR 0.25 | Training snapshot saved at ./SEQUER/checkpoints/fmlpeter_amazon-movies_0.pt
[2023-01-16 11:08:53]: [GPU 0] Epoch 8 End | Time Used: 35.24

[2023-01-16 11:08:53]: [GPU 0] Epoch 9 Start
[2023-01-16 11:09:30]: [GPU 0] context ppl 594.5317 | text ppl 68.1289 | rating loss 1.1968 | valid loss 662.7802 on validation
[2023-01-16 11:09:30]: [GPU 0] Epoch 9 | LR 0.25 | Training snapshot saved at ./SEQUER/checkpoints/fmlpeter_amazon-movies_0.pt
[2023-01-16 11:09:30]: [GPU 0] Epoch 9 End | Time Used: 37.26

[2023-01-16 11:09:30]: [GPU 0] Epoch 10 Start
[2023-01-16 11:10:05]: [GPU 0] context ppl 593.1539 | text ppl 67.2172 | rating loss 1.1903 | valid loss 660.4902 on validation
[2023-01-16 11:10:05]: [GPU 0] Epoch 10 | LR 0.25 | Training snapshot saved at ./SEQUER/checkpoints/fmlpeter_amazon-movies_0.pt
[2023-01-16 11:10:05]: [GPU 0] Epoch 10 End | Time Used: 35.24

[2023-01-16 11:10:05]: [GPU 0] Epoch 11 Start
[2023-01-16 11:10:40]: [GPU 0] context ppl 595.5790 | text ppl 66.3731 | rating loss 1.1856 | valid loss 662.0706 on validation
[2023-01-16 11:10:40]: [GPU 0] Endured 2 / 5 time(s) | Learning rate set to 0.06250000
[2023-01-16 11:10:40]: [GPU 0] Epoch 11 End | Time Used: 34.83

[2023-01-16 11:10:40]: [GPU 0] Epoch 12 Start
[2023-01-16 11:11:15]: [GPU 0] context ppl 591.9354 | text ppl 65.6356 | rating loss 1.1866 | valid loss 657.6896 on validation
[2023-01-16 11:11:16]: [GPU 0] Epoch 12 | LR 0.0625 | Training snapshot saved at ./SEQUER/checkpoints/fmlpeter_amazon-movies_0.pt
[2023-01-16 11:11:16]: [GPU 0] Epoch 12 End | Time Used: 35.49

[2023-01-16 11:11:16]: [GPU 0] Epoch 13 Start
[2023-01-16 11:11:51]: [GPU 0] context ppl 592.1745 | text ppl 65.3760 | rating loss 1.1898 | valid loss 657.6696 on validation
[2023-01-16 11:11:51]: [GPU 0] Epoch 13 | LR 0.0625 | Training snapshot saved at ./SEQUER/checkpoints/fmlpeter_amazon-movies_0.pt
[2023-01-16 11:11:51]: [GPU 0] Epoch 13 End | Time Used: 35.42

[2023-01-16 11:11:51]: [GPU 0] Epoch 14 Start
[2023-01-16 11:12:26]: [GPU 0] context ppl 591.8393 | text ppl 65.1992 | rating loss 1.1893 | valid loss 657.1575 on validation
[2023-01-16 11:12:27]: [GPU 0] Epoch 14 | LR 0.0625 | Training snapshot saved at ./SEQUER/checkpoints/fmlpeter_amazon-movies_0.pt
[2023-01-16 11:12:27]: [GPU 0] Epoch 14 End | Time Used: 35.30

[2023-01-16 11:12:27]: [GPU 0] Epoch 15 Start
[2023-01-16 11:13:02]: [GPU 0] context ppl 591.8283 | text ppl 64.9726 | rating loss 1.1910 | valid loss 656.9199 on validation
[2023-01-16 11:13:02]: [GPU 0] Epoch 15 | LR 0.0625 | Training snapshot saved at ./SEQUER/checkpoints/fmlpeter_amazon-movies_0.pt
[2023-01-16 11:13:02]: [GPU 0] Epoch 15 End | Time Used: 35.41

[2023-01-16 11:13:02]: [GPU 0] Epoch 16 Start
[2023-01-16 11:13:37]: [GPU 0] context ppl 591.7800 | text ppl 64.7688 | rating loss 1.1899 | valid loss 656.6678 on validation
[2023-01-16 11:13:38]: [GPU 0] Epoch 16 | LR 0.0625 | Training snapshot saved at ./SEQUER/checkpoints/fmlpeter_amazon-movies_0.pt
[2023-01-16 11:13:38]: [GPU 0] Epoch 16 End | Time Used: 35.60

[2023-01-16 11:13:38]: [GPU 0] Epoch 17 Start
[2023-01-16 11:14:13]: [GPU 0] context ppl 592.0184 | text ppl 64.5927 | rating loss 1.1875 | valid loss 656.7298 on validation
[2023-01-16 11:14:13]: [GPU 0] Endured 3 / 5 time(s) | Learning rate set to 0.01562500
[2023-01-16 11:14:13]: [GPU 0] Epoch 17 End | Time Used: 35.27

[2023-01-16 11:14:13]: [GPU 0] Epoch 18 Start
[2023-01-16 11:14:50]: [GPU 0] context ppl 591.6656 | text ppl 64.4868 | rating loss 1.1878 | valid loss 656.2712 on validation
[2023-01-16 11:14:50]: [GPU 0] Epoch 18 | LR 0.015625 | Training snapshot saved at ./SEQUER/checkpoints/fmlpeter_amazon-movies_0.pt
[2023-01-16 11:14:50]: [GPU 0] Epoch 18 End | Time Used: 37.63

[2023-01-16 11:14:50]: [GPU 0] Epoch 19 Start
[2023-01-16 11:15:25]: [GPU 0] context ppl 591.6927 | text ppl 64.4455 | rating loss 1.1880 | valid loss 656.2569 on validation
[2023-01-16 11:15:26]: [GPU 0] Epoch 19 | LR 0.015625 | Training snapshot saved at ./SEQUER/checkpoints/fmlpeter_amazon-movies_0.pt
[2023-01-16 11:15:26]: [GPU 0] Epoch 19 End | Time Used: 35.43

[2023-01-16 11:15:26]: [GPU 0] Epoch 20 Start
[2023-01-16 11:16:01]: [GPU 0] context ppl 591.5122 | text ppl 64.3682 | rating loss 1.1868 | valid loss 655.9991 on validation
[2023-01-16 11:16:01]: [GPU 0] Epoch 20 | LR 0.015625 | Training snapshot saved at ./SEQUER/checkpoints/fmlpeter_amazon-movies_0.pt
[2023-01-16 11:16:01]: [GPU 0] Epoch 20 End | Time Used: 35.54

[2023-01-16 11:16:01]: [GPU 0] Epoch 21 Start
[2023-01-16 11:16:37]: [GPU 0] context ppl 591.7211 | text ppl 64.3432 | rating loss 1.1869 | valid loss 656.1830 on validation
[2023-01-16 11:16:37]: [GPU 0] Endured 4 / 5 time(s) | Learning rate set to 0.00390625
[2023-01-16 11:16:37]: [GPU 0] Epoch 21 End | Time Used: 35.12

[2023-01-16 11:16:37]: [GPU 0] Epoch 22 Start
