-----------------------------------ARGUMENTS------------------------------------
model_name                               fmlpeter
dataset                                  amazon-movies
fold                                     0
cuda                                     True
test                                     False
no_generate                              False
log_interval                             4
seed                                     1111
emsize                                   512
nhead                                    2
nhid                                     2048
nlayers                                  2
dropout                                  0.2
lr                                       1.0
clip_norm                                1.0
epochs                                   100
batch_size                               128
log_interval                             4
vocab_size                               20000
endure_times                             5
rating_reg                               0.1
context_reg                              1.0
text_reg                                 1.0
item_reg                                 0.1
hist_len                                 20
user_len                                 0
use_feature                              True
seq_mode                                 2
peter_mask                               True
seq_prediction                           True
context_prediction                       True
rating_prediction                        True
nextitem_prediction                      False
-----------------------------------ARGUMENTS------------------------------------
[2022-12-31 09:23:20.61]: Loading data ./SEQUER/data/0
[2022-12-31 09:23:20.61]: Init Start
[2022-12-31 09:23:20.65]: Init End
[2022-12-31 09:23:20.70]: Load Start
train len:359303
[2022-12-31 09:23:23.65]: Load End
[2022-12-31 09:23:27.65]: Building model FMLPETER
[2022-12-31 09:23:31.37]: epoch 1
[2022-12-31 09:26:47.67]: context ppl 621.6606 | text ppl 100.4264 | rating loss 1.4450 | valid loss 6.0544 on validation
[2022-12-31 09:26:48.16]:  Epoch Time: 196.78648734092712
[2022-12-31 09:26:48.16]: epoch 2
[2022-12-31 09:30:02.77]: context ppl 621.1537 | text ppl 79.9088 | rating loss 1.4283 | valid loss 5.8092 on validation
[2022-12-31 09:30:03.26]:  Epoch Time: 195.10038900375366
[2022-12-31 09:30:03.26]: epoch 3
[2022-12-31 09:33:20.71]: context ppl 603.4657 | text ppl 68.3150 | rating loss 1.4381 | valid loss 5.6622 on validation
[2022-12-31 09:33:21.32]:  Epoch Time: 198.06782507896423
[2022-12-31 09:33:21.33]: epoch 4
[2022-12-31 09:36:35.17]: context ppl 618.6007 | text ppl 65.2426 | rating loss 1.4320 | valid loss 5.6101 on validation
[2022-12-31 09:36:35.70]:  Epoch Time: 194.3743233680725
[2022-12-31 09:36:35.70]: epoch 5
[2022-12-31 09:39:48.69]: context ppl 600.4046 | text ppl 59.2077 | rating loss 1.4311 | valid loss 5.5122 on validation
[2022-12-31 09:39:49.19]:  Epoch Time: 193.48634910583496
[2022-12-31 09:39:49.19]: epoch 6
[2022-12-31 09:43:03.41]: context ppl 600.3922 | text ppl 57.4359 | rating loss 1.4299 | valid loss 5.4806 on validation
[2022-12-31 09:43:03.90]:  Epoch Time: 194.7152316570282
[2022-12-31 09:43:03.90]: epoch 7
[2022-12-31 09:46:15.36]: context ppl 601.7322 | text ppl 55.2301 | rating loss 1.4275 | valid loss 5.4390 on validation
[2022-12-31 09:46:15.88]:  Epoch Time: 191.98183345794678
[2022-12-31 09:46:15.88]: epoch 8
[2022-12-31 09:49:28.55]: context ppl 599.8032 | text ppl 54.6275 | rating loss 1.4278 | valid loss 5.4283 on validation
[2022-12-31 09:49:29.05]:  Epoch Time: 193.1663203239441
[2022-12-31 09:49:29.05]: epoch 9
[2022-12-31 09:52:40.75]: context ppl 600.0277 | text ppl 53.9304 | rating loss 1.4708 | valid loss 5.4585 on validation
[2022-12-31 09:52:40.76]: Endured 1 time(s)
[2022-12-31 09:52:40.76]: Learning rate set to 0.25000000
[2022-12-31 09:52:40.76]:  Epoch Time: 191.70604491233826
[2022-12-31 09:52:40.76]: epoch 10
[2022-12-31 09:55:51.11]: context ppl 594.3393 | text ppl 49.3206 | rating loss 1.4276 | valid loss 5.3260 on validation
[2022-12-31 09:55:51.57]:  Epoch Time: 190.81853580474854
[2022-12-31 09:55:51.57]: epoch 11
[2022-12-31 09:59:03.36]: context ppl 593.7061 | text ppl 49.1213 | rating loss 1.4274 | valid loss 5.3217 on validation
[2022-12-31 09:59:03.88]:  Epoch Time: 192.30912518501282
[2022-12-31 09:59:03.88]: epoch 12
[2022-12-31 10:02:15.30]: context ppl 594.3896 | text ppl 48.5691 | rating loss 1.4305 | valid loss 5.3135 on validation
[2022-12-31 10:02:15.80]:  Epoch Time: 191.92033624649048
[2022-12-31 10:02:15.80]: epoch 13
[2022-12-31 10:05:27.59]: context ppl 593.8652 | text ppl 48.3734 | rating loss 1.4305 | valid loss 5.3095 on validation
[2022-12-31 10:05:28.12]:  Epoch Time: 192.3156132698059
[2022-12-31 10:05:28.12]: epoch 14
[2022-12-31 10:08:40.45]: context ppl 593.2656 | text ppl 48.3638 | rating loss 1.4275 | valid loss 5.3063 on validation
[2022-12-31 10:08:40.95]:  Epoch Time: 192.83161306381226
[2022-12-31 10:08:40.95]: epoch 15
[2022-12-31 10:11:55.31]: context ppl 592.5655 | text ppl 48.2964 | rating loss 1.4276 | valid loss 5.3050 on validation
[2022-12-31 10:11:55.83]:  Epoch Time: 194.87977027893066
[2022-12-31 10:11:55.83]: epoch 16
[2022-12-31 10:15:09.54]: context ppl 590.9526 | text ppl 48.0160 | rating loss 1.4289 | valid loss 5.3004 on validation
[2022-12-31 10:15:10.09]:  Epoch Time: 194.2553231716156
[2022-12-31 10:15:10.09]: epoch 17
[2022-12-31 10:18:24.73]: context ppl 589.8923 | text ppl 47.8240 | rating loss 1.4278 | valid loss 5.2953 on validation
[2022-12-31 10:18:25.24]:  Epoch Time: 195.15084028244019
[2022-12-31 10:18:25.24]: epoch 18
[2022-12-31 10:21:39.97]: context ppl 589.1297 | text ppl 47.8764 | rating loss 1.4275 | valid loss 5.2961 on validation
[2022-12-31 10:21:39.97]: Endured 2 time(s)
[2022-12-31 10:21:39.97]: Learning rate set to 0.06250000
[2022-12-31 10:21:39.97]:  Epoch Time: 194.73462009429932
[2022-12-31 10:21:39.97]: epoch 19
[2022-12-31 10:24:55.96]: context ppl 587.9073 | text ppl 47.3150 | rating loss 1.4275 | valid loss 5.2844 on validation
[2022-12-31 10:24:56.48]:  Epoch Time: 196.5039186477661
[2022-12-31 10:24:56.48]: epoch 20
[2022-12-31 10:28:10.74]: context ppl 587.3128 | text ppl 47.2288 | rating loss 1.4273 | valid loss 5.2823 on validation
[2022-12-31 10:28:11.27]:  Epoch Time: 194.79081749916077
[2022-12-31 10:28:11.27]: epoch 21
[2022-12-31 10:31:26.81]: context ppl 587.1746 | text ppl 47.2452 | rating loss 1.4279 | valid loss 5.2833 on validation
[2022-12-31 10:31:26.81]: Endured 3 time(s)
[2022-12-31 10:31:26.81]: Learning rate set to 0.01562500
[2022-12-31 10:31:26.81]:  Epoch Time: 195.54315161705017
[2022-12-31 10:31:26.81]: epoch 22
[2022-12-31 10:34:42.41]: context ppl 586.7706 | text ppl 47.1359 | rating loss 1.4273 | valid loss 5.2804 on validation
[2022-12-31 10:34:42.93]:  Epoch Time: 196.12538957595825
[2022-12-31 10:34:42.93]: epoch 23
[2022-12-31 10:37:59.34]: context ppl 586.5686 | text ppl 47.1520 | rating loss 1.4273 | valid loss 5.2807 on validation
[2022-12-31 10:37:59.34]: Endured 4 time(s)
[2022-12-31 10:37:59.34]: Learning rate set to 0.00390625
[2022-12-31 10:37:59.34]:  Epoch Time: 196.40799117088318
[2022-12-31 10:37:59.34]: epoch 24
[2022-12-31 10:41:14.56]: context ppl 586.5005 | text ppl 47.1270 | rating loss 1.4274 | valid loss 5.2802 on validation
[2022-12-31 10:41:15.10]:  Epoch Time: 195.75811886787415
[2022-12-31 10:41:15.10]: epoch 25
[2022-12-31 10:44:29.91]: context ppl 586.5060 | text ppl 47.1573 | rating loss 1.4274 | valid loss 5.2809 on validation
[2022-12-31 10:44:29.91]: Endured 5 time(s)
[2022-12-31 10:44:29.91]: Cannot endure it anymore | Exiting from early stop
