-----------------------------------ARGUMENTS------------------------------------
model_name                               fmlpeter
dataset                                  amazon-sports
fold                                     0
cuda                                     True
test                                     False
no_generate                              False
seed                                     1111
no_train                                 False
log_file                                 ./Log/SEQ-FMLP_PETER.log
------------------------------------CONFIGS-------------------------------------
emsize                                   512
nhead                                    2
nhid                                     2048
nlayers                                  2
dropout                                  0.2
lr                                       1.0
pre_train                                False
optimizer                                SGD
scheduler                                steplr
warmup_epoch                             2
clip_norm                                1.0
epochs                                   50
batch_size                               128
load_direct                              True
continue_train                           True
log_interval                             4
vocab_size                               20000
text_len                                 15
endure_times                             5
rating_reg                               0.1
context_reg                              1.0
text_reg                                 1.0
item_reg                                 0.1
hist_len                                 20
user_len                                 1
item_len                                 0
use_feature                              True
seq_mode                                 2
peter_mask                               True
seq_prediction                           True
context_prediction                       True
rating_prediction                        True
nextitem_prediction                      False
-----------------------------------ARGUMENTS------------------------------------
[2023-01-15 10:09:53]: [GPU 0] World_Size(Num GPUs): 4
[2023-01-15 10:09:53]: [GPU 0] Loading data Fold ./Data/Amazon/SportsAndOutdoors/0
[2023-01-15 10:09:53]: [GPU 0] Init Start
[2023-01-15 10:09:53]: [GPU 0] Init End
[2023-01-15 10:09:53]: [GPU 0] Load Start
[2023-01-15 10:09:53]: [GPU 0] train len:111672
[2023-01-15 10:09:53]: [GPU 0] Load End
[2023-01-15 10:09:54]: [GPU 0] text_reg:1.0, context_reg:1.0, rating_reg:0.1, item_reg:0.1
[2023-01-15 10:09:54]: [GPU 0] Device cuda
[2023-01-15 10:09:54]: [GPU 0] Loading data helper
[2023-01-15 10:09:54]: [GPU 0] Use Feature: True | src_len: 22
[2023-01-15 10:09:54]: [GPU 0] Building model FMLPETER on device cuda
[2023-01-15 10:09:57]: [GPU 0] Save Mask to ./SEQUER/results/MASK-FMLP-PETER.png
[2023-01-15 10:09:59]: [GPU 0] Loading checkpoint from ./SEQUER/checkpoints/fmlpeter_amazon-sports_0.pt
[2023-01-15 10:09:59]: [GPU 0] Resuming training from snapshot at Epoch 29
[2023-01-15 10:09:59]: [GPU 0] Epoch 29 Start
[2023-01-15 10:10:11]: [GPU 0] context ppl 554.1065 | text ppl 65.8970 | rating loss 0.7961 | valid loss 620.0832 on validation
[2023-01-15 10:10:11]: [GPU 0] Epoch 29 | LR 0.0625 | Training snapshot saved at ./SEQUER/checkpoints/fmlpeter_amazon-sports_0.pt
[2023-01-15 10:10:11]: [GPU 0] Epoch 29 End | Time Used: 12.10

[2023-01-15 10:10:11]: [GPU 0] Epoch 30 Start
[2023-01-15 10:10:22]: [GPU 0] context ppl 554.8526 | text ppl 65.7764 | rating loss 0.7962 | valid loss 620.7087 on validation
[2023-01-15 10:10:22]: [GPU 0] Endured 1 / 5 time(s) | Learning rate set to 0.01562500
[2023-01-15 10:10:22]: [GPU 0] Epoch 30 End | Time Used: 11.10

[2023-01-15 10:10:22]: [GPU 0] Epoch 31 Start
[2023-01-15 10:10:34]: [GPU 0] context ppl 554.6992 | text ppl 65.6953 | rating loss 0.7961 | valid loss 620.4742 on validation
[2023-01-15 10:10:34]: [GPU 0] Endured 2 / 5 time(s) | Learning rate set to 0.00390625
[2023-01-15 10:10:34]: [GPU 0] Epoch 31 End | Time Used: 11.18

[2023-01-15 10:10:34]: [GPU 0] Epoch 32 Start
[2023-01-15 10:10:45]: [GPU 0] context ppl 554.4859 | text ppl 65.6602 | rating loss 0.7961 | valid loss 620.2257 on validation
[2023-01-15 10:10:45]: [GPU 0] Endured 3 / 5 time(s) | Learning rate set to 0.00097656
[2023-01-15 10:10:45]: [GPU 0] Epoch 32 End | Time Used: 11.65

[2023-01-15 10:10:45]: [GPU 0] Epoch 33 Start
[2023-01-15 10:10:57]: [GPU 0] context ppl 554.4720 | text ppl 65.6542 | rating loss 0.7961 | valid loss 620.2058 on validation
[2023-01-15 10:10:57]: [GPU 0] Endured 4 / 5 time(s) | Learning rate set to 0.00024414
[2023-01-15 10:10:57]: [GPU 0] Epoch 33 End | Time Used: 11.67

[2023-01-15 10:10:57]: [GPU 0] Epoch 34 Start
[2023-01-15 10:11:08]: [GPU 0] context ppl 554.4737 | text ppl 65.6528 | rating loss 0.7961 | valid loss 620.2061 on validation
[2023-01-15 10:11:08]: [GPU 0] Endured 5 / 5 time(s)| Cannot endure it anymore | Exiting from early stop
[2023-01-15 10:11:08]: [GPU 0] Epoch 34 End | Time Used: 11.44

[2023-01-15 10:11:08]: [GPU 0] Training Finished | Time Used: 69.15
--------------------------------------------------------------------------------
[2023-01-15 10:11:09]: [GPU 0] Building model FMLPETER on device cuda
[2023-01-15 10:11:11]: [GPU 0] Save Mask to ./SEQUER/results/MASK-FMLP-PETER.png
[2023-01-15 10:11:11]: [GPU 0] Loading checkpoint from ./SEQUER/checkpoints/fmlpeter_amazon-sports_0.pt
[2023-01-15 10:11:11]: [GPU 0] Resuming training from snapshot at Epoch 29
[2023-01-15 10:11:11]: [GPU 0] Resuming training from snapshot at Epoch 29
=========================================================================================
[2023-01-15 10:11:12]: [GPU 0] context ppl 533.3260 | text ppl 63.1869 | rating loss 0.8106 | loss 596.5939 on test |End of training
[2023-01-15 10:11:12]: [GPU 0] Generating text
[2023-01-15 10:11:17]: [GPU 0] RMSE↓  0.9003
[2023-01-15 10:11:17]: [GPU 0] MAE↓  0.6984
[2023-01-15 10:11:17]: [GPU 0] idss_predict 6047, tokens_predict 6047
[2023-01-15 10:11:17]: [GPU 0] BLEU-1↑ 19.1067
[2023-01-15 10:11:18]: [GPU 0] BLEU-4↑  2.2751
[2023-01-15 10:11:18]: [GPU 0] USR↑  0.1272 | USN↑     769
[2023-01-15 10:11:22]: [GPU 0] DIV↓  0.0358
[2023-01-15 10:11:22]: [GPU 0] FCR↑  0.1547
[2023-01-15 10:11:22]: [GPU 0] FMR↑  0.8528
[2023-01-15 10:11:23]: [GPU 0] R1-F↑ 27.8587
[2023-01-15 10:11:23]: [GPU 0] R1-R↑ 26.0473
[2023-01-15 10:11:23]: [GPU 0] R1-P↑ 37.8796
[2023-01-15 10:11:23]: [GPU 0] R2-F↑  7.3281
[2023-01-15 10:11:23]: [GPU 0] R2-R↑  6.9392
[2023-01-15 10:11:23]: [GPU 0] R2-P↑ 11.1269
[2023-01-15 10:11:23]: [GPU 0] RL-F↑ 21.5766
[2023-01-15 10:11:23]: [GPU 0] RL-R↑ 23.8101
[2023-01-15 10:11:23]: [GPU 0] RL-P↑ 33.2771
[2023-01-15 10:11:23]: [GPU 0] Saved result to ./SEQUER/results/results.csv
[2023-01-15 10:11:23]: [GPU 0] Generated text saved to ./SEQUER/checkpoints/generated_amazon-sports_0_fmlpeter.txt
-----------------------------------ARGUMENTS------------------------------------
model_name                               fmlpeter
dataset                                  amazon-sports
fold                                     0
cuda                                     True
test                                     False
no_generate                              False
seed                                     1111
no_train                                 False
log_file                                 ./Log/SEQ-FMLP_PETER.log
------------------------------------CONFIGS-------------------------------------
emsize                                   512
nhead                                    2
nhid                                     2048
nlayers                                  2
dropout                                  0.2
lr                                       1.0
pre_train                                False
optimizer                                SGD
scheduler                                steplr
warmup_epoch                             2
clip_norm                                1.0
epochs                                   50
batch_size                               128
load_direct                              True
continue_train                           True
log_interval                             4
vocab_size                               20000
text_len                                 15
endure_times                             5
rating_reg                               0.1
context_reg                              1.0
text_reg                                 1.0
item_reg                                 0.1
hist_len                                 20
user_len                                 1
item_len                                 0
use_feature                              True
seq_mode                                 2
peter_mask                               True
seq_prediction                           True
context_prediction                       True
rating_prediction                        True
nextitem_prediction                      False
-----------------------------------ARGUMENTS------------------------------------
[2023-01-15 10:41:21]: [GPU 0] World_Size(Num GPUs): 4
